<?xml version="1.0" encoding="UTF-8"?>
<testsuite xmlns:xsi="http://www.w3.org/2001/XMLSchema-instance" xsi:noNamespaceSchemaLocation="https://maven.apache.org/surefire/maven-surefire-plugin/xsd/surefire-test-report-3.0.xsd" version="3.0" name="com.fspann.common.RocksDBMetadataManagerTest" time="4.423" tests="7" errors="0" skipped="0" failures="0">
  <properties>
[...]
</properties>
  <testcase name="testUpdateVectorMetadata" classname="com.fspann.common.RocksDBMetadataManagerTest" time="0.548">
    <system-err><![CDATA[[main] INFO com.fspann.common.RocksDBMetadataManager - Initialized RocksDB at C:\Users\MEHRAN~1\AppData\Local\Temp\rocksdb_test_16689310481566523773
[main] INFO com.fspann.common.RocksDBMetadataManagerTest - Initialized RocksDB at C:\Users\MEHRAN~1\AppData\Local\Temp\rocksdb_test_16689310481566523773 and points at C:\Users\MEHRAN~1\AppData\Local\Temp\points_test_12345407189464002142
[main] INFO com.fspann.common.RocksDBMetadataManagerTest - Cleaning up RocksDB at C:\Users\MEHRAN~1\AppData\Local\Temp\rocksdb_test_16689310481566523773 and points at C:\Users\MEHRAN~1\AppData\Local\Temp\points_test_12345407189464002142
[main] INFO com.fspann.common.RocksDBMetadataManager - Closing RocksDB instance...
[main] INFO com.fspann.common.RocksDBMetadataManager - RocksDB instance closed at C:\Users\MEHRAN~1\AppData\Local\Temp\rocksdb_test_16689310481566523773
]]></system-err>
  </testcase>
  <testcase name="testPutAndGetVectorMetadata" classname="com.fspann.common.RocksDBMetadataManagerTest" time="0.545">
    <system-err><![CDATA[[main] INFO com.fspann.common.RocksDBMetadataManager - Initialized RocksDB at C:\Users\MEHRAN~1\AppData\Local\Temp\rocksdb_test_12456571550026235856
[main] INFO com.fspann.common.RocksDBMetadataManagerTest - Initialized RocksDB at C:\Users\MEHRAN~1\AppData\Local\Temp\rocksdb_test_12456571550026235856 and points at C:\Users\MEHRAN~1\AppData\Local\Temp\points_test_7621880201500602234
[main] INFO com.fspann.common.RocksDBMetadataManagerTest - Cleaning up RocksDB at C:\Users\MEHRAN~1\AppData\Local\Temp\rocksdb_test_12456571550026235856 and points at C:\Users\MEHRAN~1\AppData\Local\Temp\points_test_7621880201500602234
[main] INFO com.fspann.common.RocksDBMetadataManager - Closing RocksDB instance...
[main] INFO com.fspann.common.RocksDBMetadataManager - RocksDB instance closed at C:\Users\MEHRAN~1\AppData\Local\Temp\rocksdb_test_12456571550026235856
]]></system-err>
  </testcase>
  <testcase name="testShutdown" classname="com.fspann.common.RocksDBMetadataManagerTest" time="0.547">
    <system-err><![CDATA[[main] INFO com.fspann.common.RocksDBMetadataManager - Initialized RocksDB at C:\Users\MEHRAN~1\AppData\Local\Temp\rocksdb_test_1578070892918871818
[main] INFO com.fspann.common.RocksDBMetadataManagerTest - Initialized RocksDB at C:\Users\MEHRAN~1\AppData\Local\Temp\rocksdb_test_1578070892918871818 and points at C:\Users\MEHRAN~1\AppData\Local\Temp\points_test_7267621532964280593
[main] INFO com.fspann.common.RocksDBMetadataManager - Closing RocksDB instance...
[main] INFO com.fspann.common.RocksDBMetadataManager - RocksDB instance closed at C:\Users\MEHRAN~1\AppData\Local\Temp\rocksdb_test_1578070892918871818
[main] INFO com.fspann.common.RocksDBMetadataManagerTest - Cleaning up RocksDB at C:\Users\MEHRAN~1\AppData\Local\Temp\rocksdb_test_1578070892918871818 and points at C:\Users\MEHRAN~1\AppData\Local\Temp\points_test_7267621532964280593
]]></system-err>
  </testcase>
  <testcase name="testMergeVectorMetadata" classname="com.fspann.common.RocksDBMetadataManagerTest" time="0.559">
    <system-err><![CDATA[[main] INFO com.fspann.common.RocksDBMetadataManager - Initialized RocksDB at C:\Users\MEHRAN~1\AppData\Local\Temp\rocksdb_test_6994034543366716536
[main] INFO com.fspann.common.RocksDBMetadataManagerTest - Initialized RocksDB at C:\Users\MEHRAN~1\AppData\Local\Temp\rocksdb_test_6994034543366716536 and points at C:\Users\MEHRAN~1\AppData\Local\Temp\points_test_13007000271091619157
[main] INFO com.fspann.common.RocksDBMetadataManagerTest - Cleaning up RocksDB at C:\Users\MEHRAN~1\AppData\Local\Temp\rocksdb_test_6994034543366716536 and points at C:\Users\MEHRAN~1\AppData\Local\Temp\points_test_13007000271091619157
[main] INFO com.fspann.common.RocksDBMetadataManager - Closing RocksDB instance...
[main] INFO com.fspann.common.RocksDBMetadataManager - RocksDB instance closed at C:\Users\MEHRAN~1\AppData\Local\Temp\rocksdb_test_6994034543366716536
]]></system-err>
  </testcase>
  <testcase name="testPutAndGetMetadata(Path)" classname="com.fspann.common.RocksDBMetadataManagerTest" time="0.58">
    <system-err><![CDATA[[main] INFO com.fspann.common.RocksDBMetadataManager - Initialized RocksDB at C:\Users\MEHRAN~1\AppData\Local\Temp\rocksdb_test_5847220756314096614
[main] INFO com.fspann.common.RocksDBMetadataManagerTest - Initialized RocksDB at C:\Users\MEHRAN~1\AppData\Local\Temp\rocksdb_test_5847220756314096614 and points at C:\Users\MEHRAN~1\AppData\Local\Temp\points_test_201092552372858396
[main] INFO com.fspann.common.RocksDBMetadataManager - Initialized RocksDB at C:\Users\MEHRAN~1\AppData\Local\Temp\junit-10381869508428242100\rocksdb
[main] INFO com.fspann.common.RocksDBMetadataManager - Closing RocksDB instance...
[main] INFO com.fspann.common.RocksDBMetadataManager - RocksDB instance closed at C:\Users\MEHRAN~1\AppData\Local\Temp\junit-10381869508428242100\rocksdb
[main] INFO com.fspann.common.RocksDBMetadataManagerTest - Cleaning up RocksDB at C:\Users\MEHRAN~1\AppData\Local\Temp\rocksdb_test_5847220756314096614 and points at C:\Users\MEHRAN~1\AppData\Local\Temp\points_test_201092552372858396
[main] INFO com.fspann.common.RocksDBMetadataManager - Closing RocksDB instance...
[main] INFO com.fspann.common.RocksDBMetadataManager - RocksDB instance closed at C:\Users\MEHRAN~1\AppData\Local\Temp\rocksdb_test_5847220756314096614
]]></system-err>
  </testcase>
  <testcase name="testRemoveVectorMetadata" classname="com.fspann.common.RocksDBMetadataManagerTest" time="0.551">
    <system-err><![CDATA[[main] INFO com.fspann.common.RocksDBMetadataManager - Initialized RocksDB at C:\Users\MEHRAN~1\AppData\Local\Temp\rocksdb_test_18269626247713195733
[main] INFO com.fspann.common.RocksDBMetadataManagerTest - Initialized RocksDB at C:\Users\MEHRAN~1\AppData\Local\Temp\rocksdb_test_18269626247713195733 and points at C:\Users\MEHRAN~1\AppData\Local\Temp\points_test_62553004380383846
[main] INFO com.fspann.common.RocksDBMetadataManager - 🧹 Deleted metadata for vectorId=vec123
[main] INFO com.fspann.common.RocksDBMetadataManagerTest - Cleaning up RocksDB at C:\Users\MEHRAN~1\AppData\Local\Temp\rocksdb_test_18269626247713195733 and points at C:\Users\MEHRAN~1\AppData\Local\Temp\points_test_62553004380383846
[main] INFO com.fspann.common.RocksDBMetadataManager - Closing RocksDB instance...
[main] INFO com.fspann.common.RocksDBMetadataManager - RocksDB instance closed at C:\Users\MEHRAN~1\AppData\Local\Temp\rocksdb_test_18269626247713195733
]]></system-err>
  </testcase>
  <testcase name="testGetAllEncryptedPoints" classname="com.fspann.common.RocksDBMetadataManagerTest" time="0.565">
    <system-err><![CDATA[[main] INFO com.fspann.common.RocksDBMetadataManager - Initialized RocksDB at C:\Users\MEHRAN~1\AppData\Local\Temp\rocksdb_test_11866461119018331016
[main] INFO com.fspann.common.RocksDBMetadataManagerTest - Initialized RocksDB at C:\Users\MEHRAN~1\AppData\Local\Temp\rocksdb_test_11866461119018331016 and points at C:\Users\MEHRAN~1\AppData\Local\Temp\points_test_1291665543108121073
[main] INFO com.fspann.common.RocksDBMetadataManagerTest - Saved encrypted point: vec123 at C:\Users\MEHRAN~1\AppData\Local\Temp\points_test_1291665543108121073\vv1\vec123.point
[main] INFO com.fspann.common.RocksDBMetadataManagerTest - Cleaning up RocksDB at C:\Users\MEHRAN~1\AppData\Local\Temp\rocksdb_test_11866461119018331016 and points at C:\Users\MEHRAN~1\AppData\Local\Temp\points_test_1291665543108121073
[main] INFO com.fspann.common.RocksDBMetadataManager - Closing RocksDB instance...
[main] INFO com.fspann.common.RocksDBMetadataManager - RocksDB instance closed at C:\Users\MEHRAN~1\AppData\Local\Temp\rocksdb_test_11866461119018331016
]]></system-err>
  </testcase>
</testsuite>