-------------------------------------------------------------------------------
Test set: com.fspann.api.ForwardSecureANNSystemIntegrationTest
-------------------------------------------------------------------------------
Tests run: 3, Failures: 0, Errors: 3, Skipped: 0, Time elapsed: 0.087 s <<< FAILURE! - in com.fspann.api.ForwardSecureANNSystemIntegrationTest
com.fspann.api.ForwardSecureANNSystemIntegrationTest.testMultipleDimensions(Path)  Time elapsed: 0.067 s  <<< ERROR!
java.lang.NullPointerException: KeyLifeCycleService must not be null
	at com.fspann.api.ForwardSecureANNSystemIntegrationTest.testMultipleDimensions(ForwardSecureANNSystemIntegrationTest.java:87)

com.fspann.api.ForwardSecureANNSystemIntegrationTest.simpleEndToEndNearestNeighbor(Path)  Time elapsed: 0.009 s  <<< ERROR!
java.lang.NullPointerException: KeyLifeCycleService must not be null
	at com.fspann.api.ForwardSecureANNSystemIntegrationTest.simpleEndToEndNearestNeighbor(ForwardSecureANNSystemIntegrationTest.java:53)

com.fspann.api.ForwardSecureANNSystemIntegrationTest.testVisualization(Path)  Time elapsed: 0.008 s  <<< ERROR!
java.lang.NullPointerException: KeyLifeCycleService must not be null
	at com.fspann.api.ForwardSecureANNSystemIntegrationTest.testVisualization(ForwardSecureANNSystemIntegrationTest.java:118)

