<?xml version="1.0" encoding="UTF-8"?>
<testsuite xmlns:xsi="http://www.w3.org/2001/XMLSchema-instance" xsi:noNamespaceSchemaLocation="https://maven.apache.org/surefire/maven-surefire-plugin/xsd/surefire-test-report-3.0.xsd" version="3.0" name="com.fspann.api.ForwardSecureANNSystemPerformanceIntegrationTest" time="648.965" tests="3" errors="0" skipped="0" failures="0">
  <properties>
[...]
</properties>
  <testcase name="bulkPerformanceTest" classname="com.fspann.api.ForwardSecureANNSystemPerformanceIntegrationTest" time="540.958">
    <system-out><![CDATA[2025-06-24 16:10:26 [main] INFO  c.fspann.api.ForwardSecureANNSystem - Initializing ForwardSecureANNSystem with config=C:\Users\MEHRAN~1\AppData\Local\Temp\junit-8276740935428279119\config.json, data=C:\Users\MEHRAN~1\AppData\Local\Temp\junit-8276740935428279119\data.csv, keys=C:\Users\MEHRAN~1\AppData\Local\Temp\junit-8276740935428279119\keys.ser, dims=[10], metadata=C:\Users\MEHRAN~1\AppData\Local\Temp\junit-8276740935428279119
2025-06-24 16:10:26 [main] INFO  com.fspann.config.SystemConfig - Successfully loaded config from C:\Users\MEHRAN~1\AppData\Local\Temp\junit-8276740935428279119\config.json
2025-06-24 16:10:26 [main] INFO  c.fspann.api.ForwardSecureANNSystem - Loaded system configuration
2025-06-24 16:10:26 [main] INFO  com.fspann.key.KeyManager - Initialized new key store (version 1)
2025-06-24 16:10:26 [main] INFO  c.fspann.api.ForwardSecureANNSystem - KeyManager initialized
2025-06-24 16:10:26 [main] INFO  c.fspann.api.ForwardSecureANNSystem - KeyRotationServiceImpl initialized successfully
2025-06-24 16:10:26 [main] INFO  c.fspann.api.ForwardSecureANNSystem - KeyManager initialized with forward-secure key derivation, using keys file at C:\Users\MEHRAN~1\AppData\Local\Temp\junit-8276740935428279119\keys.ser
2025-06-24 16:10:26 [main] INFO  c.fspann.crypto.AesGcmCryptoService - AesGcmCryptoService initialized successfully
2025-06-24 16:10:26 [main] INFO  c.fspann.api.ForwardSecureANNSystem - CryptoService (AES-GCM with forward security) ready
2025-06-24 16:10:26 [main] INFO  com.fspann.common.MetadataManager - Loaded metadata from metadata.ser
2025-06-24 16:10:26 [main] INFO  c.fspann.api.ForwardSecureANNSystem - SecureLSHIndexService initialized with 4 shards
2025-06-24 16:10:26 [main] INFO  c.fspann.api.ForwardSecureANNSystem - Cache and Profiler initialized
2025-06-24 16:10:26 [main] INFO  c.fspann.api.ForwardSecureANNSystem - QueryService initialized and ready
2025-06-24 16:10:26 [main] INFO  c.fspann.api.ForwardSecureANNSystem - Loading base data from C:\Users\MEHRAN~1\AppData\Local\Temp\junit-8276740935428279119\data.csv
2025-06-24 16:10:26 [main] INFO  com.fspann.loader.DefaultDataLoader - Loading data from C:\Users\MEHRAN~1\AppData\Local\Temp\junit-8276740935428279119\data.csv using loader for CSV
2025-06-24 16:10:26 [main] INFO  c.fspann.api.ForwardSecureANNSystem - Loaded 10 vectors for dimension 10
2025-06-24 16:10:31 [main] INFO  c.fspann.api.ForwardSecureANNSystem - Batch insert complete for 10 vectors in 4706.9528 ms
2025-06-24 16:10:31 [main] INFO  c.fspann.api.ForwardSecureANNSystem - Initial data insertion complete
2025-06-24 16:10:31 [main] INFO  c.fspann.api.ForwardSecureANNSystem - Number of indexed vectors for dimension 10: 10
2025-06-24 16:10:31 [main] INFO  c.f.a.ForwardSecureANNSystemPerformanceIntegrationTest - Initialized system with 10 vectors indexed for dim=10
2025-06-24 16:10:31 [main] INFO  c.fspann.api.ForwardSecureANNSystem - Insert complete for id=ce9d70f2-a0de-4300-ae3f-dfbadd84ea88 in 460.1418 ms
2025-06-24 16:10:32 [main] INFO  c.fspann.api.ForwardSecureANNSystem - Insert complete for id=cb475da3-b01c-4e01-abd9-eb8e10bc25bd in 461.4415 ms
2025-06-24 16:10:32 [main] INFO  c.fspann.api.ForwardSecureANNSystem - Insert complete for id=1b8f0818-7593-4cf5-9ac9-4dc1167a7820 in 451.7922 ms
2025-06-24 16:10:33 [main] INFO  c.fspann.api.ForwardSecureANNSystem - Insert complete for id=0672b303-6900-4399-9544-aec3f98595fc in 463.7539 ms
2025-06-24 16:10:33 [main] INFO  c.fspann.api.ForwardSecureANNSystem - Insert complete for id=3d94adc0-3c63-46e0-981f-982c345edcae in 457.8675 ms
2025-06-24 16:10:34 [main] INFO  c.fspann.api.ForwardSecureANNSystem - Insert complete for id=e1b03310-b088-42a5-b27f-cb3be43264db in 458.9575 ms
2025-06-24 16:10:34 [main] INFO  c.fspann.api.ForwardSecureANNSystem - Insert complete for id=7adad704-68e7-489e-8a2d-f3cbcc88bca3 in 462.2822 ms
2025-06-24 16:10:35 [main] INFO  c.fspann.api.ForwardSecureANNSystem - Insert complete for id=1fd842f5-12ce-4dcd-a7fb-417eedb2ed74 in 452.2075 ms
2025-06-24 16:10:35 [main] INFO  c.fspann.api.ForwardSecureANNSystem - Insert complete for id=89721ebb-12cb-4187-85b6-2a8d74aebac6 in 460.5615 ms
2025-06-24 16:10:35 [main] INFO  c.fspann.api.ForwardSecureANNSystem - Insert complete for id=ca393192-b3f6-48c0-824a-f7086e32d2ae in 450.0281 ms
2025-06-24 16:10:36 [main] INFO  c.fspann.api.ForwardSecureANNSystem - Insert complete for id=34454fd0-7a17-49f2-993e-2c1609ee670a in 463.4982 ms
2025-06-24 16:10:36 [main] INFO  c.fspann.api.ForwardSecureANNSystem - Insert complete for id=2b0940ae-936e-41d3-9c30-51d158edc874 in 461.8343 ms
2025-06-24 16:10:37 [main] INFO  c.fspann.api.ForwardSecureANNSystem - Insert complete for id=eb2100a3-b7d7-4c34-a4bf-647a38804758 in 462.8341 ms
2025-06-24 16:10:37 [main] INFO  c.fspann.api.ForwardSecureANNSystem - Insert complete for id=b5cfe1e1-d77b-45aa-ae2a-0a2d04d757f9 in 448.1199 ms
2025-06-24 16:10:38 [main] INFO  c.fspann.api.ForwardSecureANNSystem - Insert complete for id=f34d1007-9275-4433-9d48-6e94d83a1870 in 457.1001 ms
2025-06-24 16:10:38 [main] INFO  c.fspann.api.ForwardSecureANNSystem - Insert complete for id=25d2a8b2-7950-4572-a83d-3d5e789ed106 in 455.1002 ms
2025-06-24 16:10:39 [main] INFO  c.fspann.api.ForwardSecureANNSystem - Insert complete for id=a74016f5-0805-4f36-8e27-08d72912e9e0 in 453.9437 ms
2025-06-24 16:10:39 [main] INFO  c.fspann.api.ForwardSecureANNSystem - Insert complete for id=1f01bbc7-e8a3-4198-892b-e6dc0580ff8d in 464.6733 ms
2025-06-24 16:10:40 [main] INFO  c.fspann.api.ForwardSecureANNSystem - Insert complete for id=05d787cf-913d-4dd1-a03e-6854910cc1d4 in 452.654 ms
2025-06-24 16:10:40 [main] INFO  c.fspann.api.ForwardSecureANNSystem - Insert complete for id=635667de-8501-4dd5-88aa-0eb3bdce860a in 463.6308 ms
2025-06-24 16:10:40 [main] INFO  c.fspann.api.ForwardSecureANNSystem - Insert complete for id=155811da-bbc6-41c1-87ba-4bcf51eaaf74 in 445.4754 ms
2025-06-24 16:10:41 [main] INFO  c.fspann.api.ForwardSecureANNSystem - Insert complete for id=338365c7-837c-448d-acdc-bf2ec19d3318 in 450.1432 ms
2025-06-24 16:10:41 [main] INFO  c.fspann.api.ForwardSecureANNSystem - Insert complete for id=890ad9f3-85a7-4303-8485-03bdb5c05397 in 459.9497 ms
2025-06-24 16:10:42 [main] INFO  c.fspann.api.ForwardSecureANNSystem - Insert complete for id=6722f595-6b0a-407b-934e-85d0b8563921 in 453.9518 ms
2025-06-24 16:10:42 [main] INFO  c.fspann.api.ForwardSecureANNSystem - Insert complete for id=97264ce8-7219-4989-af05-205f3c62c873 in 460.2651 ms
2025-06-24 16:10:43 [main] INFO  c.fspann.api.ForwardSecureANNSystem - Insert complete for id=744ec7d7-716f-42b3-a004-ac9fb4d2b3f7 in 453.5406 ms
2025-06-24 16:10:43 [main] INFO  c.fspann.api.ForwardSecureANNSystem - Insert complete for id=08813b01-c356-41a0-a573-8a9b516b3f5c in 453.9844 ms
2025-06-24 16:10:44 [main] INFO  c.fspann.api.ForwardSecureANNSystem - Insert complete for id=27066559-9286-4543-9efd-cbce9eb46825 in 477.28 ms
2025-06-24 16:10:44 [main] INFO  c.fspann.api.ForwardSecureANNSystem - Insert complete for id=ba00c8d5-90d4-4e8b-a347-5c8cea6d870f in 457.6988 ms
2025-06-24 16:10:45 [main] INFO  c.fspann.api.ForwardSecureANNSystem - Insert complete for id=23c5ee8d-0dc1-4a64-9fba-9a08e855aad1 in 445.6291 ms
2025-06-24 16:10:45 [main] INFO  c.fspann.api.ForwardSecureANNSystem - Insert complete for id=be271f6f-ce93-4e5a-af6e-e72fbbd7bbe8 in 449.767 ms
2025-06-24 16:10:46 [main] INFO  c.fspann.api.ForwardSecureANNSystem - Insert complete for id=de31c6fd-4064-42b3-a640-c573b6475065 in 453.8384 ms
2025-06-24 16:10:46 [main] INFO  c.fspann.api.ForwardSecureANNSystem - Insert complete for id=fb27cec2-680e-49ca-8f1f-6bd92633f825 in 452.1404 ms
2025-06-24 16:10:46 [main] INFO  c.fspann.api.ForwardSecureANNSystem - Insert complete for id=dc9cca71-9046-41d0-89a7-eb3ba8b70f54 in 463.0343 ms
2025-06-24 16:10:47 [main] INFO  c.fspann.api.ForwardSecureANNSystem - Insert complete for id=44b302a3-46e0-4ec0-aaab-76c73b202692 in 458.738 ms
2025-06-24 16:10:47 [main] INFO  c.fspann.api.ForwardSecureANNSystem - Insert complete for id=b63b7f46-11f1-4fd2-a924-b513e95998e6 in 459.3925 ms
2025-06-24 16:10:48 [main] INFO  c.fspann.api.ForwardSecureANNSystem - Insert complete for id=9acbc2c6-2178-4a4a-93c1-791cb5b99a43 in 449.025 ms
2025-06-24 16:10:48 [main] INFO  c.fspann.api.ForwardSecureANNSystem - Insert complete for id=81dd0e2b-9b2f-4c1b-b69e-16fe382aaaa5 in 450.3013 ms
2025-06-24 16:10:49 [main] INFO  c.fspann.api.ForwardSecureANNSystem - Insert complete for id=254dd971-48ae-461f-bde7-0e028d468125 in 458.0737 ms
2025-06-24 16:10:49 [main] INFO  c.fspann.api.ForwardSecureANNSystem - Insert complete for id=fc30e4b5-4d9c-435b-a1f0-c0dfdc87e2cd in 453.3154 ms
2025-06-24 16:10:50 [main] INFO  c.fspann.api.ForwardSecureANNSystem - Insert complete for id=50c6c3f8-2cdc-4491-b279-83fc1024b43d in 448.9142 ms
2025-06-24 16:10:50 [main] INFO  c.fspann.api.ForwardSecureANNSystem - Insert complete for id=a385ba01-2c92-4a5f-b79c-dd6abffc307e in 451.3954 ms
2025-06-24 16:10:51 [main] INFO  c.fspann.api.ForwardSecureANNSystem - Insert complete for id=c8787e63-64db-47c9-947c-32afbb3ca322 in 456.4721 ms
2025-06-24 16:10:51 [main] INFO  c.fspann.api.ForwardSecureANNSystem - Insert complete for id=37b219bf-b658-4d37-b605-a8d4fd422536 in 465.8887 ms
2025-06-24 16:10:51 [main] INFO  c.fspann.api.ForwardSecureANNSystem - Insert complete for id=f1c5cfe7-2cf5-426a-b00a-c3c0470d86d8 in 451.8045 ms
2025-06-24 16:10:52 [main] INFO  c.fspann.api.ForwardSecureANNSystem - Insert complete for id=5552a5de-5e47-4d35-8e5b-d7c4500b581f in 456.4236 ms
2025-06-24 16:10:52 [main] INFO  c.fspann.api.ForwardSecureANNSystem - Insert complete for id=c06a519e-e82e-43b4-a56a-c5e61d848b3d in 461.7839 ms
2025-06-24 16:10:53 [main] INFO  c.fspann.api.ForwardSecureANNSystem - Insert complete for id=7fdebc38-4928-46bb-93a3-bebf35b38808 in 452.2706 ms
2025-06-24 16:10:53 [main] INFO  c.fspann.api.ForwardSecureANNSystem - Insert complete for id=05fd89c7-a2e9-43b7-a2b0-4f5bd1176a2e in 452.8662 ms
2025-06-24 16:10:54 [main] INFO  c.fspann.api.ForwardSecureANNSystem - Insert complete for id=3557adb2-fe21-4529-9ae7-35a195539721 in 448.4115 ms
2025-06-24 16:10:54 [main] INFO  c.fspann.api.ForwardSecureANNSystem - Insert complete for id=48ff1c1a-d00f-4852-a6fe-9c14cbec6154 in 444.9718 ms
2025-06-24 16:10:55 [main] INFO  c.fspann.api.ForwardSecureANNSystem - Insert complete for id=4278c62e-2281-4d76-af66-e6fe58e5a288 in 464.2115 ms
2025-06-24 16:10:55 [main] INFO  c.fspann.api.ForwardSecureANNSystem - Insert complete for id=c874d100-12da-4485-a237-7fc5fa69b968 in 462.2812 ms
2025-06-24 16:10:56 [main] INFO  c.fspann.api.ForwardSecureANNSystem - Insert complete for id=f514d6eb-0f0f-4a84-bdc9-5134872a3aaa in 452.3959 ms
2025-06-24 16:10:56 [main] INFO  c.fspann.api.ForwardSecureANNSystem - Insert complete for id=af3f29d1-60b5-460c-a5ff-6313ad5841c6 in 456.3878 ms
2025-06-24 16:10:56 [main] INFO  c.fspann.api.ForwardSecureANNSystem - Insert complete for id=392f650c-a0d6-4a28-8d3a-d8ea554a7266 in 451.879 ms
2025-06-24 16:10:57 [main] INFO  c.fspann.api.ForwardSecureANNSystem - Insert complete for id=917758d4-d79a-4716-82b3-f7071662b302 in 452.3889 ms
2025-06-24 16:10:57 [main] INFO  c.fspann.api.ForwardSecureANNSystem - Insert complete for id=26cb9eb2-437c-47c2-bee1-f68ae7797031 in 455.1854 ms
2025-06-24 16:10:58 [main] INFO  c.fspann.api.ForwardSecureANNSystem - Insert complete for id=067ef08b-7fc3-47d9-b299-edbb7fee70b6 in 464.5788 ms
2025-06-24 16:10:58 [main] INFO  c.fspann.api.ForwardSecureANNSystem - Insert complete for id=b720e286-9273-47a7-934a-bc888c43dbb9 in 446.5576 ms
2025-06-24 16:10:59 [main] INFO  c.fspann.api.ForwardSecureANNSystem - Insert complete for id=e63588ef-5f7d-4441-a82c-4563ac7b029f in 455.0918 ms
2025-06-24 16:10:59 [main] INFO  c.fspann.api.ForwardSecureANNSystem - Insert complete for id=a3e30ddd-d779-46de-84ce-4df7bfc3c4ab in 460.9788 ms
2025-06-24 16:11:00 [main] INFO  c.fspann.api.ForwardSecureANNSystem - Insert complete for id=210ef902-42e9-4db7-8696-5a13604c500b in 451.4765 ms
2025-06-24 16:11:00 [main] INFO  c.fspann.api.ForwardSecureANNSystem - Insert complete for id=d2d5ac68-79a9-4ee9-b670-5c5c84241ed5 in 454.2796 ms
2025-06-24 16:11:01 [main] INFO  c.fspann.api.ForwardSecureANNSystem - Insert complete for id=12a3c792-5e97-4839-903f-7abed60e6d65 in 469.033 ms
2025-06-24 16:11:01 [main] INFO  c.fspann.api.ForwardSecureANNSystem - Insert complete for id=0de12607-5cdc-444a-9b11-5faced21c692 in 451.3771 ms
2025-06-24 16:11:01 [main] INFO  c.fspann.api.ForwardSecureANNSystem - Insert complete for id=facfd67a-8fd3-4dc5-97ed-f5e29341fdcd in 463.7491 ms
2025-06-24 16:11:02 [main] INFO  c.fspann.api.ForwardSecureANNSystem - Insert complete for id=20e91738-0096-4329-bc24-68dd66fd00cd in 456.1721 ms
2025-06-24 16:11:02 [main] INFO  c.fspann.api.ForwardSecureANNSystem - Insert complete for id=a3263ba4-881f-4a41-b03b-5882cbc2b47f in 451.431 ms
2025-06-24 16:11:03 [main] INFO  c.fspann.api.ForwardSecureANNSystem - Insert complete for id=be8ffd5a-3a42-41c4-bf9f-435f762db54e in 461.4491 ms
2025-06-24 16:11:03 [main] INFO  c.fspann.api.ForwardSecureANNSystem - Insert complete for id=b18bb856-a30f-4dfd-8f73-e3006d769e6e in 453.3981 ms
2025-06-24 16:11:04 [main] INFO  c.fspann.api.ForwardSecureANNSystem - Insert complete for id=c0238cc0-3f30-4574-8b3f-2343e6a8fdc6 in 455.387 ms
2025-06-24 16:11:04 [main] INFO  c.fspann.api.ForwardSecureANNSystem - Insert complete for id=db179683-d3f5-4627-8a28-6f3a669fb840 in 454.6566 ms
2025-06-24 16:11:05 [main] INFO  c.fspann.api.ForwardSecureANNSystem - Insert complete for id=9e0b40f9-28c9-4371-99cd-d9c85a1566bc in 460.4023 ms
2025-06-24 16:11:05 [main] INFO  c.fspann.api.ForwardSecureANNSystem - Insert complete for id=13bca02c-5f45-4482-8efd-715d6d4858b2 in 454.1912 ms
2025-06-24 16:11:06 [main] INFO  c.fspann.api.ForwardSecureANNSystem - Insert complete for id=baae046a-213b-4610-9069-dad933ec816b in 456.4893 ms
2025-06-24 16:11:06 [main] INFO  c.fspann.api.ForwardSecureANNSystem - Insert complete for id=4ca54d54-d07a-452e-a9f2-09935430c7c6 in 465.2673 ms
2025-06-24 16:11:06 [main] INFO  c.fspann.api.ForwardSecureANNSystem - Insert complete for id=8a9a2933-1f60-45db-885e-a0bbaf300c97 in 461.8211 ms
2025-06-24 16:11:07 [main] INFO  c.fspann.api.ForwardSecureANNSystem - Insert complete for id=9f974032-03d4-4ce5-bfe9-fc41f0e16510 in 452.1441 ms
2025-06-24 16:11:07 [main] INFO  c.fspann.api.ForwardSecureANNSystem - Insert complete for id=61b015c7-d3fd-46bf-bb62-0f55d561a269 in 457.7987 ms
2025-06-24 16:11:08 [main] INFO  c.fspann.api.ForwardSecureANNSystem - Insert complete for id=db336d0c-35b4-4c5d-8375-15c64c274781 in 450.7599 ms
2025-06-24 16:11:08 [main] INFO  c.fspann.api.ForwardSecureANNSystem - Insert complete for id=97471f52-fdc4-4f2c-af2e-51c1bec91f1d in 450.5867 ms
2025-06-24 16:11:09 [main] INFO  c.fspann.api.ForwardSecureANNSystem - Insert complete for id=9c7b359c-b117-4b0c-8ede-9859ac761480 in 446.3336 ms
2025-06-24 16:11:09 [main] INFO  c.fspann.api.ForwardSecureANNSystem - Insert complete for id=a9a22bd6-a0d0-4770-9a5a-23eab9a2bc8f in 456.8048 ms
2025-06-24 16:11:10 [main] INFO  c.fspann.api.ForwardSecureANNSystem - Insert complete for id=0d7e95b8-d82c-48e0-a124-91545bb7948c in 453.9543 ms
2025-06-24 16:11:10 [main] INFO  c.fspann.api.ForwardSecureANNSystem - Insert complete for id=2bfd35ee-e451-4c59-9566-10afc2942f97 in 452.0512 ms
2025-06-24 16:11:11 [main] INFO  c.fspann.api.ForwardSecureANNSystem - Insert complete for id=092d5ad0-e48b-4e4e-b447-9668bbdfdbcc in 468.8094 ms
2025-06-24 16:11:11 [main] INFO  c.fspann.api.ForwardSecureANNSystem - Insert complete for id=f63999a1-4bf4-44e2-887e-749719dbb3a8 in 463.3689 ms
2025-06-24 16:11:12 [main] INFO  c.fspann.api.ForwardSecureANNSystem - Insert complete for id=48b70518-a3e8-4f02-b11e-e332e3dd5dc0 in 455.5216 ms
2025-06-24 16:11:12 [main] INFO  c.fspann.api.ForwardSecureANNSystem - Insert complete for id=8385afe6-3858-4160-8f79-9ba6aa559544 in 452.5913 ms
2025-06-24 16:11:12 [main] INFO  c.fspann.api.ForwardSecureANNSystem - Insert complete for id=38de92fd-a4fd-49d6-baba-b1a579737e79 in 448.042 ms
2025-06-24 16:11:13 [main] INFO  c.fspann.api.ForwardSecureANNSystem - Insert complete for id=354a923e-4671-4d81-96a5-3fd202e47786 in 455.9284 ms
2025-06-24 16:11:13 [main] INFO  c.fspann.api.ForwardSecureANNSystem - Insert complete for id=a06b4208-c1bf-44db-8d3d-70f8f1e2a031 in 457.9122 ms
2025-06-24 16:11:14 [main] INFO  c.fspann.api.ForwardSecureANNSystem - Insert complete for id=f2adcd23-0e71-4579-8f00-6bf4be71b230 in 457.676 ms
2025-06-24 16:11:14 [main] INFO  c.fspann.api.ForwardSecureANNSystem - Insert complete for id=bebb66da-2695-45ee-b82c-9be99e488d1e in 455.9519 ms
2025-06-24 16:11:15 [main] INFO  c.fspann.api.ForwardSecureANNSystem - Insert complete for id=098685e0-6408-4ea9-b2b1-acbbef3abb7a in 455.1802 ms
2025-06-24 16:11:15 [main] INFO  c.fspann.api.ForwardSecureANNSystem - Insert complete for id=a8bfa030-0d1a-41d9-8c7f-3238a1cb779d in 458.2657 ms
2025-06-24 16:11:16 [main] INFO  c.fspann.api.ForwardSecureANNSystem - Insert complete for id=70610a22-c5dc-4c80-a43f-78ac32c8bdaa in 454.9328 ms
2025-06-24 16:11:16 [main] INFO  c.fspann.api.ForwardSecureANNSystem - Insert complete for id=ae269ddd-6936-4c90-acee-35bccb0cc58e in 463.3682 ms
2025-06-24 16:11:17 [main] INFO  c.fspann.api.ForwardSecureANNSystem - Insert complete for id=a967dc33-375d-4a32-a367-78fd3f121032 in 449.5738 ms
2025-06-24 16:11:17 [main] INFO  c.fspann.api.ForwardSecureANNSystem - Insert complete for id=d3745f0a-3352-4e7f-9a9c-bc3a218ed7e7 in 455.4568 ms
2025-06-24 16:11:17 [main] INFO  c.fspann.api.ForwardSecureANNSystem - Insert complete for id=4fefc6d9-dab2-4ad6-8e1c-e689b1b0a326 in 457.3195 ms
2025-06-24 16:11:18 [main] INFO  c.fspann.api.ForwardSecureANNSystem - Insert complete for id=53a68392-60b4-425b-b228-cf1c9e19060c in 461.2223 ms
2025-06-24 16:11:18 [main] INFO  c.fspann.api.ForwardSecureANNSystem - Insert complete for id=43d29df7-1b7f-43ca-89d0-0f99e1627971 in 453.1553 ms
2025-06-24 16:11:19 [main] INFO  c.fspann.api.ForwardSecureANNSystem - Insert complete for id=103ca3a1-6c5f-4d74-a893-1ff1fc560f1d in 462.677 ms
2025-06-24 16:11:19 [main] INFO  c.fspann.api.ForwardSecureANNSystem - Insert complete for id=ae49211d-92bb-4f32-af0b-e97e5d105ed3 in 457.3992 ms
2025-06-24 16:11:20 [main] INFO  c.fspann.api.ForwardSecureANNSystem - Insert complete for id=9fedebb7-90ec-468e-b252-69e6a5925294 in 452.4686 ms
2025-06-24 16:11:20 [main] INFO  c.fspann.api.ForwardSecureANNSystem - Insert complete for id=9fbc9b47-9490-4059-b11a-eace13a98f6c in 484.1116 ms
2025-06-24 16:11:21 [main] INFO  c.fspann.api.ForwardSecureANNSystem - Insert complete for id=b9f488c4-3482-44b0-abde-5dbbba7a1edf in 466.4647 ms
2025-06-24 16:11:21 [main] INFO  c.fspann.api.ForwardSecureANNSystem - Insert complete for id=0a40af31-1d6e-434a-a3ab-f455a2ddb820 in 461.7772 ms
2025-06-24 16:11:22 [main] INFO  c.fspann.api.ForwardSecureANNSystem - Insert complete for id=244fb8c3-2006-42d3-96ee-f1531d4bd20e in 461.2843 ms
2025-06-24 16:11:22 [main] INFO  c.fspann.api.ForwardSecureANNSystem - Insert complete for id=2d753475-a0f5-4d7f-b081-b6bec3b6540c in 460.5429 ms
2025-06-24 16:11:23 [main] INFO  c.fspann.api.ForwardSecureANNSystem - Insert complete for id=a32e6f06-b329-4c9a-9f92-0f6858b99bfa in 450.1516 ms
2025-06-24 16:11:23 [main] INFO  c.fspann.api.ForwardSecureANNSystem - Insert complete for id=11cc1afd-b2bc-4624-bf46-a6abcdb37dbf in 467.3053 ms
2025-06-24 16:11:23 [main] INFO  c.fspann.api.ForwardSecureANNSystem - Insert complete for id=49c87a45-fbd3-418a-a326-cc68479fd3d9 in 455.5488 ms
2025-06-24 16:11:24 [main] INFO  c.fspann.api.ForwardSecureANNSystem - Insert complete for id=d62278fa-12ed-4396-b169-fe9c4e81ef8d in 457.2929 ms
2025-06-24 16:11:24 [main] INFO  c.fspann.api.ForwardSecureANNSystem - Insert complete for id=067353bd-e3f1-497b-80b4-2257e5415aef in 464.2663 ms
2025-06-24 16:11:25 [main] INFO  c.fspann.api.ForwardSecureANNSystem - Insert complete for id=11a9bb75-4ae0-4033-963d-04a2a529264a in 464.6267 ms
2025-06-24 16:11:25 [main] INFO  c.fspann.api.ForwardSecureANNSystem - Insert complete for id=dc10dbc8-85ff-4ab6-b5a9-f09956d0685a in 459.1005 ms
2025-06-24 16:11:26 [main] INFO  c.fspann.api.ForwardSecureANNSystem - Insert complete for id=86c1f19b-01e1-4564-9ade-4d70790e5190 in 453.2557 ms
2025-06-24 16:11:26 [main] INFO  c.fspann.api.ForwardSecureANNSystem - Insert complete for id=9d9b3adb-9f86-4e2c-be6b-61aaf67ab26d in 463.5338 ms
2025-06-24 16:11:27 [main] INFO  c.fspann.api.ForwardSecureANNSystem - Insert complete for id=efd79b62-d93e-40dd-9327-1cdd9b00dd22 in 455.4091 ms
2025-06-24 16:11:27 [main] INFO  c.fspann.api.ForwardSecureANNSystem - Insert complete for id=4ff592d0-9879-4fcf-89cb-475bb784f4cb in 453.2483 ms
2025-06-24 16:11:28 [main] INFO  c.fspann.api.ForwardSecureANNSystem - Insert complete for id=d8322ca7-cd80-4123-8426-892d4962cab6 in 461.4396 ms
2025-06-24 16:11:28 [main] INFO  c.fspann.api.ForwardSecureANNSystem - Insert complete for id=f4bd5a97-a04b-4cbe-9384-f4259a50f43b in 450.8042 ms
2025-06-24 16:11:28 [main] INFO  c.fspann.api.ForwardSecureANNSystem - Insert complete for id=46ec4fab-2632-4d3a-bcab-7bba1b9bb38d in 460.3777 ms
2025-06-24 16:11:29 [main] INFO  c.fspann.api.ForwardSecureANNSystem - Insert complete for id=e9435c53-8f57-46ef-9aad-a70ff5daea4b in 474.0413 ms
2025-06-24 16:11:29 [main] INFO  c.fspann.api.ForwardSecureANNSystem - Insert complete for id=1f101fda-1235-43c5-8373-94863ef53c88 in 453.3144 ms
2025-06-24 16:11:30 [main] INFO  c.fspann.api.ForwardSecureANNSystem - Insert complete for id=6cc9cee2-2268-4672-86ae-477e2fa2e53a in 453.2783 ms
2025-06-24 16:11:30 [main] INFO  c.fspann.api.ForwardSecureANNSystem - Insert complete for id=e21cb59c-7d64-4ce0-aad5-5d4511e1dce1 in 463.627 ms
2025-06-24 16:11:31 [main] INFO  c.fspann.api.ForwardSecureANNSystem - Insert complete for id=0e5deb1a-a7c4-4ee8-a28e-45e4df171237 in 465.4402 ms
2025-06-24 16:11:31 [main] INFO  c.fspann.api.ForwardSecureANNSystem - Insert complete for id=6460e134-505f-417e-9f70-2c7c1bd74221 in 463.4252 ms
2025-06-24 16:11:32 [main] INFO  c.fspann.api.ForwardSecureANNSystem - Insert complete for id=daf4148e-5c74-42f1-8106-079c9684401a in 461.1898 ms
2025-06-24 16:11:32 [main] INFO  c.fspann.api.ForwardSecureANNSystem - Insert complete for id=dd08ed48-9c6b-4272-82c5-d70891bc85ab in 460.1918 ms
2025-06-24 16:11:33 [main] INFO  c.fspann.api.ForwardSecureANNSystem - Insert complete for id=516257bb-04a4-4a36-a70e-8363867e6f0b in 463.5391 ms
2025-06-24 16:11:33 [main] INFO  c.fspann.api.ForwardSecureANNSystem - Insert complete for id=69cd7070-7c7c-4a18-977f-02df7536e8c0 in 460.2779 ms
2025-06-24 16:11:34 [main] INFO  c.fspann.api.ForwardSecureANNSystem - Insert complete for id=adefc368-ca0a-4c3e-9319-90671ed52898 in 449.5984 ms
2025-06-24 16:11:34 [main] INFO  c.fspann.api.ForwardSecureANNSystem - Insert complete for id=b7ed6449-f3d1-4f20-9a3a-5679afd7c803 in 456.2626 ms
2025-06-24 16:11:34 [main] INFO  c.fspann.api.ForwardSecureANNSystem - Insert complete for id=a8e40e30-bb87-4d8c-a2cd-dc6675bb0901 in 455.4678 ms
2025-06-24 16:11:35 [main] INFO  c.fspann.api.ForwardSecureANNSystem - Insert complete for id=c84a7297-13b3-400c-9378-3c4ab5a60347 in 463.4121 ms
2025-06-24 16:11:35 [main] INFO  c.fspann.api.ForwardSecureANNSystem - Insert complete for id=cae4da0b-9daa-4352-8d3b-e2fae7962a35 in 465.5759 ms
2025-06-24 16:11:36 [main] INFO  c.fspann.api.ForwardSecureANNSystem - Insert complete for id=37d5f0b9-3734-44d0-a8f6-2c904810b88a in 458.2541 ms
2025-06-24 16:11:36 [main] INFO  c.fspann.api.ForwardSecureANNSystem - Insert complete for id=8326dc6f-270f-40ac-9941-5a88adaaeb9b in 465.6638 ms
2025-06-24 16:11:37 [main] INFO  c.fspann.api.ForwardSecureANNSystem - Insert complete for id=10b4ffcf-ffa8-4457-9893-987bde1c80e6 in 455.6365 ms
2025-06-24 16:11:37 [main] INFO  c.fspann.api.ForwardSecureANNSystem - Insert complete for id=7dd57268-f275-4d67-b634-236b7e7867a0 in 450.5893 ms
2025-06-24 16:11:38 [main] INFO  c.fspann.api.ForwardSecureANNSystem - Insert complete for id=b265c532-f0c8-4a06-899b-81f860a24df9 in 457.2466 ms
2025-06-24 16:11:38 [main] INFO  c.fspann.api.ForwardSecureANNSystem - Insert complete for id=21db4177-f7e9-48cf-93d1-475f2ef97edb in 471.9645 ms
2025-06-24 16:11:39 [main] INFO  c.fspann.api.ForwardSecureANNSystem - Insert complete for id=4ed848bc-c468-4902-80cf-4a46a7bd05ae in 456.5946 ms
2025-06-24 16:11:39 [main] INFO  c.fspann.api.ForwardSecureANNSystem - Insert complete for id=7141f34e-bd82-4500-9e51-1da8333e8716 in 464.7438 ms
2025-06-24 16:11:40 [main] INFO  c.fspann.api.ForwardSecureANNSystem - Insert complete for id=9f82deca-59d4-4bc2-840b-782ad8e2c9cd in 454.8024 ms
2025-06-24 16:11:40 [main] INFO  c.fspann.api.ForwardSecureANNSystem - Insert complete for id=438ff679-db7a-4d60-997f-24942e6d4408 in 460.2664 ms
2025-06-24 16:11:40 [main] INFO  c.fspann.api.ForwardSecureANNSystem - Insert complete for id=3d6a3a19-3607-44c6-a99a-a168b16207b1 in 468.1098 ms
2025-06-24 16:11:41 [main] INFO  c.fspann.api.ForwardSecureANNSystem - Insert complete for id=6cd0d744-f073-46bd-a4fe-013b5ae12c60 in 461.7351 ms
2025-06-24 16:11:41 [main] INFO  c.fspann.api.ForwardSecureANNSystem - Insert complete for id=2dafbb5a-2463-495b-b75f-547f7c1ed313 in 468.603 ms
2025-06-24 16:11:42 [main] INFO  c.fspann.api.ForwardSecureANNSystem - Insert complete for id=f4f7133e-e5e8-4141-845c-4c5534f4cb3a in 462.2799 ms
2025-06-24 16:11:42 [main] INFO  c.fspann.api.ForwardSecureANNSystem - Insert complete for id=703f5d88-6d27-44e6-8215-703e456d21f2 in 465.1225 ms
2025-06-24 16:11:43 [main] INFO  c.fspann.api.ForwardSecureANNSystem - Insert complete for id=b614af36-f43a-46ec-97c7-ca153e55ab31 in 465.7094 ms
2025-06-24 16:11:43 [main] INFO  c.fspann.api.ForwardSecureANNSystem - Insert complete for id=08a4963d-954d-4f79-b76a-f0ba10295648 in 477.6977 ms
2025-06-24 16:11:44 [main] INFO  c.fspann.api.ForwardSecureANNSystem - Insert complete for id=95d4bdec-c443-4e20-bbe5-a4a65776464c in 466.5701 ms
2025-06-24 16:11:44 [main] INFO  c.fspann.api.ForwardSecureANNSystem - Insert complete for id=13325d9b-6ab7-49c5-96f0-7cd896f40e63 in 459.5931 ms
2025-06-24 16:11:45 [main] INFO  c.fspann.api.ForwardSecureANNSystem - Insert complete for id=0fd5ecc2-620d-48d8-994c-e04029f4cd77 in 454.0406 ms
2025-06-24 16:11:45 [main] INFO  c.fspann.api.ForwardSecureANNSystem - Insert complete for id=ac89f2b9-775e-42cc-9647-9b6bc8ce5f2e in 453.397 ms
2025-06-24 16:11:46 [main] INFO  c.fspann.api.ForwardSecureANNSystem - Insert complete for id=3ccd90fb-b84c-4fdb-9d68-a1361b5371b1 in 460.9195 ms
2025-06-24 16:11:46 [main] INFO  c.fspann.api.ForwardSecureANNSystem - Insert complete for id=8057b9f5-4b10-4877-b4a3-25a84893357c in 460.4047 ms
2025-06-24 16:11:46 [main] INFO  c.fspann.api.ForwardSecureANNSystem - Insert complete for id=6b7c3588-ab52-4a93-b8b6-df7c99131ef7 in 455.6899 ms
2025-06-24 16:11:47 [main] INFO  c.fspann.api.ForwardSecureANNSystem - Insert complete for id=b8d18439-cc8d-4350-947b-2a1875b0b98f in 465.8156 ms
2025-06-24 16:11:47 [main] INFO  c.fspann.api.ForwardSecureANNSystem - Insert complete for id=570852e7-169c-449c-b518-282c6439109d in 464.1934 ms
2025-06-24 16:11:48 [main] INFO  c.fspann.api.ForwardSecureANNSystem - Insert complete for id=f2233e19-ec85-41c0-bfef-e45fec21f0d1 in 467.4928 ms
2025-06-24 16:11:48 [main] INFO  c.fspann.api.ForwardSecureANNSystem - Insert complete for id=6bcaaab7-da69-4095-989a-5d21d2c87194 in 465.3728 ms
2025-06-24 16:11:49 [main] INFO  c.fspann.api.ForwardSecureANNSystem - Insert complete for id=aa5e8e48-943a-485c-af59-bcb59e9a656b in 469.1434 ms
2025-06-24 16:11:49 [main] INFO  c.fspann.api.ForwardSecureANNSystem - Insert complete for id=ad81edb2-6c05-4a3a-8275-3c4014307237 in 467.0752 ms
2025-06-24 16:11:50 [main] INFO  c.fspann.api.ForwardSecureANNSystem - Insert complete for id=6ec3e12b-5208-4c9e-b11e-4253807050ce in 467.6532 ms
2025-06-24 16:11:50 [main] INFO  c.fspann.api.ForwardSecureANNSystem - Insert complete for id=0e11f17e-059e-404a-89b7-79992820fde9 in 458.1149 ms
2025-06-24 16:11:51 [main] INFO  c.fspann.api.ForwardSecureANNSystem - Insert complete for id=a2e02d4f-ccc1-4625-8a38-f603b533c623 in 462.1053 ms
2025-06-24 16:11:51 [main] INFO  c.fspann.api.ForwardSecureANNSystem - Insert complete for id=cb6e1fc8-d488-40c2-a95f-e33a00b31657 in 469.6286 ms
2025-06-24 16:11:52 [main] INFO  c.fspann.api.ForwardSecureANNSystem - Insert complete for id=0fbcb1dc-f40d-4c28-aa29-0d2e798ff298 in 465.866 ms
2025-06-24 16:11:52 [main] INFO  c.fspann.api.ForwardSecureANNSystem - Insert complete for id=fffeec77-e35d-46de-897d-61132521ed87 in 456.9872 ms
2025-06-24 16:11:53 [main] INFO  c.fspann.api.ForwardSecureANNSystem - Insert complete for id=03ead2eb-a66b-40e4-a3f4-87c0265f021f in 460.5182 ms
2025-06-24 16:11:53 [main] INFO  c.fspann.api.ForwardSecureANNSystem - Insert complete for id=3035afc6-7db0-4fcc-b96d-9c163a2ebcc5 in 462.2486 ms
2025-06-24 16:11:53 [main] INFO  c.fspann.api.ForwardSecureANNSystem - Insert complete for id=2ed462a9-9ae5-40fe-aa23-3718bdd5a75d in 467.1153 ms
2025-06-24 16:11:54 [main] INFO  c.fspann.api.ForwardSecureANNSystem - Insert complete for id=65f67b55-3ca6-41d2-bfef-8e93630d8439 in 458.5188 ms
2025-06-24 16:11:54 [main] INFO  c.fspann.api.ForwardSecureANNSystem - Insert complete for id=6960cbbb-9927-4096-a533-f51e775192ca in 460.836 ms
2025-06-24 16:11:55 [main] INFO  c.fspann.api.ForwardSecureANNSystem - Insert complete for id=4c20ee7a-3fe2-4355-9cbd-b0cc37b42a56 in 457.9484 ms
2025-06-24 16:11:55 [main] INFO  c.fspann.api.ForwardSecureANNSystem - Insert complete for id=e7e7a5ca-9180-4a45-9d83-a2db4e255747 in 466.4378 ms
2025-06-24 16:11:56 [main] INFO  c.fspann.api.ForwardSecureANNSystem - Insert complete for id=a1add04a-db6a-4750-a3d9-d71439ad3d25 in 458.0794 ms
2025-06-24 16:11:56 [main] INFO  c.fspann.api.ForwardSecureANNSystem - Insert complete for id=dd84df4b-3f69-4c5c-bc27-b5f6e2da6294 in 472.5402 ms
2025-06-24 16:11:57 [main] INFO  c.fspann.api.ForwardSecureANNSystem - Insert complete for id=f369c540-de0f-4df8-b54c-64a25de206dc in 471.4954 ms
2025-06-24 16:11:57 [main] INFO  c.fspann.api.ForwardSecureANNSystem - Insert complete for id=3b2f3be4-9bdd-4375-91ac-2830c7037f2a in 463.867 ms
2025-06-24 16:11:58 [main] INFO  c.fspann.api.ForwardSecureANNSystem - Insert complete for id=51f603a7-7705-4bd2-abae-247dfa41406a in 460.7376 ms
2025-06-24 16:11:58 [main] INFO  c.fspann.api.ForwardSecureANNSystem - Insert complete for id=ca026baa-2af0-4157-b652-f86afd02e672 in 458.4775 ms
2025-06-24 16:11:59 [main] INFO  c.fspann.api.ForwardSecureANNSystem - Insert complete for id=c801f86a-bf23-4dfd-a229-1959fb2a0a74 in 458.1097 ms
2025-06-24 16:11:59 [main] INFO  c.fspann.api.ForwardSecureANNSystem - Insert complete for id=14685456-10fc-4eca-80aa-1438d0751a24 in 455.87 ms
2025-06-24 16:11:59 [main] INFO  c.fspann.api.ForwardSecureANNSystem - Insert complete for id=295baff4-7c3b-4200-aab3-2f7a1baf0283 in 464.1465 ms
2025-06-24 16:12:00 [main] INFO  c.fspann.api.ForwardSecureANNSystem - Insert complete for id=484b2702-5089-45df-8b59-0e65cde85af3 in 467.5951 ms
2025-06-24 16:12:00 [main] INFO  c.fspann.api.ForwardSecureANNSystem - Insert complete for id=03b50be7-80c8-4811-83b6-9f7bcbddd60a in 469.8974 ms
2025-06-24 16:12:01 [main] INFO  c.fspann.api.ForwardSecureANNSystem - Insert complete for id=115f5d2d-74cf-4690-aa06-5ac52a5a79c7 in 464.2467 ms
2025-06-24 16:12:01 [main] INFO  c.fspann.api.ForwardSecureANNSystem - Insert complete for id=3990e77f-620e-4c68-9869-585bf5220ed4 in 460.8072 ms
2025-06-24 16:12:02 [main] INFO  c.fspann.api.ForwardSecureANNSystem - Insert complete for id=772082a2-3239-415d-9da5-4cd3e1b80c41 in 468.8954 ms
2025-06-24 16:12:02 [main] INFO  c.fspann.api.ForwardSecureANNSystem - Insert complete for id=df7cf857-a333-4393-9d34-7111e8805429 in 467.3869 ms
2025-06-24 16:12:03 [main] INFO  c.fspann.api.ForwardSecureANNSystem - Insert complete for id=7cebfb06-fb61-4c9e-b91d-70dfdf4da02e in 456.3235 ms
2025-06-24 16:12:03 [main] INFO  c.fspann.api.ForwardSecureANNSystem - Insert complete for id=437c7afe-b0c4-4adc-80b5-8be32adae939 in 458.8364 ms
2025-06-24 16:12:04 [main] INFO  c.fspann.api.ForwardSecureANNSystem - Insert complete for id=ddce22ca-c473-4e15-ba35-2b25c0d5f3be in 464.4785 ms
2025-06-24 16:12:04 [main] INFO  c.fspann.api.ForwardSecureANNSystem - Insert complete for id=4c5bbde6-f583-4122-b2d5-24b4abe90dbb in 461.6251 ms
2025-06-24 16:12:05 [main] INFO  c.fspann.api.ForwardSecureANNSystem - Insert complete for id=76ff4eb7-5386-4a98-a74e-54227c600c20 in 456.4637 ms
2025-06-24 16:12:05 [main] INFO  c.fspann.api.ForwardSecureANNSystem - Insert complete for id=7cb44e36-46e7-45c6-aa88-97118e622bae in 461.8068 ms
2025-06-24 16:12:05 [main] INFO  c.fspann.api.ForwardSecureANNSystem - Insert complete for id=518b3614-2237-4fa1-b7b1-00c682f6d124 in 466.896 ms
2025-06-24 16:12:06 [main] INFO  c.fspann.api.ForwardSecureANNSystem - Insert complete for id=1ef5832f-060a-4926-8135-03f39a022ab8 in 465.5096 ms
2025-06-24 16:12:06 [main] INFO  c.fspann.api.ForwardSecureANNSystem - Insert complete for id=085edb50-1987-46aa-9d74-5a3a93c0c9cd in 460.8368 ms
2025-06-24 16:12:07 [main] INFO  c.fspann.api.ForwardSecureANNSystem - Insert complete for id=7a36a3bd-f6a8-41c9-a7e4-ecf19283ed9d in 465.9956 ms
2025-06-24 16:12:07 [main] INFO  c.fspann.api.ForwardSecureANNSystem - Insert complete for id=8638d222-34b1-4b2c-a947-e65eea3aa4e5 in 480.8598 ms
2025-06-24 16:12:08 [main] INFO  c.fspann.api.ForwardSecureANNSystem - Insert complete for id=4b6ed18f-4efc-46ee-82ee-1697c26590ff in 462.3113 ms
2025-06-24 16:12:08 [main] INFO  c.fspann.api.ForwardSecureANNSystem - Insert complete for id=83a4662d-fcf3-4d36-9b83-a13660681363 in 458.3282 ms
2025-06-24 16:12:09 [main] INFO  c.fspann.api.ForwardSecureANNSystem - Insert complete for id=9a207792-dcb2-40be-8c92-56fa762b95c3 in 467.5775 ms
2025-06-24 16:12:09 [main] INFO  c.fspann.api.ForwardSecureANNSystem - Insert complete for id=8f8947dd-e5d6-4db9-91a8-bc7136b30b1a in 464.9772 ms
2025-06-24 16:12:10 [main] INFO  c.fspann.api.ForwardSecureANNSystem - Insert complete for id=b437713e-353d-4443-88f6-324d438de34e in 455.737 ms
2025-06-24 16:12:10 [main] INFO  c.fspann.api.ForwardSecureANNSystem - Insert complete for id=fc8d8425-c7cd-484b-95e1-d7bd4be38a7c in 461.7692 ms
2025-06-24 16:12:11 [main] INFO  c.fspann.api.ForwardSecureANNSystem - Insert complete for id=0837aee7-b2f0-4723-9e14-c425550bba73 in 463.6292 ms
2025-06-24 16:12:11 [main] INFO  c.fspann.api.ForwardSecureANNSystem - Insert complete for id=0a26b32b-8f82-4162-ad03-c8436d827f02 in 464.1819 ms
2025-06-24 16:12:12 [main] INFO  c.fspann.api.ForwardSecureANNSystem - Insert complete for id=747fd124-c28c-4594-a86b-00178973f7aa in 471.0436 ms
2025-06-24 16:12:12 [main] INFO  c.fspann.api.ForwardSecureANNSystem - Insert complete for id=115078a5-e8c8-4c62-8ce9-1c522050b13d in 452.7755 ms
2025-06-24 16:12:12 [main] INFO  c.fspann.api.ForwardSecureANNSystem - Insert complete for id=5baeaa5f-617a-4dcd-a823-2e81b3bbe301 in 463.0072 ms
2025-06-24 16:12:13 [main] INFO  c.fspann.api.ForwardSecureANNSystem - Insert complete for id=f1f9b745-5376-4d69-82c6-1481f09949f6 in 467.6137 ms
2025-06-24 16:12:13 [main] INFO  c.fspann.api.ForwardSecureANNSystem - Insert complete for id=3e9061a0-0b4f-43ef-a403-cdfb860b7f76 in 456.3933 ms
2025-06-24 16:12:14 [main] INFO  c.fspann.api.ForwardSecureANNSystem - Insert complete for id=a567efc1-4d38-43bb-8624-b2757158936c in 467.753 ms
2025-06-24 16:12:14 [main] INFO  c.fspann.api.ForwardSecureANNSystem - Insert complete for id=45d09dfb-2624-47e5-ab84-9f7052ebaa85 in 464.1806 ms
2025-06-24 16:12:15 [main] INFO  c.fspann.api.ForwardSecureANNSystem - Insert complete for id=ab7b9a76-4926-46b0-8107-7567e4e2fe27 in 456.1808 ms
2025-06-24 16:12:15 [main] INFO  c.fspann.api.ForwardSecureANNSystem - Insert complete for id=8454bada-6154-4160-9f37-65ef4199cfdf in 479.173 ms
2025-06-24 16:12:16 [main] INFO  c.fspann.api.ForwardSecureANNSystem - Insert complete for id=b2f07cc1-4507-4f7e-8a19-5684c8a565b2 in 466.267 ms
2025-06-24 16:12:16 [main] INFO  c.fspann.api.ForwardSecureANNSystem - Insert complete for id=7685ee31-6474-458b-9be3-343864e8df93 in 457.1118 ms
2025-06-24 16:12:17 [main] INFO  c.fspann.api.ForwardSecureANNSystem - Insert complete for id=8225ba15-fdc0-4bce-ae33-5c6c48ed5c21 in 465.1643 ms
2025-06-24 16:12:17 [main] INFO  c.fspann.api.ForwardSecureANNSystem - Insert complete for id=dcc021c0-ea4e-451d-9ac9-1a79cac729b2 in 457.5933 ms
2025-06-24 16:12:18 [main] INFO  c.fspann.api.ForwardSecureANNSystem - Insert complete for id=82be4cad-8f3e-4958-b158-5d509905bd7b in 460.1012 ms
2025-06-24 16:12:18 [main] INFO  c.fspann.api.ForwardSecureANNSystem - Insert complete for id=a4bc9375-8ab4-4314-9374-77749925cdb0 in 465.0511 ms
2025-06-24 16:12:18 [main] INFO  c.fspann.api.ForwardSecureANNSystem - Insert complete for id=d60b5209-85fd-41f8-8f82-875e209f110e in 470.948 ms
2025-06-24 16:12:19 [main] INFO  c.fspann.api.ForwardSecureANNSystem - Insert complete for id=0c9682f3-d519-4ca4-a547-e18e2b9266d3 in 458.1472 ms
2025-06-24 16:12:19 [main] INFO  c.fspann.api.ForwardSecureANNSystem - Insert complete for id=2c56bdc7-98b3-41bd-ab80-da595cb07476 in 467.8342 ms
2025-06-24 16:12:20 [main] INFO  c.fspann.api.ForwardSecureANNSystem - Insert complete for id=579b25d7-67e0-4628-b418-d14b96ec8543 in 459.4195 ms
2025-06-24 16:12:20 [main] INFO  c.fspann.api.ForwardSecureANNSystem - Insert complete for id=d456d1ee-2ed0-4345-8d5f-a12e2e106863 in 456.4236 ms
2025-06-24 16:12:21 [main] INFO  c.fspann.api.ForwardSecureANNSystem - Insert complete for id=0785a38f-b6b9-4075-8f89-bca57583028e in 453.2648 ms
2025-06-24 16:12:21 [main] INFO  c.fspann.api.ForwardSecureANNSystem - Insert complete for id=d453b342-1c1f-4236-8efe-a19ddfcb94f5 in 451.1268 ms
2025-06-24 16:12:22 [main] INFO  c.fspann.api.ForwardSecureANNSystem - Insert complete for id=ea801fe8-f500-4122-b201-7de72d495ecb in 455.9771 ms
2025-06-24 16:12:22 [main] INFO  c.fspann.api.ForwardSecureANNSystem - Insert complete for id=0f081314-3c32-4b4b-a23d-6498a74aefa0 in 458.5227 ms
2025-06-24 16:12:23 [main] INFO  c.fspann.api.ForwardSecureANNSystem - Insert complete for id=e8b5b5e1-c5ba-4eca-9a66-cf5c0ec99ad3 in 461.5782 ms
2025-06-24 16:12:23 [main] INFO  c.fspann.api.ForwardSecureANNSystem - Insert complete for id=a0570502-64e9-4a3b-ba26-7edbdaa93e81 in 457.6655 ms
2025-06-24 16:12:24 [main] INFO  c.fspann.api.ForwardSecureANNSystem - Insert complete for id=7ca78726-b8db-454d-ade7-41e5151ed14c in 462.9583 ms
2025-06-24 16:12:24 [main] INFO  c.fspann.api.ForwardSecureANNSystem - Insert complete for id=5aabe9ca-08d2-42ad-9289-ebe7c584c6c7 in 458.3192 ms
2025-06-24 16:12:24 [main] INFO  c.fspann.api.ForwardSecureANNSystem - Insert complete for id=addc9aa5-60ec-41e9-b29b-18ec05c026a4 in 465.1121 ms
2025-06-24 16:12:25 [main] INFO  c.fspann.api.ForwardSecureANNSystem - Insert complete for id=c651c09d-240b-4033-93b3-c7a3f94bef0c in 480.0495 ms
2025-06-24 16:12:25 [main] INFO  c.fspann.api.ForwardSecureANNSystem - Insert complete for id=1b72ccd5-5089-4dfb-8cb4-51956f12428f in 462.848 ms
2025-06-24 16:12:26 [main] INFO  c.fspann.api.ForwardSecureANNSystem - Insert complete for id=44269c07-ad42-401a-a127-8d343c0d440d in 455.3228 ms
2025-06-24 16:12:26 [main] INFO  c.fspann.api.ForwardSecureANNSystem - Insert complete for id=b0e994ac-ef2b-4bcf-8d49-0989a42416c0 in 463.0443 ms
2025-06-24 16:12:27 [main] INFO  c.fspann.api.ForwardSecureANNSystem - Insert complete for id=144036fe-d41b-474d-9a0d-6ba488d128ab in 464.0144 ms
2025-06-24 16:12:27 [main] INFO  c.fspann.api.ForwardSecureANNSystem - Insert complete for id=33eb5859-ab92-41ca-9ebb-b7d110af8d98 in 458.1163 ms
2025-06-24 16:12:28 [main] INFO  c.fspann.api.ForwardSecureANNSystem - Insert complete for id=18b0dea3-c0b2-4c81-a17d-f379677e9d3a in 463.36 ms
2025-06-24 16:12:28 [main] INFO  c.fspann.api.ForwardSecureANNSystem - Insert complete for id=ca876931-f78a-44cd-ad8a-8e4c1f67c62b in 466.9165 ms
2025-06-24 16:12:29 [main] INFO  c.fspann.api.ForwardSecureANNSystem - Insert complete for id=9753bc60-3288-4ae6-a913-e5c58ac257e8 in 456.4023 ms
2025-06-24 16:12:29 [main] INFO  c.fspann.api.ForwardSecureANNSystem - Insert complete for id=ab8460e5-6c0d-4d4f-bbd4-8b3d666192b3 in 458.6751 ms
2025-06-24 16:12:30 [main] INFO  c.fspann.api.ForwardSecureANNSystem - Insert complete for id=93896a6e-f1df-4a29-b20a-81b9cd108fea in 456.3978 ms
2025-06-24 16:12:30 [main] INFO  c.fspann.api.ForwardSecureANNSystem - Insert complete for id=4806beb8-cc09-4791-985f-3f3cd68c4e3e in 457.1994 ms
2025-06-24 16:12:30 [main] INFO  c.fspann.api.ForwardSecureANNSystem - Insert complete for id=f513f065-1f47-4acf-9eaa-98357024eae3 in 470.3549 ms
2025-06-24 16:12:31 [main] INFO  c.fspann.api.ForwardSecureANNSystem - Insert complete for id=12970df6-3b76-4643-8c74-9ff9c170a125 in 465.8532 ms
2025-06-24 16:12:31 [main] INFO  c.fspann.api.ForwardSecureANNSystem - Insert complete for id=2a2eeaa7-cd71-446a-ba4d-d664a45fe707 in 472.8036 ms
2025-06-24 16:12:32 [main] INFO  c.fspann.api.ForwardSecureANNSystem - Insert complete for id=9bab0a36-ec00-49ee-a457-a9bde8d7aced in 487.669 ms
2025-06-24 16:12:32 [main] INFO  c.fspann.api.ForwardSecureANNSystem - Insert complete for id=9fcea99c-db5e-4230-aacf-63767d59e638 in 465.9254 ms
2025-06-24 16:12:33 [main] INFO  c.fspann.api.ForwardSecureANNSystem - Insert complete for id=acfa4e49-53f7-4d36-a2fc-c34b6b953d96 in 469.1718 ms
2025-06-24 16:12:33 [main] INFO  c.fspann.api.ForwardSecureANNSystem - Insert complete for id=7c6a9758-77c2-4176-843b-07ffb2836af6 in 453.7291 ms
2025-06-24 16:12:34 [main] INFO  c.fspann.api.ForwardSecureANNSystem - Insert complete for id=bca33e65-666b-42d7-9d65-894674a3a4f2 in 460.0251 ms
2025-06-24 16:12:34 [main] INFO  c.fspann.api.ForwardSecureANNSystem - Insert complete for id=fd184081-8b97-4bb4-a134-4df6358a4915 in 454.9144 ms
2025-06-24 16:12:35 [main] INFO  c.fspann.api.ForwardSecureANNSystem - Insert complete for id=8fc72e21-d517-4c84-92c5-1054c08b3788 in 457.588 ms
2025-06-24 16:12:35 [main] INFO  c.fspann.api.ForwardSecureANNSystem - Insert complete for id=77f6870b-52c3-4f85-b75f-ab7e466c712e in 459.766 ms
2025-06-24 16:12:36 [main] INFO  c.fspann.api.ForwardSecureANNSystem - Insert complete for id=87cee204-317e-4fd7-ba5c-d6657f3e3f36 in 467.3069 ms
2025-06-24 16:12:36 [main] INFO  c.fspann.api.ForwardSecureANNSystem - Insert complete for id=d8893c53-3a84-468f-a8a7-4857ac26f0c1 in 466.3731 ms
2025-06-24 16:12:37 [main] INFO  c.fspann.api.ForwardSecureANNSystem - Insert complete for id=8d9c7f71-5e1a-46c8-9b76-79c02f128aca in 473.1162 ms
2025-06-24 16:12:37 [main] INFO  c.fspann.api.ForwardSecureANNSystem - Insert complete for id=914b3aa1-6718-4411-a892-86b292528dcd in 466.1762 ms
2025-06-24 16:12:37 [main] INFO  c.fspann.api.ForwardSecureANNSystem - Insert complete for id=b73a4570-394a-4e78-a75a-6350d44a85c5 in 465.6481 ms
2025-06-24 16:12:38 [main] INFO  c.fspann.api.ForwardSecureANNSystem - Insert complete for id=ba2896f8-8337-4a41-8b8a-23147949000b in 472.5724 ms
2025-06-24 16:12:38 [main] INFO  c.fspann.api.ForwardSecureANNSystem - Insert complete for id=82698fc1-6bd9-4d4d-8b6c-2ef3696d1266 in 460.9573 ms
2025-06-24 16:12:39 [main] INFO  c.fspann.api.ForwardSecureANNSystem - Insert complete for id=3d724558-8f37-4067-990a-2e475ec8cf52 in 463.0146 ms
2025-06-24 16:12:39 [main] INFO  c.fspann.api.ForwardSecureANNSystem - Insert complete for id=8c4981e6-7bd7-4e7c-bc14-bbaf4113fcfe in 456.8548 ms
2025-06-24 16:12:40 [main] INFO  c.fspann.api.ForwardSecureANNSystem - Insert complete for id=2ba7298b-42d7-4425-9aca-d9e918152824 in 469.3528 ms
2025-06-24 16:12:40 [main] INFO  c.fspann.api.ForwardSecureANNSystem - Insert complete for id=592de2a8-3f8f-47dc-8184-16fb03fabd3f in 459.9737 ms
2025-06-24 16:12:41 [main] INFO  c.fspann.api.ForwardSecureANNSystem - Insert complete for id=4fc6f71c-8c56-4d4d-a6cc-2a98dc62a0e9 in 465.6564 ms
2025-06-24 16:12:41 [main] INFO  c.fspann.api.ForwardSecureANNSystem - Insert complete for id=e3d22dd1-5b64-42c7-9dbd-a3d5775c0bed in 469.3494 ms
2025-06-24 16:12:42 [main] INFO  c.fspann.api.ForwardSecureANNSystem - Insert complete for id=651543cb-6dba-43c9-befa-60c31dae9498 in 470.1533 ms
2025-06-24 16:12:42 [main] INFO  c.fspann.api.ForwardSecureANNSystem - Insert complete for id=9d294aff-3239-4d77-8cbd-6bd17e0c11f8 in 473.6587 ms
2025-06-24 16:12:43 [main] INFO  c.fspann.api.ForwardSecureANNSystem - Insert complete for id=45534e82-9761-42fa-a648-f2f02149f749 in 462.0283 ms
2025-06-24 16:12:43 [main] INFO  c.fspann.api.ForwardSecureANNSystem - Insert complete for id=3128a33d-7575-4f2a-a54c-7fdc15eb5315 in 458.6492 ms
2025-06-24 16:12:43 [main] INFO  c.fspann.api.ForwardSecureANNSystem - Insert complete for id=1cb81d7d-d781-4628-a717-1960378694cc in 461.1377 ms
2025-06-24 16:12:44 [main] INFO  c.fspann.api.ForwardSecureANNSystem - Insert complete for id=8e837239-fe5f-40c8-8763-a4ba93261e03 in 469.6275 ms
2025-06-24 16:12:44 [main] INFO  c.fspann.api.ForwardSecureANNSystem - Insert complete for id=70fe6260-bc0a-44d1-b17e-fbac3a8d6e15 in 468.6683 ms
2025-06-24 16:12:45 [main] INFO  c.fspann.api.ForwardSecureANNSystem - Insert complete for id=33e8edc1-756f-41e4-9246-eae563857cd2 in 459.5593 ms
2025-06-24 16:12:45 [main] INFO  c.fspann.api.ForwardSecureANNSystem - Insert complete for id=5e37e8f5-bac2-4d61-af91-fe545f339d39 in 466.4857 ms
2025-06-24 16:12:46 [main] INFO  c.fspann.api.ForwardSecureANNSystem - Insert complete for id=d4dc5894-2ac3-410a-9c73-499009bd9beb in 458.2774 ms
2025-06-24 16:12:46 [main] INFO  c.fspann.api.ForwardSecureANNSystem - Insert complete for id=149bc8cc-555b-4912-9a9f-727064ec473a in 465.9189 ms
2025-06-24 16:12:47 [main] INFO  c.fspann.api.ForwardSecureANNSystem - Insert complete for id=1e3fb903-f970-4cd1-b798-d7a5ae1286d0 in 455.1892 ms
2025-06-24 16:12:47 [main] INFO  c.fspann.api.ForwardSecureANNSystem - Insert complete for id=b28e8c78-3632-4a2b-9b9e-38037c8b3c4a in 458.2223 ms
2025-06-24 16:12:48 [main] INFO  c.fspann.api.ForwardSecureANNSystem - Insert complete for id=2b34a554-6529-4995-8825-e632ed2a5e1b in 460.0751 ms
2025-06-24 16:12:48 [main] INFO  c.fspann.api.ForwardSecureANNSystem - Insert complete for id=1a2be245-fcf2-497d-9344-8d2f7820eb63 in 474.2777 ms
2025-06-24 16:12:49 [main] INFO  c.fspann.api.ForwardSecureANNSystem - Insert complete for id=57a5516a-86cd-4e02-86ec-7876d370f4a9 in 467.5723 ms
2025-06-24 16:12:49 [main] INFO  c.fspann.api.ForwardSecureANNSystem - Insert complete for id=1b4c523c-a5ac-432a-8242-53e005f5d5d0 in 462.7435 ms
2025-06-24 16:12:50 [main] INFO  c.fspann.api.ForwardSecureANNSystem - Insert complete for id=cf950047-26ff-4d02-8f03-db3a408be318 in 460.8616 ms
2025-06-24 16:12:50 [main] INFO  c.fspann.api.ForwardSecureANNSystem - Insert complete for id=64e21a3a-b10c-43f2-af27-bf0fe141c705 in 454.2271 ms
2025-06-24 16:12:50 [main] INFO  c.fspann.api.ForwardSecureANNSystem - Insert complete for id=da6fa2bf-3867-45c1-af6a-56bbdb87828b in 459.2184 ms
2025-06-24 16:12:51 [main] INFO  c.fspann.api.ForwardSecureANNSystem - Insert complete for id=58d9f181-6926-4690-ab36-301c7126bbfe in 462.8656 ms
2025-06-24 16:12:51 [main] INFO  c.fspann.api.ForwardSecureANNSystem - Insert complete for id=8a5984ce-d990-4a09-99e8-2ede9599859e in 464.0585 ms
2025-06-24 16:12:52 [main] INFO  c.fspann.api.ForwardSecureANNSystem - Insert complete for id=843d2f1e-1f91-42bb-afa5-75bcca5420bb in 465.7846 ms
2025-06-24 16:12:52 [main] INFO  c.fspann.api.ForwardSecureANNSystem - Insert complete for id=67f6df81-c5c8-491e-86ea-4d66cdc7ffd2 in 477.977 ms
2025-06-24 16:12:53 [main] INFO  c.fspann.api.ForwardSecureANNSystem - Insert complete for id=5f4477e9-89a7-4253-a1bd-f3060786dcb2 in 468.6287 ms
2025-06-24 16:12:53 [main] INFO  c.fspann.api.ForwardSecureANNSystem - Insert complete for id=071789ae-4b3c-4a26-8bb8-730852b4bdf3 in 470.2492 ms
2025-06-24 16:12:54 [main] INFO  c.fspann.api.ForwardSecureANNSystem - Insert complete for id=ca64dbec-a2e0-4ac8-97f4-97bc5c2aed36 in 462.5186 ms
2025-06-24 16:12:54 [main] INFO  c.fspann.api.ForwardSecureANNSystem - Insert complete for id=afa0c80c-af7a-4428-883a-876476ba0005 in 465.7844 ms
2025-06-24 16:12:55 [main] INFO  c.fspann.api.ForwardSecureANNSystem - Insert complete for id=57717e94-90a6-4f8e-83bc-150beb5c702e in 474.5306 ms
2025-06-24 16:12:55 [main] INFO  c.fspann.api.ForwardSecureANNSystem - Insert complete for id=83bda5a5-c396-41ae-b481-128dc1e6b23d in 466.2003 ms
2025-06-24 16:12:56 [main] INFO  c.fspann.api.ForwardSecureANNSystem - Insert complete for id=fde20617-9445-44ad-815f-0d7568bbdce9 in 468.0346 ms
2025-06-24 16:12:56 [main] INFO  c.fspann.api.ForwardSecureANNSystem - Insert complete for id=dbc854c7-13a6-4b52-8b34-76243b6e8363 in 468.9993 ms
2025-06-24 16:12:57 [main] INFO  c.fspann.api.ForwardSecureANNSystem - Insert complete for id=2a546225-5182-4a9e-a7fe-7cd2e24c498a in 461.3864 ms
2025-06-24 16:12:57 [main] INFO  c.fspann.api.ForwardSecureANNSystem - Insert complete for id=f2155267-0060-4f56-b540-cc0cc3811708 in 463.9553 ms
2025-06-24 16:12:57 [main] INFO  c.fspann.api.ForwardSecureANNSystem - Insert complete for id=d91171d6-eb77-437d-b160-f0c695eaded6 in 470.2569 ms
2025-06-24 16:12:58 [main] INFO  c.fspann.api.ForwardSecureANNSystem - Insert complete for id=552f5805-08fa-4409-bcb4-01cb19d5509a in 458.8594 ms
2025-06-24 16:12:58 [main] INFO  c.fspann.api.ForwardSecureANNSystem - Insert complete for id=31e7a134-0088-487a-9d36-e6efad7bb31d in 461.4762 ms
2025-06-24 16:12:59 [main] INFO  c.fspann.api.ForwardSecureANNSystem - Insert complete for id=a7e816b0-c76c-47bb-ab52-23b489f6a74a in 467.5371 ms
2025-06-24 16:12:59 [main] INFO  c.fspann.api.ForwardSecureANNSystem - Insert complete for id=7cfe1faf-9144-4cbf-be28-46efa53dc292 in 466.4377 ms
2025-06-24 16:13:00 [main] INFO  c.fspann.api.ForwardSecureANNSystem - Insert complete for id=87df7be3-11a4-4668-a62e-b81ea0dc97e4 in 462.32 ms
2025-06-24 16:13:00 [main] INFO  c.fspann.api.ForwardSecureANNSystem - Insert complete for id=23bf309b-f06e-4302-aebc-c5e7cc065a4f in 477.0017 ms
2025-06-24 16:13:01 [main] INFO  c.fspann.api.ForwardSecureANNSystem - Insert complete for id=0b46d3a7-ddc8-464f-9457-1c6452c8308d in 461.9172 ms
2025-06-24 16:13:01 [main] INFO  c.fspann.api.ForwardSecureANNSystem - Insert complete for id=8b504288-a657-455d-9058-37d54b4b8b91 in 461.1532 ms
2025-06-24 16:13:02 [main] INFO  c.fspann.api.ForwardSecureANNSystem - Insert complete for id=dd6771ce-8d1d-455a-a583-ffc05fa7cf09 in 467.065 ms
2025-06-24 16:13:02 [main] INFO  c.fspann.api.ForwardSecureANNSystem - Insert complete for id=a6d14a2d-fed6-4c75-a9fa-b095d2ad2794 in 457.8922 ms
2025-06-24 16:13:03 [main] INFO  c.fspann.api.ForwardSecureANNSystem - Insert complete for id=2460ec98-f5b6-4f96-85b9-4d10f215c9de in 467.7115 ms
2025-06-24 16:13:03 [main] INFO  c.fspann.api.ForwardSecureANNSystem - Insert complete for id=3eb0e3b4-f8bf-4107-a869-44d02a5f1ff4 in 465.6313 ms
2025-06-24 16:13:03 [main] INFO  c.fspann.api.ForwardSecureANNSystem - Insert complete for id=c2af5da1-9ca6-42f9-86da-73fa3e1b2f02 in 466.3616 ms
2025-06-24 16:13:04 [main] INFO  c.fspann.api.ForwardSecureANNSystem - Insert complete for id=fded9a62-ad59-4dd3-bdf0-5b2f477c8256 in 462.5409 ms
2025-06-24 16:13:04 [main] INFO  c.fspann.api.ForwardSecureANNSystem - Insert complete for id=611ba61f-06dc-44ac-8625-f9ce4876768b in 472.4248 ms
2025-06-24 16:13:05 [main] INFO  c.fspann.api.ForwardSecureANNSystem - Insert complete for id=db7e0999-46bb-4427-99ee-f8f1cb204207 in 458.83 ms
2025-06-24 16:13:05 [main] INFO  c.fspann.api.ForwardSecureANNSystem - Insert complete for id=1f225bb2-b114-4279-8cb8-3b8e148cc574 in 468.9626 ms
2025-06-24 16:13:06 [main] INFO  c.fspann.api.ForwardSecureANNSystem - Insert complete for id=219047ef-35ea-4850-aa7b-bccd9a27ab93 in 477.4283 ms
2025-06-24 16:13:06 [main] INFO  c.fspann.api.ForwardSecureANNSystem - Insert complete for id=632d38c7-45a7-4dfd-a03a-c98e5d799d62 in 461.2419 ms
2025-06-24 16:13:07 [main] INFO  c.fspann.api.ForwardSecureANNSystem - Insert complete for id=928a413d-f917-432f-aca1-7566eefe34cc in 463.2809 ms
2025-06-24 16:13:07 [main] INFO  c.fspann.api.ForwardSecureANNSystem - Insert complete for id=81beebb3-bb03-412c-b730-353074de36c4 in 464.6982 ms
2025-06-24 16:13:08 [main] INFO  c.fspann.api.ForwardSecureANNSystem - Insert complete for id=3c5a9738-77a1-4385-8368-124a28f7c15e in 464.4816 ms
2025-06-24 16:13:08 [main] INFO  c.fspann.api.ForwardSecureANNSystem - Insert complete for id=54517c0f-0d55-4fae-b196-497145c66afb in 474.6477 ms
2025-06-24 16:13:09 [main] INFO  c.fspann.api.ForwardSecureANNSystem - Insert complete for id=ed2ea43c-e665-4efb-b8bf-bdbb6c528f12 in 463.8883 ms
2025-06-24 16:13:09 [main] INFO  c.fspann.api.ForwardSecureANNSystem - Insert complete for id=f07356b5-f2e1-4935-bb21-43aeaefc1ba8 in 469.0292 ms
2025-06-24 16:13:10 [main] INFO  c.fspann.api.ForwardSecureANNSystem - Insert complete for id=f10b3f42-58f2-4856-a9dc-4615989dcda8 in 464.0676 ms
2025-06-24 16:13:10 [main] INFO  c.fspann.api.ForwardSecureANNSystem - Insert complete for id=df18aecf-baf5-4579-9e8b-20b75ae0a9ef in 462.3945 ms
2025-06-24 16:13:10 [main] INFO  c.fspann.api.ForwardSecureANNSystem - Insert complete for id=3c7bf0db-6926-4e98-bd1f-8b4081c2ea0d in 468.7105 ms
2025-06-24 16:13:11 [main] INFO  c.fspann.api.ForwardSecureANNSystem - Insert complete for id=6c233b35-11dd-4523-bee2-713f6efa4855 in 468.4729 ms
2025-06-24 16:13:11 [main] INFO  c.fspann.api.ForwardSecureANNSystem - Insert complete for id=7dfeba39-13d8-4523-9b73-4f06fa25a61c in 466.9437 ms
2025-06-24 16:13:12 [main] INFO  c.fspann.api.ForwardSecureANNSystem - Insert complete for id=b8a23da0-70e5-4e69-a272-a6fef12d7215 in 466.4436 ms
2025-06-24 16:13:12 [main] INFO  c.fspann.api.ForwardSecureANNSystem - Insert complete for id=62bb481b-2fdd-4e0a-ac9e-0cca984f538b in 484.0803 ms
2025-06-24 16:13:13 [main] INFO  c.fspann.api.ForwardSecureANNSystem - Insert complete for id=e35ab136-36a2-4c48-a3c5-8a2badd7c258 in 468.8213 ms
2025-06-24 16:13:13 [main] INFO  c.fspann.api.ForwardSecureANNSystem - Insert complete for id=c270afe8-dd8c-41e7-af7c-59ede63d2289 in 468.7135 ms
2025-06-24 16:13:14 [main] INFO  c.fspann.api.ForwardSecureANNSystem - Insert complete for id=9b5a83f0-1a10-48a1-9a63-cde946652eba in 461.7476 ms
2025-06-24 16:13:14 [main] INFO  c.fspann.api.ForwardSecureANNSystem - Insert complete for id=78f7b32f-9dd1-4c21-8167-78005b1b6d51 in 462.7465 ms
2025-06-24 16:13:15 [main] INFO  c.fspann.api.ForwardSecureANNSystem - Insert complete for id=6e1b04fc-c7b2-4fe8-9aab-b0f39a8dbb31 in 459.7796 ms
2025-06-24 16:13:15 [main] INFO  c.fspann.api.ForwardSecureANNSystem - Insert complete for id=fec3dc5b-2e68-4338-878b-0f8d2e1c8bb9 in 462.8273 ms
2025-06-24 16:13:16 [main] INFO  c.fspann.api.ForwardSecureANNSystem - Insert complete for id=d2e51cf2-3fab-4228-bf38-bf3f38a440b3 in 469.9573 ms
2025-06-24 16:13:16 [main] INFO  c.fspann.api.ForwardSecureANNSystem - Insert complete for id=59e24b04-ec56-4c63-a1cf-8c76ee7e5b4b in 460.9047 ms
2025-06-24 16:13:17 [main] INFO  c.fspann.api.ForwardSecureANNSystem - Insert complete for id=5ae757f0-8331-4eca-b758-9d9133ef481c in 473.9235 ms
2025-06-24 16:13:17 [main] INFO  c.fspann.api.ForwardSecureANNSystem - Insert complete for id=2112b30b-9d0c-4080-8041-d97c10ebf079 in 457.5173 ms
2025-06-24 16:13:17 [main] INFO  c.fspann.api.ForwardSecureANNSystem - Insert complete for id=a9b2bbcb-87f5-4e39-a944-13ab097d84f2 in 464.2966 ms
2025-06-24 16:13:18 [main] INFO  c.fspann.api.ForwardSecureANNSystem - Insert complete for id=9ea37acc-fc60-4e6e-b90c-fc1d936fdfa8 in 473.4958 ms
2025-06-24 16:13:18 [main] INFO  c.fspann.api.ForwardSecureANNSystem - Insert complete for id=fca13e4e-baa1-4c0f-9de7-304f6f49e26e in 469.9879 ms
2025-06-24 16:13:19 [main] INFO  c.fspann.api.ForwardSecureANNSystem - Insert complete for id=b0bbc7ea-84a4-47eb-bf81-0aa0ed8a48b4 in 468.017 ms
2025-06-24 16:13:19 [main] INFO  c.fspann.api.ForwardSecureANNSystem - Insert complete for id=b27f18b5-cfed-4155-b428-7a4873609d6c in 467.7096 ms
2025-06-24 16:13:20 [main] INFO  c.fspann.api.ForwardSecureANNSystem - Insert complete for id=b0d85a95-20ea-4bac-a803-52b50767e3bf in 458.9532 ms
2025-06-24 16:13:20 [main] INFO  c.fspann.api.ForwardSecureANNSystem - Insert complete for id=b31e435a-94c6-40b2-a1fe-9d7dfb448b74 in 469.1242 ms
2025-06-24 16:13:21 [main] INFO  c.fspann.api.ForwardSecureANNSystem - Insert complete for id=06c5c7a8-6e4a-4636-aa5b-49ade6a0099b in 461.7015 ms
2025-06-24 16:13:21 [main] INFO  c.fspann.api.ForwardSecureANNSystem - Insert complete for id=2355ecf5-fa4d-40d1-a079-8198b28b14f9 in 467.5534 ms
2025-06-24 16:13:22 [main] INFO  c.fspann.api.ForwardSecureANNSystem - Insert complete for id=743815cd-cffc-42a4-bc10-54ede6eeb7ab in 462.8523 ms
2025-06-24 16:13:22 [main] INFO  c.fspann.api.ForwardSecureANNSystem - Insert complete for id=44c3ef33-7887-4d11-8a6e-cc0af7b04b20 in 464.359 ms
2025-06-24 16:13:23 [main] INFO  c.fspann.api.ForwardSecureANNSystem - Insert complete for id=2d22c428-87f2-4cd4-b6b5-c814e39b7938 in 464.6621 ms
2025-06-24 16:13:23 [main] INFO  c.fspann.api.ForwardSecureANNSystem - Insert complete for id=54ed1d64-f379-4440-9d58-2df176e8437c in 470.9591 ms
2025-06-24 16:13:24 [main] INFO  c.fspann.api.ForwardSecureANNSystem - Insert complete for id=fe3e44e5-7083-45a3-8c96-018c444be772 in 474.1165 ms
2025-06-24 16:13:24 [main] INFO  c.fspann.api.ForwardSecureANNSystem - Insert complete for id=8de29fea-97a4-4d1d-8f6c-25206b95378a in 479.2611 ms
2025-06-24 16:13:25 [main] INFO  c.fspann.api.ForwardSecureANNSystem - Insert complete for id=f34567f2-a692-453c-94d3-ae52e9d9c2f2 in 475.5351 ms
2025-06-24 16:13:25 [main] INFO  c.fspann.api.ForwardSecureANNSystem - Insert complete for id=445244dc-af18-4173-acd7-b4289967592a in 471.31 ms
2025-06-24 16:13:25 [main] INFO  c.fspann.api.ForwardSecureANNSystem - Insert complete for id=65fe799f-3bbd-49aa-befc-bd6592723259 in 461.6862 ms
2025-06-24 16:13:26 [main] INFO  c.fspann.api.ForwardSecureANNSystem - Insert complete for id=831f40fc-3236-4ed9-ae0c-a543592c901c in 463.4221 ms
2025-06-24 16:13:26 [main] INFO  c.fspann.api.ForwardSecureANNSystem - Insert complete for id=abe0b429-fbd0-45a0-b630-3ef6e28af316 in 476.7603 ms
2025-06-24 16:13:27 [main] INFO  c.fspann.api.ForwardSecureANNSystem - Insert complete for id=c52d9c8b-e210-44d6-82f7-33da10ab8d7a in 466.5664 ms
2025-06-24 16:13:27 [main] INFO  c.fspann.api.ForwardSecureANNSystem - Insert complete for id=bcdfdc84-ddd9-4181-89dc-a42da3cc75f1 in 472.4534 ms
2025-06-24 16:13:28 [main] INFO  c.fspann.api.ForwardSecureANNSystem - Insert complete for id=4d6770aa-21aa-4622-ba5f-2d321ba24b84 in 471.2366 ms
2025-06-24 16:13:28 [main] INFO  c.fspann.api.ForwardSecureANNSystem - Insert complete for id=46144dc6-8e91-46af-9065-6d439a547390 in 462.3187 ms
2025-06-24 16:13:29 [main] INFO  c.fspann.api.ForwardSecureANNSystem - Insert complete for id=b0eaff6d-cdf4-4145-9904-ce16b6217c11 in 468.1973 ms
2025-06-24 16:13:29 [main] INFO  c.fspann.api.ForwardSecureANNSystem - Insert complete for id=e18b1e0c-e5cd-402c-ac95-d9800c251bc2 in 466.7198 ms
2025-06-24 16:13:30 [main] INFO  c.fspann.api.ForwardSecureANNSystem - Insert complete for id=2ce4dd44-106d-43e1-b9b0-730cac76f901 in 460.7375 ms
2025-06-24 16:13:30 [main] INFO  c.fspann.api.ForwardSecureANNSystem - Insert complete for id=bb228ade-03ad-427e-a9bb-a94df919facb in 475.4961 ms
2025-06-24 16:13:31 [main] INFO  c.fspann.api.ForwardSecureANNSystem - Insert complete for id=b02c7496-83ae-4054-9017-25766b5db236 in 477.9034 ms
2025-06-24 16:13:31 [main] INFO  c.fspann.api.ForwardSecureANNSystem - Insert complete for id=73e0326c-ccd0-440e-8253-04e2864ae4eb in 464.606 ms
2025-06-24 16:13:32 [main] INFO  c.fspann.api.ForwardSecureANNSystem - Insert complete for id=95cdbbd5-0732-4216-b42e-7ec8790038cc in 473.4336 ms
2025-06-24 16:13:32 [main] INFO  c.fspann.api.ForwardSecureANNSystem - Insert complete for id=90f70dce-ed63-4437-b994-0ffde23f8360 in 460.0478 ms
2025-06-24 16:13:32 [main] INFO  c.fspann.api.ForwardSecureANNSystem - Insert complete for id=1e653e11-2782-4b06-ab86-fa5e95fc2dbe in 475.9132 ms
2025-06-24 16:13:33 [main] INFO  c.fspann.api.ForwardSecureANNSystem - Insert complete for id=79e5a22f-7a6a-4728-bb9d-4c2aff07b059 in 469.801 ms
2025-06-24 16:13:33 [main] INFO  c.fspann.api.ForwardSecureANNSystem - Insert complete for id=4929c1e3-453a-4c53-be14-538e1d986995 in 463.0145 ms
2025-06-24 16:13:34 [main] INFO  c.fspann.api.ForwardSecureANNSystem - Insert complete for id=b2659f0d-9702-46ba-9d2f-c9e663c8d042 in 469.99 ms
2025-06-24 16:13:34 [main] INFO  c.fspann.api.ForwardSecureANNSystem - Insert complete for id=75353276-a5d6-4691-b805-2825ca9f5065 in 473.3448 ms
2025-06-24 16:13:35 [main] INFO  c.fspann.api.ForwardSecureANNSystem - Insert complete for id=840864f2-a748-4270-ac8a-e10c700792a1 in 470.1248 ms
2025-06-24 16:13:35 [main] INFO  c.fspann.api.ForwardSecureANNSystem - Insert complete for id=50508a88-c6c2-40f9-9e5c-f88833008441 in 457.0662 ms
2025-06-24 16:13:36 [main] INFO  c.fspann.api.ForwardSecureANNSystem - Insert complete for id=097966b8-605b-491d-af86-29c47e8bacbe in 469.6659 ms
2025-06-24 16:13:36 [main] INFO  c.fspann.api.ForwardSecureANNSystem - Insert complete for id=d4204438-178a-4175-ac34-7748818c0889 in 467.6466 ms
2025-06-24 16:13:37 [main] INFO  c.fspann.api.ForwardSecureANNSystem - Insert complete for id=abedf1b8-2708-42e7-b810-e382a6080328 in 474.8897 ms
2025-06-24 16:13:37 [main] INFO  c.fspann.api.ForwardSecureANNSystem - Insert complete for id=10f62dd0-62a1-45b3-80d6-0c7e88ad7471 in 481.7237 ms
2025-06-24 16:13:38 [main] INFO  c.fspann.api.ForwardSecureANNSystem - Insert complete for id=16f3b3ba-c03f-4fb6-9204-2df4f70b71b7 in 463.5842 ms
2025-06-24 16:13:38 [main] INFO  c.fspann.api.ForwardSecureANNSystem - Insert complete for id=f58f7e92-ba3a-4161-b3d0-1a161020bd70 in 469.9575 ms
2025-06-24 16:13:39 [main] INFO  c.fspann.api.ForwardSecureANNSystem - Insert complete for id=5d2417f8-c02b-43ed-8313-3f85b4a4413e in 472.1912 ms
2025-06-24 16:13:39 [main] INFO  c.fspann.api.ForwardSecureANNSystem - Insert complete for id=6004f919-4000-44d7-a23c-eadda2cf32cb in 467.2226 ms
2025-06-24 16:13:40 [main] INFO  c.fspann.api.ForwardSecureANNSystem - Insert complete for id=81bd91e1-8bfa-44ca-9e11-22b1f2d8f580 in 464.6715 ms
2025-06-24 16:13:40 [main] INFO  c.fspann.api.ForwardSecureANNSystem - Insert complete for id=ebc1a4d0-96db-4ff3-8642-7a22cb24bc60 in 482.0298 ms
2025-06-24 16:13:40 [main] INFO  c.fspann.api.ForwardSecureANNSystem - Insert complete for id=498b4bbd-e23c-4d95-a958-a4e969f0517d in 463.9364 ms
2025-06-24 16:13:41 [main] INFO  c.fspann.api.ForwardSecureANNSystem - Insert complete for id=4765d0f6-cc88-49e8-a857-ace57251415a in 475.5587 ms
2025-06-24 16:13:41 [main] INFO  c.fspann.api.ForwardSecureANNSystem - Insert complete for id=cda2ccea-dd73-4fc8-909c-e3458a76c974 in 467.3645 ms
2025-06-24 16:13:42 [main] INFO  c.fspann.api.ForwardSecureANNSystem - Insert complete for id=f163e8af-474f-4f02-abcb-d6a2ed413ea9 in 468.9465 ms
2025-06-24 16:13:42 [main] INFO  c.fspann.api.ForwardSecureANNSystem - Insert complete for id=2e983863-e2a1-461c-b9f3-df3b630dcef4 in 470.5638 ms
2025-06-24 16:13:43 [main] INFO  c.fspann.api.ForwardSecureANNSystem - Insert complete for id=4e008d78-261f-4661-87d7-58dbb095ab81 in 464.1508 ms
2025-06-24 16:13:43 [main] INFO  c.fspann.api.ForwardSecureANNSystem - Insert complete for id=94fb0efd-f06d-44ce-9ad7-b8bedfdaf784 in 473.6009 ms
2025-06-24 16:13:44 [main] INFO  c.fspann.api.ForwardSecureANNSystem - Insert complete for id=87cb1769-80e1-4e01-8c7d-99b433f7d902 in 482.897 ms
2025-06-24 16:13:44 [main] INFO  c.fspann.api.ForwardSecureANNSystem - Insert complete for id=c5a81aa8-1bb8-426b-8134-a6d927049d15 in 469.9399 ms
2025-06-24 16:13:45 [main] INFO  c.fspann.api.ForwardSecureANNSystem - Insert complete for id=b1470b3c-70ee-46f8-8133-ef3c286a6380 in 471.6083 ms
2025-06-24 16:13:45 [main] INFO  c.fspann.api.ForwardSecureANNSystem - Insert complete for id=1cdf006a-9f7d-4360-ae6d-04f12a97f419 in 470.8078 ms
2025-06-24 16:13:46 [main] INFO  c.fspann.api.ForwardSecureANNSystem - Insert complete for id=4e461937-56bc-4332-bbdc-6ae8fd2e5e3e in 470.5508 ms
2025-06-24 16:13:46 [main] INFO  c.fspann.api.ForwardSecureANNSystem - Insert complete for id=a6fd7f5e-12ac-4e30-bfea-f54f7ecc0d62 in 476.6098 ms
2025-06-24 16:13:47 [main] INFO  c.fspann.api.ForwardSecureANNSystem - Insert complete for id=2d3f5e4c-7f07-4d55-af79-06b40d93c9c5 in 476.1855 ms
2025-06-24 16:13:47 [main] INFO  c.fspann.api.ForwardSecureANNSystem - Insert complete for id=16ee4046-d842-4808-b5cf-1a7d450788f2 in 473.2307 ms
2025-06-24 16:13:48 [main] INFO  c.fspann.api.ForwardSecureANNSystem - Insert complete for id=80810193-216c-49b8-99ca-b897b125e37f in 470.8851 ms
2025-06-24 16:13:48 [main] INFO  c.fspann.api.ForwardSecureANNSystem - Insert complete for id=d26fe1c1-f032-40c0-8118-da9401ca44fe in 482.1195 ms
2025-06-24 16:13:48 [main] INFO  c.fspann.api.ForwardSecureANNSystem - Insert complete for id=c472b211-7604-4a23-ad9f-c7efebde0405 in 461.6861 ms
2025-06-24 16:13:49 [main] INFO  c.fspann.api.ForwardSecureANNSystem - Insert complete for id=5c8cd725-b1a5-48e1-98ec-5f619c18d822 in 476.8318 ms
2025-06-24 16:13:49 [main] INFO  c.fspann.api.ForwardSecureANNSystem - Insert complete for id=cd6314b6-58ae-45c7-a1d4-4b97f3a8d4e4 in 476.8056 ms
2025-06-24 16:13:50 [main] INFO  c.fspann.api.ForwardSecureANNSystem - Insert complete for id=5a43193b-dbe4-4bb8-ba60-89f5c11e98fe in 472.6775 ms
2025-06-24 16:13:50 [main] INFO  c.fspann.api.ForwardSecureANNSystem - Insert complete for id=4b8be905-eb4e-4538-a594-9039097e7d51 in 484.5505 ms
2025-06-24 16:13:51 [main] INFO  c.fspann.api.ForwardSecureANNSystem - Insert complete for id=5f803def-ee14-4ef1-aafd-f302fd272157 in 471.8277 ms
2025-06-24 16:13:51 [main] INFO  c.fspann.api.ForwardSecureANNSystem - Insert complete for id=1faabd80-bd4c-4007-b400-1c1a0d0a581d in 468.5382 ms
2025-06-24 16:13:52 [main] INFO  c.fspann.api.ForwardSecureANNSystem - Insert complete for id=f7b8ab16-a739-493a-b18d-bccc6ba4df44 in 470.8309 ms
2025-06-24 16:13:52 [main] INFO  c.fspann.api.ForwardSecureANNSystem - Insert complete for id=407eb8e1-c3dd-411e-a226-ebb1b9321937 in 473.8805 ms
2025-06-24 16:13:53 [main] INFO  c.fspann.api.ForwardSecureANNSystem - Insert complete for id=566307c0-ab7b-4fd3-bc48-4c75fe467858 in 474.482 ms
2025-06-24 16:13:53 [main] INFO  c.fspann.api.ForwardSecureANNSystem - Insert complete for id=0dea5d0a-f194-4b0f-a37a-aee832642803 in 470.2441 ms
2025-06-24 16:13:54 [main] INFO  c.fspann.api.ForwardSecureANNSystem - Insert complete for id=b3a85cf2-bf56-41fc-91f5-dc25210242be in 478.8009 ms
2025-06-24 16:13:54 [main] INFO  c.fspann.api.ForwardSecureANNSystem - Insert complete for id=2afc84e4-6635-45df-8fc8-066d1bc25764 in 472.1701 ms
2025-06-24 16:13:55 [main] INFO  c.fspann.api.ForwardSecureANNSystem - Insert complete for id=dcdfa2b6-4edf-42d5-a089-dbdd976ebd09 in 481.5967 ms
2025-06-24 16:13:55 [main] INFO  c.fspann.api.ForwardSecureANNSystem - Insert complete for id=de8ef843-8f7a-4ab7-9365-f08f8ac767a5 in 466.3401 ms
2025-06-24 16:13:56 [main] INFO  c.fspann.api.ForwardSecureANNSystem - Insert complete for id=5ff7cf0b-e0b0-4fd2-b566-8e7bddfa71f4 in 471.4175 ms
2025-06-24 16:13:56 [main] INFO  c.fspann.api.ForwardSecureANNSystem - Insert complete for id=a2145ad1-6481-482a-8201-2930d186f6e0 in 476.0687 ms
2025-06-24 16:13:57 [main] INFO  c.fspann.api.ForwardSecureANNSystem - Insert complete for id=47c4cb64-b6ff-40fe-ae28-00653e335e54 in 478.6369 ms
2025-06-24 16:13:57 [main] INFO  c.fspann.api.ForwardSecureANNSystem - Insert complete for id=44656e40-0cf2-4ec3-b508-3edcb99bc1cc in 479.4211 ms
2025-06-24 16:13:58 [main] INFO  c.fspann.api.ForwardSecureANNSystem - Insert complete for id=dff267c6-6b1c-4f98-903e-eb41ff17bd97 in 474.901 ms
2025-06-24 16:13:58 [main] INFO  c.fspann.api.ForwardSecureANNSystem - Insert complete for id=fdf3625b-484d-4d75-a092-563aa12210d5 in 468.3281 ms
2025-06-24 16:13:58 [main] INFO  c.fspann.api.ForwardSecureANNSystem - Insert complete for id=ccb2b269-23a1-4c5d-bcc0-94581f69c975 in 471.0831 ms
2025-06-24 16:13:59 [main] INFO  c.fspann.api.ForwardSecureANNSystem - Insert complete for id=3092cbe6-6491-42fb-be2a-851d0b0bc71c in 485.3568 ms
2025-06-24 16:13:59 [main] INFO  c.fspann.api.ForwardSecureANNSystem - Insert complete for id=517c9a13-867f-4ee4-b086-61e0a44995a1 in 475.1203 ms
2025-06-24 16:14:00 [main] INFO  c.fspann.api.ForwardSecureANNSystem - Insert complete for id=b3373dc4-57e9-4e0e-83b6-15eaee2b38a1 in 474.6521 ms
2025-06-24 16:14:00 [main] INFO  c.fspann.api.ForwardSecureANNSystem - Insert complete for id=14fb978d-4986-4803-a2dd-08aa1601fc0a in 473.5581 ms
2025-06-24 16:14:01 [main] INFO  c.fspann.api.ForwardSecureANNSystem - Insert complete for id=f17f79dc-7d39-4dd9-a787-a48cdccbedd4 in 487.4665 ms
2025-06-24 16:14:01 [main] INFO  c.fspann.api.ForwardSecureANNSystem - Insert complete for id=c6ba7a1b-ea34-4d84-a3ef-1a9ec13b30b1 in 479.3123 ms
2025-06-24 16:14:02 [main] INFO  c.fspann.api.ForwardSecureANNSystem - Insert complete for id=2058e1b3-e27b-4499-92f0-62c34f4be637 in 476.4334 ms
2025-06-24 16:14:02 [main] INFO  c.fspann.api.ForwardSecureANNSystem - Insert complete for id=0375c020-a1bf-4b42-834f-06ed67710b0c in 472.3109 ms
2025-06-24 16:14:03 [main] INFO  c.fspann.api.ForwardSecureANNSystem - Insert complete for id=606379c4-72e4-435e-a5b8-be11d61d7ed6 in 472.3087 ms
2025-06-24 16:14:03 [main] INFO  c.fspann.api.ForwardSecureANNSystem - Insert complete for id=e94cbe3a-df80-4f5d-a437-0c5c00bd2d8e in 471.5542 ms
2025-06-24 16:14:04 [main] INFO  c.fspann.api.ForwardSecureANNSystem - Insert complete for id=c6370763-31f4-4092-9acc-ff97f18f006d in 473.902 ms
2025-06-24 16:14:04 [main] INFO  c.fspann.api.ForwardSecureANNSystem - Insert complete for id=6180ec02-3731-4879-95ff-f469dea9847b in 474.9364 ms
2025-06-24 16:14:05 [main] INFO  c.fspann.api.ForwardSecureANNSystem - Insert complete for id=d47fae9b-87ad-412d-a414-b5a064f30184 in 468.2302 ms
2025-06-24 16:14:05 [main] INFO  c.fspann.api.ForwardSecureANNSystem - Insert complete for id=f4b54970-c38f-491f-8026-96ad86c6f596 in 476.3565 ms
2025-06-24 16:14:06 [main] INFO  c.fspann.api.ForwardSecureANNSystem - Insert complete for id=6eac960e-ef52-4d72-b1a9-40e65897dd08 in 469.5944 ms
2025-06-24 16:14:06 [main] INFO  c.fspann.api.ForwardSecureANNSystem - Insert complete for id=c1afd259-5274-44a0-811d-8b4083cc9208 in 472.0793 ms
2025-06-24 16:14:07 [main] INFO  c.fspann.api.ForwardSecureANNSystem - Insert complete for id=5df5905f-bc94-45cc-aad2-27a811a4df0d in 475.4346 ms
2025-06-24 16:14:07 [main] INFO  c.fspann.api.ForwardSecureANNSystem - Insert complete for id=36ada567-0512-4fe5-8e02-02770ad3bcef in 469.5839 ms
2025-06-24 16:14:07 [main] INFO  c.fspann.api.ForwardSecureANNSystem - Insert complete for id=fe85df5e-7aed-4ac2-b705-97b61fdd7264 in 469.1129 ms
2025-06-24 16:14:08 [main] INFO  c.fspann.api.ForwardSecureANNSystem - Insert complete for id=b90f3f50-2fe0-4256-b389-c7382122f44b in 472.4299 ms
2025-06-24 16:14:08 [main] INFO  c.fspann.api.ForwardSecureANNSystem - Insert complete for id=bdc482a1-bdfd-49b6-9fa3-d9c479a7ccd4 in 477.0248 ms
2025-06-24 16:14:09 [main] INFO  c.fspann.api.ForwardSecureANNSystem - Insert complete for id=7ce1bce1-1e40-477e-8fd3-070dbc6d3c1b in 467.249 ms
2025-06-24 16:14:09 [main] INFO  c.fspann.api.ForwardSecureANNSystem - Insert complete for id=305bbc39-1a3a-42c0-81c0-e2442a2323db in 470.4724 ms
2025-06-24 16:14:10 [main] INFO  c.fspann.api.ForwardSecureANNSystem - Insert complete for id=0fcaf289-6aa6-403c-a6d4-d09bc35e8a68 in 472.1351 ms
2025-06-24 16:14:10 [main] INFO  c.fspann.api.ForwardSecureANNSystem - Insert complete for id=478ad3d2-9141-46b1-b711-f86e55fa017c in 463.6696 ms
2025-06-24 16:14:11 [main] INFO  c.fspann.api.ForwardSecureANNSystem - Insert complete for id=9688689d-233d-4df0-a6a4-1ddef9ecfe1a in 470.3756 ms
2025-06-24 16:14:11 [main] INFO  c.fspann.api.ForwardSecureANNSystem - Insert complete for id=38980239-6012-44f5-8571-6df77b39924a in 476.6813 ms
2025-06-24 16:14:12 [main] INFO  c.fspann.api.ForwardSecureANNSystem - Insert complete for id=e7661cd3-53dc-4602-afd5-a23226472bd1 in 469.428 ms
2025-06-24 16:14:12 [main] INFO  c.fspann.api.ForwardSecureANNSystem - Insert complete for id=25ca218c-4261-459e-96e1-e4ef8598ef3d in 479.3337 ms
2025-06-24 16:14:13 [main] INFO  c.fspann.api.ForwardSecureANNSystem - Insert complete for id=5232c9d2-1980-40e8-89ab-fba00cbc5f62 in 465.1175 ms
2025-06-24 16:14:13 [main] INFO  c.fspann.api.ForwardSecureANNSystem - Insert complete for id=4195ec67-2b9c-470f-8048-1058336ca58e in 470.6634 ms
2025-06-24 16:14:14 [main] INFO  c.fspann.api.ForwardSecureANNSystem - Insert complete for id=3fa1e78c-4478-4c29-94f7-c88342d418d1 in 465.0677 ms
2025-06-24 16:14:14 [main] INFO  c.fspann.api.ForwardSecureANNSystem - Insert complete for id=27ecceb8-d4ea-4c96-b16f-d194e2c613ea in 477.3005 ms
2025-06-24 16:14:15 [main] INFO  c.fspann.api.ForwardSecureANNSystem - Insert complete for id=fe061fe3-dfb1-4830-a23f-6962fac25b98 in 473.3844 ms
2025-06-24 16:14:15 [main] INFO  c.fspann.api.ForwardSecureANNSystem - Insert complete for id=f5864b6c-f74c-4101-a455-889e3d11b29c in 466.3933 ms
2025-06-24 16:14:15 [main] INFO  c.fspann.api.ForwardSecureANNSystem - Insert complete for id=c4a2c3d5-bf06-48c1-8e28-951fbfd23f82 in 471.0574 ms
2025-06-24 16:14:16 [main] INFO  c.fspann.api.ForwardSecureANNSystem - Insert complete for id=648941e7-dfaf-4c56-b2f2-64c5845b4454 in 473.6058 ms
2025-06-24 16:14:16 [main] INFO  c.fspann.api.ForwardSecureANNSystem - Insert complete for id=6128175c-2c13-4093-827d-2d50f59c368f in 467.007 ms
2025-06-24 16:14:17 [main] INFO  c.fspann.api.ForwardSecureANNSystem - Insert complete for id=ecec8966-3c5c-4de6-9dad-57e0a9677371 in 463.3595 ms
2025-06-24 16:14:17 [main] INFO  c.fspann.api.ForwardSecureANNSystem - Insert complete for id=b204c2a1-165b-4ba3-9038-54b980165ced in 475.9811 ms
2025-06-24 16:14:18 [main] INFO  c.fspann.api.ForwardSecureANNSystem - Insert complete for id=e41f7dc1-0946-4c3c-aeb1-86288f86d94a in 469.5987 ms
2025-06-24 16:14:18 [main] INFO  c.fspann.api.ForwardSecureANNSystem - Insert complete for id=5469ea73-446b-46f8-969f-15bcfbc61e87 in 474.2383 ms
2025-06-24 16:14:19 [main] INFO  c.fspann.api.ForwardSecureANNSystem - Insert complete for id=b8ca154d-4b36-475f-a5bc-b7c4ef267b51 in 466.6107 ms
2025-06-24 16:14:19 [main] INFO  c.fspann.api.ForwardSecureANNSystem - Insert complete for id=ef96d006-4a55-4cbc-b674-c94afd165557 in 481.4342 ms
2025-06-24 16:14:20 [main] INFO  c.fspann.api.ForwardSecureANNSystem - Insert complete for id=e0f42ea0-0476-467d-9ab6-bf55463c7afa in 469.774 ms
2025-06-24 16:14:20 [main] INFO  c.fspann.api.ForwardSecureANNSystem - Insert complete for id=02ddc776-4a3a-4f07-8039-bb20101bddf5 in 470.3836 ms
2025-06-24 16:14:21 [main] INFO  c.fspann.api.ForwardSecureANNSystem - Insert complete for id=8c51568e-aac8-40dc-b091-c39189665709 in 478.9387 ms
2025-06-24 16:14:21 [main] INFO  c.fspann.api.ForwardSecureANNSystem - Insert complete for id=7c2e00fd-04ed-45c4-91df-3b8aa49b0be0 in 480.6679 ms
2025-06-24 16:14:22 [main] INFO  c.fspann.api.ForwardSecureANNSystem - Insert complete for id=df79e4a2-a2c6-4644-ba89-e94e19b889c1 in 469.63 ms
2025-06-24 16:14:22 [main] INFO  c.fspann.api.ForwardSecureANNSystem - Insert complete for id=43837031-9c2b-4784-9c73-c04aa69f6846 in 467.4598 ms
2025-06-24 16:14:23 [main] INFO  c.fspann.api.ForwardSecureANNSystem - Insert complete for id=2323af1e-9888-4175-8504-361c41015bb1 in 463.5088 ms
2025-06-24 16:14:23 [main] INFO  c.fspann.api.ForwardSecureANNSystem - Insert complete for id=eb219d04-25b9-43c0-8add-23402cb321d1 in 473.7703 ms
2025-06-24 16:14:24 [main] INFO  c.fspann.api.ForwardSecureANNSystem - Insert complete for id=c84dddbd-0dad-4726-9802-4f5a993c14cf in 474.6133 ms
2025-06-24 16:14:24 [main] INFO  c.fspann.api.ForwardSecureANNSystem - Insert complete for id=c6145d62-148c-4263-a251-a1bb5cd14e6a in 465.9975 ms
2025-06-24 16:14:24 [main] INFO  c.fspann.api.ForwardSecureANNSystem - Insert complete for id=14f12314-4980-4b93-b5f3-df4d746ecc20 in 467.3267 ms
2025-06-24 16:14:25 [main] INFO  c.fspann.api.ForwardSecureANNSystem - Insert complete for id=deadc702-780b-42b0-ba40-2079b06ca57b in 478.9642 ms
2025-06-24 16:14:25 [main] INFO  c.fspann.api.ForwardSecureANNSystem - Insert complete for id=0a698120-cacb-40fa-ac62-90e8ba42bcb8 in 484.2559 ms
2025-06-24 16:14:26 [main] INFO  c.fspann.api.ForwardSecureANNSystem - Insert complete for id=7c9661f6-3a4e-4741-93a0-495aef5d2c8c in 471.4509 ms
2025-06-24 16:14:26 [main] INFO  c.fspann.api.ForwardSecureANNSystem - Insert complete for id=bcf3ba46-7187-4457-9517-b641eff930ec in 483.6 ms
2025-06-24 16:14:27 [main] INFO  c.fspann.api.ForwardSecureANNSystem - Insert complete for id=e3c1bd05-afc3-4229-97d4-ac3df1441d65 in 476.3278 ms
2025-06-24 16:14:27 [main] INFO  c.fspann.api.ForwardSecureANNSystem - Insert complete for id=d92ed8f4-0543-4a04-a95b-64e669fc4f19 in 473.7294 ms
2025-06-24 16:14:28 [main] INFO  c.fspann.api.ForwardSecureANNSystem - Insert complete for id=a83a3c0a-4768-45c4-9111-9596057b784e in 471.1501 ms
2025-06-24 16:14:28 [main] INFO  c.fspann.api.ForwardSecureANNSystem - Insert complete for id=61060fbf-a477-4ac7-b992-09979791fa22 in 476.2635 ms
2025-06-24 16:14:29 [main] INFO  c.fspann.api.ForwardSecureANNSystem - Insert complete for id=255a9356-356b-4639-8b45-48b6889397a6 in 474.9197 ms
2025-06-24 16:14:29 [main] INFO  c.fspann.api.ForwardSecureANNSystem - Insert complete for id=7fead4d4-94f7-437a-99a2-52d90a498339 in 475.8669 ms
2025-06-24 16:14:30 [main] INFO  c.fspann.api.ForwardSecureANNSystem - Insert complete for id=55250e55-a9ce-468a-9f5c-762b1846f7d6 in 479.2372 ms
2025-06-24 16:14:30 [main] INFO  c.fspann.api.ForwardSecureANNSystem - Insert complete for id=362de549-3524-4943-a709-ea4da7d519e0 in 475.1912 ms
2025-06-24 16:14:31 [main] INFO  c.fspann.api.ForwardSecureANNSystem - Insert complete for id=4303b960-be48-430f-9a66-3038ab63494a in 471.1901 ms
2025-06-24 16:14:31 [main] INFO  c.fspann.api.ForwardSecureANNSystem - Insert complete for id=6a5d5165-4d73-4e55-9b74-c398e171e2ff in 470.9158 ms
2025-06-24 16:14:32 [main] INFO  c.fspann.api.ForwardSecureANNSystem - Insert complete for id=343798c1-a109-4076-8644-e4ffcab4ea5a in 481.5249 ms
2025-06-24 16:14:32 [main] INFO  c.fspann.api.ForwardSecureANNSystem - Insert complete for id=e4e37af1-4bae-45b3-a3fb-628cbe29c484 in 467.7317 ms
2025-06-24 16:14:33 [main] INFO  c.fspann.api.ForwardSecureANNSystem - Insert complete for id=618cea21-7adf-474b-8aaa-35a038fb6bd9 in 494.4541 ms
2025-06-24 16:14:33 [main] INFO  c.fspann.api.ForwardSecureANNSystem - Insert complete for id=27c83e54-493b-4f4f-a935-1fbd8d3d4ddf in 477.256 ms
2025-06-24 16:14:34 [main] INFO  c.fspann.api.ForwardSecureANNSystem - Insert complete for id=5dd52c58-486b-4041-b0d6-31c48efcf1f3 in 485.498 ms
2025-06-24 16:14:34 [main] INFO  c.fspann.api.ForwardSecureANNSystem - Insert complete for id=f0b39cbc-bb3f-4ddf-8d2e-f55c7a25b03c in 476.309 ms
2025-06-24 16:14:34 [main] INFO  c.fspann.api.ForwardSecureANNSystem - Insert complete for id=97cae1c4-f696-498a-bbd5-7834b22c4266 in 471.9587 ms
[...]
2025-06-24 16:20:13 [main] INFO  c.fspann.api.ForwardSecureANNSystem - Insert complete for id=caae2d14-bcd4-412e-8ce2-2b2dd59d27d5 in 508.2955 ms
2025-06-24 16:20:13 [main] INFO  c.fspann.api.ForwardSecureANNSystem - Insert complete for id=249e1a20-b056-4381-97f7-bf43261264b1 in 505.6922 ms
2025-06-24 16:20:14 [main] INFO  c.fspann.api.ForwardSecureANNSystem - Insert complete for id=11ba8f75-3be0-4c4b-b25f-9bd4c291f723 in 501.1496 ms
2025-06-24 16:20:14 [main] INFO  c.fspann.api.ForwardSecureANNSystem - Insert complete for id=97a882cf-1253-45d5-af93-464356e1e870 in 492.0669 ms
2025-06-24 16:20:15 [main] INFO  c.fspann.api.ForwardSecureANNSystem - Insert complete for id=54f1a8d3-bc23-4b11-9326-72028afa6f5b in 502.0917 ms
2025-06-24 16:20:15 [main] INFO  c.fspann.api.ForwardSecureANNSystem - Insert complete for id=3e9684d3-d35f-45d3-83c2-9364427b19f9 in 506.2745 ms
2025-06-24 16:20:16 [main] INFO  c.fspann.api.ForwardSecureANNSystem - Insert complete for id=97cde739-99e6-481d-b7fa-fa0607c98597 in 504.7781 ms
2025-06-24 16:20:16 [main] INFO  c.fspann.api.ForwardSecureANNSystem - Insert complete for id=dad9776d-50bd-497c-8efe-7357d906b8af in 507.1415 ms
2025-06-24 16:20:17 [main] INFO  c.fspann.api.ForwardSecureANNSystem - Insert complete for id=d75afac3-9542-450a-a449-8810762451c2 in 503.1806 ms
2025-06-24 16:20:17 [main] INFO  c.fspann.api.ForwardSecureANNSystem - Insert complete for id=9ffb5376-2b0e-4141-8e90-b421f69349de in 496.565 ms
2025-06-24 16:20:18 [main] INFO  c.fspann.api.ForwardSecureANNSystem - Insert complete for id=71daad28-2b28-475c-aba7-be4d2d02c139 in 509.8674 ms
2025-06-24 16:20:18 [main] INFO  c.fspann.api.ForwardSecureANNSystem - Insert complete for id=803a7c9d-fc7a-4f69-8533-88e01bb4ca30 in 495.5549 ms
2025-06-24 16:20:19 [main] INFO  c.fspann.api.ForwardSecureANNSystem - Insert complete for id=8fa046aa-4ef0-4740-8dc6-cd329fde0d79 in 512.1397 ms
2025-06-24 16:20:19 [main] INFO  c.fspann.api.ForwardSecureANNSystem - Insert complete for id=c9dcfa5a-0fba-4349-bea2-e381a32ec1dc in 498.8919 ms
2025-06-24 16:20:20 [main] INFO  c.fspann.api.ForwardSecureANNSystem - Insert complete for id=6cdb3d5e-6a8c-4892-afc4-aec9b2cf1cc4 in 500.2066 ms
2025-06-24 16:20:20 [main] INFO  c.fspann.api.ForwardSecureANNSystem - Insert complete for id=dd9e15d9-8a9e-4b14-8548-29a1259967d8 in 492.0162 ms
2025-06-24 16:20:21 [main] INFO  c.fspann.api.ForwardSecureANNSystem - Insert complete for id=0c5f72b2-d9e7-4f01-bb4e-d296c2df49e6 in 493.2223 ms
2025-06-24 16:20:21 [main] INFO  c.fspann.api.ForwardSecureANNSystem - Insert complete for id=e93cf43a-b0f9-4195-b8a0-80677b8d7175 in 500.6055 ms
2025-06-24 16:20:22 [main] INFO  c.fspann.api.ForwardSecureANNSystem - Insert complete for id=05d8bc2c-1bba-4c84-8db4-2c23c59c785e in 508.3897 ms
2025-06-24 16:20:22 [main] INFO  c.fspann.api.ForwardSecureANNSystem - Insert complete for id=fa287cb2-227b-4167-bc59-5cd98bed9ec8 in 503.6881 ms
2025-06-24 16:20:23 [main] INFO  c.fspann.api.ForwardSecureANNSystem - Insert complete for id=d50c2399-24d1-44d8-a540-e252ec439169 in 497.7813 ms
2025-06-24 16:20:23 [main] INFO  c.fspann.api.ForwardSecureANNSystem - Insert complete for id=23f2de6a-9d43-40f7-9136-5df061ceaf61 in 506.2615 ms
2025-06-24 16:20:24 [main] INFO  c.fspann.api.ForwardSecureANNSystem - Insert complete for id=cb7439c4-8a81-427d-9bc7-5e8423a0444a in 506.5632 ms
2025-06-24 16:20:24 [main] INFO  c.fspann.api.ForwardSecureANNSystem - Cloaked query returned 5 results
2025-06-24 16:20:24 [main] WARN  c.fspann.api.PerformanceVisualizer - No timing data to visualize
2025-06-24 16:20:24 [main] INFO  c.fspann.api.ForwardSecureANNSystem - Executing query for topK=5 and dimension 10
2025-06-24 16:20:24 [main] INFO  c.fspann.api.ForwardSecureANNSystem - Query completed in 0.6778 ms
2025-06-24 16:20:24 [main] INFO  c.fspann.api.ForwardSecureANNSystem - Query returned 5 results
2025-06-24 16:20:24 [main] INFO  c.f.a.ForwardSecureANNSystemPerformanceIntegrationTest - Query returned 5 results:
2025-06-24 16:20:24 [main] INFO  c.f.a.ForwardSecureANNSystemPerformanceIntegrationTest - ID: 793a8b0d-bf44-40a0-9408-4ca82e4da9e9, Distance: 0.3138470965295043
2025-06-24 16:20:24 [main] INFO  c.f.a.ForwardSecureANNSystemPerformanceIntegrationTest - ID: d456d1ee-2ed0-4345-8d5f-a12e2e106863, Distance: 0.9035923561549755
2025-06-24 16:20:24 [main] INFO  c.f.a.ForwardSecureANNSystemPerformanceIntegrationTest - ID: f514d6eb-0f0f-4a84-bdc9-5134872a3aaa, Distance: 0.9736914705040608
2025-06-24 16:20:24 [main] INFO  c.f.a.ForwardSecureANNSystemPerformanceIntegrationTest - ID: 7df49d14-6ef3-439a-bf66-0cc97369e396, Distance: 1.02165689499219
2025-06-24 16:20:24 [main] INFO  c.f.a.ForwardSecureANNSystemPerformanceIntegrationTest - ID: 17deb116-52cc-445d-85ab-d2a45e08022b, Distance: 1.031644990346501
]]></system-out>
  </testcase>
  <testcase name="testFakePointsInsertion(Path)" classname="com.fspann.api.ForwardSecureANNSystemPerformanceIntegrationTest" time="50.59">
    <system-out><![CDATA[2025-06-24 16:20:24 [main] INFO  c.fspann.api.ForwardSecureANNSystem - Inserting 100 fake points for dimension 10
2025-06-24 16:20:25 [main] INFO  c.fspann.api.ForwardSecureANNSystem - Insert complete for id=28d7e70b-785f-438f-8636-548df95dbf48 in 531.2375 ms
2025-06-24 16:20:25 [main] INFO  c.fspann.api.ForwardSecureANNSystem - Insert complete for id=e40689dd-2f76-4c05-9ae8-5983b905b5ad in 502.0816 ms
2025-06-24 16:20:26 [main] INFO  c.fspann.api.ForwardSecureANNSystem - Insert complete for id=5da02694-43ae-4486-a4a9-54ecb298225f in 496.517 ms
2025-06-24 16:20:26 [main] INFO  c.fspann.api.ForwardSecureANNSystem - Insert complete for id=cbc9473d-a3a2-4c22-ab99-5d692dbc21da in 495.9545 ms
2025-06-24 16:20:27 [main] INFO  c.fspann.api.ForwardSecureANNSystem - Insert complete for id=94b3009e-f803-47d0-9e28-da57fe7aa71e in 496.4151 ms
2025-06-24 16:20:27 [main] INFO  c.fspann.api.ForwardSecureANNSystem - Insert complete for id=fc84858f-4530-41fd-b54c-f3fa9d78febc in 507.0574 ms
2025-06-24 16:20:28 [main] INFO  c.fspann.api.ForwardSecureANNSystem - Insert complete for id=96caa581-7aa5-45ea-88f8-c4592292d1b8 in 500.613 ms
2025-06-24 16:20:28 [main] INFO  c.fspann.api.ForwardSecureANNSystem - Insert complete for id=98ad0c7a-b672-4aa7-b556-142c5c7a52d6 in 502.3822 ms
2025-06-24 16:20:29 [main] INFO  c.fspann.api.ForwardSecureANNSystem - Insert complete for id=c3039849-d731-49c6-9012-347ee44efc9a in 510.0521 ms
2025-06-24 16:20:29 [main] INFO  c.fspann.api.ForwardSecureANNSystem - Insert complete for id=664faeed-5188-4158-a57d-7725f4671254 in 503.1812 ms
2025-06-24 16:20:30 [main] INFO  c.fspann.api.ForwardSecureANNSystem - Insert complete for id=6ee0f29b-0fb9-4191-9137-4cd09dbee2ef in 491.6665 ms
2025-06-24 16:20:30 [main] INFO  c.fspann.api.ForwardSecureANNSystem - Insert complete for id=6b024f0d-ac58-49e9-ab5e-3573f14b7627 in 519.7316 ms
2025-06-24 16:20:31 [main] INFO  c.fspann.api.ForwardSecureANNSystem - Insert complete for id=cb29145e-95ee-41eb-9626-ce55c56ace1b in 545.4205 ms
2025-06-24 16:20:31 [main] INFO  c.fspann.api.ForwardSecureANNSystem - Insert complete for id=02079049-d83f-44c1-b7ba-248a93e2a92b in 520.6947 ms
2025-06-24 16:20:32 [main] INFO  c.fspann.api.ForwardSecureANNSystem - Insert complete for id=0c66120a-df51-42ad-b989-01a766645d52 in 511.7068 ms
2025-06-24 16:20:32 [main] INFO  c.fspann.api.ForwardSecureANNSystem - Insert complete for id=de4ee6df-356c-4ca6-a191-0f1ecaefc698 in 495.9706 ms
2025-06-24 16:20:33 [main] INFO  c.fspann.api.ForwardSecureANNSystem - Insert complete for id=01b4287e-3c7b-46f9-9cde-f56580788ed0 in 505.7532 ms
2025-06-24 16:20:33 [main] INFO  c.fspann.api.ForwardSecureANNSystem - Insert complete for id=86a55b3d-0b99-4845-aeb6-9d2cdce80334 in 504.681 ms
2025-06-24 16:20:34 [main] INFO  c.fspann.api.ForwardSecureANNSystem - Insert complete for id=c6542257-a9ba-4d31-a035-05c9de8db1fb in 499.2311 ms
2025-06-24 16:20:34 [main] INFO  c.fspann.api.ForwardSecureANNSystem - Insert complete for id=dd2fa84e-afe3-47d9-8884-945d95e57626 in 495.5533 ms
2025-06-24 16:20:35 [main] INFO  c.fspann.api.ForwardSecureANNSystem - Insert complete for id=1a13af68-af76-4bc7-8b83-1e7af9ba71ac in 506.2222 ms
2025-06-24 16:20:35 [main] INFO  c.fspann.api.ForwardSecureANNSystem - Insert complete for id=20de5854-e4ee-482c-b1fa-958fe0decdd6 in 512.2829 ms
2025-06-24 16:20:36 [main] INFO  c.fspann.api.ForwardSecureANNSystem - Insert complete for id=aea6ed47-c4cd-417f-aad1-2d973a4d07ba in 504.461 ms
2025-06-24 16:20:36 [main] INFO  c.fspann.api.ForwardSecureANNSystem - Insert complete for id=ff02eb64-deb4-441d-b0c5-667ae046fa60 in 491.3439 ms
2025-06-24 16:20:37 [main] INFO  c.fspann.api.ForwardSecureANNSystem - Insert complete for id=97bdb5ab-9534-4fa9-b82e-f5d05bef722e in 513.8014 ms
2025-06-24 16:20:37 [main] INFO  c.fspann.api.ForwardSecureANNSystem - Insert complete for id=773373a5-f6f5-46cf-afab-457ba442eb35 in 511.2356 ms
2025-06-24 16:20:38 [main] INFO  c.fspann.api.ForwardSecureANNSystem - Insert complete for id=d74e5526-b34b-4231-b758-0815eb67a580 in 500.8937 ms
2025-06-24 16:20:38 [main] INFO  c.fspann.api.ForwardSecureANNSystem - Insert complete for id=7ee7f17c-1825-4f58-b6d8-2a94fa64f5d6 in 502.007 ms
2025-06-24 16:20:39 [main] INFO  c.fspann.api.ForwardSecureANNSystem - Insert complete for id=5af9e093-5658-4226-be3d-1087668784cd in 507.8268 ms
2025-06-24 16:20:39 [main] INFO  c.fspann.api.ForwardSecureANNSystem - Insert complete for id=9c5ad1c6-0c40-4833-8fa3-4af9ebb3868b in 498.3726 ms
2025-06-24 16:20:40 [main] INFO  c.fspann.api.ForwardSecureANNSystem - Insert complete for id=d416a0d0-cc32-4a0d-b1b7-8b1769a136b8 in 507.4494 ms
2025-06-24 16:20:40 [main] INFO  c.fspann.api.ForwardSecureANNSystem - Insert complete for id=efe6f89f-b10d-44f1-8b10-df89421e8a67 in 501.508 ms
2025-06-24 16:20:41 [main] INFO  c.fspann.api.ForwardSecureANNSystem - Insert complete for id=09a25b2f-ae1a-43b1-8405-ebd1ee7cdb19 in 519.6681 ms
2025-06-24 16:20:41 [main] INFO  c.fspann.api.ForwardSecureANNSystem - Insert complete for id=a1facb97-43f9-4fb9-aeee-2535c2ef148d in 502.5241 ms
2025-06-24 16:20:42 [main] INFO  c.fspann.api.ForwardSecureANNSystem - Insert complete for id=8d4da24e-c880-4a4e-a9f1-a91e38cfd7f3 in 500.7046 ms
2025-06-24 16:20:42 [main] INFO  c.fspann.api.ForwardSecureANNSystem - Insert complete for id=63bd7a86-e7cc-4819-a553-d9b6095d2c72 in 508.1335 ms
2025-06-24 16:20:43 [main] INFO  c.fspann.api.ForwardSecureANNSystem - Insert complete for id=7831fee8-c476-4aa6-9c6a-f43394637f68 in 514.9977 ms
2025-06-24 16:20:43 [main] INFO  c.fspann.api.ForwardSecureANNSystem - Insert complete for id=7588765f-6980-4e0b-a1fa-a80719933bb3 in 503.9196 ms
2025-06-24 16:20:44 [main] INFO  c.fspann.api.ForwardSecureANNSystem - Insert complete for id=93da7719-0d56-478a-8320-31a5b060e8e9 in 511.5435 ms
2025-06-24 16:20:44 [main] INFO  c.fspann.api.ForwardSecureANNSystem - Insert complete for id=514d0b14-ef13-4957-a78e-5a329d4faa64 in 499.4762 ms
2025-06-24 16:20:45 [main] INFO  c.fspann.api.ForwardSecureANNSystem - Insert complete for id=4cebd6ff-38a8-442d-92f0-4ab24f331df7 in 503.9472 ms
2025-06-24 16:20:45 [main] INFO  c.fspann.api.ForwardSecureANNSystem - Insert complete for id=371ccc0f-e6b3-47f2-94c9-631da3e89c29 in 490.6021 ms
2025-06-24 16:20:46 [main] INFO  c.fspann.api.ForwardSecureANNSystem - Insert complete for id=4792fd7f-8190-4279-9493-1f33ffbb0b68 in 496.0328 ms
2025-06-24 16:20:46 [main] INFO  c.fspann.api.ForwardSecureANNSystem - Insert complete for id=2a9ab9e0-769f-4858-8cb7-386fb14541f5 in 498.7055 ms
2025-06-24 16:20:47 [main] INFO  c.fspann.api.ForwardSecureANNSystem - Insert complete for id=d8993fba-9fd2-4edb-8850-e4dd87e5c268 in 510.6863 ms
2025-06-24 16:20:47 [main] INFO  c.fspann.api.ForwardSecureANNSystem - Insert complete for id=3aecf8f3-e4cb-4f92-8af4-3c661a1a0b3a in 507.6036 ms
2025-06-24 16:20:48 [main] INFO  c.fspann.api.ForwardSecureANNSystem - Insert complete for id=a7f079ea-dde0-4638-9c1d-5676ed892907 in 507.2666 ms
2025-06-24 16:20:48 [main] INFO  c.fspann.api.ForwardSecureANNSystem - Insert complete for id=5fd424c2-30be-4cf2-a550-a68bf195271d in 502.3699 ms
2025-06-24 16:20:49 [main] INFO  c.fspann.api.ForwardSecureANNSystem - Insert complete for id=ec1aaab3-cb11-4b18-a145-2421e2320646 in 504.6298 ms
2025-06-24 16:20:49 [main] INFO  c.fspann.api.ForwardSecureANNSystem - Insert complete for id=abbba863-e018-4fcf-a922-3e70a8af1361 in 510.5327 ms
2025-06-24 16:20:50 [main] INFO  c.fspann.api.ForwardSecureANNSystem - Insert complete for id=efeda665-2a2d-47bc-af49-902e51c32ac8 in 514.2697 ms
2025-06-24 16:20:50 [main] INFO  c.fspann.api.ForwardSecureANNSystem - Insert complete for id=4399eb44-575b-4a78-b4b7-016a947ad950 in 511.6043 ms
2025-06-24 16:20:51 [main] INFO  c.fspann.api.ForwardSecureANNSystem - Insert complete for id=3d648049-e4d2-446e-bbb7-bbd2648ef812 in 502.0495 ms
2025-06-24 16:20:51 [main] INFO  c.fspann.api.ForwardSecureANNSystem - Insert complete for id=703c6dde-64f6-48a1-ae53-5b31f5196dd2 in 505.3746 ms
2025-06-24 16:20:52 [main] INFO  c.fspann.api.ForwardSecureANNSystem - Insert complete for id=012568cb-8fad-4cfb-9b94-ef7c8dde7989 in 501.0795 ms
2025-06-24 16:20:52 [main] INFO  c.fspann.api.ForwardSecureANNSystem - Insert complete for id=f550e9dd-0184-4290-9eaf-47a6789e6dfd in 499.6899 ms
2025-06-24 16:20:53 [main] INFO  c.fspann.api.ForwardSecureANNSystem - Insert complete for id=9d30b931-e41c-45e2-8133-f1add692c67d in 500.9105 ms
2025-06-24 16:20:53 [main] INFO  c.fspann.api.ForwardSecureANNSystem - Insert complete for id=3daf97d9-dc80-4af5-928e-cd5b18108f27 in 506.9738 ms
2025-06-24 16:20:54 [main] INFO  c.fspann.api.ForwardSecureANNSystem - Insert complete for id=ec8c1490-ab41-4a23-b7ac-85177eafb866 in 496.6767 ms
2025-06-24 16:20:54 [main] INFO  c.fspann.api.ForwardSecureANNSystem - Insert complete for id=5b437201-4cdd-4f97-bc4b-317bf4ed2abd in 500.6257 ms
2025-06-24 16:20:55 [main] INFO  c.fspann.api.ForwardSecureANNSystem - Insert complete for id=0ba8196a-d9df-467d-b5f0-bc8a006a7249 in 501.7414 ms
2025-06-24 16:20:55 [main] INFO  c.fspann.api.ForwardSecureANNSystem - Insert complete for id=8987fe4e-0e92-4dba-a9ab-e2e441856e22 in 505.9308 ms
2025-06-24 16:20:56 [main] INFO  c.fspann.api.ForwardSecureANNSystem - Insert complete for id=6d42ae3c-5119-4aa5-9b64-c26fd12db885 in 507.6993 ms
2025-06-24 16:20:57 [main] INFO  c.fspann.api.ForwardSecureANNSystem - Insert complete for id=0eb1875f-38ff-4392-a757-81651ed9b0fc in 503.2924 ms
2025-06-24 16:20:57 [main] INFO  c.fspann.api.ForwardSecureANNSystem - Insert complete for id=7d9fba70-eeef-4abe-b336-7039938f61c6 in 504.4993 ms
2025-06-24 16:20:58 [main] INFO  c.fspann.api.ForwardSecureANNSystem - Insert complete for id=0041fb38-26ce-47c1-8164-56c1ee621525 in 503.6695 ms
2025-06-24 16:20:58 [main] INFO  c.fspann.api.ForwardSecureANNSystem - Insert complete for id=226a5c69-d35f-4a18-b540-27539c5b3b98 in 502.9023 ms
2025-06-24 16:20:59 [main] INFO  c.fspann.api.ForwardSecureANNSystem - Insert complete for id=c150d6a3-6bc9-4c06-8127-372577ea7680 in 503.2891 ms
2025-06-24 16:20:59 [main] INFO  c.fspann.api.ForwardSecureANNSystem - Insert complete for id=e50b71ce-5ce5-4772-a445-cbbff2220447 in 508.7497 ms
2025-06-24 16:21:00 [main] INFO  c.fspann.api.ForwardSecureANNSystem - Insert complete for id=fd965701-0893-4d58-a3a0-7c38cd1c6c34 in 508.0265 ms
2025-06-24 16:21:00 [main] INFO  c.fspann.api.ForwardSecureANNSystem - Insert complete for id=cdbda065-b802-45e4-8151-d9750158ea12 in 507.9587 ms
2025-06-24 16:21:01 [main] INFO  c.fspann.api.ForwardSecureANNSystem - Insert complete for id=d7cbeb80-e682-45c5-952f-6d5457da0314 in 500.0581 ms
2025-06-24 16:21:01 [main] INFO  c.fspann.api.ForwardSecureANNSystem - Insert complete for id=158b2543-9b98-4f60-8d21-b18e3b5b67d2 in 502.0012 ms
2025-06-24 16:21:02 [main] INFO  c.fspann.api.ForwardSecureANNSystem - Insert complete for id=7e0b0564-7634-4c43-96a8-12aa3af1aefb in 501.914 ms
2025-06-24 16:21:02 [main] INFO  c.fspann.api.ForwardSecureANNSystem - Insert complete for id=a1c5fdad-71eb-4ff3-8f04-10001a23ec61 in 505.5653 ms
2025-06-24 16:21:03 [main] INFO  c.fspann.api.ForwardSecureANNSystem - Insert complete for id=bdabcf3f-0fb5-4b6a-949e-eaa067fc76f3 in 505.8991 ms
2025-06-24 16:21:03 [main] INFO  c.fspann.api.ForwardSecureANNSystem - Insert complete for id=66587ccd-1883-41b7-be54-622f005161ef in 528.8451 ms
2025-06-24 16:21:04 [main] INFO  c.fspann.api.ForwardSecureANNSystem - Insert complete for id=3fb54096-c02c-41ae-a155-3ef6a7dbb16a in 508.3826 ms
2025-06-24 16:21:04 [main] INFO  c.fspann.api.ForwardSecureANNSystem - Insert complete for id=b50c84cf-3c1f-41fc-a263-6832665aeec6 in 501.8671 ms
2025-06-24 16:21:05 [main] INFO  c.fspann.api.ForwardSecureANNSystem - Insert complete for id=d903da0c-66c7-4a7f-a3f0-80135e43a194 in 491.6856 ms
2025-06-24 16:21:05 [main] INFO  c.fspann.api.ForwardSecureANNSystem - Insert complete for id=8c1d3542-2e75-4c1f-ad62-d40967b159f4 in 502.5641 ms
2025-06-24 16:21:06 [main] INFO  c.fspann.api.ForwardSecureANNSystem - Insert complete for id=5bf9d9d5-7246-4c60-9b03-f1ca225e32f6 in 506.5349 ms
2025-06-24 16:21:06 [main] INFO  c.fspann.api.ForwardSecureANNSystem - Insert complete for id=a43be18e-fba1-4bfd-89cf-1266904c3a33 in 503.53 ms
2025-06-24 16:21:07 [main] INFO  c.fspann.api.ForwardSecureANNSystem - Insert complete for id=c888825f-7fae-4511-adff-06c37e82ef58 in 498.2119 ms
2025-06-24 16:21:07 [main] INFO  c.fspann.api.ForwardSecureANNSystem - Insert complete for id=22433691-66cf-45ed-9b81-e54e781b8fd9 in 505.9748 ms
2025-06-24 16:21:08 [main] INFO  c.fspann.api.ForwardSecureANNSystem - Insert complete for id=bad3f270-52d8-4de7-95e9-174609c0ee79 in 508.1212 ms
2025-06-24 16:21:08 [main] INFO  c.fspann.api.ForwardSecureANNSystem - Insert complete for id=3c1d57ea-65f8-431e-928b-b115feff1d34 in 517.2323 ms
2025-06-24 16:21:09 [main] INFO  c.fspann.api.ForwardSecureANNSystem - Insert complete for id=7d3e9777-9a8a-46d6-bbe3-6303507af2af in 501.0675 ms
2025-06-24 16:21:09 [main] INFO  c.fspann.api.ForwardSecureANNSystem - Insert complete for id=bb7bc0e7-3ad3-4071-9481-2722a920f7b7 in 510.2648 ms
2025-06-24 16:21:10 [main] INFO  c.fspann.api.ForwardSecureANNSystem - Insert complete for id=2d249a9f-ae80-44c4-8075-738260e5c093 in 511.8853 ms
2025-06-24 16:21:10 [main] INFO  c.fspann.api.ForwardSecureANNSystem - Insert complete for id=0c268b0d-6cf3-4e82-ad64-c463d48621b4 in 501.9731 ms
2025-06-24 16:21:11 [main] INFO  c.fspann.api.ForwardSecureANNSystem - Insert complete for id=a8e4df5a-edbe-4f57-acbe-53237ec31d06 in 499.6033 ms
2025-06-24 16:21:11 [main] INFO  c.fspann.api.ForwardSecureANNSystem - Insert complete for id=ade4ff11-d5c2-4bc1-abd9-bd86dde03f7e in 507.5692 ms
2025-06-24 16:21:12 [main] INFO  c.fspann.api.ForwardSecureANNSystem - Insert complete for id=d9d89b4f-038e-4bfe-af22-92cbbbb53941 in 506.1247 ms
2025-06-24 16:21:12 [main] INFO  c.fspann.api.ForwardSecureANNSystem - Insert complete for id=c39c3fe1-739a-4d75-a453-176e718f38d0 in 514.3138 ms
2025-06-24 16:21:13 [main] INFO  c.fspann.api.ForwardSecureANNSystem - Insert complete for id=f550559c-aaf7-40ff-8f21-5784dd0e2238 in 500.6393 ms
2025-06-24 16:21:13 [main] INFO  c.fspann.api.ForwardSecureANNSystem - Insert complete for id=47be96a7-e137-4bac-8d1a-e1415a727e5a in 499.2832 ms
2025-06-24 16:21:14 [main] INFO  c.fspann.api.ForwardSecureANNSystem - Insert complete for id=4de4b45f-7851-49e6-8773-a8bdf4d8e1ec in 519.5076 ms
2025-06-24 16:21:14 [main] INFO  c.fspann.api.ForwardSecureANNSystem - Insert complete for id=f90dd140-3ffe-4956-8894-0b0286280078 in 503.0832 ms
2025-06-24 16:21:15 [main] INFO  c.fspann.api.ForwardSecureANNSystem - Insert complete for id=fa92baaf-5c3f-4010-a983-5b329518c2ac in 504.9957 ms
2025-06-24 16:21:15 [main] INFO  c.fspann.api.ForwardSecureANNSystem - Number of indexed vectors for dimension 10: 1213
2025-06-24 16:21:15 [main] INFO  c.f.a.ForwardSecureANNSystemPerformanceIntegrationTest - Indexed vectors after fake points: 1213
]]></system-out>
  </testcase>
</testsuite>