<?xml version="1.0" encoding="UTF-8"?>
<testsuite xmlns:xsi="http://www.w3.org/2001/XMLSchema-instance" xsi:noNamespaceSchemaLocation="https://maven.apache.org/surefire/maven-surefire-plugin/xsd/surefire-test-report-3.0.xsd" version="3.0" name="com.fspann.api.ForwardSecureANNSystemIntegrationTest" time="49.837" tests="2" errors="0" skipped="0" failures="0">
  <properties>
[...]
</properties>
  <testcase name="simpleEndToEndNearestNeighbor(Path)" classname="com.fspann.api.ForwardSecureANNSystemIntegrationTest" time="1.626">
    <system-out><![CDATA[2025-06-24 16:09:36 [main] INFO  c.fspann.api.ForwardSecureANNSystem - Initializing ForwardSecureANNSystem with config=C:\Users\MEHRAN~1\AppData\Local\Temp\junit-4341431123837108251\config.json, data=C:\Users\MEHRAN~1\AppData\Local\Temp\junit-4341431123837108251\data2d.csv, keys=C:\Users\MEHRAN~1\AppData\Local\Temp\junit-4341431123837108251\keys.ser, dims=[2], metadata=C:\Users\MEHRAN~1\AppData\Local\Temp\junit-4341431123837108251
2025-06-24 16:09:36 [main] INFO  com.fspann.config.SystemConfig - Successfully loaded config from C:\Users\MEHRAN~1\AppData\Local\Temp\junit-4341431123837108251\config.json
2025-06-24 16:09:36 [main] INFO  c.fspann.api.ForwardSecureANNSystem - Loaded system configuration
2025-06-24 16:09:36 [main] INFO  com.fspann.key.KeyManager - Initialized new key store (version 1)
2025-06-24 16:09:36 [main] INFO  c.fspann.api.ForwardSecureANNSystem - KeyManager initialized
2025-06-24 16:09:36 [main] INFO  c.fspann.api.ForwardSecureANNSystem - KeyRotationServiceImpl initialized successfully
2025-06-24 16:09:36 [main] INFO  c.fspann.api.ForwardSecureANNSystem - KeyManager initialized with forward-secure key derivation, using keys file at C:\Users\MEHRAN~1\AppData\Local\Temp\junit-4341431123837108251\keys.ser
2025-06-24 16:09:36 [main] INFO  c.fspann.crypto.AesGcmCryptoService - AesGcmCryptoService initialized successfully
2025-06-24 16:09:36 [main] INFO  c.fspann.api.ForwardSecureANNSystem - CryptoService (AES-GCM with forward security) ready
2025-06-24 16:09:36 [main] INFO  com.fspann.common.MetadataManager - Loaded metadata from metadata.ser
2025-06-24 16:09:36 [main] INFO  c.fspann.api.ForwardSecureANNSystem - SecureLSHIndexService initialized with 4 shards
2025-06-24 16:09:36 [main] INFO  c.fspann.api.ForwardSecureANNSystem - Cache and Profiler initialized
2025-06-24 16:09:36 [main] INFO  c.fspann.api.ForwardSecureANNSystem - QueryService initialized and ready
2025-06-24 16:09:36 [main] INFO  c.fspann.api.ForwardSecureANNSystem - Loading base data from C:\Users\MEHRAN~1\AppData\Local\Temp\junit-4341431123837108251\data2d.csv
2025-06-24 16:09:36 [main] INFO  com.fspann.loader.DefaultDataLoader - Loading data from C:\Users\MEHRAN~1\AppData\Local\Temp\junit-4341431123837108251\data2d.csv using loader for CSV
2025-06-24 16:09:36 [main] INFO  c.fspann.api.ForwardSecureANNSystem - Loaded 2 vectors for dimension 2
2025-06-24 16:09:37 [main] INFO  c.fspann.api.ForwardSecureANNSystem - Batch insert complete for 2 vectors in 960.5425 ms
2025-06-24 16:09:37 [main] INFO  c.fspann.api.ForwardSecureANNSystem - Initial data insertion complete
2025-06-24 16:09:37 [main] INFO  c.fspann.api.ForwardSecureANNSystem - Number of indexed vectors for dimension 2: 2
2025-06-24 16:09:37 [main] INFO  c.f.a.ForwardSecureANNSystemIntegrationTest - Indexed vectors for dim=2: 2
2025-06-24 16:09:37 [main] INFO  c.f.a.ForwardSecureANNSystemIntegrationTest - Executing query for vector: [0.05, 0.05]
2025-06-24 16:09:37 [main] INFO  c.fspann.api.ForwardSecureANNSystem - Executing query for topK=1 and dimension 2
2025-06-24 16:09:37 [main] INFO  c.fspann.api.ForwardSecureANNSystem - Query completed in 2.2824 ms
2025-06-24 16:09:37 [main] INFO  c.fspann.api.ForwardSecureANNSystem - Query returned 1 results
2025-06-24 16:09:38 [main] INFO  c.fspann.api.ForwardSecureANNSystem - Shutting down ForwardSecureANNSystem
2025-06-24 16:09:38 [main] INFO  c.fspann.api.ForwardSecureANNSystem - Total indexing time: 960 ms for 2 inserts
2025-06-24 16:09:38 [main] INFO  c.fspann.api.ForwardSecureANNSystem - Total query time: 2 ms
📤 Profiler data written to profiler_metrics.csv
]]></system-out>
  </testcase>
  <testcase name="testVisualization(Path)" classname="com.fspann.api.ForwardSecureANNSystemIntegrationTest" time="48.209">
    <system-out><![CDATA[2025-06-24 16:09:38 [main] INFO  c.fspann.api.ForwardSecureANNSystem - Initializing ForwardSecureANNSystem with config=C:\Users\MEHRAN~1\AppData\Local\Temp\junit-12240658349939763455\config.json, data=C:\Users\MEHRAN~1\AppData\Local\Temp\junit-12240658349939763455\data2d.csv, keys=C:\Users\MEHRAN~1\AppData\Local\Temp\junit-12240658349939763455\keys.ser, dims=[2], metadata=C:\Users\MEHRAN~1\AppData\Local\Temp\junit-12240658349939763455
2025-06-24 16:09:38 [main] INFO  com.fspann.config.SystemConfig - Successfully loaded config from C:\Users\MEHRAN~1\AppData\Local\Temp\junit-12240658349939763455\config.json
2025-06-24 16:09:38 [main] INFO  c.fspann.api.ForwardSecureANNSystem - Loaded system configuration
2025-06-24 16:09:38 [main] INFO  com.fspann.key.KeyManager - Initialized new key store (version 1)
2025-06-24 16:09:38 [main] INFO  c.fspann.api.ForwardSecureANNSystem - KeyManager initialized
2025-06-24 16:09:38 [main] INFO  c.fspann.api.ForwardSecureANNSystem - KeyRotationServiceImpl initialized successfully
2025-06-24 16:09:38 [main] INFO  c.fspann.api.ForwardSecureANNSystem - KeyManager initialized with forward-secure key derivation, using keys file at C:\Users\MEHRAN~1\AppData\Local\Temp\junit-12240658349939763455\keys.ser
2025-06-24 16:09:38 [main] INFO  c.fspann.crypto.AesGcmCryptoService - AesGcmCryptoService initialized successfully
2025-06-24 16:09:38 [main] INFO  c.fspann.api.ForwardSecureANNSystem - CryptoService (AES-GCM with forward security) ready
2025-06-24 16:09:38 [main] INFO  com.fspann.common.MetadataManager - Loaded metadata from metadata.ser
2025-06-24 16:09:38 [main] INFO  c.fspann.api.ForwardSecureANNSystem - SecureLSHIndexService initialized with 4 shards
2025-06-24 16:09:38 [main] INFO  c.fspann.api.ForwardSecureANNSystem - Cache and Profiler initialized
2025-06-24 16:09:38 [main] INFO  c.fspann.api.ForwardSecureANNSystem - QueryService initialized and ready
2025-06-24 16:09:38 [main] INFO  c.fspann.api.ForwardSecureANNSystem - Loading base data from C:\Users\MEHRAN~1\AppData\Local\Temp\junit-12240658349939763455\data2d.csv
2025-06-24 16:09:38 [main] INFO  com.fspann.loader.DefaultDataLoader - Loading data from C:\Users\MEHRAN~1\AppData\Local\Temp\junit-12240658349939763455\data2d.csv using loader for CSV
2025-06-24 16:09:38 [main] INFO  c.fspann.api.ForwardSecureANNSystem - Loaded 2 vectors for dimension 2
2025-06-24 16:09:39 [main] INFO  c.fspann.api.ForwardSecureANNSystem - Batch insert complete for 2 vectors in 922.3541 ms
2025-06-24 16:09:39 [main] INFO  c.fspann.api.ForwardSecureANNSystem - Initial data insertion complete
2025-06-24 16:09:39 [main] INFO  c.fspann.api.ForwardSecureANNSystem - Number of indexed vectors for dimension 2: 2
2025-06-24 16:09:39 [main] INFO  c.f.a.ForwardSecureANNSystemIntegrationTest - Indexed vectors for dim=2: 2
2025-06-24 16:09:39 [main] INFO  c.fspann.api.ForwardSecureANNSystem - Running end-to-end workflow with dataPath=C:\Users\MEHRAN~1\AppData\Local\Temp\junit-12240658349939763455\data2d.csv, topK=1, dim=2
2025-06-24 16:09:39 [main] INFO  com.fspann.loader.DefaultDataLoader - Loading data from C:\Users\MEHRAN~1\AppData\Local\Temp\junit-12240658349939763455\data2d.csv using loader for CSV
2025-06-24 16:09:40 [main] INFO  c.fspann.api.ForwardSecureANNSystem - Batch insert complete for 2 vectors in 889.4962 ms
2025-06-24 16:09:40 [main] INFO  c.fspann.api.ForwardSecureANNSystem - Loaded and indexed 2 vectors
2025-06-24 16:09:40 [main] INFO  c.fspann.api.ForwardSecureANNSystem - Inserting 100 fake points for dimension 2
2025-06-24 16:09:40 [main] INFO  c.fspann.api.ForwardSecureANNSystem - Insert complete for id=fc44b711-4b21-4626-a0c7-a0ffbb6b2dff in 455.5322 ms
2025-06-24 16:09:41 [main] INFO  c.fspann.api.ForwardSecureANNSystem - Insert complete for id=5773975f-0fe7-4ecd-a8e3-bdde1333d1d8 in 471.6568 ms
2025-06-24 16:09:41 [main] INFO  c.fspann.api.ForwardSecureANNSystem - Insert complete for id=3522d949-dc56-4c4f-903f-4160fb1e1fd9 in 566.6881 ms
2025-06-24 16:09:42 [main] INFO  c.fspann.api.ForwardSecureANNSystem - Insert complete for id=44984e58-40a3-4d80-9b74-57c629a47ab8 in 485.8547 ms
2025-06-24 16:09:42 [main] INFO  c.fspann.api.ForwardSecureANNSystem - Insert complete for id=8f385713-2e99-4439-81e1-ed73f9c8fcf4 in 457.1041 ms
2025-06-24 16:09:43 [main] INFO  c.fspann.api.ForwardSecureANNSystem - Insert complete for id=1c77a987-bdec-4c87-af4f-cea2b7577f06 in 450.5437 ms
2025-06-24 16:09:43 [main] INFO  c.fspann.api.ForwardSecureANNSystem - Insert complete for id=bb64cf3f-5984-4b9b-86d6-1f5a248c3182 in 451.4155 ms
2025-06-24 16:09:44 [main] INFO  c.fspann.api.ForwardSecureANNSystem - Insert complete for id=38529d53-247b-40e9-8c9f-c658bd5a6bf3 in 447.7952 ms
2025-06-24 16:09:44 [main] INFO  c.fspann.api.ForwardSecureANNSystem - Insert complete for id=282b7dd4-0a5c-4fb2-a34a-0f5db68d9dbd in 454.4991 ms
2025-06-24 16:09:44 [main] INFO  c.fspann.api.ForwardSecureANNSystem - Insert complete for id=4ea29f3e-dd3b-4700-96c9-6e98a1ca5afc in 443.5202 ms
2025-06-24 16:09:45 [main] INFO  c.fspann.api.ForwardSecureANNSystem - Insert complete for id=4452b619-2ea5-4784-a06e-7184fb705e8d in 455.1765 ms
2025-06-24 16:09:45 [main] INFO  c.fspann.api.ForwardSecureANNSystem - Insert complete for id=7b1adb0b-c031-4d5d-a4bb-4212b25c62db in 461.3496 ms
2025-06-24 16:09:46 [main] INFO  c.fspann.api.ForwardSecureANNSystem - Insert complete for id=b3c4420b-bb46-4c59-8d2b-d617e96b98be in 453.024 ms
2025-06-24 16:09:46 [main] INFO  c.fspann.api.ForwardSecureANNSystem - Insert complete for id=fa28d159-72f0-471d-9277-08dfcbb010c4 in 468.4311 ms
2025-06-24 16:09:47 [main] INFO  c.fspann.api.ForwardSecureANNSystem - Insert complete for id=95214670-52ab-44d5-86ac-15898c7baa38 in 450.8301 ms
2025-06-24 16:09:47 [main] INFO  c.fspann.api.ForwardSecureANNSystem - Insert complete for id=bf378f8a-115e-4944-a8ef-a951c69c7e42 in 451.1045 ms
2025-06-24 16:09:48 [main] INFO  c.fspann.api.ForwardSecureANNSystem - Insert complete for id=5259c40a-0e89-4a3b-bfc1-4bb22987a4a2 in 449.2531 ms
2025-06-24 16:09:48 [main] INFO  c.fspann.api.ForwardSecureANNSystem - Insert complete for id=42e73135-8a07-4add-9bc6-3c00ead4a56c in 451.8671 ms
2025-06-24 16:09:49 [main] INFO  c.fspann.api.ForwardSecureANNSystem - Insert complete for id=6ca1000f-5646-4b92-a9b5-6c2c709c1fa8 in 452.4683 ms
2025-06-24 16:09:49 [main] INFO  c.fspann.api.ForwardSecureANNSystem - Insert complete for id=8b0a45a8-858f-4c39-93cb-31d934016321 in 448.8731 ms
2025-06-24 16:09:49 [main] INFO  c.fspann.api.ForwardSecureANNSystem - Insert complete for id=c1b70083-eec2-4208-b502-1c913a1bc9ff in 462.0288 ms
2025-06-24 16:09:50 [main] INFO  c.fspann.api.ForwardSecureANNSystem - Insert complete for id=8c043808-33dd-4006-a44d-c808e1f55048 in 456.7687 ms
2025-06-24 16:09:50 [main] INFO  c.fspann.api.ForwardSecureANNSystem - Insert complete for id=750ae15d-5863-449f-9707-ee6936304b25 in 464.594 ms
2025-06-24 16:09:51 [main] INFO  c.fspann.api.ForwardSecureANNSystem - Insert complete for id=30fbf31e-fefd-4fd1-9308-7df60255e140 in 454.1838 ms
2025-06-24 16:09:51 [main] INFO  c.fspann.api.ForwardSecureANNSystem - Insert complete for id=b086e6b7-5047-42d5-8654-4ce6e14a1429 in 454.4787 ms
2025-06-24 16:09:52 [main] INFO  c.fspann.api.ForwardSecureANNSystem - Insert complete for id=f343c371-a898-4d92-8f80-d392ba67d860 in 456.2085 ms
2025-06-24 16:09:52 [main] INFO  c.fspann.api.ForwardSecureANNSystem - Insert complete for id=3176124e-c802-42d9-a109-4255746158d6 in 452.0042 ms
2025-06-24 16:09:53 [main] INFO  c.fspann.api.ForwardSecureANNSystem - Insert complete for id=c6b776e4-06f3-4206-b4e7-e8eeeaced1fe in 448.5626 ms
2025-06-24 16:09:53 [main] INFO  c.fspann.api.ForwardSecureANNSystem - Insert complete for id=8140612d-d204-462c-8d9f-ea7211cfe656 in 457.0431 ms
2025-06-24 16:09:54 [main] INFO  c.fspann.api.ForwardSecureANNSystem - Insert complete for id=65fea6a0-fbc1-43f4-802b-5a2f25f71d71 in 453.5925 ms
2025-06-24 16:09:54 [main] INFO  c.fspann.api.ForwardSecureANNSystem - Insert complete for id=43a44b4a-a23d-42ad-a6bf-2f860943ed44 in 459.1133 ms
2025-06-24 16:09:55 [main] INFO  c.fspann.api.ForwardSecureANNSystem - Insert complete for id=7e78b803-7d07-4e15-b28f-5509a15181b2 in 459.4461 ms
2025-06-24 16:09:55 [main] INFO  c.fspann.api.ForwardSecureANNSystem - Insert complete for id=b2d3ba95-299f-4d51-acde-384752f9baf0 in 467.7984 ms
2025-06-24 16:09:55 [main] INFO  c.fspann.api.ForwardSecureANNSystem - Insert complete for id=abbf8b1a-1e53-4d43-b457-d53f04a4bdc3 in 460.6589 ms
2025-06-24 16:09:56 [main] INFO  c.fspann.api.ForwardSecureANNSystem - Insert complete for id=12aca8d8-bbf3-41e5-934c-b6d72e398782 in 449.101 ms
2025-06-24 16:09:56 [main] INFO  c.fspann.api.ForwardSecureANNSystem - Insert complete for id=0639c95f-82b8-49b5-99a7-adcd7b7796a2 in 453.1447 ms
2025-06-24 16:09:57 [main] INFO  c.fspann.api.ForwardSecureANNSystem - Insert complete for id=18a11537-8f7f-48a2-9537-dd6acce7d7b9 in 448.2564 ms
2025-06-24 16:09:57 [main] INFO  c.fspann.api.ForwardSecureANNSystem - Insert complete for id=7ea208a4-7095-4a36-b6c5-be23f8920bcf in 463.4556 ms
2025-06-24 16:09:58 [main] INFO  c.fspann.api.ForwardSecureANNSystem - Insert complete for id=7d7da392-9250-4335-a38c-b55bae4f7078 in 467.0206 ms
2025-06-24 16:09:58 [main] INFO  c.fspann.api.ForwardSecureANNSystem - Insert complete for id=ccab7c99-1cb6-42b5-b12e-fec64c5f70b9 in 456.2167 ms
2025-06-24 16:09:59 [main] INFO  c.fspann.api.ForwardSecureANNSystem - Insert complete for id=67c61402-8192-498c-a0de-f01aee8ad654 in 453.8734 ms
2025-06-24 16:09:59 [main] INFO  c.fspann.api.ForwardSecureANNSystem - Insert complete for id=e89e3de3-aa0c-46b1-84cc-7ce5610e4832 in 459.4665 ms
2025-06-24 16:10:00 [main] INFO  c.fspann.api.ForwardSecureANNSystem - Insert complete for id=3e478a86-dd0f-40dd-8f56-aab2a7264ec9 in 461.8604 ms
2025-06-24 16:10:00 [main] INFO  c.fspann.api.ForwardSecureANNSystem - Insert complete for id=f351b9f7-6312-4e34-aff4-c1a2bca23770 in 452.5949 ms
2025-06-24 16:10:00 [main] INFO  c.fspann.api.ForwardSecureANNSystem - Insert complete for id=da0de5a6-ceb8-475c-9164-abdd453b3c56 in 459.0357 ms
2025-06-24 16:10:01 [main] INFO  c.fspann.api.ForwardSecureANNSystem - Insert complete for id=3f85662d-09c7-4d65-8994-15af9692d69e in 458.439 ms
2025-06-24 16:10:01 [main] INFO  c.fspann.api.ForwardSecureANNSystem - Insert complete for id=6e6bc7f9-d909-45eb-aa1a-79382be6c707 in 459.4005 ms
2025-06-24 16:10:02 [main] INFO  c.fspann.api.ForwardSecureANNSystem - Insert complete for id=65ddeb26-a505-456b-8384-1d43edc808b7 in 462.03 ms
2025-06-24 16:10:02 [main] INFO  c.fspann.api.ForwardSecureANNSystem - Insert complete for id=1ddd3282-6825-4f98-be23-f091d1a91b5a in 457.9678 ms
2025-06-24 16:10:03 [main] INFO  c.fspann.api.ForwardSecureANNSystem - Insert complete for id=466cb534-50d0-45cc-9d33-906e4bbebf31 in 458.1301 ms
2025-06-24 16:10:03 [main] INFO  c.fspann.api.ForwardSecureANNSystem - Insert complete for id=f3dc1139-2700-45e9-a97e-6147099e90b4 in 462.4783 ms
2025-06-24 16:10:04 [main] INFO  c.fspann.api.ForwardSecureANNSystem - Insert complete for id=724e3785-6957-4ec9-a7cc-aab80036515f in 453.7116 ms
2025-06-24 16:10:04 [main] INFO  c.fspann.api.ForwardSecureANNSystem - Insert complete for id=ed0c9dd8-8c1b-423c-ba0a-13df815971eb in 451.1919 ms
2025-06-24 16:10:05 [main] INFO  c.fspann.api.ForwardSecureANNSystem - Insert complete for id=f0da6bb4-e7c2-43b0-ac31-21c8e8040979 in 455.0258 ms
2025-06-24 16:10:05 [main] INFO  c.fspann.api.ForwardSecureANNSystem - Insert complete for id=f65d5d93-e8c0-4dfa-b32c-5a28b0b1d50a in 449.9222 ms
2025-06-24 16:10:05 [main] INFO  c.fspann.api.ForwardSecureANNSystem - Insert complete for id=4c444923-d6da-4776-abf1-4e67d2ac30e9 in 453.0995 ms
2025-06-24 16:10:06 [main] INFO  c.fspann.api.ForwardSecureANNSystem - Insert complete for id=74fba660-bfa3-4a85-8c22-ba5856f503a6 in 468.5208 ms
2025-06-24 16:10:06 [main] INFO  c.fspann.api.ForwardSecureANNSystem - Insert complete for id=ef2d6b49-9640-4eba-a288-1661d92f772d in 457.7889 ms
2025-06-24 16:10:07 [main] INFO  c.fspann.api.ForwardSecureANNSystem - Insert complete for id=2a26ea59-1753-4c17-bd65-0030b8f7fcfb in 449.6346 ms
2025-06-24 16:10:07 [main] INFO  c.fspann.api.ForwardSecureANNSystem - Insert complete for id=f37002bc-e2c2-46f8-b271-29e5514e0f68 in 465.1295 ms
2025-06-24 16:10:08 [main] INFO  c.fspann.api.ForwardSecureANNSystem - Insert complete for id=ba783906-5920-4d7a-ad9b-c14e975a0141 in 461.3537 ms
2025-06-24 16:10:08 [main] INFO  c.fspann.api.ForwardSecureANNSystem - Insert complete for id=b70d3b78-dcca-4546-8aa3-aa346672bfa0 in 453.6167 ms
2025-06-24 16:10:09 [main] INFO  c.fspann.api.ForwardSecureANNSystem - Insert complete for id=d4fce321-c002-4c36-9392-de59ea9d5b01 in 466.4716 ms
2025-06-24 16:10:09 [main] INFO  c.fspann.api.ForwardSecureANNSystem - Insert complete for id=8e50d095-265e-40f4-a11f-9d41995cdad4 in 452.9953 ms
2025-06-24 16:10:10 [main] INFO  c.fspann.api.ForwardSecureANNSystem - Insert complete for id=800ae71f-b1f0-4e23-98ac-267746847311 in 458.9177 ms
2025-06-24 16:10:10 [main] INFO  c.fspann.api.ForwardSecureANNSystem - Insert complete for id=58a449c6-e52e-4ef3-a7d5-2c3d0e3e2c29 in 460.9129 ms
2025-06-24 16:10:11 [main] INFO  c.fspann.api.ForwardSecureANNSystem - Insert complete for id=b9a8af72-3534-4c43-871d-25d5b546767a in 460.8115 ms
2025-06-24 16:10:11 [main] INFO  c.fspann.api.ForwardSecureANNSystem - Insert complete for id=5dd53ef2-ee10-4a5e-9a02-f5848ce8bd0f in 458.3648 ms
2025-06-24 16:10:11 [main] INFO  c.fspann.api.ForwardSecureANNSystem - Insert complete for id=56357934-6c14-45d2-b810-4d9160ece68e in 466.9996 ms
2025-06-24 16:10:12 [main] INFO  c.fspann.api.ForwardSecureANNSystem - Insert complete for id=7ab33aa2-087b-43bf-8c06-03e00d070c28 in 455.2055 ms
2025-06-24 16:10:12 [main] INFO  c.fspann.api.ForwardSecureANNSystem - Insert complete for id=964db2c4-1df4-41c4-8d7f-1b0cee32d1b5 in 452.2916 ms
2025-06-24 16:10:13 [main] INFO  c.fspann.api.ForwardSecureANNSystem - Insert complete for id=c69dbf6d-6476-43a6-9eba-df702dca7853 in 459.7331 ms
2025-06-24 16:10:13 [main] INFO  c.fspann.api.ForwardSecureANNSystem - Insert complete for id=9c82ef5d-ac65-4ab4-a0ae-caf5e6421269 in 459.7039 ms
2025-06-24 16:10:14 [main] INFO  c.fspann.api.ForwardSecureANNSystem - Insert complete for id=204b9619-d329-4cea-9c0b-2c3410400c65 in 461.5651 ms
2025-06-24 16:10:14 [main] INFO  c.fspann.api.ForwardSecureANNSystem - Insert complete for id=ada2c2f8-1e80-4f90-bae0-33b5a2244093 in 453.3151 ms
2025-06-24 16:10:15 [main] INFO  c.fspann.api.ForwardSecureANNSystem - Insert complete for id=12497125-d321-466a-b4df-c85a5e203080 in 449.1032 ms
2025-06-24 16:10:15 [main] INFO  c.fspann.api.ForwardSecureANNSystem - Insert complete for id=8e3ff65b-8db5-47cd-bfc3-13e594dd698c in 456.1043 ms
2025-06-24 16:10:16 [main] INFO  c.fspann.api.ForwardSecureANNSystem - Insert complete for id=f3757967-c803-44f6-9fd4-9efd5908edbb in 457.148 ms
2025-06-24 16:10:16 [main] INFO  c.fspann.api.ForwardSecureANNSystem - Insert complete for id=b69543c2-59d3-4a19-9f5b-4bb0b3b1fab2 in 450.6259 ms
2025-06-24 16:10:16 [main] INFO  c.fspann.api.ForwardSecureANNSystem - Insert complete for id=568fbf14-26fb-4b55-b99a-b49945353e52 in 455.029 ms
2025-06-24 16:10:17 [main] INFO  c.fspann.api.ForwardSecureANNSystem - Insert complete for id=479c5b5f-4939-40f8-8a67-41630b504548 in 457.3673 ms
2025-06-24 16:10:17 [main] INFO  c.fspann.api.ForwardSecureANNSystem - Insert complete for id=1904316e-4eeb-4979-a3fb-d07f3370409f in 451.5147 ms
2025-06-24 16:10:18 [main] INFO  c.fspann.api.ForwardSecureANNSystem - Insert complete for id=557670d4-71b9-4988-954d-9591d0ca97c7 in 456.2333 ms
2025-06-24 16:10:18 [main] INFO  c.fspann.api.ForwardSecureANNSystem - Insert complete for id=5c556731-97b5-46b4-bcdf-05d36ee40f08 in 457.2088 ms
2025-06-24 16:10:19 [main] INFO  c.fspann.api.ForwardSecureANNSystem - Insert complete for id=ea1cfe4c-7817-4e05-94df-f2318a0873dd in 470.68 ms
2025-06-24 16:10:19 [main] INFO  c.fspann.api.ForwardSecureANNSystem - Insert complete for id=c670a0be-081d-47f2-88d3-699a8885dc77 in 453.0779 ms
2025-06-24 16:10:20 [main] INFO  c.fspann.api.ForwardSecureANNSystem - Insert complete for id=63e09e42-98a4-44aa-bd8e-cd5d0cb63c0c in 453.9057 ms
2025-06-24 16:10:20 [main] INFO  c.fspann.api.ForwardSecureANNSystem - Insert complete for id=c774fdf0-79de-4cde-8fc2-f0d89836565d in 460.2951 ms
2025-06-24 16:10:21 [main] INFO  c.fspann.api.ForwardSecureANNSystem - Insert complete for id=22bec9b7-da2a-43f7-8313-00c8f6a8243a in 455.2916 ms
2025-06-24 16:10:21 [main] INFO  c.fspann.api.ForwardSecureANNSystem - Insert complete for id=f1e50aeb-1fd3-4c52-babc-0601c68f2bf1 in 447.7683 ms
2025-06-24 16:10:22 [main] INFO  c.fspann.api.ForwardSecureANNSystem - Insert complete for id=40e58f18-38ae-4d60-85cb-8c2014b7462b in 457.1685 ms
2025-06-24 16:10:22 [main] INFO  c.fspann.api.ForwardSecureANNSystem - Insert complete for id=06139b66-d6cc-42aa-aaf1-3f97d45a0516 in 461.683 ms
2025-06-24 16:10:22 [main] INFO  c.fspann.api.ForwardSecureANNSystem - Insert complete for id=ee992b20-b2d9-4849-a1a2-223218adbe38 in 458.3725 ms
2025-06-24 16:10:23 [main] INFO  c.fspann.api.ForwardSecureANNSystem - Insert complete for id=b5414444-e810-4968-b075-ff46793fa5e2 in 452.3486 ms
2025-06-24 16:10:23 [main] INFO  c.fspann.api.ForwardSecureANNSystem - Insert complete for id=fcb8dccd-bd93-4d84-8d14-04611a66050f in 457.0282 ms
2025-06-24 16:10:24 [main] INFO  c.fspann.api.ForwardSecureANNSystem - Insert complete for id=d5dbc5aa-fd09-4f07-8da0-ac81480b13ff in 448.5122 ms
2025-06-24 16:10:24 [main] INFO  c.fspann.api.ForwardSecureANNSystem - Insert complete for id=c0578ba4-a07e-409b-b00f-daceab64ab94 in 458.696 ms
2025-06-24 16:10:25 [main] INFO  c.fspann.api.ForwardSecureANNSystem - Insert complete for id=fdb949f4-bcdc-4875-9703-9a256145467a in 453.2951 ms
2025-06-24 16:10:25 [main] INFO  c.fspann.api.ForwardSecureANNSystem - Insert complete for id=304aec10-64c8-470c-b333-d30121841f89 in 448.5405 ms
2025-06-24 16:10:26 [main] INFO  c.fspann.api.ForwardSecureANNSystem - Insert complete for id=ab0382f7-6a61-4ea7-8fd9-2423de11ddcf in 449.1149 ms
2025-06-24 16:10:26 [main] INFO  c.fspann.api.ForwardSecureANNSystem - Cloaked query returned 5 results
2025-06-24 16:10:26 [main] WARN  c.fspann.api.PerformanceVisualizer - No timing data to visualize
2025-06-24 16:10:26 [main] INFO  c.fspann.api.ForwardSecureANNSystem - Shutting down ForwardSecureANNSystem
2025-06-24 16:10:26 [main] INFO  c.fspann.api.ForwardSecureANNSystem - Total indexing time: 47590 ms for 104 inserts
2025-06-24 16:10:26 [main] INFO  c.fspann.api.ForwardSecureANNSystem - Total query time: 0 ms
📤 Profiler data written to profiler_metrics.csv
]]></system-out>
  </testcase>
</testsuite>