<?xml version="1.0" encoding="UTF-8"?>
<testsuite xmlns:xsi="http://www.w3.org/2001/XMLSchema-instance" xsi:noNamespaceSchemaLocation="https://maven.apache.org/surefire/maven-surefire-plugin/xsd/surefire-test-report-3.0.xsd" version="3.0" name="com.fspann.api.ForwardSecureANNSystemPerformanceIntegrationTest" time="920.441" tests="3" errors="0" skipped="0" failures="0">
  <properties>
[...]
</properties>
  <testcase name="bulkPerformanceTest" classname="com.fspann.api.ForwardSecureANNSystemPerformanceIntegrationTest" time="772.352">
    <system-out><![CDATA[2025-06-24 17:42:12 [main] INFO  c.fspann.api.ForwardSecureANNSystem - Initializing ForwardSecureANNSystem with config=C:\Users\MEHRAN~1\AppData\Local\Temp\junit-7661153351246158333\config.json, data=C:\Users\MEHRAN~1\AppData\Local\Temp\junit-7661153351246158333\data.csv, keys=C:\Users\MEHRAN~1\AppData\Local\Temp\junit-7661153351246158333\keys.ser, dims=[10], metadata=C:\Users\MEHRAN~1\AppData\Local\Temp\junit-7661153351246158333
2025-06-24 17:42:12 [main] INFO  com.fspann.config.SystemConfig - Successfully loaded config from C:\Users\MEHRAN~1\AppData\Local\Temp\junit-7661153351246158333\config.json
2025-06-24 17:42:12 [main] INFO  c.fspann.api.ForwardSecureANNSystem - Loaded system configuration
2025-06-24 17:42:12 [main] INFO  com.fspann.key.KeyManager - Initialized new key store (version 1)
2025-06-24 17:42:12 [main] INFO  c.fspann.api.ForwardSecureANNSystem - KeyManager initialized
2025-06-24 17:42:12 [main] INFO  c.fspann.api.ForwardSecureANNSystem - KeyRotationServiceImpl initialized successfully
2025-06-24 17:42:12 [main] INFO  c.fspann.api.ForwardSecureANNSystem - KeyManager initialized with forward-secure key derivation, using keys file at C:\Users\MEHRAN~1\AppData\Local\Temp\junit-7661153351246158333\keys.ser
2025-06-24 17:42:12 [main] INFO  c.fspann.crypto.AesGcmCryptoService - AesGcmCryptoService initialized successfully
2025-06-24 17:42:12 [main] INFO  c.fspann.api.ForwardSecureANNSystem - CryptoService (AES-GCM with forward security) ready
2025-06-24 17:42:12 [main] INFO  com.fspann.common.MetadataManager - Loaded metadata from metadata.ser
2025-06-24 17:42:12 [main] INFO  c.fspann.api.ForwardSecureANNSystem - SecureLSHIndexService initialized with 4 shards
2025-06-24 17:42:12 [main] INFO  c.fspann.api.ForwardSecureANNSystem - Cache and Profiler initialized
2025-06-24 17:42:12 [main] INFO  c.fspann.api.ForwardSecureANNSystem - QueryService initialized and ready
2025-06-24 17:42:12 [main] INFO  c.fspann.api.ForwardSecureANNSystem - Loading base data from C:\Users\MEHRAN~1\AppData\Local\Temp\junit-7661153351246158333\data.csv
2025-06-24 17:42:12 [main] INFO  com.fspann.loader.DefaultDataLoader - Loading data from C:\Users\MEHRAN~1\AppData\Local\Temp\junit-7661153351246158333\data.csv using loader for CSV
2025-06-24 17:42:12 [main] INFO  c.fspann.api.ForwardSecureANNSystem - Loaded 10 vectors for dimension 10
2025-06-24 17:42:19 [main] INFO  c.fspann.api.ForwardSecureANNSystem - Batch insert complete for 10 vectors in 6466.7081 ms
2025-06-24 17:42:19 [main] INFO  c.fspann.api.ForwardSecureANNSystem - Initial data insertion complete
2025-06-24 17:42:19 [main] INFO  c.fspann.api.ForwardSecureANNSystem - Number of indexed vectors for dimension 10: 10
2025-06-24 17:42:19 [main] INFO  c.f.a.ForwardSecureANNSystemPerformanceIntegrationTest - Initialized system with 10 vectors indexed for dim=10
2025-06-24 17:42:19 [main] INFO  c.fspann.api.ForwardSecureANNSystem - Insert complete for id=6c5deddd-bccd-4c11-8417-9d2032f7acd3 in 646.6536 ms
2025-06-24 17:42:20 [main] INFO  c.fspann.api.ForwardSecureANNSystem - Insert complete for id=4a5ffa78-6d54-4d53-88f5-d3798fec2da8 in 640.3387 ms
2025-06-24 17:42:20 [main] INFO  c.fspann.api.ForwardSecureANNSystem - Insert complete for id=d9c13ae4-d586-4c5c-a27e-652642dcc409 in 635.983 ms
2025-06-24 17:42:21 [main] INFO  c.fspann.api.ForwardSecureANNSystem - Insert complete for id=b561ef8d-1b24-4151-9b70-3c45dca5f92c in 634.6655 ms
2025-06-24 17:42:22 [main] INFO  c.fspann.api.ForwardSecureANNSystem - Insert complete for id=f479c238-b269-4fde-ba5d-5603141e6eb8 in 653.116 ms
2025-06-24 17:42:22 [main] INFO  c.fspann.api.ForwardSecureANNSystem - Insert complete for id=ab5fcb65-583c-49b6-82b8-0a389ab21688 in 641.3314 ms
2025-06-24 17:42:23 [main] INFO  c.fspann.api.ForwardSecureANNSystem - Insert complete for id=051acc21-4b8e-489d-b2a5-addf81c15553 in 644.7725 ms
2025-06-24 17:42:24 [main] INFO  c.fspann.api.ForwardSecureANNSystem - Insert complete for id=05f622bd-f22a-46a1-924b-dd9df6629d8e in 644.3475 ms
2025-06-24 17:42:24 [main] INFO  c.fspann.api.ForwardSecureANNSystem - Insert complete for id=0501cbaf-89ce-4f1b-af5f-8aa94c4bfa73 in 642.5768 ms
2025-06-24 17:42:25 [main] INFO  c.fspann.api.ForwardSecureANNSystem - Insert complete for id=64c4280e-ffda-4ff7-83fb-4fd76c8ff149 in 641.7262 ms
2025-06-24 17:42:26 [main] INFO  c.fspann.api.ForwardSecureANNSystem - Insert complete for id=e905c143-d241-4c01-9069-5e3e67c089af in 639.2376 ms
2025-06-24 17:42:26 [main] INFO  c.fspann.api.ForwardSecureANNSystem - Insert complete for id=c940ae94-5e57-4d10-ba97-1a29e8ecb4e5 in 645.8093 ms
2025-06-24 17:42:27 [main] INFO  c.fspann.api.ForwardSecureANNSystem - Insert complete for id=edc05b69-8844-4570-a713-1415b381a7e2 in 641.5598 ms
2025-06-24 17:42:28 [main] INFO  c.fspann.api.ForwardSecureANNSystem - Insert complete for id=4d2a0856-94cf-4fda-a5b1-97be00fe4c8e in 638.4994 ms
2025-06-24 17:42:28 [main] INFO  c.fspann.api.ForwardSecureANNSystem - Insert complete for id=88a5ffc0-d8d9-4667-b68d-bdfdce3507e3 in 647.4501 ms
2025-06-24 17:42:29 [main] INFO  c.fspann.api.ForwardSecureANNSystem - Insert complete for id=f31ed9ef-4615-4406-b320-eb7673f8665d in 636.1513 ms
2025-06-24 17:42:29 [main] INFO  c.fspann.api.ForwardSecureANNSystem - Insert complete for id=a6dacf29-523e-4a6f-8953-a31fab222f88 in 639.0399 ms
2025-06-24 17:42:30 [main] INFO  c.fspann.api.ForwardSecureANNSystem - Insert complete for id=5cd198e9-d60b-4b9e-a3f1-894596a88367 in 651.351 ms
2025-06-24 17:42:31 [main] INFO  c.fspann.api.ForwardSecureANNSystem - Insert complete for id=0454018d-1266-4101-99b6-d30b4663d5ba in 646.8671 ms
2025-06-24 17:42:31 [main] INFO  c.fspann.api.ForwardSecureANNSystem - Insert complete for id=47549ac0-c4df-4212-a6fb-e911779ff763 in 635.081 ms
2025-06-24 17:42:32 [main] INFO  c.fspann.api.ForwardSecureANNSystem - Insert complete for id=ab0dddc3-9eda-43fe-9b31-b5bd29740be5 in 648.4278 ms
2025-06-24 17:42:33 [main] INFO  c.fspann.api.ForwardSecureANNSystem - Insert complete for id=c1a4e484-5867-4323-b07f-5a21021c922a in 651.9419 ms
2025-06-24 17:42:33 [main] INFO  c.fspann.api.ForwardSecureANNSystem - Insert complete for id=45e6949c-066d-4e69-a5b5-cbb26f9bb364 in 638.5877 ms
2025-06-24 17:42:34 [main] INFO  c.fspann.api.ForwardSecureANNSystem - Insert complete for id=066ef1d7-0a93-4835-9197-a6c1b3d76ae5 in 648.2203 ms
2025-06-24 17:42:35 [main] INFO  c.fspann.api.ForwardSecureANNSystem - Insert complete for id=ab7797d3-1e76-4f2e-b7d7-8ca44d8d98de in 642.0063 ms
2025-06-24 17:42:35 [main] INFO  c.fspann.api.ForwardSecureANNSystem - Insert complete for id=dde6dea7-830e-443f-afd4-7e606c27de9b in 652.1913 ms
2025-06-24 17:42:36 [main] INFO  c.fspann.api.ForwardSecureANNSystem - Insert complete for id=00f40355-073c-436f-a1f1-7c5e1f7737dc in 637.87 ms
2025-06-24 17:42:37 [main] INFO  c.fspann.api.ForwardSecureANNSystem - Insert complete for id=b0b1ad2d-1007-443c-848c-f6526104bd2f in 648.5119 ms
2025-06-24 17:42:37 [main] INFO  c.fspann.api.ForwardSecureANNSystem - Insert complete for id=11f73291-5e7e-4e51-b9a9-151530255271 in 640.6447 ms
2025-06-24 17:42:38 [main] INFO  c.fspann.api.ForwardSecureANNSystem - Insert complete for id=d5d545c9-5053-47ca-ab0d-44c450fe9503 in 640.3855 ms
2025-06-24 17:42:38 [main] INFO  c.fspann.api.ForwardSecureANNSystem - Insert complete for id=9af6bbca-b1af-4798-94fd-114d1183e8ea in 653.5313 ms
2025-06-24 17:42:39 [main] INFO  c.fspann.api.ForwardSecureANNSystem - Insert complete for id=11df4f8a-e1b7-4b49-9535-dbbe27dc27f4 in 645.6094 ms
2025-06-24 17:42:40 [main] INFO  c.fspann.api.ForwardSecureANNSystem - Insert complete for id=e15a7e92-be63-4a96-b294-feeb4acffdf3 in 637.8225 ms
2025-06-24 17:42:40 [main] INFO  c.fspann.api.ForwardSecureANNSystem - Insert complete for id=8a8d9901-a829-43e3-88dc-5a7db50026fd in 647.5707 ms
2025-06-24 17:42:41 [main] INFO  c.fspann.api.ForwardSecureANNSystem - Insert complete for id=4a04e1fd-6e13-4ccb-877e-3bfcb5b687e8 in 645.243 ms
2025-06-24 17:42:42 [main] INFO  c.fspann.api.ForwardSecureANNSystem - Insert complete for id=31356d23-1f5b-4255-9f2c-c3db22dea67f in 640.8414 ms
2025-06-24 17:42:42 [main] INFO  c.fspann.api.ForwardSecureANNSystem - Insert complete for id=7efbe11c-fff9-41a9-9639-5216680913e0 in 641.3922 ms
2025-06-24 17:42:43 [main] INFO  c.fspann.api.ForwardSecureANNSystem - Insert complete for id=098acee6-8e83-4670-8027-e59f40870be1 in 637.2559 ms
2025-06-24 17:42:44 [main] INFO  c.fspann.api.ForwardSecureANNSystem - Insert complete for id=c135a40e-ab6f-42d2-a089-e5da40071c63 in 643.0577 ms
2025-06-24 17:42:44 [main] INFO  c.fspann.api.ForwardSecureANNSystem - Insert complete for id=87905ddf-abb7-407e-bd8f-8e221a7e3313 in 644.2813 ms
2025-06-24 17:42:45 [main] INFO  c.fspann.api.ForwardSecureANNSystem - Insert complete for id=a645597e-1a16-4561-abcb-6d27c4460d61 in 641.7096 ms
2025-06-24 17:42:46 [main] INFO  c.fspann.api.ForwardSecureANNSystem - Insert complete for id=27cebb96-5059-4cd8-959b-52a6555f7380 in 636.4402 ms
2025-06-24 17:42:46 [main] INFO  c.fspann.api.ForwardSecureANNSystem - Insert complete for id=bb7d5f3f-7b35-4418-8ae5-0a2a3aecaa2a in 649.0144 ms
2025-06-24 17:42:47 [main] INFO  c.fspann.api.ForwardSecureANNSystem - Insert complete for id=a28226d4-5c97-4a6e-b7f3-173f204f4b3c in 646.4728 ms
2025-06-24 17:42:48 [main] INFO  c.fspann.api.ForwardSecureANNSystem - Insert complete for id=37244334-6ef0-4d24-8dd8-4bfdd5e96ca8 in 653.8741 ms
2025-06-24 17:42:48 [main] INFO  c.fspann.api.ForwardSecureANNSystem - Insert complete for id=1b0569b0-a3a4-4266-bdef-e07bc4493679 in 641.1141 ms
2025-06-24 17:42:49 [main] INFO  c.fspann.api.ForwardSecureANNSystem - Insert complete for id=b84b5517-0120-49d1-b3de-c72fd000f7de in 656.1515 ms
2025-06-24 17:42:49 [main] INFO  c.fspann.api.ForwardSecureANNSystem - Insert complete for id=6eace84d-9977-4001-b455-0f97fbef03b5 in 641.7401 ms
2025-06-24 17:42:50 [main] INFO  c.fspann.api.ForwardSecureANNSystem - Insert complete for id=3da0a232-d004-425e-94bb-c87076e40e1a in 648.5087 ms
2025-06-24 17:42:51 [main] INFO  c.fspann.api.ForwardSecureANNSystem - Insert complete for id=026f191f-0d8c-4163-aa0e-1627c9bec9ab in 629.2935 ms
2025-06-24 17:42:51 [main] INFO  c.fspann.api.ForwardSecureANNSystem - Insert complete for id=ad1556bb-34d2-4a84-8514-d2ca8019e7b1 in 645.9391 ms
2025-06-24 17:42:52 [main] INFO  c.fspann.api.ForwardSecureANNSystem - Insert complete for id=ce4efbea-6228-4959-8f03-9cefa5dd9d80 in 646.0573 ms
2025-06-24 17:42:53 [main] INFO  c.fspann.api.ForwardSecureANNSystem - Insert complete for id=abe0c3b2-4813-4e50-b11a-84322e061261 in 636.2614 ms
2025-06-24 17:42:53 [main] INFO  c.fspann.api.ForwardSecureANNSystem - Insert complete for id=48552bd7-abe3-424d-af05-7ce4005d67fc in 639.642 ms
2025-06-24 17:42:54 [main] INFO  c.fspann.api.ForwardSecureANNSystem - Insert complete for id=3a64eecd-dff5-4c0d-8f72-f988856f3b64 in 640.2892 ms
2025-06-24 17:42:55 [main] INFO  c.fspann.api.ForwardSecureANNSystem - Insert complete for id=fe052e70-fe27-4de6-9d59-a608c2a9886e in 644.539 ms
2025-06-24 17:42:55 [main] INFO  c.fspann.api.ForwardSecureANNSystem - Insert complete for id=013753d3-4964-4918-896b-0eefff127abc in 648.0183 ms
2025-06-24 17:42:56 [main] INFO  c.fspann.api.ForwardSecureANNSystem - Insert complete for id=8bb8ae95-74d6-492f-82ba-f64933b63d7c in 640.9704 ms
2025-06-24 17:42:57 [main] INFO  c.fspann.api.ForwardSecureANNSystem - Insert complete for id=5270790a-ca4a-4b25-8957-a81804c8cc4c in 639.046 ms
2025-06-24 17:42:57 [main] INFO  c.fspann.api.ForwardSecureANNSystem - Insert complete for id=59a5959b-c63b-4b7d-81f2-2f465171d7b0 in 637.1849 ms
2025-06-24 17:42:58 [main] INFO  c.fspann.api.ForwardSecureANNSystem - Insert complete for id=074e61f7-a0cf-48db-acd0-2da1c9a41c6a in 643.3339 ms
2025-06-24 17:42:58 [main] INFO  c.fspann.api.ForwardSecureANNSystem - Insert complete for id=79e846dc-a0a2-4a0f-bc02-15594632889c in 656.9561 ms
2025-06-24 17:42:59 [main] INFO  c.fspann.api.ForwardSecureANNSystem - Insert complete for id=2f98072f-c64b-49b4-9f42-68b9d0e4dbe1 in 642.1726 ms
2025-06-24 17:43:00 [main] INFO  c.fspann.api.ForwardSecureANNSystem - Insert complete for id=de1e17bd-654c-4add-98f7-87902d600977 in 651.4315 ms
2025-06-24 17:43:00 [main] INFO  c.fspann.api.ForwardSecureANNSystem - Insert complete for id=4b545b6d-d4d6-4305-8c56-1961066195dc in 641.3014 ms
2025-06-24 17:43:01 [main] INFO  c.fspann.api.ForwardSecureANNSystem - Insert complete for id=ad87fa05-c1aa-4f34-98f7-019a9b8e7aad in 639.7022 ms
2025-06-24 17:43:02 [main] INFO  c.fspann.api.ForwardSecureANNSystem - Insert complete for id=cde76128-b29b-4334-a413-7afb408f6c10 in 642.4569 ms
2025-06-24 17:43:02 [main] INFO  c.fspann.api.ForwardSecureANNSystem - Insert complete for id=f18b0845-33fe-40aa-ba95-c03b239161a5 in 647.0852 ms
2025-06-24 17:43:03 [main] INFO  c.fspann.api.ForwardSecureANNSystem - Insert complete for id=25fe5165-ff4c-4c9e-b058-81f6b9510853 in 641.7782 ms
2025-06-24 17:43:04 [main] INFO  c.fspann.api.ForwardSecureANNSystem - Insert complete for id=214b9db1-c0a0-45de-b19f-bd9f14d7b19d in 639.0317 ms
2025-06-24 17:43:04 [main] INFO  c.fspann.api.ForwardSecureANNSystem - Insert complete for id=cea22aff-e33a-4eb9-8a9e-9127fd2a1668 in 647.2 ms
2025-06-24 17:43:05 [main] INFO  c.fspann.api.ForwardSecureANNSystem - Insert complete for id=6ee34e2d-3b39-4b94-9024-8551de0d4970 in 642.4673 ms
2025-06-24 17:43:06 [main] INFO  c.fspann.api.ForwardSecureANNSystem - Insert complete for id=f07201af-70b4-4794-adb9-49d30f1e1745 in 648.4352 ms
2025-06-24 17:43:06 [main] INFO  c.fspann.api.ForwardSecureANNSystem - Insert complete for id=48115476-45dc-4909-bc17-784c22c9d0b2 in 639.3398 ms
2025-06-24 17:43:07 [main] INFO  c.fspann.api.ForwardSecureANNSystem - Insert complete for id=d0815e06-b52f-4a57-9504-2083c389a0ff in 655.2602 ms
2025-06-24 17:43:07 [main] INFO  c.fspann.api.ForwardSecureANNSystem - Insert complete for id=4a5c9662-e4ba-4caf-a6d4-b522105004b3 in 649.6576 ms
2025-06-24 17:43:08 [main] INFO  c.fspann.api.ForwardSecureANNSystem - Insert complete for id=c1f14de1-c277-48a2-b175-f5522c2c96b8 in 641.6837 ms
2025-06-24 17:43:09 [main] INFO  c.fspann.api.ForwardSecureANNSystem - Insert complete for id=9ef70a5b-9c3a-4ded-9977-0d465a7d7705 in 637.7766 ms
2025-06-24 17:43:09 [main] INFO  c.fspann.api.ForwardSecureANNSystem - Insert complete for id=ea2fea6f-6c8c-4755-aa2d-f5db50833f84 in 646.1369 ms
2025-06-24 17:43:10 [main] INFO  c.fspann.api.ForwardSecureANNSystem - Insert complete for id=7a9135b5-0f9d-4b2c-922c-9cb6d337baf9 in 642.5853 ms
2025-06-24 17:43:11 [main] INFO  c.fspann.api.ForwardSecureANNSystem - Insert complete for id=51ee85ad-f3d3-4a68-b924-7c8c54fc9503 in 647.1136 ms
2025-06-24 17:43:11 [main] INFO  c.fspann.api.ForwardSecureANNSystem - Insert complete for id=11ef48cf-bc1d-41db-8332-bd02aa556167 in 638.1463 ms
2025-06-24 17:43:12 [main] INFO  c.fspann.api.ForwardSecureANNSystem - Insert complete for id=a9431252-4855-4e4f-a99b-6f6487caee5f in 646.9262 ms
2025-06-24 17:43:13 [main] INFO  c.fspann.api.ForwardSecureANNSystem - Insert complete for id=097cba4b-18b4-4bb8-a025-593ccdf8d5ea in 645.8741 ms
2025-06-24 17:43:13 [main] INFO  c.fspann.api.ForwardSecureANNSystem - Insert complete for id=84b1e6cd-0bcd-44d8-9863-f12a4c67dc30 in 642.3666 ms
2025-06-24 17:43:14 [main] INFO  c.fspann.api.ForwardSecureANNSystem - Insert complete for id=1318f4a9-e836-4cdb-9f23-5468379acb72 in 647.3973 ms
2025-06-24 17:43:15 [main] INFO  c.fspann.api.ForwardSecureANNSystem - Insert complete for id=539f8db1-83db-4064-9693-532531832385 in 655.5099 ms
2025-06-24 17:43:15 [main] INFO  c.fspann.api.ForwardSecureANNSystem - Insert complete for id=9d83f775-ec70-49cb-8a72-e6d7fa64f067 in 639.2106 ms
2025-06-24 17:43:16 [main] INFO  c.fspann.api.ForwardSecureANNSystem - Insert complete for id=403a7905-07e6-46ee-b85b-61288867d20b in 654.7345 ms
2025-06-24 17:43:17 [main] INFO  c.fspann.api.ForwardSecureANNSystem - Insert complete for id=1927e5d8-e67a-4f87-aa19-7a61bfdae47d in 667.0447 ms
2025-06-24 17:43:17 [main] INFO  c.fspann.api.ForwardSecureANNSystem - Insert complete for id=e92a4048-19d3-4bc4-b592-afdffee240f8 in 643.2449 ms
2025-06-24 17:43:18 [main] INFO  c.fspann.api.ForwardSecureANNSystem - Insert complete for id=77b0327b-1acd-4d48-879e-12ec9906bcd7 in 652.1027 ms
2025-06-24 17:43:18 [main] INFO  c.fspann.api.ForwardSecureANNSystem - Insert complete for id=532da4a1-92ce-4009-b8fd-59e6259cf60e in 654.8314 ms
2025-06-24 17:43:19 [main] INFO  c.fspann.api.ForwardSecureANNSystem - Insert complete for id=cf232b2b-eae6-4e96-b91e-c5cd2dfe828d in 656.2576 ms
2025-06-24 17:43:20 [main] INFO  c.fspann.api.ForwardSecureANNSystem - Insert complete for id=bc470409-c258-4fd3-99e7-a763bfb0d33b in 653.5221 ms
2025-06-24 17:43:20 [main] INFO  c.fspann.api.ForwardSecureANNSystem - Insert complete for id=af4749f5-7cdc-448f-9704-b681f84bade2 in 645.076 ms
2025-06-24 17:43:21 [main] INFO  c.fspann.api.ForwardSecureANNSystem - Insert complete for id=94edff36-b670-43d2-9172-8c1fc10fae7a in 644.7818 ms
2025-06-24 17:43:22 [main] INFO  c.fspann.api.ForwardSecureANNSystem - Insert complete for id=d22b460d-bb6c-4b86-9a71-82711438b2d9 in 649.8568 ms
2025-06-24 17:43:22 [main] INFO  c.fspann.api.ForwardSecureANNSystem - Insert complete for id=11eab6d9-a37f-494f-b98e-7f0a77d6332c in 650.464 ms
2025-06-24 17:43:23 [main] INFO  c.fspann.api.ForwardSecureANNSystem - Insert complete for id=69578ec7-e273-477f-9b4c-b439aa5fe341 in 655.1946 ms
2025-06-24 17:43:24 [main] INFO  c.fspann.api.ForwardSecureANNSystem - Insert complete for id=5b7ca3d9-cb6b-48ff-b526-494e58ff79c8 in 650.5798 ms
2025-06-24 17:43:24 [main] INFO  c.fspann.api.ForwardSecureANNSystem - Insert complete for id=e7c47927-e94c-4474-bb6c-967c0cf287a0 in 658.8967 ms
2025-06-24 17:43:25 [main] INFO  c.fspann.api.ForwardSecureANNSystem - Insert complete for id=4cfb3b0d-d84b-4c7d-9e09-be020ea52dfd in 647.2465 ms
2025-06-24 17:43:26 [main] INFO  c.fspann.api.ForwardSecureANNSystem - Insert complete for id=67fc619d-eaef-4568-b30a-937947002798 in 651.4911 ms
2025-06-24 17:43:26 [main] INFO  c.fspann.api.ForwardSecureANNSystem - Insert complete for id=9e625962-fad5-4990-b70e-566865263be7 in 646.1369 ms
2025-06-24 17:43:27 [main] INFO  c.fspann.api.ForwardSecureANNSystem - Insert complete for id=153487d4-bfec-4a9d-8ce9-58b555f6d7c4 in 674.0105 ms
2025-06-24 17:43:28 [main] INFO  c.fspann.api.ForwardSecureANNSystem - Insert complete for id=fe62c482-0283-44a1-aee8-b5bcfe35d356 in 659.4451 ms
2025-06-24 17:43:28 [main] INFO  c.fspann.api.ForwardSecureANNSystem - Insert complete for id=9cc2b846-0235-437d-b0b8-1745e9cb79ac in 649.7886 ms
2025-06-24 17:43:29 [main] INFO  c.fspann.api.ForwardSecureANNSystem - Insert complete for id=8c7eb88b-b65c-4f55-ba1b-4a3e9b60c6e0 in 649.2133 ms
2025-06-24 17:43:30 [main] INFO  c.fspann.api.ForwardSecureANNSystem - Insert complete for id=e17d1abf-672a-4073-8d9f-d2c0af93fb1c in 661.2143 ms
2025-06-24 17:43:30 [main] INFO  c.fspann.api.ForwardSecureANNSystem - Insert complete for id=6a5d02f8-55ad-416e-864b-b8009bb1df7d in 645.4572 ms
2025-06-24 17:43:31 [main] INFO  c.fspann.api.ForwardSecureANNSystem - Insert complete for id=06f2212e-79d5-49bb-bdd3-fab0e0ed877d in 659.1289 ms
2025-06-24 17:43:32 [main] INFO  c.fspann.api.ForwardSecureANNSystem - Insert complete for id=97985065-ce12-48f0-a19d-21a0dd90d842 in 639.4915 ms
2025-06-24 17:43:32 [main] INFO  c.fspann.api.ForwardSecureANNSystem - Insert complete for id=36c82a59-b7e7-4327-a520-4a1cdc27ff2e in 646.5883 ms
2025-06-24 17:43:33 [main] INFO  c.fspann.api.ForwardSecureANNSystem - Insert complete for id=bdd9957d-42d4-457b-831d-6191d10fa284 in 652.1037 ms
2025-06-24 17:43:33 [main] INFO  c.fspann.api.ForwardSecureANNSystem - Insert complete for id=7f6efa2c-7e53-4c3c-bca6-0841424cac27 in 649.4228 ms
2025-06-24 17:43:34 [main] INFO  c.fspann.api.ForwardSecureANNSystem - Insert complete for id=879aa5ca-e0ec-46dd-bd91-7be05d67a894 in 650.5253 ms
2025-06-24 17:43:35 [main] INFO  c.fspann.api.ForwardSecureANNSystem - Insert complete for id=1cdd5549-7458-4ed0-87a5-02ffb5a5ac7d in 656.8267 ms
2025-06-24 17:43:35 [main] INFO  c.fspann.api.ForwardSecureANNSystem - Insert complete for id=c338b3ed-fc92-495d-8714-c1861cc88e41 in 660.4836 ms
2025-06-24 17:43:36 [main] INFO  c.fspann.api.ForwardSecureANNSystem - Insert complete for id=f4474e36-6189-4335-99ba-c82a417ab233 in 654.7996 ms
2025-06-24 17:43:37 [main] INFO  c.fspann.api.ForwardSecureANNSystem - Insert complete for id=3d97fb0b-5d25-41ee-bead-1c8569dcbc55 in 649.2198 ms
2025-06-24 17:43:37 [main] INFO  c.fspann.api.ForwardSecureANNSystem - Insert complete for id=f556fcc3-5b58-40d4-97ff-46b9f3d8a0c5 in 656.3575 ms
2025-06-24 17:43:38 [main] INFO  c.fspann.api.ForwardSecureANNSystem - Insert complete for id=55682128-9720-4dd4-b89b-22945a9c53b4 in 651.8538 ms
2025-06-24 17:43:39 [main] INFO  c.fspann.api.ForwardSecureANNSystem - Insert complete for id=9af1a724-9b0f-4da5-a14d-e0ae26c8c332 in 654.9995 ms
2025-06-24 17:43:39 [main] INFO  c.fspann.api.ForwardSecureANNSystem - Insert complete for id=5b11d72a-db38-435d-b466-ea6d7bceeca4 in 663.045 ms
2025-06-24 17:43:40 [main] INFO  c.fspann.api.ForwardSecureANNSystem - Insert complete for id=3208ca8e-0e7d-4c28-ad32-270b99cad08e in 648.0253 ms
2025-06-24 17:43:41 [main] INFO  c.fspann.api.ForwardSecureANNSystem - Insert complete for id=65042200-6dc8-4015-b338-6b0e38f874fc in 657.1988 ms
2025-06-24 17:43:41 [main] INFO  c.fspann.api.ForwardSecureANNSystem - Insert complete for id=ed567755-e234-474c-abcb-2ed7fae451ae in 660.086 ms
2025-06-24 17:43:42 [main] INFO  c.fspann.api.ForwardSecureANNSystem - Insert complete for id=74a007b3-ea7f-486d-a8ca-296e380d9925 in 661.3193 ms
2025-06-24 17:43:43 [main] INFO  c.fspann.api.ForwardSecureANNSystem - Insert complete for id=42e9698d-0b75-481e-a8cc-3d7c452dcb68 in 651.7529 ms
2025-06-24 17:43:43 [main] INFO  c.fspann.api.ForwardSecureANNSystem - Insert complete for id=d9f4f8d2-025e-4b19-b8f3-2f85cc7a0e01 in 666.7783 ms
2025-06-24 17:43:44 [main] INFO  c.fspann.api.ForwardSecureANNSystem - Insert complete for id=af459cae-7bb8-47b2-9a70-e124aa58ff6f in 651.9573 ms
2025-06-24 17:43:45 [main] INFO  c.fspann.api.ForwardSecureANNSystem - Insert complete for id=29c49923-f161-460c-b370-4b45ebdceb81 in 658.2297 ms
2025-06-24 17:43:45 [main] INFO  c.fspann.api.ForwardSecureANNSystem - Insert complete for id=469e0160-5e42-45d7-bcd9-afbea32787be in 659.0629 ms
2025-06-24 17:43:46 [main] INFO  c.fspann.api.ForwardSecureANNSystem - Insert complete for id=9960ed3d-33ad-4f61-b631-adedab276638 in 658.0726 ms
2025-06-24 17:43:47 [main] INFO  c.fspann.api.ForwardSecureANNSystem - Insert complete for id=29efbc01-3d35-411f-9c49-4c7bc4e0619a in 653.8529 ms
2025-06-24 17:43:47 [main] INFO  c.fspann.api.ForwardSecureANNSystem - Insert complete for id=5f2a12bc-151e-4f55-985a-0a4cb2025ed0 in 655.5011 ms
2025-06-24 17:43:48 [main] INFO  c.fspann.api.ForwardSecureANNSystem - Insert complete for id=db080e3d-54d2-4bd4-8b03-682b6984c45e in 647.3512 ms
2025-06-24 17:43:49 [main] INFO  c.fspann.api.ForwardSecureANNSystem - Insert complete for id=cd3d58e3-6601-4d96-881d-cb2892aa6b4a in 669.4885 ms
2025-06-24 17:43:49 [main] INFO  c.fspann.api.ForwardSecureANNSystem - Insert complete for id=0517d269-e316-4250-9cb2-35bcd24eacfc in 642.5015 ms
2025-06-24 17:43:50 [main] INFO  c.fspann.api.ForwardSecureANNSystem - Insert complete for id=1758565a-42b3-4260-b541-81228c2597f2 in 649.0576 ms
2025-06-24 17:43:51 [main] INFO  c.fspann.api.ForwardSecureANNSystem - Insert complete for id=c285f3ec-6c70-4fe5-956f-c0245c4b46ba in 653.6788 ms
2025-06-24 17:43:51 [main] INFO  c.fspann.api.ForwardSecureANNSystem - Insert complete for id=7c76be91-6019-45d6-a6a8-6ceed93f77f4 in 659.2505 ms
2025-06-24 17:43:52 [main] INFO  c.fspann.api.ForwardSecureANNSystem - Insert complete for id=13b818d3-6741-417f-8dde-5c1c4300e8d6 in 649.8525 ms
2025-06-24 17:43:53 [main] INFO  c.fspann.api.ForwardSecureANNSystem - Insert complete for id=2bd8ce03-6d61-43c7-86fb-f6bb8e8fa433 in 665.907 ms
2025-06-24 17:43:53 [main] INFO  c.fspann.api.ForwardSecureANNSystem - Insert complete for id=b38a6c0b-63b6-4dd5-8ebf-d741b4ffddae in 662.9206 ms
2025-06-24 17:43:54 [main] INFO  c.fspann.api.ForwardSecureANNSystem - Insert complete for id=d9147fd8-c2d6-400c-af70-6b7ced707e3c in 664.8281 ms
2025-06-24 17:43:54 [main] INFO  c.fspann.api.ForwardSecureANNSystem - Insert complete for id=d06888cf-fcd9-4caa-95c5-30c6e7079c28 in 651.4685 ms
2025-06-24 17:43:55 [main] INFO  c.fspann.api.ForwardSecureANNSystem - Insert complete for id=1fff6551-f72a-4eb9-be3f-2b12f24061b7 in 660.2479 ms
2025-06-24 17:43:56 [main] INFO  c.fspann.api.ForwardSecureANNSystem - Insert complete for id=0c574412-ba71-45c9-b2cf-da8d8770c589 in 658.7571 ms
2025-06-24 17:43:56 [main] INFO  c.fspann.api.ForwardSecureANNSystem - Insert complete for id=74f533fe-d3d6-498d-a0de-06043bb5b0f0 in 660.2515 ms
2025-06-24 17:43:57 [main] INFO  c.fspann.api.ForwardSecureANNSystem - Insert complete for id=627380e9-b5bc-4bcc-b670-a5de1b00e22b in 655.1964 ms
2025-06-24 17:43:58 [main] INFO  c.fspann.api.ForwardSecureANNSystem - Insert complete for id=982cfe8c-3016-491b-aa33-c1ae1837f513 in 656.6655 ms
2025-06-24 17:43:58 [main] INFO  c.fspann.api.ForwardSecureANNSystem - Insert complete for id=52c2a590-f354-404c-9031-23c4336f8386 in 661.8134 ms
2025-06-24 17:43:59 [main] INFO  c.fspann.api.ForwardSecureANNSystem - Insert complete for id=8d9031fe-5e3a-456d-b31b-a442cc4ecf12 in 650.4592 ms
2025-06-24 17:44:00 [main] INFO  c.fspann.api.ForwardSecureANNSystem - Insert complete for id=3e45b6f5-2412-4f8b-a34b-86ecd1f65ef1 in 672.2509 ms
2025-06-24 17:44:00 [main] INFO  c.fspann.api.ForwardSecureANNSystem - Insert complete for id=3d38a335-48ed-4b56-8e71-6d5f84cbd6f8 in 664.6965 ms
2025-06-24 17:44:01 [main] INFO  c.fspann.api.ForwardSecureANNSystem - Insert complete for id=c15ae896-c9ea-4614-a9e0-57418125f039 in 652.1438 ms
2025-06-24 17:44:02 [main] INFO  c.fspann.api.ForwardSecureANNSystem - Insert complete for id=01362144-31d7-4ffe-809f-a491e9025ef8 in 650.7322 ms
2025-06-24 17:44:02 [main] INFO  c.fspann.api.ForwardSecureANNSystem - Insert complete for id=2f93ca4e-9c58-40c8-ab78-c73bc68ff4e2 in 654.0939 ms
2025-06-24 17:44:03 [main] INFO  c.fspann.api.ForwardSecureANNSystem - Insert complete for id=28b91056-d9b3-43bb-9336-41167e43d946 in 662.7475 ms
2025-06-24 17:44:04 [main] INFO  c.fspann.api.ForwardSecureANNSystem - Insert complete for id=80179193-07ff-4c64-8a61-4dfe5b61768b in 659.1341 ms
2025-06-24 17:44:04 [main] INFO  c.fspann.api.ForwardSecureANNSystem - Insert complete for id=6c399cba-8942-4916-becf-071bc9ca0eb6 in 649.435 ms
2025-06-24 17:44:05 [main] INFO  c.fspann.api.ForwardSecureANNSystem - Insert complete for id=af33cf7b-f13b-4bcf-967b-17f84ac5f9c0 in 649.5353 ms
2025-06-24 17:44:06 [main] INFO  c.fspann.api.ForwardSecureANNSystem - Insert complete for id=4dfc78cd-b864-4dc8-99ea-1023be17749e in 651.5723 ms
2025-06-24 17:44:06 [main] INFO  c.fspann.api.ForwardSecureANNSystem - Insert complete for id=431212bd-56f7-4a58-9cbe-bb12f8460ecb in 653.1987 ms
2025-06-24 17:44:07 [main] INFO  c.fspann.api.ForwardSecureANNSystem - Insert complete for id=6f1b45a9-65ff-431d-a06d-34d485ad1298 in 660.0966 ms
2025-06-24 17:44:08 [main] INFO  c.fspann.api.ForwardSecureANNSystem - Insert complete for id=c4e985a6-62cd-4c85-b7f4-63aa0387e149 in 653.151 ms
2025-06-24 17:44:08 [main] INFO  c.fspann.api.ForwardSecureANNSystem - Insert complete for id=f755dec0-8edb-414a-85cb-bfe3cf1a6e3c in 649.3364 ms
2025-06-24 17:44:09 [main] INFO  c.fspann.api.ForwardSecureANNSystem - Insert complete for id=2639e679-00b9-47e5-90a3-2a1ea5d83b61 in 654.0445 ms
2025-06-24 17:44:10 [main] INFO  c.fspann.api.ForwardSecureANNSystem - Insert complete for id=eb48c344-20dc-4597-9a00-42c3e3abd38c in 651.5404 ms
2025-06-24 17:44:10 [main] INFO  c.fspann.api.ForwardSecureANNSystem - Insert complete for id=9a1e2d05-041e-4979-a015-cd94d36d97b0 in 647.3532 ms
2025-06-24 17:44:11 [main] INFO  c.fspann.api.ForwardSecureANNSystem - Insert complete for id=d4dd4a2b-0aeb-418c-a195-b9d8c9b9a697 in 654.9348 ms
2025-06-24 17:44:12 [main] INFO  c.fspann.api.ForwardSecureANNSystem - Insert complete for id=7b653609-9478-4cc9-9da2-812acecbe961 in 660.2142 ms
2025-06-24 17:44:12 [main] INFO  c.fspann.api.ForwardSecureANNSystem - Insert complete for id=2f96f7e9-36c2-4ed9-8c62-71b40d00fdb1 in 656.1403 ms
2025-06-24 17:44:13 [main] INFO  c.fspann.api.ForwardSecureANNSystem - Insert complete for id=2eed08df-2402-4a9e-b2e8-a20a3022ab85 in 654.6445 ms
2025-06-24 17:44:14 [main] INFO  c.fspann.api.ForwardSecureANNSystem - Insert complete for id=e652af75-ce4c-4eff-bb5e-4e3666ac1c05 in 654.1801 ms
2025-06-24 17:44:14 [main] INFO  c.fspann.api.ForwardSecureANNSystem - Insert complete for id=a5f99b92-5635-42be-9197-605af1926dde in 642.192 ms
2025-06-24 17:44:15 [main] INFO  c.fspann.api.ForwardSecureANNSystem - Insert complete for id=e9366d90-1247-4535-b1b0-d416a1791989 in 660.2531 ms
2025-06-24 17:44:15 [main] INFO  c.fspann.api.ForwardSecureANNSystem - Insert complete for id=4b3c35cc-f414-4bfc-b357-48c46551a633 in 654.7458 ms
2025-06-24 17:44:16 [main] INFO  c.fspann.api.ForwardSecureANNSystem - Insert complete for id=080c01a3-c478-40d5-a30f-08684ad232e2 in 653.9548 ms
2025-06-24 17:44:17 [main] INFO  c.fspann.api.ForwardSecureANNSystem - Insert complete for id=5b96a328-c48e-42f7-87a9-2ea1d24205ac in 648.4684 ms
2025-06-24 17:44:17 [main] INFO  c.fspann.api.ForwardSecureANNSystem - Insert complete for id=d13ae18b-2808-4995-92dc-66ac641ee8ea in 654.4296 ms
2025-06-24 17:44:18 [main] INFO  c.fspann.api.ForwardSecureANNSystem - Insert complete for id=766ebc05-84e6-4d85-a5c3-3e0094724c2e in 648.2082 ms
2025-06-24 17:44:19 [main] INFO  c.fspann.api.ForwardSecureANNSystem - Insert complete for id=e40b6bf2-5dc2-4f09-bbb2-3e3af8c61529 in 652.6504 ms
2025-06-24 17:44:19 [main] INFO  c.fspann.api.ForwardSecureANNSystem - Insert complete for id=3a2d75ea-91cf-4b69-995d-e0b7f0e20359 in 655.7723 ms
2025-06-24 17:44:20 [main] INFO  c.fspann.api.ForwardSecureANNSystem - Insert complete for id=c900d348-e0cb-4797-9f26-67ab84267b02 in 660.6104 ms
2025-06-24 17:44:21 [main] INFO  c.fspann.api.ForwardSecureANNSystem - Insert complete for id=729cc2ad-3c57-4ad7-8dd1-0141375660e4 in 639.5721 ms
2025-06-24 17:44:21 [main] INFO  c.fspann.api.ForwardSecureANNSystem - Insert complete for id=d0ec1f41-d0b9-45d6-af78-bcc56624cd54 in 645.7674 ms
2025-06-24 17:44:22 [main] INFO  c.fspann.api.ForwardSecureANNSystem - Insert complete for id=c8eb3b00-80d4-41e5-9c82-d8059c1347ec in 647.7766 ms
2025-06-24 17:44:23 [main] INFO  c.fspann.api.ForwardSecureANNSystem - Insert complete for id=6aadd4f5-50a9-4077-aa60-15f757b61711 in 640.8169 ms
2025-06-24 17:44:23 [main] INFO  c.fspann.api.ForwardSecureANNSystem - Insert complete for id=67ab37d1-2edd-4506-a82e-7e4e96c4b435 in 656.015 ms
2025-06-24 17:44:24 [main] INFO  c.fspann.api.ForwardSecureANNSystem - Insert complete for id=8a31fcbf-39d1-4822-bbe1-15d916e8b3d9 in 657.5036 ms
2025-06-24 17:44:25 [main] INFO  c.fspann.api.ForwardSecureANNSystem - Insert complete for id=ab7add68-2e24-4e40-8d24-cba9dd9b74bc in 654.0076 ms
2025-06-24 17:44:25 [main] INFO  c.fspann.api.ForwardSecureANNSystem - Insert complete for id=6153563c-55c6-4dd2-8740-468b4b930cbf in 660.0151 ms
2025-06-24 17:44:26 [main] INFO  c.fspann.api.ForwardSecureANNSystem - Insert complete for id=91bd1c80-bad8-424d-aece-e32c2b3b27af in 656.9974 ms
2025-06-24 17:44:27 [main] INFO  c.fspann.api.ForwardSecureANNSystem - Insert complete for id=74453ac4-8fa3-4470-8f7a-8491a425a311 in 653.2594 ms
2025-06-24 17:44:27 [main] INFO  c.fspann.api.ForwardSecureANNSystem - Insert complete for id=59b895be-7402-4fc0-90c4-64764a5a356c in 643.5086 ms
2025-06-24 17:44:28 [main] INFO  c.fspann.api.ForwardSecureANNSystem - Insert complete for id=fa12fc19-4c1e-4583-8f35-301bef2477dc in 652.7447 ms
2025-06-24 17:44:29 [main] INFO  c.fspann.api.ForwardSecureANNSystem - Insert complete for id=e23bb291-2711-4c96-9807-7e1f9a8964a1 in 650.6073 ms
2025-06-24 17:44:29 [main] INFO  c.fspann.api.ForwardSecureANNSystem - Insert complete for id=94fba555-d7a3-41a5-9f62-a09472a07974 in 647.2425 ms
2025-06-24 17:44:30 [main] INFO  c.fspann.api.ForwardSecureANNSystem - Insert complete for id=a6662342-8172-4d93-ac91-cb72993eb744 in 651.7193 ms
2025-06-24 17:44:30 [main] INFO  c.fspann.api.ForwardSecureANNSystem - Insert complete for id=538756fb-a1c4-4e31-96fc-60d698e4ae85 in 644.489 ms
2025-06-24 17:44:31 [main] INFO  c.fspann.api.ForwardSecureANNSystem - Insert complete for id=d46cd4cd-2412-4fec-9660-bf7732f31895 in 650.6957 ms
2025-06-24 17:44:32 [main] INFO  c.fspann.api.ForwardSecureANNSystem - Insert complete for id=c5515e89-28a1-4618-a0a8-8bfa8e51c026 in 650.5425 ms
2025-06-24 17:44:32 [main] INFO  c.fspann.api.ForwardSecureANNSystem - Insert complete for id=55cfe59b-3f12-48e5-a6fc-28eb5cfe5147 in 650.4259 ms
2025-06-24 17:44:33 [main] INFO  c.fspann.api.ForwardSecureANNSystem - Insert complete for id=1855a70f-a77e-4ef9-ba7b-fa2322b637a5 in 652.5218 ms
2025-06-24 17:44:34 [main] INFO  c.fspann.api.ForwardSecureANNSystem - Insert complete for id=835dc1de-2978-4576-b048-5d802dbb45c4 in 654.379 ms
2025-06-24 17:44:34 [main] INFO  c.fspann.api.ForwardSecureANNSystem - Insert complete for id=e140f356-e0e1-47b6-9af4-ebda7b3dc582 in 651.6102 ms
2025-06-24 17:44:35 [main] INFO  c.fspann.api.ForwardSecureANNSystem - Insert complete for id=6be70ea0-36cb-45a6-bcb1-88b1613f3632 in 654.9723 ms
2025-06-24 17:44:36 [main] INFO  c.fspann.api.ForwardSecureANNSystem - Insert complete for id=d34ccd59-aae7-43aa-bdd6-dda9e6bb8748 in 648.3275 ms
2025-06-24 17:44:36 [main] INFO  c.fspann.api.ForwardSecureANNSystem - Insert complete for id=ac9fdc3a-5ab6-4298-9e4f-4b1aea22d1a0 in 650.6576 ms
2025-06-24 17:44:37 [main] INFO  c.fspann.api.ForwardSecureANNSystem - Insert complete for id=e82b451b-bd05-4c97-8586-106c2c0b40c4 in 653.8806 ms
2025-06-24 17:44:38 [main] INFO  c.fspann.api.ForwardSecureANNSystem - Insert complete for id=61372bdc-2d9a-4330-a56f-10cd64667881 in 653.5112 ms
2025-06-24 17:44:38 [main] INFO  c.fspann.api.ForwardSecureANNSystem - Insert complete for id=125c0007-e2fa-4baf-922c-0eb7eb5fc516 in 649.8074 ms
2025-06-24 17:44:39 [main] INFO  c.fspann.api.ForwardSecureANNSystem - Insert complete for id=03dfafa1-af01-45cd-a61b-f75ddf108273 in 648.4445 ms
2025-06-24 17:44:40 [main] INFO  c.fspann.api.ForwardSecureANNSystem - Insert complete for id=6342def7-c482-45f5-95de-4295e21da90f in 647.2815 ms
2025-06-24 17:44:40 [main] INFO  c.fspann.api.ForwardSecureANNSystem - Insert complete for id=e367a2a7-5904-4206-b028-d32862162209 in 655.129 ms
2025-06-24 17:44:41 [main] INFO  c.fspann.api.ForwardSecureANNSystem - Insert complete for id=18f36ffa-b15e-4e75-bde2-0087d46af0e7 in 651.2847 ms
2025-06-24 17:44:42 [main] INFO  c.fspann.api.ForwardSecureANNSystem - Insert complete for id=30e457eb-ebbc-4a43-8704-abf22f39bde2 in 660.9455 ms
2025-06-24 17:44:42 [main] INFO  c.fspann.api.ForwardSecureANNSystem - Insert complete for id=f9043e9d-9b02-4c58-8514-e5c87bb58a82 in 646.5831 ms
2025-06-24 17:44:43 [main] INFO  c.fspann.api.ForwardSecureANNSystem - Insert complete for id=55572f63-e591-4dc0-b1d9-95e890cf4817 in 653.85 ms
2025-06-24 17:44:43 [main] INFO  c.fspann.api.ForwardSecureANNSystem - Insert complete for id=cd7126bf-9721-4627-9c09-fed2336fe8ce in 659.5802 ms
2025-06-24 17:44:44 [main] INFO  c.fspann.api.ForwardSecureANNSystem - Insert complete for id=3c6c734e-64d9-427f-90c3-459e720e280f in 655.653 ms
2025-06-24 17:44:45 [main] INFO  c.fspann.api.ForwardSecureANNSystem - Insert complete for id=28d7e3ce-2543-4922-90e8-1aecc82ba784 in 648.6685 ms
2025-06-24 17:44:45 [main] INFO  c.fspann.api.ForwardSecureANNSystem - Insert complete for id=2d000dd4-a1a4-4a9f-a263-78580428d86f in 639.7193 ms
2025-06-24 17:44:46 [main] INFO  c.fspann.api.ForwardSecureANNSystem - Insert complete for id=17b2ae1d-e9f7-4a6c-88a6-257b438a8c71 in 643.4366 ms
2025-06-24 17:44:47 [main] INFO  c.fspann.api.ForwardSecureANNSystem - Insert complete for id=7b659a7e-8c07-4845-a860-198656087af4 in 643.3519 ms
2025-06-24 17:44:47 [main] INFO  c.fspann.api.ForwardSecureANNSystem - Insert complete for id=9b27f771-0059-499d-9dda-65b62018efec in 645.8936 ms
2025-06-24 17:44:48 [main] INFO  c.fspann.api.ForwardSecureANNSystem - Insert complete for id=70a18105-648a-40b6-ac3c-b6cf037557cf in 652.8412 ms
2025-06-24 17:44:49 [main] INFO  c.fspann.api.ForwardSecureANNSystem - Insert complete for id=f2f4fbbe-40d1-4452-af3c-7e41071022b4 in 650.4564 ms
2025-06-24 17:44:49 [main] INFO  c.fspann.api.ForwardSecureANNSystem - Insert complete for id=34eca5f7-194f-44a3-ab53-f3ded3ca5f2a in 658.3 ms
2025-06-24 17:44:50 [main] INFO  c.fspann.api.ForwardSecureANNSystem - Insert complete for id=6defafae-f5aa-4248-8263-cd7d145e2554 in 645.842 ms
2025-06-24 17:44:51 [main] INFO  c.fspann.api.ForwardSecureANNSystem - Insert complete for id=faa19470-15cf-4cb5-b973-9b7c3a1c7476 in 646.481 ms
2025-06-24 17:44:51 [main] INFO  c.fspann.api.ForwardSecureANNSystem - Insert complete for id=8588eafb-c5f1-4014-81d1-2f19b43cb950 in 647.9005 ms
2025-06-24 17:44:52 [main] INFO  c.fspann.api.ForwardSecureANNSystem - Insert complete for id=814c615d-4cda-4b83-9eca-936477b22319 in 660.1671 ms
2025-06-24 17:44:53 [main] INFO  c.fspann.api.ForwardSecureANNSystem - Insert complete for id=158bf3c5-738d-4e58-b6d8-4e91fa95f005 in 661.8593 ms
2025-06-24 17:44:53 [main] INFO  c.fspann.api.ForwardSecureANNSystem - Insert complete for id=ae31f872-2b8a-4eef-a2df-f14b98211fbc in 651.441 ms
2025-06-24 17:44:54 [main] INFO  c.fspann.api.ForwardSecureANNSystem - Insert complete for id=8ff2169a-48a4-452b-a5b6-ee2217dafd36 in 659.9766 ms
2025-06-24 17:44:55 [main] INFO  c.fspann.api.ForwardSecureANNSystem - Insert complete for id=4ffc7cb4-1d0d-4603-988a-4a3dff0379b1 in 654.1097 ms
2025-06-24 17:44:55 [main] INFO  c.fspann.api.ForwardSecureANNSystem - Insert complete for id=9ab07766-78e9-4565-9472-f081758d3970 in 645.2648 ms
2025-06-24 17:44:56 [main] INFO  c.fspann.api.ForwardSecureANNSystem - Insert complete for id=b2878cb9-d156-43b8-bba2-409af28d35b7 in 651.2054 ms
2025-06-24 17:44:57 [main] INFO  c.fspann.api.ForwardSecureANNSystem - Insert complete for id=258e76c4-9c33-412e-8bb3-43822bd09e0d in 657.8678 ms
2025-06-24 17:44:57 [main] INFO  c.fspann.api.ForwardSecureANNSystem - Insert complete for id=98584d27-5c88-49e6-b264-f446a94009ab in 647.8392 ms
2025-06-24 17:44:58 [main] INFO  c.fspann.api.ForwardSecureANNSystem - Insert complete for id=92552e88-b1a6-4105-9890-f285932c472d in 646.2 ms
2025-06-24 17:44:58 [main] INFO  c.fspann.api.ForwardSecureANNSystem - Insert complete for id=85dcb474-4c5a-4b92-a17e-e37ed6e5c186 in 647.6544 ms
2025-06-24 17:44:59 [main] INFO  c.fspann.api.ForwardSecureANNSystem - Insert complete for id=92acd160-0574-4164-9cad-fe934cda255f in 651.7252 ms
2025-06-24 17:45:00 [main] INFO  c.fspann.api.ForwardSecureANNSystem - Insert complete for id=b0b3ee42-03e0-435b-82c8-b5c18b112254 in 657.2067 ms
2025-06-24 17:45:00 [main] INFO  c.fspann.api.ForwardSecureANNSystem - Insert complete for id=346a3d78-f71e-4041-b014-5851ed2ab064 in 653.2653 ms
2025-06-24 17:45:01 [main] INFO  c.fspann.api.ForwardSecureANNSystem - Insert complete for id=eeb53613-a180-432a-a3b6-9eab587aea42 in 648.8952 ms
2025-06-24 17:45:02 [main] INFO  c.fspann.api.ForwardSecureANNSystem - Insert complete for id=b082574b-9f0e-4841-916e-b765860321fb in 659.6799 ms
2025-06-24 17:45:02 [main] INFO  c.fspann.api.ForwardSecureANNSystem - Insert complete for id=f1176716-0fca-4d11-8778-2fe3a69c57cf in 645.8304 ms
2025-06-24 17:45:03 [main] INFO  c.fspann.api.ForwardSecureANNSystem - Insert complete for id=a3268656-9c87-4e4a-8cab-7adef3e731a4 in 645.1797 ms
2025-06-24 17:45:04 [main] INFO  c.fspann.api.ForwardSecureANNSystem - Insert complete for id=44b9ef31-7f5d-47e7-b25b-7366f7427b2e in 653.5215 ms
2025-06-24 17:45:04 [main] INFO  c.fspann.api.ForwardSecureANNSystem - Insert complete for id=6eb4ae65-9508-47bf-98ba-5744b3cb5cb0 in 660.7084 ms
2025-06-24 17:45:05 [main] INFO  c.fspann.api.ForwardSecureANNSystem - Insert complete for id=1ca74cbc-3d91-4224-bc94-8c26a626bbd3 in 652.6353 ms
2025-06-24 17:45:06 [main] INFO  c.fspann.api.ForwardSecureANNSystem - Insert complete for id=fd5f9cac-7469-4955-a8d1-4d564523eee4 in 645.4336 ms
2025-06-24 17:45:06 [main] INFO  c.fspann.api.ForwardSecureANNSystem - Insert complete for id=1101a7b7-8bb4-490e-a465-48aa11a91a2c in 656.7701 ms
2025-06-24 17:45:07 [main] INFO  c.fspann.api.ForwardSecureANNSystem - Insert complete for id=07417ca4-1eae-44ac-9868-7578715a854e in 650.4416 ms
2025-06-24 17:45:08 [main] INFO  c.fspann.api.ForwardSecureANNSystem - Insert complete for id=2b91d131-75b0-4e9b-ba92-c026015e7436 in 650.2958 ms
2025-06-24 17:45:08 [main] INFO  c.fspann.api.ForwardSecureANNSystem - Insert complete for id=22b694d1-2b99-489b-a3a0-0bd3401ce801 in 655.2002 ms
2025-06-24 17:45:09 [main] INFO  c.fspann.api.ForwardSecureANNSystem - Insert complete for id=a17d9c00-23fa-4f2f-a6df-e05cb7a5f12a in 661.276 ms
2025-06-24 17:45:10 [main] INFO  c.fspann.api.ForwardSecureANNSystem - Insert complete for id=0843849a-6e61-4ab9-9b27-d45114cfb9ca in 655.5769 ms
2025-06-24 17:45:10 [main] INFO  c.fspann.api.ForwardSecureANNSystem - Insert complete for id=b8ea3dac-ee33-4648-bb28-0773a505ccd4 in 651.8168 ms
2025-06-24 17:45:11 [main] INFO  c.fspann.api.ForwardSecureANNSystem - Insert complete for id=f45043ea-b9ce-47d4-9dd8-11e1af5d5991 in 647.5622 ms
2025-06-24 17:45:12 [main] INFO  c.fspann.api.ForwardSecureANNSystem - Insert complete for id=f4d52492-a8d2-4754-8773-a9745a3a8225 in 651.6743 ms
2025-06-24 17:45:12 [main] INFO  c.fspann.api.ForwardSecureANNSystem - Insert complete for id=74d043e5-517a-4c4a-bcfa-118e803d9122 in 652.5706 ms
2025-06-24 17:45:13 [main] INFO  c.fspann.api.ForwardSecureANNSystem - Insert complete for id=9b894778-1491-49bc-a70c-a58f36069d8c in 658.7373 ms
2025-06-24 17:45:13 [main] INFO  c.fspann.api.ForwardSecureANNSystem - Insert complete for id=1478e885-929b-4d8d-be10-bf0a6174006a in 663.0193 ms
2025-06-24 17:45:14 [main] INFO  c.fspann.api.ForwardSecureANNSystem - Insert complete for id=ca77e7e8-2c82-4f44-8153-de9ab34c542f in 666.3091 ms
2025-06-24 17:45:15 [main] INFO  c.fspann.api.ForwardSecureANNSystem - Insert complete for id=8199aa58-9d78-46ea-83de-9da10e04087c in 667.9713 ms
2025-06-24 17:45:15 [main] INFO  c.fspann.api.ForwardSecureANNSystem - Insert complete for id=c3d2ebe9-bd2c-49e0-bfa6-81ef2b8057fc in 661.3422 ms
2025-06-24 17:45:16 [main] INFO  c.fspann.api.ForwardSecureANNSystem - Insert complete for id=9af88850-1efa-469a-bf9b-cd35b1a506fd in 669.2686 ms
2025-06-24 17:45:17 [main] INFO  c.fspann.api.ForwardSecureANNSystem - Insert complete for id=f64f3b6b-bb15-4965-84c9-ede2ac3ded3a in 724.8628 ms
2025-06-24 17:45:18 [main] INFO  c.fspann.api.ForwardSecureANNSystem - Insert complete for id=1b15d166-9c42-4866-a18a-1fe6748b656c in 732.1057 ms
2025-06-24 17:45:18 [main] INFO  c.fspann.api.ForwardSecureANNSystem - Insert complete for id=f331bf70-cc2a-42c9-bcce-eb22d5de5be5 in 741.511 ms
2025-06-24 17:45:19 [main] INFO  c.fspann.api.ForwardSecureANNSystem - Insert complete for id=3f039456-2979-4044-8a89-739a5e7d8815 in 686.2316 ms
2025-06-24 17:45:20 [main] INFO  c.fspann.api.ForwardSecureANNSystem - Insert complete for id=386a3cf4-502d-4526-826b-7915398b0ce2 in 660.5619 ms
2025-06-24 17:45:20 [main] INFO  c.fspann.api.ForwardSecureANNSystem - Insert complete for id=4dea36ed-52d2-4f7b-a099-99159b9b88e7 in 680.2595 ms
2025-06-24 17:45:21 [main] INFO  c.fspann.api.ForwardSecureANNSystem - Insert complete for id=3fdad450-8c63-4679-8594-73007d23dcca in 674.9016 ms
2025-06-24 17:45:22 [main] INFO  c.fspann.api.ForwardSecureANNSystem - Insert complete for id=d800ed71-a018-4929-94d6-6d53a1fb5547 in 837.167 ms
2025-06-24 17:45:23 [main] INFO  c.fspann.api.ForwardSecureANNSystem - Insert complete for id=5db1e6af-1247-4bf8-9aaf-f7923d55ad68 in 739.1078 ms
2025-06-24 17:45:23 [main] INFO  c.fspann.api.ForwardSecureANNSystem - Insert complete for id=a70143bf-b52e-456a-93c5-6dbb53e2dbb0 in 707.1255 ms
2025-06-24 17:45:24 [main] INFO  c.fspann.api.ForwardSecureANNSystem - Insert complete for id=652f8c08-d55b-4c97-9d99-85e6b235ab9f in 767.6678 ms
2025-06-24 17:45:25 [main] INFO  c.fspann.api.ForwardSecureANNSystem - Insert complete for id=c5c5ad97-a80b-461c-8cfa-e3a25423f738 in 689.3612 ms
2025-06-24 17:45:26 [main] INFO  c.fspann.api.ForwardSecureANNSystem - Insert complete for id=1570e2f7-e513-4f52-b363-3c232ab260eb in 715.2752 ms
2025-06-24 17:45:26 [main] INFO  c.fspann.api.ForwardSecureANNSystem - Insert complete for id=17c53cdd-4156-43ea-ac6f-197fb0500d74 in 679.7418 ms
2025-06-24 17:45:27 [main] INFO  c.fspann.api.ForwardSecureANNSystem - Insert complete for id=74d0e101-8aee-4cf0-b2da-a57aa7e3be02 in 682.0961 ms
2025-06-24 17:45:28 [main] INFO  c.fspann.api.ForwardSecureANNSystem - Insert complete for id=7eb712b1-6312-46cd-9ef3-5aace9246a7b in 697.7881 ms
2025-06-24 17:45:28 [main] INFO  c.fspann.api.ForwardSecureANNSystem - Insert complete for id=bf61de57-4062-4415-ae8e-46aea0a820cb in 698.1245 ms
2025-06-24 17:45:29 [main] INFO  c.fspann.api.ForwardSecureANNSystem - Insert complete for id=d43eccf7-2ab2-455b-a482-2109c901de9a in 772.4166 ms
2025-06-24 17:45:30 [main] INFO  c.fspann.api.ForwardSecureANNSystem - Insert complete for id=fe2a0cb3-e2d9-421e-a0dc-495f1aff7772 in 875.4246 ms
2025-06-24 17:45:31 [main] INFO  c.fspann.api.ForwardSecureANNSystem - Insert complete for id=5eabb531-f0eb-46c8-987b-9d56fd993249 in 920.3256 ms
2025-06-24 17:45:32 [main] INFO  c.fspann.api.ForwardSecureANNSystem - Insert complete for id=62c909e4-bbc1-4322-9271-e6551b252b0b in 841.4771 ms
2025-06-24 17:45:33 [main] INFO  c.fspann.api.ForwardSecureANNSystem - Insert complete for id=0feb6822-b24d-470a-b748-1bfe32d0a795 in 1024.1886 ms
2025-06-24 17:45:34 [main] INFO  c.fspann.api.ForwardSecureANNSystem - Insert complete for id=8cfd7ef4-ffa2-445a-b7ad-d859017c74b0 in 885.8694 ms
2025-06-24 17:45:34 [main] INFO  c.fspann.api.ForwardSecureANNSystem - Insert complete for id=08e8e828-e4a9-4246-89ac-ea02a256cb5f in 792.4357 ms
2025-06-24 17:45:35 [main] INFO  c.fspann.api.ForwardSecureANNSystem - Insert complete for id=2d688da0-c90e-4673-b4c2-67d58c043aa4 in 861.6307 ms
2025-06-24 17:45:36 [main] INFO  c.fspann.api.ForwardSecureANNSystem - Insert complete for id=a75dbe4d-bdc0-4ae6-a761-9be83b8c9e00 in 888.3558 ms
2025-06-24 17:45:37 [main] INFO  c.fspann.api.ForwardSecureANNSystem - Insert complete for id=736edd03-f596-497a-afed-09d4af8b9d56 in 916.7746 ms
2025-06-24 17:45:38 [main] INFO  c.fspann.api.ForwardSecureANNSystem - Insert complete for id=10ad3d20-2f75-4a93-a6ec-da92e049daf6 in 839.9813 ms
2025-06-24 17:45:39 [main] INFO  c.fspann.api.ForwardSecureANNSystem - Insert complete for id=ed7d5f73-fdca-434f-b609-49755f32bc18 in 807.4379 ms
2025-06-24 17:45:40 [main] INFO  c.fspann.api.ForwardSecureANNSystem - Insert complete for id=c2247bf2-0dc3-4e2c-a056-af7c831e73ec in 807.543 ms
2025-06-24 17:45:40 [main] INFO  c.fspann.api.ForwardSecureANNSystem - Insert complete for id=b910cb4d-6d7e-4e13-b894-8741c70d9934 in 851.7317 ms
2025-06-24 17:45:41 [main] INFO  c.fspann.api.ForwardSecureANNSystem - Insert complete for id=e3174b00-0e6d-40e0-bc35-ada29bf23197 in 870.9673 ms
2025-06-24 17:45:42 [main] INFO  c.fspann.api.ForwardSecureANNSystem - Insert complete for id=dd595111-5098-45a3-9cbf-e009a8dd4036 in 848.8485 ms
2025-06-24 17:45:43 [main] INFO  c.fspann.api.ForwardSecureANNSystem - Insert complete for id=39eec71a-e3a0-4621-b3ac-a8969243144b in 879.6914 ms
2025-06-24 17:45:44 [main] INFO  c.fspann.api.ForwardSecureANNSystem - Insert complete for id=4f098e7d-4dd8-4c1c-bb84-547c84fec9c2 in 887.5803 ms
2025-06-24 17:45:45 [main] INFO  c.fspann.api.ForwardSecureANNSystem - Insert complete for id=f111a976-5f3d-47b2-8394-5e83c08ba542 in 826.8431 ms
2025-06-24 17:45:45 [main] INFO  c.fspann.api.ForwardSecureANNSystem - Insert complete for id=364cc37d-2bb9-4d87-a1a6-a941032aeda7 in 811.1258 ms
2025-06-24 17:45:46 [main] INFO  c.fspann.api.ForwardSecureANNSystem - Insert complete for id=0c787993-8395-4371-a3a6-9f3de494fbfe in 915.5534 ms
2025-06-24 17:45:47 [main] INFO  c.fspann.api.ForwardSecureANNSystem - Insert complete for id=d04efa30-2bdf-4ea5-84fe-578d44a0748e in 919.6348 ms
2025-06-24 17:45:48 [main] INFO  c.fspann.api.ForwardSecureANNSystem - Insert complete for id=2b7c9748-c905-4d71-9514-1f34f668cdea in 858.2054 ms
2025-06-24 17:45:49 [main] INFO  c.fspann.api.ForwardSecureANNSystem - Insert complete for id=92f67105-2462-457f-b74d-228de7575fad in 816.9752 ms
2025-06-24 17:45:50 [main] INFO  c.fspann.api.ForwardSecureANNSystem - Insert complete for id=325bec49-7596-408a-8431-f28bb9be0aea in 742.0948 ms
2025-06-24 17:45:51 [main] INFO  c.fspann.api.ForwardSecureANNSystem - Insert complete for id=002ddc54-86df-456b-a42c-5b53e12d1b67 in 821.3474 ms
2025-06-24 17:45:51 [main] INFO  c.fspann.api.ForwardSecureANNSystem - Insert complete for id=65f591b7-e148-4cab-8a3c-044883288ea9 in 862.7449 ms
2025-06-24 17:45:52 [main] INFO  c.fspann.api.ForwardSecureANNSystem - Insert complete for id=315576fc-061f-4193-b91f-a4bd64994e7c in 898.5222 ms
2025-06-24 17:45:53 [main] INFO  c.fspann.api.ForwardSecureANNSystem - Insert complete for id=b39e57fb-440e-49e6-af35-d2c71f8840ab in 873.0944 ms
2025-06-24 17:45:54 [main] INFO  c.fspann.api.ForwardSecureANNSystem - Insert complete for id=2d84c7e9-3c7b-431c-90d0-fa53a916ff6b in 855.1165 ms
2025-06-24 17:45:55 [main] INFO  c.fspann.api.ForwardSecureANNSystem - Insert complete for id=9aa04449-e25a-4dbf-80b9-44da5d0cc457 in 978.7816 ms
2025-06-24 17:45:56 [main] INFO  c.fspann.api.ForwardSecureANNSystem - Insert complete for id=08661366-8062-4147-ab94-0516df6f87ec in 836.3467 ms
2025-06-24 17:45:57 [main] INFO  c.fspann.api.ForwardSecureANNSystem - Insert complete for id=aec60829-8fd7-401c-8a76-97395f0dd5f1 in 900.5358 ms
2025-06-24 17:45:58 [main] INFO  c.fspann.api.ForwardSecureANNSystem - Insert complete for id=8e8a50d2-3c46-4a55-917a-8a524f0e8b26 in 866.6817 ms
2025-06-24 17:45:58 [main] INFO  c.fspann.api.ForwardSecureANNSystem - Insert complete for id=510b6685-32cf-45b9-8198-a8357062ede5 in 829.0736 ms
2025-06-24 17:46:00 [main] INFO  c.fspann.api.ForwardSecureANNSystem - Insert complete for id=224b6d30-aa67-4ed9-9910-054d9d7a8b5a in 1060.0213 ms
2025-06-24 17:46:01 [main] INFO  c.fspann.api.ForwardSecureANNSystem - Insert complete for id=2859ff57-9199-4394-9757-ad705dbc7052 in 987.3537 ms
2025-06-24 17:46:01 [main] INFO  c.fspann.api.ForwardSecureANNSystem - Insert complete for id=af13da58-1e2d-440d-a047-45ddbdcc97e7 in 880.1162 ms
2025-06-24 17:46:02 [main] INFO  c.fspann.api.ForwardSecureANNSystem - Insert complete for id=7e7794a5-e1aa-462b-ba17-affec3327808 in 953.1 ms
2025-06-24 17:46:03 [main] INFO  c.fspann.api.ForwardSecureANNSystem - Insert complete for id=dd925989-4375-4009-bfa2-a8b1b62ff69b in 838.5498 ms
2025-06-24 17:46:04 [main] INFO  c.fspann.api.ForwardSecureANNSystem - Insert complete for id=2b631161-7c08-449c-bd61-6476823dbfbd in 1059.459 ms
2025-06-24 17:46:05 [main] INFO  c.fspann.api.ForwardSecureANNSystem - Insert complete for id=2f96343a-58f3-4ee2-8323-8a71543ad732 in 975.7203 ms
2025-06-24 17:46:06 [main] INFO  c.fspann.api.ForwardSecureANNSystem - Insert complete for id=fc9d213b-8576-4134-8e98-c445c40888af in 899.9855 ms
2025-06-24 17:46:07 [main] INFO  c.fspann.api.ForwardSecureANNSystem - Insert complete for id=e503d426-0264-4ca6-9f7a-47b4da153af6 in 899.0133 ms
2025-06-24 17:46:08 [main] INFO  c.fspann.api.ForwardSecureANNSystem - Insert complete for id=f93c9dce-5814-4f9d-b53c-4ccd8e859e0b in 919.9543 ms
2025-06-24 17:46:09 [main] INFO  c.fspann.api.ForwardSecureANNSystem - Insert complete for id=a472097b-f9fa-4f2d-b421-06f8b2e899a6 in 929.6292 ms
2025-06-24 17:46:10 [main] INFO  c.fspann.api.ForwardSecureANNSystem - Insert complete for id=43e74292-d484-4cfe-b112-2dd9fafc0a35 in 874.8416 ms
2025-06-24 17:46:11 [main] INFO  c.fspann.api.ForwardSecureANNSystem - Insert complete for id=486a5345-4872-4ac2-8b08-035b421d748f in 977.1549 ms
2025-06-24 17:46:12 [main] INFO  c.fspann.api.ForwardSecureANNSystem - Insert complete for id=68dee844-fdbf-4e5c-a568-f127eff6fe90 in 847.8707 ms
2025-06-24 17:46:12 [main] INFO  c.fspann.api.ForwardSecureANNSystem - Insert complete for id=5e45fbbb-47cf-4ac8-9b79-da9f9027e869 in 879.9232 ms
2025-06-24 17:46:13 [main] INFO  c.fspann.api.ForwardSecureANNSystem - Insert complete for id=4ceb5691-ca41-4868-89c9-35f4e44ca8e4 in 871.357 ms
2025-06-24 17:46:14 [main] INFO  c.fspann.api.ForwardSecureANNSystem - Insert complete for id=d203885d-cbe7-4fd1-ae57-6d30a8dabe79 in 914.4191 ms
2025-06-24 17:46:15 [main] INFO  c.fspann.api.ForwardSecureANNSystem - Insert complete for id=cd8ef2fe-f1ef-485e-9f77-c152660aa82b in 906.9892 ms
2025-06-24 17:46:16 [main] INFO  c.fspann.api.ForwardSecureANNSystem - Insert complete for id=5e5e902d-1151-4ac1-b107-08f8c7d399e7 in 913.1467 ms
2025-06-24 17:46:17 [main] INFO  c.fspann.api.ForwardSecureANNSystem - Insert complete for id=4ac6191c-d0ee-4832-bf51-e9654fc3e9f0 in 943.4566 ms
2025-06-24 17:46:18 [main] INFO  c.fspann.api.ForwardSecureANNSystem - Insert complete for id=9f910f5e-24c9-4877-9ca1-28aca50bb222 in 834.7561 ms
2025-06-24 17:46:19 [main] INFO  c.fspann.api.ForwardSecureANNSystem - Insert complete for id=5ac81295-6dca-43d8-984c-e828475abcfd in 815.8984 ms
2025-06-24 17:46:19 [main] INFO  c.fspann.api.ForwardSecureANNSystem - Insert complete for id=8a07adf1-3c33-448d-829f-c41e30585251 in 851.2087 ms
2025-06-24 17:46:20 [main] INFO  c.fspann.api.ForwardSecureANNSystem - Insert complete for id=3d186f51-5df8-483c-840b-53f267ea454c in 826.3008 ms
2025-06-24 17:46:21 [main] INFO  c.fspann.api.ForwardSecureANNSystem - Insert complete for id=df741dc3-d8c3-44ac-890f-c58983f0b2a8 in 920.4331 ms
2025-06-24 17:46:22 [main] INFO  c.fspann.api.ForwardSecureANNSystem - Insert complete for id=8bc5415d-fa6a-4367-9b81-e1dfc0151451 in 853.5719 ms
2025-06-24 17:46:23 [main] INFO  c.fspann.api.ForwardSecureANNSystem - Insert complete for id=fe1bc48d-b6a9-4aa9-af4b-0351b5a257cb in 757.3181 ms
2025-06-24 17:46:24 [main] INFO  c.fspann.api.ForwardSecureANNSystem - Insert complete for id=ef347533-a384-4168-8ab9-5a30fe5792cd in 854.2654 ms
2025-06-24 17:46:25 [main] INFO  c.fspann.api.ForwardSecureANNSystem - Insert complete for id=9d596efb-6418-445c-81e0-4087a6fa0cf4 in 868.2418 ms
2025-06-24 17:46:25 [main] INFO  c.fspann.api.ForwardSecureANNSystem - Insert complete for id=26ad06f4-fbbe-4604-8a57-f0473ccc9519 in 829.4351 ms
2025-06-24 17:46:27 [main] INFO  c.fspann.api.ForwardSecureANNSystem - Insert complete for id=53d5475b-a967-44fd-9b87-dbfd73658fed in 1099.2536 ms
2025-06-24 17:46:27 [main] INFO  c.fspann.api.ForwardSecureANNSystem - Insert complete for id=d71ae1fd-123f-41ea-81d8-db3fc4bd5793 in 966.6847 ms
2025-06-24 17:46:28 [main] INFO  c.fspann.api.ForwardSecureANNSystem - Insert complete for id=90c6e423-84bd-4bed-96c0-e1c288e73a20 in 959.1198 ms
2025-06-24 17:46:29 [main] INFO  c.fspann.api.ForwardSecureANNSystem - Insert complete for id=e1d139e8-5652-4ca6-ac15-149bba35d823 in 812.581 ms
2025-06-24 17:46:30 [main] INFO  c.fspann.api.ForwardSecureANNSystem - Insert complete for id=ae671ac1-f0ff-4471-8032-96111a18f77c in 888.6663 ms
2025-06-24 17:46:31 [main] INFO  c.fspann.api.ForwardSecureANNSystem - Insert complete for id=537e126d-6360-4b37-83ec-0faeff19ef4c in 939.3053 ms
2025-06-24 17:46:32 [main] INFO  c.fspann.api.ForwardSecureANNSystem - Insert complete for id=4fe819b2-6e3d-45d1-90cb-6399b489fd94 in 928.2956 ms
2025-06-24 17:46:33 [main] INFO  c.fspann.api.ForwardSecureANNSystem - Insert complete for id=6bc2f821-0651-4d25-86a9-1a8b9799c40c in 953.9234 ms
2025-06-24 17:46:34 [main] INFO  c.fspann.api.ForwardSecureANNSystem - Insert complete for id=f761812b-27b1-469c-8a82-91dfba36ed15 in 845.7362 ms
2025-06-24 17:46:35 [main] INFO  c.fspann.api.ForwardSecureANNSystem - Insert complete for id=c7d3c182-f271-45e3-8047-f3063d208297 in 882.4025 ms
2025-06-24 17:46:36 [main] INFO  c.fspann.api.ForwardSecureANNSystem - Insert complete for id=654fe879-99aa-4af6-87be-a23610b11b4a in 919.7772 ms
2025-06-24 17:46:36 [main] INFO  c.fspann.api.ForwardSecureANNSystem - Insert complete for id=1d9cf953-1c6e-425b-80a0-392983bf9962 in 867.4397 ms
2025-06-24 17:46:37 [main] INFO  c.fspann.api.ForwardSecureANNSystem - Insert complete for id=1725d8ba-7640-4eb8-8dc3-71ac5cea0303 in 852.7423 ms
2025-06-24 17:46:38 [main] INFO  c.fspann.api.ForwardSecureANNSystem - Insert complete for id=8c8ef513-d01b-4df4-922e-282795727cf6 in 894.4534 ms
2025-06-24 17:46:39 [main] INFO  c.fspann.api.ForwardSecureANNSystem - Insert complete for id=88f9fd76-3f31-4970-be68-d941250f3ab1 in 858.9576 ms
2025-06-24 17:46:40 [main] INFO  c.fspann.api.ForwardSecureANNSystem - Insert complete for id=ddf893a7-e2cb-43d3-9260-c61a7c3a21a4 in 901.3663 ms
2025-06-24 17:46:41 [main] INFO  c.fspann.api.ForwardSecureANNSystem - Insert complete for id=1e0effaf-c14f-4975-b1d4-31afb8b4e8d5 in 795.5737 ms
2025-06-24 17:46:42 [main] INFO  c.fspann.api.ForwardSecureANNSystem - Insert complete for id=3ce81dfb-cd7a-4dfb-8d0c-2236e4a7beb9 in 827.4007 ms
2025-06-24 17:46:42 [main] INFO  c.fspann.api.ForwardSecureANNSystem - Insert complete for id=584b8182-7277-4bee-9449-abfd935d4a55 in 827.9535 ms
2025-06-24 17:46:43 [main] INFO  c.fspann.api.ForwardSecureANNSystem - Insert complete for id=0a2dd509-a272-486c-bb1e-584ca00ce0f2 in 837.5065 ms
2025-06-24 17:46:44 [main] INFO  c.fspann.api.ForwardSecureANNSystem - Insert complete for id=e5e3d19d-8378-4942-a71f-59f86273e363 in 811.4283 ms
2025-06-24 17:46:45 [main] INFO  c.fspann.api.ForwardSecureANNSystem - Insert complete for id=ef590dcb-8243-4e6b-9169-9db1b1316e26 in 809.5934 ms
2025-06-24 17:46:46 [main] INFO  c.fspann.api.ForwardSecureANNSystem - Insert complete for id=146379dc-eb6e-4282-9704-c387c7a78790 in 834.2034 ms
2025-06-24 17:46:47 [main] INFO  c.fspann.api.ForwardSecureANNSystem - Insert complete for id=590335aa-2471-4450-846a-1bbbe6f7e8c2 in 827.3476 ms
2025-06-24 17:46:48 [main] INFO  c.fspann.api.ForwardSecureANNSystem - Insert complete for id=05c7494a-712a-46d2-a5e4-28770ac7b731 in 1001.4877 ms
2025-06-24 17:46:48 [main] INFO  c.fspann.api.ForwardSecureANNSystem - Insert complete for id=98870009-77ad-4fab-937a-f9c2be162dec in 830.6531 ms
2025-06-24 17:46:49 [main] INFO  c.fspann.api.ForwardSecureANNSystem - Insert complete for id=4e2b4638-50b0-4c59-9fb1-66f1c73338a9 in 917.2332 ms
2025-06-24 17:46:50 [main] INFO  c.fspann.api.ForwardSecureANNSystem - Insert complete for id=614e6385-796e-4bb8-be44-ebffc16ae1b5 in 911.9951 ms
2025-06-24 17:46:51 [main] INFO  c.fspann.api.ForwardSecureANNSystem - Insert complete for id=4bf7f001-745f-4d9a-8ac0-2b594ae98621 in 895.7375 ms
2025-06-24 17:46:52 [main] INFO  c.fspann.api.ForwardSecureANNSystem - Insert complete for id=8bbf747c-e7fe-41bd-977f-f16f4e39597f in 869.8183 ms
2025-06-24 17:46:53 [main] INFO  c.fspann.api.ForwardSecureANNSystem - Insert complete for id=358e6ee0-357d-4b2a-90fa-2d8970b9b3e0 in 857.1385 ms
2025-06-24 17:46:54 [main] INFO  c.fspann.api.ForwardSecureANNSystem - Insert complete for id=2258d400-3810-4990-ae52-cc21244f5a11 in 834.4865 ms
2025-06-24 17:46:55 [main] INFO  c.fspann.api.ForwardSecureANNSystem - Insert complete for id=82d10f3a-1868-4ced-b6d8-6d82a2f4f3d8 in 866.3238 ms
2025-06-24 17:46:55 [main] INFO  c.fspann.api.ForwardSecureANNSystem - Insert complete for id=90e993af-12be-4b1c-821e-d18742d3808a in 838.0549 ms
2025-06-24 17:46:56 [main] INFO  c.fspann.api.ForwardSecureANNSystem - Insert complete for id=9793faf2-c401-4b5b-9f89-8f616f844b1a in 859.7776 ms
2025-06-24 17:46:57 [main] INFO  c.fspann.api.ForwardSecureANNSystem - Insert complete for id=6b02f29d-72f3-4676-b2bb-edbfca58a59f in 852.1503 ms
2025-06-24 17:46:58 [main] INFO  c.fspann.api.ForwardSecureANNSystem - Insert complete for id=a1f7be1d-624e-485d-8b44-b8c883572f7b in 851.246 ms
2025-06-24 17:46:59 [main] INFO  c.fspann.api.ForwardSecureANNSystem - Insert complete for id=5c5008c2-f8f5-43e1-9e82-86d6ca375601 in 846.9998 ms
2025-06-24 17:47:00 [main] INFO  c.fspann.api.ForwardSecureANNSystem - Insert complete for id=a75c209d-d439-4630-8c50-e1f3294a9662 in 829.4294 ms
2025-06-24 17:47:01 [main] INFO  c.fspann.api.ForwardSecureANNSystem - Insert complete for id=7ae04990-f564-4d07-8336-936d843c9256 in 890.8803 ms
2025-06-24 17:47:01 [main] INFO  c.fspann.api.ForwardSecureANNSystem - Insert complete for id=14410159-5eaa-4792-b1b1-d3b8129ce91b in 838.4475 ms
2025-06-24 17:47:02 [main] INFO  c.fspann.api.ForwardSecureANNSystem - Insert complete for id=11a00d5f-9cd2-4646-ae06-65a6666034cf in 865.4986 ms
2025-06-24 17:47:03 [main] INFO  c.fspann.api.ForwardSecureANNSystem - Insert complete for id=4fb2cd61-f92d-4138-8238-25d5c34bf4e4 in 890.8927 ms
2025-06-24 17:47:04 [main] INFO  c.fspann.api.ForwardSecureANNSystem - Insert complete for id=049f854d-d1cf-4ecf-88fd-368637a64ee4 in 830.1876 ms
2025-06-24 17:47:05 [main] INFO  c.fspann.api.ForwardSecureANNSystem - Insert complete for id=713cb364-7450-43da-bdb6-76621b78fb88 in 807.4893 ms
2025-06-24 17:47:06 [main] INFO  c.fspann.api.ForwardSecureANNSystem - Insert complete for id=1880046c-5249-4910-96a1-9fa0c53251ce in 813.1326 ms
2025-06-24 17:47:06 [main] INFO  c.fspann.api.ForwardSecureANNSystem - Insert complete for id=818bf2f3-711f-452f-8209-ce2a3297c436 in 841.4354 ms
2025-06-24 17:47:07 [main] INFO  c.fspann.api.ForwardSecureANNSystem - Insert complete for id=1279fc89-5d95-4279-98bf-4b332521fb29 in 831.142 ms
2025-06-24 17:47:08 [main] INFO  c.fspann.api.ForwardSecureANNSystem - Insert complete for id=0fd87ccc-1095-4fd7-9d18-faaf91f2d897 in 847.7515 ms
2025-06-24 17:47:09 [main] INFO  c.fspann.api.ForwardSecureANNSystem - Insert complete for id=0d9b59ef-e5f9-4223-b4e3-432fdd5d5917 in 840.5348 ms
2025-06-24 17:47:10 [main] INFO  c.fspann.api.ForwardSecureANNSystem - Insert complete for id=7df58d5d-8025-4b3c-9090-38de834e9381 in 838.5786 ms
2025-06-24 17:47:11 [main] INFO  c.fspann.api.ForwardSecureANNSystem - Insert complete for id=d93fe1d2-c55c-418e-be52-4a5028405bd4 in 955.5579 ms
2025-06-24 17:47:12 [main] INFO  c.fspann.api.ForwardSecureANNSystem - Insert complete for id=372c56dc-f9b0-4cbf-a1a5-597c464f5ffe in 859.5694 ms
2025-06-24 17:47:12 [main] INFO  c.fspann.api.ForwardSecureANNSystem - Insert complete for id=6c5d1ff6-5df4-45d4-b0d8-44073039a98d in 836.907 ms
2025-06-24 17:47:13 [main] INFO  c.fspann.api.ForwardSecureANNSystem - Insert complete for id=a31dea49-4e72-4a7a-9923-525a38fb71f2 in 855.8094 ms
2025-06-24 17:47:14 [main] INFO  c.fspann.api.ForwardSecureANNSystem - Insert complete for id=deb91ad3-0ca0-4c6d-8766-80190e2ddab6 in 845.8551 ms
2025-06-24 17:47:15 [main] INFO  c.fspann.api.ForwardSecureANNSystem - Insert complete for id=35110a42-b9d3-4d00-9b19-bd61d3c1c1f3 in 900.9828 ms
2025-06-24 17:47:16 [main] INFO  c.fspann.api.ForwardSecureANNSystem - Insert complete for id=52e58110-88ac-4dce-94e4-e3bfeaeae691 in 844.2744 ms
2025-06-24 17:47:17 [main] INFO  c.fspann.api.ForwardSecureANNSystem - Insert complete for id=e7ca094f-104e-41b9-a7cf-0771b9daa331 in 858.7568 ms
2025-06-24 17:47:18 [main] INFO  c.fspann.api.ForwardSecureANNSystem - Insert complete for id=93b596cd-79c1-4f06-aa98-e0244c85b073 in 888.1244 ms
2025-06-24 17:47:19 [main] INFO  c.fspann.api.ForwardSecureANNSystem - Insert complete for id=d7a866cd-7e1c-4363-90d3-145c66f152c7 in 909.8884 ms
2025-06-24 17:47:19 [main] INFO  c.fspann.api.ForwardSecureANNSystem - Insert complete for id=4527934c-7141-4525-ba21-d500ab941d9d in 910.4188 ms
2025-06-24 17:47:20 [main] INFO  c.fspann.api.ForwardSecureANNSystem - Insert complete for id=7020dde9-cad6-4b17-9e23-86128047cb71 in 884.4319 ms
2025-06-24 17:47:21 [main] INFO  c.fspann.api.ForwardSecureANNSystem - Insert complete for id=a06c84e3-c342-46ba-b1ad-6cab5e24f330 in 867.9585 ms
2025-06-24 17:47:22 [main] INFO  c.fspann.api.ForwardSecureANNSystem - Insert complete for id=10369b1a-5292-4f4b-a44d-a7c2349ca5e0 in 797.4685 ms
2025-06-24 17:47:23 [main] INFO  c.fspann.api.ForwardSecureANNSystem - Insert complete for id=ff254375-b87c-4a30-9cf0-969d20dddeb2 in 938.193 ms
2025-06-24 17:47:24 [main] INFO  c.fspann.api.ForwardSecureANNSystem - Insert complete for id=1c93e543-688b-4676-b7e7-78b75a7170d1 in 922.404 ms
2025-06-24 17:47:25 [main] INFO  c.fspann.api.ForwardSecureANNSystem - Insert complete for id=4db1e95d-58cf-4730-b1f7-8c28928db773 in 864.0315 ms
2025-06-24 17:47:26 [main] INFO  c.fspann.api.ForwardSecureANNSystem - Insert complete for id=17f44ac7-8988-40a2-bc77-c2d73cef94f7 in 820.8066 ms
2025-06-24 17:47:26 [main] INFO  c.fspann.api.ForwardSecureANNSystem - Insert complete for id=c9095346-490c-4ad6-b273-4d392a9e7dbb in 831.6394 ms
2025-06-24 17:47:27 [main] INFO  c.fspann.api.ForwardSecureANNSystem - Insert complete for id=aff111cf-5332-45b8-8039-baa146b01d50 in 872.2277 ms
2025-06-24 17:47:28 [main] INFO  c.fspann.api.ForwardSecureANNSystem - Insert complete for id=8873d5f5-c89f-4124-b411-aa449b2d7c1c in 850.1788 ms
2025-06-24 17:47:29 [main] INFO  c.fspann.api.ForwardSecureANNSystem - Insert complete for id=487a2ac3-b337-420b-a903-c44b3b5558a8 in 813.3561 ms
2025-06-24 17:47:30 [main] INFO  c.fspann.api.ForwardSecureANNSystem - Insert complete for id=d4d1457c-62c1-46ab-aff7-b4493c24a00a in 942.0676 ms
2025-06-24 17:47:31 [main] INFO  c.fspann.api.ForwardSecureANNSystem - Insert complete for id=63df1a65-9bdb-4556-a8c5-c1c2a36e03c2 in 903.6387 ms
2025-06-24 17:47:32 [main] INFO  c.fspann.api.ForwardSecureANNSystem - Insert complete for id=45b20a20-825c-452d-92ca-a28af0352999 in 870.2905 ms
2025-06-24 17:47:33 [main] INFO  c.fspann.api.ForwardSecureANNSystem - Insert complete for id=135eee33-c28d-4193-a60a-590bc35f5ff9 in 947.6614 ms
2025-06-24 17:47:33 [main] INFO  c.fspann.api.ForwardSecureANNSystem - Insert complete for id=044614df-3dcc-4eee-af37-fc72615ef238 in 837.9926 ms
2025-06-24 17:47:34 [main] INFO  c.fspann.api.ForwardSecureANNSystem - Insert complete for id=3655ad4c-3fa2-4d1e-a99a-b5b884561b4a in 861.5759 ms
2025-06-24 17:47:35 [main] INFO  c.fspann.api.ForwardSecureANNSystem - Insert complete for id=b9506efa-93eb-4465-a966-0e8a30c93bcd in 821.4441 ms
2025-06-24 17:47:36 [main] INFO  c.fspann.api.ForwardSecureANNSystem - Insert complete for id=d7825474-1a25-4a90-97e2-d9ee3230200e in 803.6728 ms
2025-06-24 17:47:37 [main] INFO  c.fspann.api.ForwardSecureANNSystem - Insert complete for id=8e779617-e0e0-4037-9f16-5d5643e3941e in 840.3803 ms
2025-06-24 17:47:38 [main] INFO  c.fspann.api.ForwardSecureANNSystem - Insert complete for id=ad204d9d-ffe8-4066-a6f9-aeaa347e4064 in 920.5758 ms
2025-06-24 17:47:38 [main] INFO  c.fspann.api.ForwardSecureANNSystem - Insert complete for id=412d0f4f-1d4d-4cc4-ab75-2d50eaa04370 in 808.9809 ms
2025-06-24 17:47:39 [main] INFO  c.fspann.api.ForwardSecureANNSystem - Insert complete for id=41fdb816-a9b1-417e-97b2-08cc725e9827 in 820.5676 ms
2025-06-24 17:47:40 [main] INFO  c.fspann.api.ForwardSecureANNSystem - Insert complete for id=869e8fc1-64dc-45b7-9c0b-eb26d932f683 in 851.9437 ms
2025-06-24 17:47:41 [main] INFO  c.fspann.api.ForwardSecureANNSystem - Insert complete for id=5278d5c7-fac7-490f-98a2-bc511929cecd in 867.5102 ms
2025-06-24 17:47:42 [main] INFO  c.fspann.api.ForwardSecureANNSystem - Insert complete for id=c8a890f2-dadf-4106-ba5f-feadd537f3a2 in 880.7221 ms
2025-06-24 17:47:43 [main] INFO  c.fspann.api.ForwardSecureANNSystem - Insert complete for id=13dc207c-b862-4779-9f8c-233eb37b8b7b in 783.4253 ms
2025-06-24 17:47:43 [main] INFO  c.fspann.api.ForwardSecureANNSystem - Insert complete for id=f61ef553-4de5-4078-b589-c919bddf1521 in 825.855 ms
2025-06-24 17:47:44 [main] INFO  c.fspann.api.ForwardSecureANNSystem - Insert complete for id=119f352a-cf77-4ffd-80aa-69f37a1d2f0f in 914.1553 ms
2025-06-24 17:47:45 [main] INFO  c.fspann.api.ForwardSecureANNSystem - Insert complete for id=5ca64e08-e63a-480b-82b6-1aed3913a8dd in 800.4043 ms
2025-06-24 17:47:46 [main] INFO  c.fspann.api.ForwardSecureANNSystem - Insert complete for id=6515e7c8-383f-4dde-aa5f-dc0f166f9dd9 in 850.5104 ms
2025-06-24 17:47:47 [main] INFO  c.fspann.api.ForwardSecureANNSystem - Insert complete for id=c0460dd6-39ff-4481-bb15-71431aaf3936 in 822.6094 ms
2025-06-24 17:47:48 [main] INFO  c.fspann.api.ForwardSecureANNSystem - Insert complete for id=baa412b9-d05a-48e7-91d5-22027d81920a in 932.7006 ms
2025-06-24 17:47:49 [main] INFO  c.fspann.api.ForwardSecureANNSystem - Insert complete for id=c5f0314f-7431-432a-ab4d-bfffcc69692c in 883.7231 ms
2025-06-24 17:47:49 [main] INFO  c.fspann.api.ForwardSecureANNSystem - Insert complete for id=640f0e27-f954-4a12-8923-218779cbcaf4 in 795.6902 ms
2025-06-24 17:47:50 [main] INFO  c.fspann.api.ForwardSecureANNSystem - Insert complete for id=86ed0537-c727-4337-b95a-4f8ac8a0f266 in 903.1414 ms
2025-06-24 17:47:51 [main] INFO  c.fspann.api.ForwardSecureANNSystem - Insert complete for id=4882ad59-1bed-4355-98c8-ee7243587b16 in 855.2545 ms
2025-06-24 17:47:52 [main] INFO  c.fspann.api.ForwardSecureANNSystem - Insert complete for id=1c4f0e5c-733d-416b-a58a-913dab5cd7af in 819.4443 ms
2025-06-24 17:47:53 [main] INFO  c.fspann.api.ForwardSecureANNSystem - Insert complete for id=8ffb9b1c-2440-49bf-b60c-6658fb50e4aa in 907.4507 ms
2025-06-24 17:47:54 [main] INFO  c.fspann.api.ForwardSecureANNSystem - Insert complete for id=512ac09b-1da1-48c8-a00d-2d9f97604447 in 855.7329 ms
2025-06-24 17:47:55 [main] INFO  c.fspann.api.ForwardSecureANNSystem - Insert complete for id=8866b454-9fcf-4e1b-95bc-0c7f90206af0 in 923.0408 ms
2025-06-24 17:47:56 [main] INFO  c.fspann.api.ForwardSecureANNSystem - Insert complete for id=b454332a-d938-4957-b414-4ec543444524 in 927.8905 ms
2025-06-24 17:47:57 [main] INFO  c.fspann.api.ForwardSecureANNSystem - Insert complete for id=dbcc0f15-830a-425a-9ac5-42ce34851954 in 837.7594 ms
2025-06-24 17:47:57 [main] INFO  c.fspann.api.ForwardSecureANNSystem - Insert complete for id=681c2a49-4e12-4c06-860e-f34dfa06ae9d in 877.1335 ms
2025-06-24 17:47:58 [main] INFO  c.fspann.api.ForwardSecureANNSystem - Insert complete for id=c6b90d6b-a373-49f9-b8d3-5575daa6ea05 in 902.4247 ms
2025-06-24 17:47:59 [main] INFO  c.fspann.api.ForwardSecureANNSystem - Insert complete for id=16bdd252-5888-4e55-b78b-f01a9e1c2613 in 858.4873 ms
2025-06-24 17:48:00 [main] INFO  c.fspann.api.ForwardSecureANNSystem - Insert complete for id=53c63048-c5f4-4d97-893f-83eed9d0cd69 in 896.4091 ms
2025-06-24 17:48:01 [main] INFO  c.fspann.api.ForwardSecureANNSystem - Insert complete for id=365b9aab-bfbe-461f-9cf6-4ad6825c6f00 in 937.2945 ms
2025-06-24 17:48:02 [main] INFO  c.fspann.api.ForwardSecureANNSystem - Insert complete for id=bf6c3b35-63f3-4252-bc25-298c0d13a618 in 821.4879 ms
2025-06-24 17:48:03 [main] INFO  c.fspann.api.ForwardSecureANNSystem - Insert complete for id=669b2b8f-a70e-4892-9055-b16a0497dafa in 940.1911 ms
2025-06-24 17:48:04 [main] INFO  c.fspann.api.ForwardSecureANNSystem - Insert complete for id=1624a6c0-9f5f-4fc0-9364-bbf8211a074b in 963.7141 ms
2025-06-24 17:48:05 [main] INFO  c.fspann.api.ForwardSecureANNSystem - Insert complete for id=a183c067-84b8-4918-a24b-c5e97219c736 in 966.4669 ms
2025-06-24 17:48:06 [main] INFO  c.fspann.api.ForwardSecureANNSystem - Insert complete for id=ccd0ea3e-89c6-4dcd-84eb-0efee511b693 in 863.1204 ms
2025-06-24 17:48:06 [main] INFO  c.fspann.api.ForwardSecureANNSystem - Insert complete for id=4a5b6a06-71af-4db6-999b-f7758a3718eb in 879.023 ms
2025-06-24 17:48:07 [main] INFO  c.fspann.api.ForwardSecureANNSystem - Insert complete for id=b13d2713-7337-4ccf-8d9f-623be8507c36 in 874.3397 ms
2025-06-24 17:48:08 [main] INFO  c.fspann.api.ForwardSecureANNSystem - Insert complete for id=4e34d28b-9bba-46e1-9e11-32a6221d3276 in 848.4499 ms
2025-06-24 17:48:09 [main] INFO  c.fspann.api.ForwardSecureANNSystem - Insert complete for id=1201d205-a901-47bc-98be-07da118de461 in 822.9503 ms
2025-06-24 17:48:10 [main] INFO  c.fspann.api.ForwardSecureANNSystem - Insert complete for id=34389985-567f-4505-9817-db6ce8a77075 in 828.7581 ms
2025-06-24 17:48:11 [main] INFO  c.fspann.api.ForwardSecureANNSystem - Insert complete for id=6cad8f15-476d-416f-8311-2ff75cb0c9c5 in 835.1872 ms
2025-06-24 17:48:12 [main] INFO  c.fspann.api.ForwardSecureANNSystem - Insert complete for id=52391474-b8a9-4644-bc6e-acf4d3c6c8e1 in 974.529 ms
2025-06-24 17:48:12 [main] INFO  c.fspann.api.ForwardSecureANNSystem - Insert complete for id=4cdb8e89-8c41-4693-b7c4-b5613328876e in 850.0476 ms
2025-06-24 17:48:13 [main] INFO  c.fspann.api.ForwardSecureANNSystem - Insert complete for id=65d9aac7-50a2-426e-9341-5e3936062568 in 859.8631 ms
2025-06-24 17:48:14 [main] INFO  c.fspann.api.ForwardSecureANNSystem - Insert complete for id=df9c3fbc-a2f2-40bc-9993-fad0ce4a2621 in 869.8513 ms
2025-06-24 17:48:15 [main] INFO  c.fspann.api.ForwardSecureANNSystem - Insert complete for id=b05e9539-c0c2-46ac-a34f-68b20cb11b51 in 830.9873 ms
2025-06-24 17:48:16 [main] INFO  c.fspann.api.ForwardSecureANNSystem - Insert complete for id=1c0accac-acb6-4d8d-9036-55cac4f4a30a in 834.5382 ms
2025-06-24 17:48:17 [main] INFO  c.fspann.api.ForwardSecureANNSystem - Insert complete for id=37e0a3d7-40f2-4270-a287-b612c0452844 in 736.7302 ms
2025-06-24 17:48:18 [main] INFO  c.fspann.api.ForwardSecureANNSystem - Insert complete for id=c24ce614-4cbf-4374-859b-5a4a807f3793 in 946.9734 ms
2025-06-24 17:48:18 [main] INFO  c.fspann.api.ForwardSecureANNSystem - Insert complete for id=6d1baec5-6baf-43fc-8754-933705f70989 in 899.5052 ms
2025-06-24 17:48:19 [main] INFO  c.fspann.api.ForwardSecureANNSystem - Insert complete for id=b2d3cac3-74b0-4584-a6d5-99e0336c4fe9 in 903.2267 ms
2025-06-24 17:48:20 [main] INFO  c.fspann.api.ForwardSecureANNSystem - Insert complete for id=5f1d80c3-58ad-4fdf-ac24-0ca62055f156 in 900.4226 ms
2025-06-24 17:48:21 [main] INFO  c.fspann.api.ForwardSecureANNSystem - Insert complete for id=6e06b206-1d5a-412b-85a7-c0472667fea0 in 801.4877 ms
2025-06-24 17:48:22 [main] INFO  c.fspann.api.ForwardSecureANNSystem - Insert complete for id=386a0c50-bb7f-4bf3-8c67-e4b3be32f126 in 901.3875 ms
2025-06-24 17:48:23 [main] INFO  c.fspann.api.ForwardSecureANNSystem - Insert complete for id=bda4867c-6830-4743-bcb2-46fecfcef21f in 840.1599 ms
2025-06-24 17:48:24 [main] INFO  c.fspann.api.ForwardSecureANNSystem - Insert complete for id=bcd1b55a-72b8-418c-b71e-c1e925cde4d5 in 876.6587 ms
2025-06-24 17:48:25 [main] INFO  c.fspann.api.ForwardSecureANNSystem - Insert complete for id=bb06ec22-1af4-4f6c-8481-942d95db83b6 in 864.0719 ms
2025-06-24 17:48:25 [main] INFO  c.fspann.api.ForwardSecureANNSystem - Insert complete for id=afe68faf-5377-447d-b799-5fb145c145ac in 868.0941 ms
2025-06-24 17:48:26 [main] INFO  c.fspann.api.ForwardSecureANNSystem - Insert complete for id=e2238693-f8be-4c64-bf67-95c793863433 in 835.5023 ms
2025-06-24 17:48:27 [main] INFO  c.fspann.api.ForwardSecureANNSystem - Insert complete for id=5ffe3f07-8a27-47f3-9e1b-18c871433a01 in 839.5287 ms
2025-06-24 17:48:28 [main] INFO  c.fspann.api.ForwardSecureANNSystem - Insert complete for id=504c3922-e1e5-4e90-a4a9-f71fddf00c46 in 802.6637 ms
2025-06-24 17:48:29 [main] INFO  c.fspann.api.ForwardSecureANNSystem - Insert complete for id=70e316dc-1fff-4998-92cc-c1936198a8a1 in 850.7774 ms
2025-06-24 17:48:30 [main] INFO  c.fspann.api.ForwardSecureANNSystem - Insert complete for id=e9bd317b-c746-446d-8490-5747f920a4c8 in 838.9448 ms
2025-06-24 17:48:30 [main] INFO  c.fspann.api.ForwardSecureANNSystem - Insert complete for id=ab3240ab-1150-4d1b-9f51-aa9c4d24947d in 835.5646 ms
2025-06-24 17:48:31 [main] INFO  c.fspann.api.ForwardSecureANNSystem - Insert complete for id=fb07d388-75f6-4e80-aa88-0504b258361a in 852.6382 ms
2025-06-24 17:48:32 [main] INFO  c.fspann.api.ForwardSecureANNSystem - Insert complete for id=b09ba44f-14e7-4b0d-965f-4c6a46aed2b3 in 799.2105 ms
2025-06-24 17:48:33 [main] INFO  c.fspann.api.ForwardSecureANNSystem - Insert complete for id=7b4e32b1-6dff-44e6-9ea7-25d0d680e9aa in 912.8374 ms
2025-06-24 17:48:34 [main] INFO  c.fspann.api.ForwardSecureANNSystem - Insert complete for id=24f22c2d-a9e3-4e6c-9ad1-2c3dc311a2f5 in 851.6998 ms
2025-06-24 17:48:35 [main] INFO  c.fspann.api.ForwardSecureANNSystem - Insert complete for id=cdda752c-4449-4637-84bb-9d6efd778f48 in 883.7785 ms
2025-06-24 17:48:36 [main] INFO  c.fspann.api.ForwardSecureANNSystem - Insert complete for id=9a45c9d6-b863-491a-bbfd-a60fc7ae354e in 848.9158 ms
2025-06-24 17:48:36 [main] INFO  c.fspann.api.ForwardSecureANNSystem - Insert complete for id=9b9f1454-1558-4530-bda4-08c0b9fcf8dd in 813.5891 ms
2025-06-24 17:48:37 [main] INFO  c.fspann.api.ForwardSecureANNSystem - Insert complete for id=a338209f-544c-4b87-8240-c14b2bcb0e8b in 969.5754 ms
2025-06-24 17:48:38 [main] INFO  c.fspann.api.ForwardSecureANNSystem - Insert complete for id=40760d34-6f27-4580-ba17-23aa2986971a in 815.6639 ms
2025-06-24 17:48:39 [main] INFO  c.fspann.api.ForwardSecureANNSystem - Insert complete for id=819f6a15-952b-4664-9eda-e2402c6b7459 in 916.5092 ms
2025-06-24 17:48:40 [main] INFO  c.fspann.api.ForwardSecureANNSystem - Insert complete for id=4970b1c0-acf4-439a-ad64-c6ae702bfa8b in 880.245 ms
2025-06-24 17:48:41 [main] INFO  c.fspann.api.ForwardSecureANNSystem - Insert complete for id=04d0996d-b6b7-428f-918c-bee2e90c2348 in 907.8832 ms
2025-06-24 17:48:42 [main] INFO  c.fspann.api.ForwardSecureANNSystem - Insert complete for id=f79f935d-0d87-4444-8421-eb1b4ea689c7 in 825.8099 ms
2025-06-24 17:48:43 [main] INFO  c.fspann.api.ForwardSecureANNSystem - Insert complete for id=4bca02f2-107b-4d30-b03e-b19c10a0ab21 in 910.0925 ms
2025-06-24 17:48:43 [main] INFO  c.fspann.api.ForwardSecureANNSystem - Insert complete for id=3967a019-6b47-4fe2-b581-7442d29794cb in 833.2778 ms
2025-06-24 17:48:44 [main] INFO  c.fspann.api.ForwardSecureANNSystem - Insert complete for id=23bf1b3b-4108-4473-a3ab-b08783285c76 in 845.5331 ms
2025-06-24 17:48:45 [main] INFO  c.fspann.api.ForwardSecureANNSystem - Insert complete for id=20691634-9701-46c9-8cf2-a85f5d01add8 in 854.5573 ms
2025-06-24 17:48:46 [main] INFO  c.fspann.api.ForwardSecureANNSystem - Insert complete for id=b6c2f91d-0719-405a-afca-bce66daba8ca in 797.7396 ms
2025-06-24 17:48:47 [main] INFO  c.fspann.api.ForwardSecureANNSystem - Insert complete for id=7f2617bb-07a7-4df6-b6c8-483d7a37f362 in 858.9715 ms
2025-06-24 17:48:48 [main] INFO  c.fspann.api.ForwardSecureANNSystem - Insert complete for id=eacec738-8045-4ecf-a554-71457f339b2f in 885.3723 ms
2025-06-24 17:48:49 [main] INFO  c.fspann.api.ForwardSecureANNSystem - Insert complete for id=1d313ef1-ce14-4e0e-b250-32ea94d419d3 in 913.6747 ms
2025-06-24 17:48:50 [main] INFO  c.fspann.api.ForwardSecureANNSystem - Insert complete for id=e4e64033-43ea-47ca-b326-9eccfad31a10 in 967.3859 ms
2025-06-24 17:48:50 [main] INFO  c.fspann.api.ForwardSecureANNSystem - Insert complete for id=f592bd75-bb32-4837-a410-28c2b623ad47 in 806.6419 ms
2025-06-24 17:48:51 [main] INFO  c.fspann.api.ForwardSecureANNSystem - Insert complete for id=a865f629-1de2-4df9-b327-539bf9765a74 in 828.7861 ms
2025-06-24 17:48:52 [main] INFO  c.fspann.api.ForwardSecureANNSystem - Insert complete for id=3412205f-4d29-402d-8662-55273e6158b3 in 830.4753 ms
[...]
2025-06-24 17:56:14 [main] INFO  c.fspann.api.ForwardSecureANNSystem - Insert complete for id=76e9332f-0226-440e-b721-40c69c045226 in 687.2224 ms
2025-06-24 17:56:14 [main] INFO  c.fspann.api.ForwardSecureANNSystem - Insert complete for id=4e706c6f-2571-44ed-b2b3-905809e31411 in 681.4931 ms
2025-06-24 17:56:15 [main] INFO  c.fspann.api.ForwardSecureANNSystem - Insert complete for id=63fdb0f9-11e2-4126-aaf2-505a83a95a8a in 680.4588 ms
2025-06-24 17:56:16 [main] INFO  c.fspann.api.ForwardSecureANNSystem - Insert complete for id=eeb37465-3399-4d9b-9bc2-e09b7e7d9360 in 707.3513 ms
2025-06-24 17:56:16 [main] INFO  c.fspann.api.ForwardSecureANNSystem - Insert complete for id=1c3fcb0b-a252-4bef-a8a8-671193d46adf in 690.9743 ms
2025-06-24 17:56:17 [main] INFO  c.fspann.api.ForwardSecureANNSystem - Insert complete for id=0afd6063-c040-493a-a281-1d29da422d02 in 684.7456 ms
2025-06-24 17:56:18 [main] INFO  c.fspann.api.ForwardSecureANNSystem - Insert complete for id=e9ef5204-04f7-405b-90c0-52362be585f5 in 684.3992 ms
2025-06-24 17:56:19 [main] INFO  c.fspann.api.ForwardSecureANNSystem - Insert complete for id=0e3bd04e-2b7d-40d4-8cae-dfc24b528628 in 694.0123 ms
2025-06-24 17:56:19 [main] INFO  c.fspann.api.ForwardSecureANNSystem - Insert complete for id=9a793ecb-5c09-4114-ad0d-2c9b961ac311 in 683.0824 ms
2025-06-24 17:56:20 [main] INFO  c.fspann.api.ForwardSecureANNSystem - Insert complete for id=65a6996d-c048-484c-90ca-bae4396dd7f5 in 684.2848 ms
2025-06-24 17:56:21 [main] INFO  c.fspann.api.ForwardSecureANNSystem - Insert complete for id=125f8397-855d-4bb3-a8c4-23f1670635cf in 688.559 ms
2025-06-24 17:56:21 [main] INFO  c.fspann.api.ForwardSecureANNSystem - Insert complete for id=44ac90f6-18bd-40b9-81bd-9150947c1672 in 685.4351 ms
2025-06-24 17:56:22 [main] INFO  c.fspann.api.ForwardSecureANNSystem - Insert complete for id=d672eeb0-c8af-4d17-b471-3b880f44cdf3 in 676.4267 ms
2025-06-24 17:56:23 [main] INFO  c.fspann.api.ForwardSecureANNSystem - Insert complete for id=dad64185-026d-4dad-9e1c-4a3556d65fda in 680.5592 ms
2025-06-24 17:56:23 [main] INFO  c.fspann.api.PerformanceVisualizer - Visualizing fake points vs indexed points — saved as PNG
2025-06-24 17:56:23 [main] INFO  c.fspann.api.PerformanceVisualizer - Chart saved to: results_fake_points_d10.png
2025-06-24 17:56:23 [main] INFO  c.fspann.api.ForwardSecureANNSystem - Cloaked query returned 5 results
2025-06-24 17:56:23 [main] WARN  c.fspann.api.PerformanceVisualizer - No timing data to visualize
2025-06-24 17:56:23 [main] INFO  c.fspann.api.PerformanceVisualizer - Chart saved to: results_query_results.png
2025-06-24 17:56:23 [main] INFO  c.fspann.api.PerformanceVisualizer - Saving raw data visualization: Base Dataset
2025-06-24 17:56:23 [main] INFO  c.fspann.api.PerformanceVisualizer - Chart saved to: results_raw_Base_Dataset_d10.png
2025-06-24 17:56:23 [main] INFO  c.fspann.api.PerformanceVisualizer - Saving indexed data visualization: Indexed Dataset
2025-06-24 17:56:23 [main] INFO  c.fspann.api.PerformanceVisualizer - Chart saved to: results_indexed_Indexed_Dataset_d10.png
2025-06-24 17:56:23 [main] INFO  c.fspann.api.PerformanceVisualizer - Chart saved to: results_confusion_matrix.png
2025-06-24 17:56:23 [main] INFO  c.fspann.api.ForwardSecureANNSystem - Executing query for topK=5 and dimension 10
2025-06-24 17:56:23 [main] INFO  c.fspann.api.ForwardSecureANNSystem - Query completed in 0.6618 ms
2025-06-24 17:56:23 [main] INFO  c.fspann.api.ForwardSecureANNSystem - Query returned 5 results
2025-06-24 17:56:23 [main] INFO  c.fspann.api.PerformanceVisualizer - Chart saved to: results_kneighbors_d10.png
2025-06-24 17:56:23 [main] INFO  c.f.a.ForwardSecureANNSystemPerformanceIntegrationTest - Query returned 5 results:
2025-06-24 17:56:23 [main] INFO  c.f.a.ForwardSecureANNSystemPerformanceIntegrationTest - ID: 09cb14ee-93ee-491a-9096-06f02bad534c, Distance: 0.3138470965295043
2025-06-24 17:56:23 [main] INFO  c.f.a.ForwardSecureANNSystemPerformanceIntegrationTest - ID: 2258d400-3810-4990-ae52-cc21244f5a11, Distance: 0.5464445183875464
2025-06-24 17:56:23 [main] INFO  c.f.a.ForwardSecureANNSystemPerformanceIntegrationTest - ID: 31356d23-1f5b-4255-9f2c-c3db22dea67f, Distance: 0.8872673350112417
2025-06-24 17:56:23 [main] INFO  c.f.a.ForwardSecureANNSystemPerformanceIntegrationTest - ID: d6b92198-49e6-45fa-bd18-a4ce2d27758d, Distance: 0.9034091555837667
2025-06-24 17:56:23 [main] INFO  c.f.a.ForwardSecureANNSystemPerformanceIntegrationTest - ID: 85be07ec-31b7-40a0-86e3-c24bc539e913, Distance: 0.9615792005821912
]]></system-out>
  </testcase>
  <testcase name="testFakePointsInsertion(Path)" classname="com.fspann.api.ForwardSecureANNSystemPerformanceIntegrationTest" time="68.795">
    <system-out><![CDATA[2025-06-24 17:56:23 [main] INFO  c.fspann.api.ForwardSecureANNSystem - Inserting 100 fake points for dimension 10
2025-06-24 17:56:24 [main] INFO  c.fspann.api.ForwardSecureANNSystem - Insert complete for id=4a616db8-6166-46b3-ab6b-b84a278cec92 in 699.1776 ms
2025-06-24 17:56:25 [main] INFO  c.fspann.api.ForwardSecureANNSystem - Insert complete for id=e93f71ae-5e3f-4f70-9ebd-8aa6d183b584 in 685.1188 ms
2025-06-24 17:56:25 [main] INFO  c.fspann.api.ForwardSecureANNSystem - Insert complete for id=c19c2c77-4f9a-40fa-ae68-adfee981ea0f in 686.1213 ms
2025-06-24 17:56:26 [main] INFO  c.fspann.api.ForwardSecureANNSystem - Insert complete for id=0a78a3a1-6634-4f00-94dd-37a8448b4e8e in 675.9603 ms
2025-06-24 17:56:27 [main] INFO  c.fspann.api.ForwardSecureANNSystem - Insert complete for id=ac8e0726-7f0d-4ae2-8d79-5256feecf506 in 680.5417 ms
2025-06-24 17:56:27 [main] INFO  c.fspann.api.ForwardSecureANNSystem - Insert complete for id=9dfe3a19-251b-4a86-b9ec-c1eddb57fdbe in 675.8319 ms
2025-06-24 17:56:28 [main] INFO  c.fspann.api.ForwardSecureANNSystem - Insert complete for id=4d75c907-d1b0-42d9-a183-a8d973697c27 in 680.5115 ms
2025-06-24 17:56:29 [main] INFO  c.fspann.api.ForwardSecureANNSystem - Insert complete for id=d4baa344-b53f-4971-90b4-46d9cbc8651a in 687.0751 ms
2025-06-24 17:56:29 [main] INFO  c.fspann.api.ForwardSecureANNSystem - Insert complete for id=86122c3f-55cb-4e18-94b6-6fe0a0dc4cf3 in 680.7835 ms
2025-06-24 17:56:30 [main] INFO  c.fspann.api.ForwardSecureANNSystem - Insert complete for id=2b956ba0-5f5d-4d64-8146-1540f6f1a7a6 in 676.8383 ms
2025-06-24 17:56:31 [main] INFO  c.fspann.api.ForwardSecureANNSystem - Insert complete for id=1207ea60-c5b6-49ad-8374-71831415a48f in 687.1641 ms
2025-06-24 17:56:31 [main] INFO  c.fspann.api.ForwardSecureANNSystem - Insert complete for id=7f3847c7-a3f2-42fe-a2ec-4c3ea6e6def4 in 687.6171 ms
2025-06-24 17:56:32 [main] INFO  c.fspann.api.ForwardSecureANNSystem - Insert complete for id=7a74dcd3-2f69-4470-bcc5-3d00ff703514 in 693.3895 ms
2025-06-24 17:56:33 [main] INFO  c.fspann.api.ForwardSecureANNSystem - Insert complete for id=902e3d10-6b6b-4549-813e-52f223dd707e in 696.9921 ms
2025-06-24 17:56:33 [main] INFO  c.fspann.api.ForwardSecureANNSystem - Insert complete for id=842caf74-1235-43f9-b028-4802ca658d2b in 680.9392 ms
2025-06-24 17:56:34 [main] INFO  c.fspann.api.ForwardSecureANNSystem - Insert complete for id=b1f667df-a271-4e6c-833d-5080276a8628 in 680.5335 ms
2025-06-24 17:56:35 [main] INFO  c.fspann.api.ForwardSecureANNSystem - Insert complete for id=6e011176-d786-480b-87fa-63b15164d398 in 680.9938 ms
2025-06-24 17:56:36 [main] INFO  c.fspann.api.ForwardSecureANNSystem - Insert complete for id=38cc62c9-8f33-4c15-b800-6379bba84a99 in 679.8946 ms
2025-06-24 17:56:36 [main] INFO  c.fspann.api.ForwardSecureANNSystem - Insert complete for id=e1ddb3ae-c932-47b8-9160-c0497bbabcc3 in 685.2841 ms
2025-06-24 17:56:37 [main] INFO  c.fspann.api.ForwardSecureANNSystem - Insert complete for id=4bcf241d-5c1f-4c7c-9452-4fa5bd4b215c in 684.6393 ms
2025-06-24 17:56:38 [main] INFO  c.fspann.api.ForwardSecureANNSystem - Insert complete for id=ba7e018b-ebc5-44b6-bec6-1dc9d33e1caa in 684.9394 ms
2025-06-24 17:56:38 [main] INFO  c.fspann.api.ForwardSecureANNSystem - Insert complete for id=4cb88d61-c60b-42d2-b2a3-29e904787b9b in 688.5848 ms
2025-06-24 17:56:39 [main] INFO  c.fspann.api.ForwardSecureANNSystem - Insert complete for id=c4cc346d-e17a-4c22-9947-3f16e975bbc1 in 684.5718 ms
2025-06-24 17:56:40 [main] INFO  c.fspann.api.ForwardSecureANNSystem - Insert complete for id=bfac4181-6f31-422d-901f-7ac6f34bb256 in 687.4786 ms
2025-06-24 17:56:40 [main] INFO  c.fspann.api.ForwardSecureANNSystem - Insert complete for id=1f09f846-be17-485a-970f-fbf02f272d31 in 691.4671 ms
2025-06-24 17:56:41 [main] INFO  c.fspann.api.ForwardSecureANNSystem - Insert complete for id=89dd053a-89b8-4085-84e9-1d3b694c0c18 in 690.7802 ms
2025-06-24 17:56:42 [main] INFO  c.fspann.api.ForwardSecureANNSystem - Insert complete for id=20461101-36f2-4abf-a6eb-3e04f7018ba0 in 688.792 ms
2025-06-24 17:56:42 [main] INFO  c.fspann.api.ForwardSecureANNSystem - Insert complete for id=a4e698ef-e731-42ba-833d-7b39ef512f6d in 673.4336 ms
2025-06-24 17:56:43 [main] INFO  c.fspann.api.ForwardSecureANNSystem - Insert complete for id=538eb1ea-d5b1-4814-a565-0123e984db55 in 694.5373 ms
2025-06-24 17:56:44 [main] INFO  c.fspann.api.ForwardSecureANNSystem - Insert complete for id=429bcfde-2b55-43ad-8038-e00b26f1737b in 681.9728 ms
2025-06-24 17:56:44 [main] INFO  c.fspann.api.ForwardSecureANNSystem - Insert complete for id=b974a2fe-2edc-4fdc-a25c-b80d3144371f in 686.2217 ms
2025-06-24 17:56:45 [main] INFO  c.fspann.api.ForwardSecureANNSystem - Insert complete for id=4891ce08-aac8-4c6f-81bc-71f089883d4f in 681.3448 ms
2025-06-24 17:56:46 [main] INFO  c.fspann.api.ForwardSecureANNSystem - Insert complete for id=6779db16-7a68-45ba-90f6-6cbf88dad369 in 688.4316 ms
2025-06-24 17:56:47 [main] INFO  c.fspann.api.ForwardSecureANNSystem - Insert complete for id=8b72e1eb-e4b7-4fce-9327-7dcec6f06f2c in 684.2389 ms
2025-06-24 17:56:47 [main] INFO  c.fspann.api.ForwardSecureANNSystem - Insert complete for id=e384a3bd-53cc-4482-ad7e-2caa60f13449 in 684.146 ms
2025-06-24 17:56:48 [main] INFO  c.fspann.api.ForwardSecureANNSystem - Insert complete for id=a0b2963b-9cef-4959-9c88-e8c184ce53c9 in 675.0713 ms
2025-06-24 17:56:49 [main] INFO  c.fspann.api.ForwardSecureANNSystem - Insert complete for id=fdb3f835-b222-4a0e-ae4c-16553e416812 in 689.4002 ms
2025-06-24 17:56:49 [main] INFO  c.fspann.api.ForwardSecureANNSystem - Insert complete for id=087564e3-6c55-4c09-9acc-e3d987ef0fdb in 688.5416 ms
2025-06-24 17:56:50 [main] INFO  c.fspann.api.ForwardSecureANNSystem - Insert complete for id=98c4e5cb-4c3b-46c5-ae4c-7c5abc35bc56 in 680.455 ms
2025-06-24 17:56:51 [main] INFO  c.fspann.api.ForwardSecureANNSystem - Insert complete for id=7a3a0b35-88ae-4026-b77a-13e6770609bc in 685.4755 ms
2025-06-24 17:56:51 [main] INFO  c.fspann.api.ForwardSecureANNSystem - Insert complete for id=6d318076-aad5-4e19-bd2c-74a9fc3d4782 in 686.139 ms
2025-06-24 17:56:52 [main] INFO  c.fspann.api.ForwardSecureANNSystem - Insert complete for id=29f5d08e-e7bd-44b5-87ce-c8800dd3beff in 682.7244 ms
2025-06-24 17:56:53 [main] INFO  c.fspann.api.ForwardSecureANNSystem - Insert complete for id=88789fc6-016c-4d28-ba76-d239ca928a18 in 681.9654 ms
2025-06-24 17:56:53 [main] INFO  c.fspann.api.ForwardSecureANNSystem - Insert complete for id=2e01d135-e841-4d85-8fd7-a756fb6e27bb in 679.3324 ms
2025-06-24 17:56:54 [main] INFO  c.fspann.api.ForwardSecureANNSystem - Insert complete for id=15e29f61-f8f7-4a4d-a910-929b6c85a9e5 in 685.0905 ms
2025-06-24 17:56:55 [main] INFO  c.fspann.api.ForwardSecureANNSystem - Insert complete for id=f8fc5fe2-f919-474e-be34-ac316e148845 in 683.1898 ms
2025-06-24 17:56:55 [main] INFO  c.fspann.api.ForwardSecureANNSystem - Insert complete for id=59b754b9-fd01-4a5d-ab46-85c60900324c in 677.2372 ms
2025-06-24 17:56:56 [main] INFO  c.fspann.api.ForwardSecureANNSystem - Insert complete for id=cfa8a6e6-72be-41a1-b215-b3c8c5ce5e2a in 688.6277 ms
2025-06-24 17:56:57 [main] INFO  c.fspann.api.ForwardSecureANNSystem - Insert complete for id=459f2e65-8d33-47a7-9cf9-18fd12922b2b in 692.7167 ms
2025-06-24 17:56:57 [main] INFO  c.fspann.api.ForwardSecureANNSystem - Insert complete for id=e5166d1c-fea8-45d4-a8ba-16dd7763dba5 in 679.4674 ms
2025-06-24 17:56:58 [main] INFO  c.fspann.api.ForwardSecureANNSystem - Insert complete for id=a9c59c34-14e4-4714-a421-6e6acb14dd49 in 692.9172 ms
2025-06-24 17:56:59 [main] INFO  c.fspann.api.ForwardSecureANNSystem - Insert complete for id=92f4c0fc-9a0e-4854-868f-610668cc0bf9 in 675.9621 ms
2025-06-24 17:57:00 [main] INFO  c.fspann.api.ForwardSecureANNSystem - Insert complete for id=9577ab3a-e5cb-42b1-8959-c157af3b0051 in 690.7834 ms
2025-06-24 17:57:00 [main] INFO  c.fspann.api.ForwardSecureANNSystem - Insert complete for id=fd99edd7-c7d1-407b-b40a-b293de1dd9b5 in 690.8328 ms
2025-06-24 17:57:01 [main] INFO  c.fspann.api.ForwardSecureANNSystem - Insert complete for id=7497c48e-7358-42e4-ac4f-de6739aafba2 in 687.6718 ms
2025-06-24 17:57:02 [main] INFO  c.fspann.api.ForwardSecureANNSystem - Insert complete for id=8e24a8b5-399f-4bcc-99c8-54928a10c4c2 in 684.9856 ms
2025-06-24 17:57:02 [main] INFO  c.fspann.api.ForwardSecureANNSystem - Insert complete for id=e3fe9b28-d52f-4767-a302-68f4d566794f in 681.1232 ms
2025-06-24 17:57:03 [main] INFO  c.fspann.api.ForwardSecureANNSystem - Insert complete for id=c35b91b9-3190-4acb-a5c5-a4a4dcda887d in 686.9259 ms
2025-06-24 17:57:04 [main] INFO  c.fspann.api.ForwardSecureANNSystem - Insert complete for id=60825175-d588-494b-95e2-60bc383d43e3 in 694.3302 ms
2025-06-24 17:57:04 [main] INFO  c.fspann.api.ForwardSecureANNSystem - Insert complete for id=440d3afb-927e-47a0-86cb-2f51ee457921 in 684.7169 ms
2025-06-24 17:57:05 [main] INFO  c.fspann.api.ForwardSecureANNSystem - Insert complete for id=ae06fade-e9c6-4e35-8d36-d00917272b5d in 698.0619 ms
2025-06-24 17:57:06 [main] INFO  c.fspann.api.ForwardSecureANNSystem - Insert complete for id=103b2148-e772-4d30-b018-aa59e9519404 in 685.6875 ms
2025-06-24 17:57:06 [main] INFO  c.fspann.api.ForwardSecureANNSystem - Insert complete for id=f7cd0dd4-86af-4a90-a9d7-1467e7b8de40 in 683.3467 ms
2025-06-24 17:57:07 [main] INFO  c.fspann.api.ForwardSecureANNSystem - Insert complete for id=9fc4a5f0-dd04-4cac-86e2-2c4e73347156 in 682.7664 ms
2025-06-24 17:57:08 [main] INFO  c.fspann.api.ForwardSecureANNSystem - Insert complete for id=ad122667-0940-4087-85a7-f4ab8f58f564 in 687.9605 ms
2025-06-24 17:57:08 [main] INFO  c.fspann.api.ForwardSecureANNSystem - Insert complete for id=eb226002-0f16-444a-9f6c-b3f76f16728b in 683.8201 ms
2025-06-24 17:57:09 [main] INFO  c.fspann.api.ForwardSecureANNSystem - Insert complete for id=140c5324-cf77-46c8-90c0-e7eed4f96ac0 in 735.9557 ms
2025-06-24 17:57:10 [main] INFO  c.fspann.api.ForwardSecureANNSystem - Insert complete for id=cf4b06fe-dc78-412c-9093-d8c006f9cc86 in 683.6168 ms
2025-06-24 17:57:11 [main] INFO  c.fspann.api.ForwardSecureANNSystem - Insert complete for id=76c614ba-afd0-4647-ad07-5c104fe23fee in 684.8076 ms
2025-06-24 17:57:11 [main] INFO  c.fspann.api.ForwardSecureANNSystem - Insert complete for id=b2287fe8-e0e6-4f03-b144-985e2deaba63 in 685.1455 ms
2025-06-24 17:57:12 [main] INFO  c.fspann.api.ForwardSecureANNSystem - Insert complete for id=12add449-12c0-443b-a0d8-0b814af07704 in 684.706 ms
2025-06-24 17:57:13 [main] INFO  c.fspann.api.ForwardSecureANNSystem - Insert complete for id=eadba2ae-d02c-4cb7-8714-f958c5360bb8 in 676.68 ms
2025-06-24 17:57:13 [main] INFO  c.fspann.api.ForwardSecureANNSystem - Insert complete for id=a66b9c1b-22fd-4862-94fd-fddfc50a8c76 in 698.0033 ms
2025-06-24 17:57:14 [main] INFO  c.fspann.api.ForwardSecureANNSystem - Insert complete for id=88ee2640-3407-48fa-930f-42b222d2dfa6 in 683.4573 ms
2025-06-24 17:57:15 [main] INFO  c.fspann.api.ForwardSecureANNSystem - Insert complete for id=f67748b3-4d24-400c-96be-181230ee8786 in 696.4227 ms
2025-06-24 17:57:15 [main] INFO  c.fspann.api.ForwardSecureANNSystem - Insert complete for id=989ff81b-d111-4fbd-8246-3a724a8f9b87 in 685.1587 ms
2025-06-24 17:57:16 [main] INFO  c.fspann.api.ForwardSecureANNSystem - Insert complete for id=9a63dcd9-9d8d-46d0-a468-9621d9613bec in 702.4955 ms
2025-06-24 17:57:17 [main] INFO  c.fspann.api.ForwardSecureANNSystem - Insert complete for id=d730707a-6c6c-449c-8125-a730f564a2bf in 689.3193 ms
2025-06-24 17:57:17 [main] INFO  c.fspann.api.ForwardSecureANNSystem - Insert complete for id=3ec97c12-e5f3-4665-ac7c-9a4bd6e9df41 in 694.8172 ms
2025-06-24 17:57:18 [main] INFO  c.fspann.api.ForwardSecureANNSystem - Insert complete for id=1b831ef9-4f15-4085-8e16-55d740349ec1 in 687.0039 ms
2025-06-24 17:57:19 [main] INFO  c.fspann.api.ForwardSecureANNSystem - Insert complete for id=56fcdfbb-a32b-4ef7-8ee9-7ff06f6d4f45 in 682.2778 ms
2025-06-24 17:57:20 [main] INFO  c.fspann.api.ForwardSecureANNSystem - Insert complete for id=ba22f73a-3237-4420-890e-e8d6ed26304f in 687.9336 ms
2025-06-24 17:57:20 [main] INFO  c.fspann.api.ForwardSecureANNSystem - Insert complete for id=3966e715-ed47-42bc-b3a7-5b9134bc29da in 685.7222 ms
2025-06-24 17:57:21 [main] INFO  c.fspann.api.ForwardSecureANNSystem - Insert complete for id=cdf1def0-7718-43e2-9523-6e4f87c57ca2 in 695.8848 ms
2025-06-24 17:57:22 [main] INFO  c.fspann.api.ForwardSecureANNSystem - Insert complete for id=3f46e46a-77e1-469b-9bcb-fb90809fdd53 in 691.0643 ms
2025-06-24 17:57:22 [main] INFO  c.fspann.api.ForwardSecureANNSystem - Insert complete for id=ab4fb7cd-79c1-42f9-acc7-09091adcf10d in 679.9216 ms
2025-06-24 17:57:23 [main] INFO  c.fspann.api.ForwardSecureANNSystem - Insert complete for id=9cb4c699-071c-4ca2-8047-402bbbcd63fb in 698.8986 ms
2025-06-24 17:57:24 [main] INFO  c.fspann.api.ForwardSecureANNSystem - Insert complete for id=b2e97bfb-241f-484f-894e-7405feefa9ae in 687.4919 ms
2025-06-24 17:57:24 [main] INFO  c.fspann.api.ForwardSecureANNSystem - Insert complete for id=804d7083-472f-4670-bf85-ed35012572b7 in 686.5892 ms
2025-06-24 17:57:25 [main] INFO  c.fspann.api.ForwardSecureANNSystem - Insert complete for id=b9241e48-c2d0-4eee-ad6c-4fa748f7fd66 in 685.9649 ms
2025-06-24 17:57:26 [main] INFO  c.fspann.api.ForwardSecureANNSystem - Insert complete for id=801de734-d813-44e3-bb49-152886b5fba3 in 689.8693 ms
2025-06-24 17:57:26 [main] INFO  c.fspann.api.ForwardSecureANNSystem - Insert complete for id=212e2ee8-6e6a-452f-9a71-bd486f7af775 in 686.6847 ms
2025-06-24 17:57:27 [main] INFO  c.fspann.api.ForwardSecureANNSystem - Insert complete for id=33168617-4eb1-4e4d-b7b9-5f0884c20d8e in 693.2354 ms
2025-06-24 17:57:28 [main] INFO  c.fspann.api.ForwardSecureANNSystem - Insert complete for id=bba80e04-7015-4427-a75f-717b5e512f99 in 685.4453 ms
2025-06-24 17:57:28 [main] INFO  c.fspann.api.ForwardSecureANNSystem - Insert complete for id=b9be0fdf-922e-422c-8fd5-929835f5c134 in 698.1442 ms
2025-06-24 17:57:29 [main] INFO  c.fspann.api.ForwardSecureANNSystem - Insert complete for id=a6aa7e88-cf94-480b-ad00-718eedd44b44 in 692.1299 ms
2025-06-24 17:57:30 [main] INFO  c.fspann.api.ForwardSecureANNSystem - Insert complete for id=fb2c2ca1-2743-4c26-bb19-00e630c55e36 in 693.0731 ms
2025-06-24 17:57:31 [main] INFO  c.fspann.api.ForwardSecureANNSystem - Insert complete for id=c43e2680-f310-44c7-b338-ad9bb32216f1 in 688.2107 ms
2025-06-24 17:57:31 [main] INFO  c.fspann.api.ForwardSecureANNSystem - Insert complete for id=4bea8270-fe21-48a7-945f-b8d6d8982d81 in 696.6618 ms
2025-06-24 17:57:32 [main] INFO  c.fspann.api.ForwardSecureANNSystem - Insert complete for id=4b8a5e83-01f2-48e3-9e41-9e368424a790 in 686.4186 ms
2025-06-24 17:57:32 [main] INFO  c.fspann.api.PerformanceVisualizer - Visualizing fake points vs indexed points — saved as PNG
2025-06-24 17:57:32 [main] INFO  c.fspann.api.PerformanceVisualizer - Chart saved to: results_fake_points_d10.png
2025-06-24 17:57:32 [main] INFO  c.fspann.api.ForwardSecureANNSystem - Number of indexed vectors for dimension 10: 1213
2025-06-24 17:57:32 [main] INFO  c.f.a.ForwardSecureANNSystemPerformanceIntegrationTest - Indexed vectors after fake points: 1213
]]></system-out>
  </testcase>
</testsuite>