<?xml version="1.0" encoding="UTF-8"?>
<testsuite xmlns:xsi="http://www.w3.org/2001/XMLSchema-instance" xsi:noNamespaceSchemaLocation="https://maven.apache.org/surefire/maven-surefire-plugin/xsd/surefire-test-report-3.0.xsd" version="3.0" name="com.fspann.api.ForwardSecureANNSystemIntegrationTest" time="1.316" tests="2" errors="0" skipped="0" failures="0">
  <properties>
[...]
</properties>
  <testcase name="simpleEndToEndNearestNeighbor(Path)" classname="com.fspann.api.ForwardSecureANNSystemIntegrationTest" time="0.19">
    <system-out><![CDATA[2025-07-01 05:39:39 [main] INFO  com.fspann.key.KeyManager - Initialized new key store (version 1)
2025-07-01 05:39:39 [main] INFO  c.fspann.crypto.AesGcmCryptoService - AesGcmCryptoService initialized successfully
2025-07-01 05:39:39 [main] INFO  c.fspann.api.ForwardSecureANNSystem - Initializing ForwardSecureANNSystem with config=C:\Users\MEHRAN~1\AppData\Local\Temp\junit-13166182114492417717\config.json, data=C:\Users\MEHRAN~1\AppData\Local\Temp\junit-13166182114492417717\data2d.csv, keys=C:\Users\MEHRAN~1\AppData\Local\Temp\junit-13166182114492417717\keys.ser, dims=[2], metadata=C:\Users\MEHRAN~1\AppData\Local\Temp\junit-13166182114492417717
2025-07-01 05:39:39 [main] INFO  com.fspann.config.SystemConfig - Successfully loaded config from C:\Users\MEHRAN~1\AppData\Local\Temp\junit-13166182114492417717\config.json
2025-07-01 05:39:39 [main] INFO  com.fspann.key.KeyManager - Loaded key store up to version 1
2025-07-01 05:39:39 [main] ERROR com.fspann.common.PersistenceUtils - ❌ Failed to load object from metadata.ser: java.io.EOFException
2025-07-01 05:39:39 [main] WARN  com.fspann.common.MetadataManager - Failed to load metadata from metadata.ser, starting fresh
java.io.EOFException: null
	at java.base/java.io.ObjectInputStream$BlockDataInputStream.peekByte(ObjectInputStream.java:3217)
	at java.base/java.io.ObjectInputStream.readObject0(ObjectInputStream.java:1698)
	at java.base/java.io.ObjectInputStream.readObject(ObjectInputStream.java:525)
	at java.base/java.io.ObjectInputStream.readObject(ObjectInputStream.java:483)
	at java.base/java.util.HashMap.readObject(HashMap.java:1558)
	at java.base/jdk.internal.reflect.DirectMethodHandleAccessor.invoke(DirectMethodHandleAccessor.java:103)
	at java.base/java.lang.reflect.Method.invoke(Method.java:580)
	at java.base/java.io.ObjectStreamClass.invokeReadObject(ObjectStreamClass.java:1108)
	at java.base/java.io.ObjectInputStream.readSerialData(ObjectInputStream.java:2429)
	at java.base/java.io.ObjectInputStream.readOrdinaryObject(ObjectInputStream.java:2269)
	at java.base/java.io.ObjectInputStream.readObject0(ObjectInputStream.java:1747)
	at java.base/java.io.ObjectInputStream.readObject(ObjectInputStream.java:525)
	at java.base/java.io.ObjectInputStream.readObject(ObjectInputStream.java:483)
	at java.base/java.util.HashMap.readObject(HashMap.java:1560)
	at java.base/jdk.internal.reflect.DirectMethodHandleAccessor.invoke(DirectMethodHandleAccessor.java:103)
	at java.base/java.lang.reflect.Method.invoke(Method.java:580)
	at java.base/java.io.ObjectStreamClass.invokeReadObject(ObjectStreamClass.java:1108)
	at java.base/java.io.ObjectInputStream.readSerialData(ObjectInputStream.java:2429)
	at java.base/java.io.ObjectInputStream.readOrdinaryObject(ObjectInputStream.java:2269)
	at java.base/java.io.ObjectInputStream.readObject0(ObjectInputStream.java:1747)
	at java.base/java.io.ObjectInputStream$FieldValues.<init>(ObjectInputStream.java:2603)
	at java.base/java.io.ObjectInputStream.readSerialData(ObjectInputStream.java:2454)
	at java.base/java.io.ObjectInputStream.readOrdinaryObject(ObjectInputStream.java:2269)
	at java.base/java.io.ObjectInputStream.readObject0(ObjectInputStream.java:1747)
	at java.base/java.io.ObjectInputStream.readObject(ObjectInputStream.java:525)
	at java.base/java.io.ObjectInputStream.readObject(ObjectInputStream.java:483)
	at com.fspann.common.PersistenceUtils.loadObject(PersistenceUtils.java:34)
	at com.fspann.common.MetadataManager.load(MetadataManager.java:39)
	at com.fspann.index.service.SecureLSHIndexService.<init>(SecureLSHIndexService.java:52)
	at com.fspann.index.service.SecureLSHIndexService.<init>(SecureLSHIndexService.java:37)
	at com.fspann.api.ForwardSecureANNSystem.<init>(ForwardSecureANNSystem.java:81)
	at com.fspann.api.ForwardSecureANNSystemIntegrationTest.simpleEndToEndNearestNeighbor(ForwardSecureANNSystemIntegrationTest.java:66)
	at java.base/jdk.internal.reflect.DirectMethodHandleAccessor.invoke(DirectMethodHandleAccessor.java:103)
	at java.base/java.lang.reflect.Method.invoke(Method.java:580)
	at org.junit.platform.commons.util.ReflectionUtils.invokeMethod(ReflectionUtils.java:766)
	at org.junit.jupiter.engine.execution.MethodInvocation.proceed(MethodInvocation.java:60)
	at org.junit.jupiter.engine.execution.InvocationInterceptorChain$ValidatingInvocation.proceed(InvocationInterceptorChain.java:131)
	at org.junit.jupiter.engine.extension.TimeoutExtension.intercept(TimeoutExtension.java:156)
	at org.junit.jupiter.engine.extension.TimeoutExtension.interceptTestableMethod(TimeoutExtension.java:147)
	at org.junit.jupiter.engine.extension.TimeoutExtension.interceptTestMethod(TimeoutExtension.java:86)
	at org.junit.jupiter.engine.execution.InterceptingExecutableInvoker$ReflectiveInterceptorCall.lambda$ofVoidMethod$0(InterceptingExecutableInvoker.java:103)
	at org.junit.jupiter.engine.execution.InterceptingExecutableInvoker.lambda$invoke$0(InterceptingExecutableInvoker.java:93)
	at org.junit.jupiter.engine.execution.InvocationInterceptorChain$InterceptedInvocation.proceed(InvocationInterceptorChain.java:106)
	at org.junit.jupiter.engine.execution.InvocationInterceptorChain.proceed(InvocationInterceptorChain.java:64)
	at org.junit.jupiter.engine.execution.InvocationInterceptorChain.chainAndInvoke(InvocationInterceptorChain.java:45)
	at org.junit.jupiter.engine.execution.InvocationInterceptorChain.invoke(InvocationInterceptorChain.java:37)
	at org.junit.jupiter.engine.execution.InterceptingExecutableInvoker.invoke(InterceptingExecutableInvoker.java:92)
	at org.junit.jupiter.engine.execution.InterceptingExecutableInvoker.invoke(InterceptingExecutableInvoker.java:86)
	at org.junit.jupiter.engine.descriptor.TestMethodTestDescriptor.lambda$invokeTestMethod$8(TestMethodTestDescriptor.java:217)
	at org.junit.platform.engine.support.hierarchical.ThrowableCollector.execute(ThrowableCollector.java:73)
	at org.junit.jupiter.engine.descriptor.TestMethodTestDescriptor.invokeTestMethod(TestMethodTestDescriptor.java:213)
	at org.junit.jupiter.engine.descriptor.TestMethodTestDescriptor.execute(TestMethodTestDescriptor.java:138)
	at org.junit.jupiter.engine.descriptor.TestMethodTestDescriptor.execute(TestMethodTestDescriptor.java:68)
	at org.junit.platform.engine.support.hierarchical.NodeTestTask.lambda$executeRecursively$6(NodeTestTask.java:151)
	at org.junit.platform.engine.support.hierarchical.ThrowableCollector.execute(ThrowableCollector.java:73)
	at org.junit.platform.engine.support.hierarchical.NodeTestTask.lambda$executeRecursively$8(NodeTestTask.java:141)
	at org.junit.platform.engine.support.hierarchical.Node.around(Node.java:137)
	at org.junit.platform.engine.support.hierarchical.NodeTestTask.lambda$executeRecursively$9(NodeTestTask.java:139)
	at org.junit.platform.engine.support.hierarchical.ThrowableCollector.execute(ThrowableCollector.java:73)
	at org.junit.platform.engine.support.hierarchical.NodeTestTask.executeRecursively(NodeTestTask.java:138)
	at org.junit.platform.engine.support.hierarchical.NodeTestTask.execute(NodeTestTask.java:95)
	at java.base/java.util.ArrayList.forEach(ArrayList.java:1597)
	at org.junit.platform.engine.support.hierarchical.SameThreadHierarchicalTestExecutorService.invokeAll(SameThreadHierarchicalTestExecutorService.java:41)
	at org.junit.platform.engine.support.hierarchical.NodeTestTask.lambda$executeRecursively$6(NodeTestTask.java:155)
	at org.junit.platform.engine.support.hierarchical.ThrowableCollector.execute(ThrowableCollector.java:73)
	at org.junit.platform.engine.support.hierarchical.NodeTestTask.lambda$executeRecursively$8(NodeTestTask.java:141)
	at org.junit.platform.engine.support.hierarchical.Node.around(Node.java:137)
	at org.junit.platform.engine.support.hierarchical.NodeTestTask.lambda$executeRecursively$9(NodeTestTask.java:139)
	at org.junit.platform.engine.support.hierarchical.ThrowableCollector.execute(ThrowableCollector.java:73)
	at org.junit.platform.engine.support.hierarchical.NodeTestTask.executeRecursively(NodeTestTask.java:138)
	at org.junit.platform.engine.support.hierarchical.NodeTestTask.execute(NodeTestTask.java:95)
	at java.base/java.util.ArrayList.forEach(ArrayList.java:1597)
	at org.junit.platform.engine.support.hierarchical.SameThreadHierarchicalTestExecutorService.invokeAll(SameThreadHierarchicalTestExecutorService.java:41)
	at org.junit.platform.engine.support.hierarchical.NodeTestTask.lambda$executeRecursively$6(NodeTestTask.java:155)
	at org.junit.platform.engine.support.hierarchical.ThrowableCollector.execute(ThrowableCollector.java:73)
	at org.junit.platform.engine.support.hierarchical.NodeTestTask.lambda$executeRecursively$8(NodeTestTask.java:141)
	at org.junit.platform.engine.support.hierarchical.Node.around(Node.java:137)
	at org.junit.platform.engine.support.hierarchical.NodeTestTask.lambda$executeRecursively$9(NodeTestTask.java:139)
	at org.junit.platform.engine.support.hierarchical.ThrowableCollector.execute(ThrowableCollector.java:73)
	at org.junit.platform.engine.support.hierarchical.NodeTestTask.executeRecursively(NodeTestTask.java:138)
	at org.junit.platform.engine.support.hierarchical.NodeTestTask.execute(NodeTestTask.java:95)
	at org.junit.platform.engine.support.hierarchical.SameThreadHierarchicalTestExecutorService.submit(SameThreadHierarchicalTestExecutorService.java:35)
	at org.junit.platform.engine.support.hierarchical.HierarchicalTestExecutor.execute(HierarchicalTestExecutor.java:57)
	at org.junit.platform.engine.support.hierarchical.HierarchicalTestEngine.execute(HierarchicalTestEngine.java:54)
	at org.junit.platform.launcher.core.EngineExecutionOrchestrator.execute(EngineExecutionOrchestrator.java:198)
	at org.junit.platform.launcher.core.EngineExecutionOrchestrator.execute(EngineExecutionOrchestrator.java:169)
	at org.junit.platform.launcher.core.EngineExecutionOrchestrator.execute(EngineExecutionOrchestrator.java:93)
	at org.junit.platform.launcher.core.EngineExecutionOrchestrator.lambda$execute$0(EngineExecutionOrchestrator.java:58)
	at org.junit.platform.launcher.core.EngineExecutionOrchestrator.withInterceptedStreams(EngineExecutionOrchestrator.java:141)
	at org.junit.platform.launcher.core.EngineExecutionOrchestrator.execute(EngineExecutionOrchestrator.java:57)
	at org.junit.platform.launcher.core.DefaultLauncher.execute(DefaultLauncher.java:103)
	at org.junit.platform.launcher.core.DefaultLauncher.execute(DefaultLauncher.java:85)
	at org.junit.platform.launcher.core.DelegatingLauncher.execute(DelegatingLauncher.java:47)
	at org.junit.platform.launcher.core.SessionPerRequestLauncher.execute(SessionPerRequestLauncher.java:63)
	at org.apache.maven.surefire.junitplatform.JUnitPlatformProvider.execute(JUnitPlatformProvider.java:188)
	at org.apache.maven.surefire.junitplatform.JUnitPlatformProvider.invokeAllTests(JUnitPlatformProvider.java:154)
	at org.apache.maven.surefire.junitplatform.JUnitPlatformProvider.invoke(JUnitPlatformProvider.java:128)
	at org.apache.maven.surefire.booter.ForkedBooter.runSuitesInProcess(ForkedBooter.java:428)
	at org.apache.maven.surefire.booter.ForkedBooter.execute(ForkedBooter.java:162)
	at org.apache.maven.surefire.booter.ForkedBooter.run(ForkedBooter.java:562)
	at org.apache.maven.surefire.booter.ForkedBooter.main(ForkedBooter.java:548)
2025-07-01 05:39:39 [main] WARN  c.f.i.service.SecureLSHIndexService - Failed to load metadata, starting fresh
com.fspann.common.MetadataManager$MetadataException: Failed to load metadata from metadata.ser
	at com.fspann.common.MetadataManager.load(MetadataManager.java:51)
	at com.fspann.index.service.SecureLSHIndexService.<init>(SecureLSHIndexService.java:52)
	at com.fspann.index.service.SecureLSHIndexService.<init>(SecureLSHIndexService.java:37)
	at com.fspann.api.ForwardSecureANNSystem.<init>(ForwardSecureANNSystem.java:81)
	at com.fspann.api.ForwardSecureANNSystemIntegrationTest.simpleEndToEndNearestNeighbor(ForwardSecureANNSystemIntegrationTest.java:66)
	at java.base/jdk.internal.reflect.DirectMethodHandleAccessor.invoke(DirectMethodHandleAccessor.java:103)
	at java.base/java.lang.reflect.Method.invoke(Method.java:580)
	at org.junit.platform.commons.util.ReflectionUtils.invokeMethod(ReflectionUtils.java:766)
	at org.junit.jupiter.engine.execution.MethodInvocation.proceed(MethodInvocation.java:60)
	at org.junit.jupiter.engine.execution.InvocationInterceptorChain$ValidatingInvocation.proceed(InvocationInterceptorChain.java:131)
	at org.junit.jupiter.engine.extension.TimeoutExtension.intercept(TimeoutExtension.java:156)
	at org.junit.jupiter.engine.extension.TimeoutExtension.interceptTestableMethod(TimeoutExtension.java:147)
	at org.junit.jupiter.engine.extension.TimeoutExtension.interceptTestMethod(TimeoutExtension.java:86)
	at org.junit.jupiter.engine.execution.InterceptingExecutableInvoker$ReflectiveInterceptorCall.lambda$ofVoidMethod$0(InterceptingExecutableInvoker.java:103)
	at org.junit.jupiter.engine.execution.InterceptingExecutableInvoker.lambda$invoke$0(InterceptingExecutableInvoker.java:93)
	at org.junit.jupiter.engine.execution.InvocationInterceptorChain$InterceptedInvocation.proceed(InvocationInterceptorChain.java:106)
	at org.junit.jupiter.engine.execution.InvocationInterceptorChain.proceed(InvocationInterceptorChain.java:64)
	at org.junit.jupiter.engine.execution.InvocationInterceptorChain.chainAndInvoke(InvocationInterceptorChain.java:45)
	at org.junit.jupiter.engine.execution.InvocationInterceptorChain.invoke(InvocationInterceptorChain.java:37)
	at org.junit.jupiter.engine.execution.InterceptingExecutableInvoker.invoke(InterceptingExecutableInvoker.java:92)
	at org.junit.jupiter.engine.execution.InterceptingExecutableInvoker.invoke(InterceptingExecutableInvoker.java:86)
	at org.junit.jupiter.engine.descriptor.TestMethodTestDescriptor.lambda$invokeTestMethod$8(TestMethodTestDescriptor.java:217)
	at org.junit.platform.engine.support.hierarchical.ThrowableCollector.execute(ThrowableCollector.java:73)
	at org.junit.jupiter.engine.descriptor.TestMethodTestDescriptor.invokeTestMethod(TestMethodTestDescriptor.java:213)
	at org.junit.jupiter.engine.descriptor.TestMethodTestDescriptor.execute(TestMethodTestDescriptor.java:138)
	at org.junit.jupiter.engine.descriptor.TestMethodTestDescriptor.execute(TestMethodTestDescriptor.java:68)
	at org.junit.platform.engine.support.hierarchical.NodeTestTask.lambda$executeRecursively$6(NodeTestTask.java:151)
	at org.junit.platform.engine.support.hierarchical.ThrowableCollector.execute(ThrowableCollector.java:73)
	at org.junit.platform.engine.support.hierarchical.NodeTestTask.lambda$executeRecursively$8(NodeTestTask.java:141)
	at org.junit.platform.engine.support.hierarchical.Node.around(Node.java:137)
	at org.junit.platform.engine.support.hierarchical.NodeTestTask.lambda$executeRecursively$9(NodeTestTask.java:139)
	at org.junit.platform.engine.support.hierarchical.ThrowableCollector.execute(ThrowableCollector.java:73)
	at org.junit.platform.engine.support.hierarchical.NodeTestTask.executeRecursively(NodeTestTask.java:138)
	at org.junit.platform.engine.support.hierarchical.NodeTestTask.execute(NodeTestTask.java:95)
	at java.base/java.util.ArrayList.forEach(ArrayList.java:1597)
	at org.junit.platform.engine.support.hierarchical.SameThreadHierarchicalTestExecutorService.invokeAll(SameThreadHierarchicalTestExecutorService.java:41)
	at org.junit.platform.engine.support.hierarchical.NodeTestTask.lambda$executeRecursively$6(NodeTestTask.java:155)
	at org.junit.platform.engine.support.hierarchical.ThrowableCollector.execute(ThrowableCollector.java:73)
	at org.junit.platform.engine.support.hierarchical.NodeTestTask.lambda$executeRecursively$8(NodeTestTask.java:141)
	at org.junit.platform.engine.support.hierarchical.Node.around(Node.java:137)
	at org.junit.platform.engine.support.hierarchical.NodeTestTask.lambda$executeRecursively$9(NodeTestTask.java:139)
	at org.junit.platform.engine.support.hierarchical.ThrowableCollector.execute(ThrowableCollector.java:73)
	at org.junit.platform.engine.support.hierarchical.NodeTestTask.executeRecursively(NodeTestTask.java:138)
	at org.junit.platform.engine.support.hierarchical.NodeTestTask.execute(NodeTestTask.java:95)
	at java.base/java.util.ArrayList.forEach(ArrayList.java:1597)
	at org.junit.platform.engine.support.hierarchical.SameThreadHierarchicalTestExecutorService.invokeAll(SameThreadHierarchicalTestExecutorService.java:41)
	at org.junit.platform.engine.support.hierarchical.NodeTestTask.lambda$executeRecursively$6(NodeTestTask.java:155)
	at org.junit.platform.engine.support.hierarchical.ThrowableCollector.execute(ThrowableCollector.java:73)
	at org.junit.platform.engine.support.hierarchical.NodeTestTask.lambda$executeRecursively$8(NodeTestTask.java:141)
	at org.junit.platform.engine.support.hierarchical.Node.around(Node.java:137)
	at org.junit.platform.engine.support.hierarchical.NodeTestTask.lambda$executeRecursively$9(NodeTestTask.java:139)
	at org.junit.platform.engine.support.hierarchical.ThrowableCollector.execute(ThrowableCollector.java:73)
	at org.junit.platform.engine.support.hierarchical.NodeTestTask.executeRecursively(NodeTestTask.java:138)
	at org.junit.platform.engine.support.hierarchical.NodeTestTask.execute(NodeTestTask.java:95)
	at org.junit.platform.engine.support.hierarchical.SameThreadHierarchicalTestExecutorService.submit(SameThreadHierarchicalTestExecutorService.java:35)
	at org.junit.platform.engine.support.hierarchical.HierarchicalTestExecutor.execute(HierarchicalTestExecutor.java:57)
	at org.junit.platform.engine.support.hierarchical.HierarchicalTestEngine.execute(HierarchicalTestEngine.java:54)
	at org.junit.platform.launcher.core.EngineExecutionOrchestrator.execute(EngineExecutionOrchestrator.java:198)
	at org.junit.platform.launcher.core.EngineExecutionOrchestrator.execute(EngineExecutionOrchestrator.java:169)
	at org.junit.platform.launcher.core.EngineExecutionOrchestrator.execute(EngineExecutionOrchestrator.java:93)
	at org.junit.platform.launcher.core.EngineExecutionOrchestrator.lambda$execute$0(EngineExecutionOrchestrator.java:58)
	at org.junit.platform.launcher.core.EngineExecutionOrchestrator.withInterceptedStreams(EngineExecutionOrchestrator.java:141)
	at org.junit.platform.launcher.core.EngineExecutionOrchestrator.execute(EngineExecutionOrchestrator.java:57)
	at org.junit.platform.launcher.core.DefaultLauncher.execute(DefaultLauncher.java:103)
	at org.junit.platform.launcher.core.DefaultLauncher.execute(DefaultLauncher.java:85)
	at org.junit.platform.launcher.core.DelegatingLauncher.execute(DelegatingLauncher.java:47)
	at org.junit.platform.launcher.core.SessionPerRequestLauncher.execute(SessionPerRequestLauncher.java:63)
	at org.apache.maven.surefire.junitplatform.JUnitPlatformProvider.execute(JUnitPlatformProvider.java:188)
	at org.apache.maven.surefire.junitplatform.JUnitPlatformProvider.invokeAllTests(JUnitPlatformProvider.java:154)
	at org.apache.maven.surefire.junitplatform.JUnitPlatformProvider.invoke(JUnitPlatformProvider.java:128)
	at org.apache.maven.surefire.booter.ForkedBooter.runSuitesInProcess(ForkedBooter.java:428)
	at org.apache.maven.surefire.booter.ForkedBooter.execute(ForkedBooter.java:162)
	at org.apache.maven.surefire.booter.ForkedBooter.run(ForkedBooter.java:562)
	at org.apache.maven.surefire.booter.ForkedBooter.main(ForkedBooter.java:548)
Caused by: java.io.EOFException: null
	at java.base/java.io.ObjectInputStream$BlockDataInputStream.peekByte(ObjectInputStream.java:3217)
	at java.base/java.io.ObjectInputStream.readObject0(ObjectInputStream.java:1698)
	at java.base/java.io.ObjectInputStream.readObject(ObjectInputStream.java:525)
	at java.base/java.io.ObjectInputStream.readObject(ObjectInputStream.java:483)
	at java.base/java.util.HashMap.readObject(HashMap.java:1558)
	at java.base/jdk.internal.reflect.DirectMethodHandleAccessor.invoke(DirectMethodHandleAccessor.java:103)
	at java.base/java.lang.reflect.Method.invoke(Method.java:580)
	at java.base/java.io.ObjectStreamClass.invokeReadObject(ObjectStreamClass.java:1108)
	at java.base/java.io.ObjectInputStream.readSerialData(ObjectInputStream.java:2429)
	at java.base/java.io.ObjectInputStream.readOrdinaryObject(ObjectInputStream.java:2269)
	at java.base/java.io.ObjectInputStream.readObject0(ObjectInputStream.java:1747)
	at java.base/java.io.ObjectInputStream.readObject(ObjectInputStream.java:525)
	at java.base/java.io.ObjectInputStream.readObject(ObjectInputStream.java:483)
	at java.base/java.util.HashMap.readObject(HashMap.java:1560)
	at java.base/jdk.internal.reflect.DirectMethodHandleAccessor.invoke(DirectMethodHandleAccessor.java:103)
	at java.base/java.lang.reflect.Method.invoke(Method.java:580)
	at java.base/java.io.ObjectStreamClass.invokeReadObject(ObjectStreamClass.java:1108)
	at java.base/java.io.ObjectInputStream.readSerialData(ObjectInputStream.java:2429)
	at java.base/java.io.ObjectInputStream.readOrdinaryObject(ObjectInputStream.java:2269)
	at java.base/java.io.ObjectInputStream.readObject0(ObjectInputStream.java:1747)
	at java.base/java.io.ObjectInputStream$FieldValues.<init>(ObjectInputStream.java:2603)
	at java.base/java.io.ObjectInputStream.readSerialData(ObjectInputStream.java:2454)
	at java.base/java.io.ObjectInputStream.readOrdinaryObject(ObjectInputStream.java:2269)
	at java.base/java.io.ObjectInputStream.readObject0(ObjectInputStream.java:1747)
	at java.base/java.io.ObjectInputStream.readObject(ObjectInputStream.java:525)
	at java.base/java.io.ObjectInputStream.readObject(ObjectInputStream.java:483)
	at com.fspann.common.PersistenceUtils.loadObject(PersistenceUtils.java:34)
	at com.fspann.common.MetadataManager.load(MetadataManager.java:39)
	... 73 common frames omitted
2025-07-01 05:39:39 [main] INFO  com.fspann.loader.DefaultDataLoader - Loading data from C:\Users\MEHRAN~1\AppData\Local\Temp\junit-13166182114492417717\data2d.csv using loader for CSV
2025-07-01 05:39:39 [main] INFO  c.f.i.service.SecureLSHIndexService - [BatchIndexing] Inserted 2 points in 5 ms (index: 1 ms, metaMap: 0 ms, save: 3 ms)
2025-07-01 05:39:39 [main] INFO  c.f.i.service.SecureLSHIndexService - Flushed metadata.ser after batch.
2025-07-01 05:39:39 [main] INFO  c.fspann.api.ForwardSecureANNSystem - [BatchInsert] Inserted 2 of 2 vectors... elapsed: 18 ms, last batch: 15 ms, freeMem: 234 MB
2025-07-01 05:39:39 [main] INFO  c.fspann.api.ForwardSecureANNSystem - Batch insert complete: 2 vectors in 18 ms
2025-07-01 05:39:39 [main] INFO  c.f.a.ForwardSecureANNSystemIntegrationTest - Indexed vectors for dim=2: 2
2025-07-01 05:39:39 [main] INFO  c.f.a.ForwardSecureANNSystemIntegrationTest - Executing query for vector: [0.05, 0.05]

=== System Shutdown ===
Total indexing time: 18 ms
Total query time: 0 ms

📤 Profiler data written to profiler_metrics.csv
]]></system-out>
  </testcase>
  <testcase name="testVisualization(Path)" classname="com.fspann.api.ForwardSecureANNSystemIntegrationTest" time="1.123">
    <system-out><![CDATA[2025-07-01 05:39:39 [main] INFO  com.fspann.key.KeyManager - Initialized new key store (version 1)
2025-07-01 05:39:39 [main] INFO  c.fspann.crypto.AesGcmCryptoService - AesGcmCryptoService initialized successfully
2025-07-01 05:39:39 [main] INFO  c.fspann.api.ForwardSecureANNSystem - Initializing ForwardSecureANNSystem with config=C:\Users\MEHRAN~1\AppData\Local\Temp\junit-10665552854128658179\config.json, data=C:\Users\MEHRAN~1\AppData\Local\Temp\junit-10665552854128658179\data2d.csv, keys=C:\Users\MEHRAN~1\AppData\Local\Temp\junit-10665552854128658179\keys.ser, dims=[2], metadata=C:\Users\MEHRAN~1\AppData\Local\Temp\junit-10665552854128658179
2025-07-01 05:39:39 [main] INFO  com.fspann.config.SystemConfig - Successfully loaded config from C:\Users\MEHRAN~1\AppData\Local\Temp\junit-10665552854128658179\config.json
2025-07-01 05:39:39 [main] INFO  com.fspann.key.KeyManager - Loaded key store up to version 1
2025-07-01 05:39:39 [main] INFO  com.fspann.common.MetadataManager - Loaded metadata from metadata.ser
2025-07-01 05:39:39 [main] INFO  com.fspann.loader.DefaultDataLoader - Loading data from C:\Users\MEHRAN~1\AppData\Local\Temp\junit-10665552854128658179\data2d.csv using loader for CSV
2025-07-01 05:39:39 [main] INFO  c.f.i.service.SecureLSHIndexService - [BatchIndexing] Inserted 2 points in 3 ms (index: 0 ms, metaMap: 0 ms, save: 2 ms)
2025-07-01 05:39:39 [main] INFO  c.f.i.service.SecureLSHIndexService - Flushed metadata.ser after batch.
2025-07-01 05:39:39 [main] INFO  c.fspann.api.ForwardSecureANNSystem - [BatchInsert] Inserted 2 of 2 vectors... elapsed: 7 ms, last batch: 7 ms, freeMem: 37 MB
2025-07-01 05:39:39 [main] INFO  c.fspann.api.ForwardSecureANNSystem - Batch insert complete: 2 vectors in 7 ms
2025-07-01 05:39:39 [main] INFO  c.f.a.ForwardSecureANNSystemIntegrationTest - Indexed vectors for dim=2: 2
2025-07-01 05:39:39 [main] INFO  com.fspann.loader.DefaultDataLoader - Loading data from C:\Users\MEHRAN~1\AppData\Local\Temp\junit-10665552854128658179\data2d.csv using loader for CSV
2025-07-01 05:39:39 [main] INFO  c.f.i.service.SecureLSHIndexService - [BatchIndexing] Inserted 2 points in 3 ms (index: 0 ms, metaMap: 0 ms, save: 2 ms)
2025-07-01 05:39:39 [main] INFO  c.f.i.service.SecureLSHIndexService - Flushed metadata.ser after batch.
2025-07-01 05:39:39 [main] INFO  c.fspann.api.ForwardSecureANNSystem - [BatchInsert] Inserted 2 of 2 vectors... elapsed: 6 ms, last batch: 6 ms, freeMem: 37 MB
2025-07-01 05:39:39 [main] INFO  c.fspann.api.ForwardSecureANNSystem - Batch insert complete: 2 vectors in 6 ms
2025-07-01 05:39:40 [main] INFO  com.fspann.loader.DefaultDataLoader - Loading data from C:\Users\MEHRAN~1\AppData\Local\Temp\junit-10665552854128658179\query2d.csv using loader for CSV
2025-07-01 05:39:40 [main] INFO  c.fspann.api.PerformanceVisualizer - Chart saved to: results_query_results.png

=== System Shutdown ===
Total indexing time: 14 ms
Total query time: 0 ms

📤 Profiler data written to profiler_metrics.csv
]]></system-out>
  </testcase>
</testsuite>