<?xml version="1.0" encoding="UTF-8"?>
<testsuite xmlns:xsi="http://www.w3.org/2001/XMLSchema-instance" xsi:noNamespaceSchemaLocation="https://maven.apache.org/surefire/maven-surefire-plugin/xsd/surefire-test-report-3.0.xsd" version="3.0" name="com.fspann.api.ForwardSecureANNSystemIntegrationTest" time="14.761" tests="3" errors="1" skipped="0" failures="2">
  <properties>
[...]
</properties>
  <testcase name="testMultipleDimensions(Path)" classname="com.fspann.api.ForwardSecureANNSystemIntegrationTest" time="0.904">
    <failure type="org.opentest4j.AssertionFailedError"><![CDATA[org.opentest4j.AssertionFailedError: Should have at least 3 vectors for 2D ==> expected: <true> but was: <false>
	at com.fspann.api.ForwardSecureANNSystemIntegrationTest.testMultipleDimensions(ForwardSecureANNSystemIntegrationTest.java:94)
]]></failure>
    <system-out><![CDATA[2025-06-18 19:18:36 [main] INFO  c.fspann.api.ForwardSecureANNSystem - Initializing ForwardSecureANNSystem with config=C:\Users\MEHRAN~1\AppData\Local\Temp\junit-2277123314453738653\config.json, data=C:\Users\MEHRAN~1\AppData\Local\Temp\junit-2277123314453738653\data.csv, keys=C:\Users\MEHRAN~1\AppData\Local\Temp\junit-2277123314453738653\keys.ser, dims=[2, 3], metadata=C:\Users\MEHRAN~1\AppData\Local\Temp\junit-2277123314453738653\metadata
2025-06-18 19:18:36 [main] INFO  com.fspann.config.SystemConfig - Successfully loaded config from C:\Users\MEHRAN~1\AppData\Local\Temp\junit-2277123314453738653\config.json
2025-06-18 19:18:36 [main] INFO  c.fspann.api.ForwardSecureANNSystem - Loaded system configuration
2025-06-18 19:18:36 [main] INFO  com.fspann.key.KeyManager - Initialized new key store (version 1)
2025-06-18 19:18:36 [main] INFO  c.fspann.api.ForwardSecureANNSystem - KeyManager initialized
2025-06-18 19:18:36 [main] INFO  c.fspann.api.ForwardSecureANNSystem - KeyRotationServiceImpl initialized successfully
2025-06-18 19:18:36 [main] INFO  c.fspann.api.ForwardSecureANNSystem - KeyManager initialized with forward-secure key derivation, using keys file at C:\Users\MEHRAN~1\AppData\Local\Temp\junit-2277123314453738653\keys.ser
2025-06-18 19:18:36 [main] INFO  c.fspann.api.ForwardSecureANNSystem - CryptoService (AES-GCM with forward security) ready
2025-06-18 19:18:36 [main] INFO  com.fspann.common.MetadataManager - Loaded metadata from metadata.ser
2025-06-18 19:18:36 [main] INFO  c.fspann.api.ForwardSecureANNSystem - SecureLSHIndexService initialized with 4 shards
2025-06-18 19:18:36 [main] INFO  c.fspann.api.ForwardSecureANNSystem - Cache and Profiler initialized
2025-06-18 19:18:36 [main] INFO  c.fspann.api.ForwardSecureANNSystem - QueryService initialized and ready
2025-06-18 19:18:36 [main] INFO  c.fspann.api.ForwardSecureANNSystem - Loading base data from C:\Users\MEHRAN~1\AppData\Local\Temp\junit-2277123314453738653\data.csv
2025-06-18 19:18:36 [main] INFO  com.fspann.loader.DefaultDataLoader - Loading data from C:\Users\MEHRAN~1\AppData\Local\Temp\junit-2277123314453738653\data.csv using loader for CSV
2025-06-18 19:18:36 [main] INFO  c.fspann.api.ForwardSecureANNSystem - Loaded 2 vectors for dimension 2
2025-06-18 19:18:36 [main] INFO  com.fspann.common.MetadataManager - Saved metadata to metadata.ser
2025-06-18 19:18:36 [main] INFO  com.fspann.common.MetadataManager - Saved metadata to metadata.ser
2025-06-18 19:18:37 [main] INFO  com.fspann.common.MetadataManager - Saved metadata to metadata.ser
2025-06-18 19:18:37 [main] INFO  com.fspann.common.MetadataManager - Saved metadata to metadata.ser
2025-06-18 19:18:37 [main] INFO  c.fspann.api.ForwardSecureANNSystem - Batch insert complete for 2 vectors in 307.7317 ms
2025-06-18 19:18:37 [main] INFO  com.fspann.loader.DefaultDataLoader - Loading data from C:\Users\MEHRAN~1\AppData\Local\Temp\junit-2277123314453738653\data.csv using loader for CSV
2025-06-18 19:18:37 [main] INFO  c.fspann.api.ForwardSecureANNSystem - Loaded 3 vectors for dimension 3
2025-06-18 19:18:37 [main] INFO  com.fspann.common.MetadataManager - Saved metadata to metadata.ser
2025-06-18 19:18:37 [main] INFO  com.fspann.common.MetadataManager - Saved metadata to metadata.ser
2025-06-18 19:18:37 [main] INFO  com.fspann.common.MetadataManager - Saved metadata to metadata.ser
2025-06-18 19:18:37 [main] INFO  com.fspann.common.MetadataManager - Saved metadata to metadata.ser
2025-06-18 19:18:37 [main] INFO  com.fspann.common.MetadataManager - Saved metadata to metadata.ser
2025-06-18 19:18:37 [main] INFO  com.fspann.common.MetadataManager - Saved metadata to metadata.ser
2025-06-18 19:18:37 [main] INFO  c.fspann.api.ForwardSecureANNSystem - Batch insert complete for 3 vectors in 365.1214 ms
2025-06-18 19:18:37 [main] INFO  c.fspann.api.ForwardSecureANNSystem - Initial data insertion complete
2025-06-18 19:18:37 [main] INFO  c.fspann.api.ForwardSecureANNSystem - Number of indexed vectors for dimension 2: 2
]]></system-out>
  </testcase>
  <testcase name="simpleEndToEndNearestNeighbor(Path)" classname="com.fspann.api.ForwardSecureANNSystemIntegrationTest" time="0.37">
    <failure type="org.opentest4j.AssertionFailedError"><![CDATA[org.opentest4j.AssertionFailedError: Should have at least 3 vectors indexed ==> expected: <true> but was: <false>
	at com.fspann.api.ForwardSecureANNSystemIntegrationTest.simpleEndToEndNearestNeighbor(ForwardSecureANNSystemIntegrationTest.java:59)
]]></failure>
    <system-out><![CDATA[2025-06-18 19:18:37 [main] INFO  c.fspann.api.ForwardSecureANNSystem - Initializing ForwardSecureANNSystem with config=C:\Users\MEHRAN~1\AppData\Local\Temp\junit-7590585617576666185\config.json, data=C:\Users\MEHRAN~1\AppData\Local\Temp\junit-7590585617576666185\data.csv, keys=C:\Users\MEHRAN~1\AppData\Local\Temp\junit-7590585617576666185\keys.ser, dims=[2], metadata=C:\Users\MEHRAN~1\AppData\Local\Temp\junit-7590585617576666185\metadata
2025-06-18 19:18:37 [main] INFO  com.fspann.config.SystemConfig - Successfully loaded config from C:\Users\MEHRAN~1\AppData\Local\Temp\junit-7590585617576666185\config.json
2025-06-18 19:18:37 [main] INFO  c.fspann.api.ForwardSecureANNSystem - Loaded system configuration
2025-06-18 19:18:37 [main] INFO  com.fspann.key.KeyManager - Initialized new key store (version 1)
2025-06-18 19:18:37 [main] INFO  c.fspann.api.ForwardSecureANNSystem - KeyManager initialized
2025-06-18 19:18:37 [main] INFO  c.fspann.api.ForwardSecureANNSystem - KeyRotationServiceImpl initialized successfully
2025-06-18 19:18:37 [main] INFO  c.fspann.api.ForwardSecureANNSystem - KeyManager initialized with forward-secure key derivation, using keys file at C:\Users\MEHRAN~1\AppData\Local\Temp\junit-7590585617576666185\keys.ser
2025-06-18 19:18:37 [main] INFO  c.fspann.api.ForwardSecureANNSystem - CryptoService (AES-GCM with forward security) ready
2025-06-18 19:18:37 [main] INFO  com.fspann.common.MetadataManager - Loaded metadata from metadata.ser
2025-06-18 19:18:37 [main] INFO  c.fspann.api.ForwardSecureANNSystem - SecureLSHIndexService initialized with 4 shards
2025-06-18 19:18:37 [main] INFO  c.fspann.api.ForwardSecureANNSystem - Cache and Profiler initialized
2025-06-18 19:18:37 [main] INFO  c.fspann.api.ForwardSecureANNSystem - QueryService initialized and ready
2025-06-18 19:18:37 [main] INFO  c.fspann.api.ForwardSecureANNSystem - Loading base data from C:\Users\MEHRAN~1\AppData\Local\Temp\junit-7590585617576666185\data.csv
2025-06-18 19:18:37 [main] INFO  com.fspann.loader.DefaultDataLoader - Loading data from C:\Users\MEHRAN~1\AppData\Local\Temp\junit-7590585617576666185\data.csv using loader for CSV
2025-06-18 19:18:37 [main] INFO  c.fspann.api.ForwardSecureANNSystem - Loaded 2 vectors for dimension 2
2025-06-18 19:18:37 [main] INFO  com.fspann.common.MetadataManager - Saved metadata to metadata.ser
2025-06-18 19:18:37 [main] INFO  com.fspann.common.MetadataManager - Saved metadata to metadata.ser
2025-06-18 19:18:37 [main] INFO  com.fspann.common.MetadataManager - Saved metadata to metadata.ser
2025-06-18 19:18:37 [main] INFO  com.fspann.common.MetadataManager - Saved metadata to metadata.ser
2025-06-18 19:18:37 [main] INFO  c.fspann.api.ForwardSecureANNSystem - Batch insert complete for 2 vectors in 255.5599 ms
2025-06-18 19:18:37 [main] INFO  c.fspann.api.ForwardSecureANNSystem - Initial data insertion complete
2025-06-18 19:18:37 [main] INFO  c.fspann.api.ForwardSecureANNSystem - Number of indexed vectors for dimension 2: 2
2025-06-18 19:18:37 [main] INFO  c.f.a.ForwardSecureANNSystemIntegrationTest - Indexed vectors for dim=2: 2
2025-06-18 19:18:37 [main] INFO  c.fspann.api.ForwardSecureANNSystem - Number of indexed vectors for dimension 2: 2
]]></system-out>
  </testcase>
  <testcase name="testVisualization(Path)" classname="com.fspann.api.ForwardSecureANNSystemIntegrationTest" time="13.483">
    <error type="java.lang.RuntimeException"><![CDATA[java.lang.RuntimeException: Decryption error: query vector
	at com.fspann.api.ForwardSecureANNSystemIntegrationTest.testVisualization(ForwardSecureANNSystemIntegrationTest.java:129)
Caused by: com.fspann.crypto.AesGcmCryptoService$CryptoException: Query decryption failed
	at com.fspann.api.ForwardSecureANNSystemIntegrationTest.testVisualization(ForwardSecureANNSystemIntegrationTest.java:129)
Caused by: javax.crypto.AEADBadTagException: Tag mismatch
	at com.fspann.api.ForwardSecureANNSystemIntegrationTest.testVisualization(ForwardSecureANNSystemIntegrationTest.java:129)
]]></error>
    <system-out><![CDATA[2025-06-18 19:18:37 [main] INFO  c.fspann.api.ForwardSecureANNSystem - Initializing ForwardSecureANNSystem with config=C:\Users\MEHRAN~1\AppData\Local\Temp\junit-10886917459130520687\config.json, data=C:\Users\MEHRAN~1\AppData\Local\Temp\junit-10886917459130520687\data.csv, keys=C:\Users\MEHRAN~1\AppData\Local\Temp\junit-10886917459130520687\keys.ser, dims=[2], metadata=C:\Users\MEHRAN~1\AppData\Local\Temp\junit-10886917459130520687\metadata
2025-06-18 19:18:37 [main] INFO  com.fspann.config.SystemConfig - Successfully loaded config from C:\Users\MEHRAN~1\AppData\Local\Temp\junit-10886917459130520687\config.json
2025-06-18 19:18:37 [main] INFO  c.fspann.api.ForwardSecureANNSystem - Loaded system configuration
2025-06-18 19:18:37 [main] INFO  com.fspann.key.KeyManager - Initialized new key store (version 1)
2025-06-18 19:18:37 [main] INFO  c.fspann.api.ForwardSecureANNSystem - KeyManager initialized
2025-06-18 19:18:37 [main] INFO  c.fspann.api.ForwardSecureANNSystem - KeyRotationServiceImpl initialized successfully
2025-06-18 19:18:37 [main] INFO  c.fspann.api.ForwardSecureANNSystem - KeyManager initialized with forward-secure key derivation, using keys file at C:\Users\MEHRAN~1\AppData\Local\Temp\junit-10886917459130520687\keys.ser
2025-06-18 19:18:37 [main] INFO  c.fspann.api.ForwardSecureANNSystem - CryptoService (AES-GCM with forward security) ready
2025-06-18 19:18:37 [main] INFO  com.fspann.common.MetadataManager - Loaded metadata from metadata.ser
2025-06-18 19:18:37 [main] INFO  c.fspann.api.ForwardSecureANNSystem - SecureLSHIndexService initialized with 4 shards
2025-06-18 19:18:37 [main] INFO  c.fspann.api.ForwardSecureANNSystem - Cache and Profiler initialized
2025-06-18 19:18:37 [main] INFO  c.fspann.api.ForwardSecureANNSystem - QueryService initialized and ready
2025-06-18 19:18:37 [main] INFO  c.fspann.api.ForwardSecureANNSystem - Loading base data from C:\Users\MEHRAN~1\AppData\Local\Temp\junit-10886917459130520687\data.csv
2025-06-18 19:18:37 [main] INFO  com.fspann.loader.DefaultDataLoader - Loading data from C:\Users\MEHRAN~1\AppData\Local\Temp\junit-10886917459130520687\data.csv using loader for CSV
2025-06-18 19:18:37 [main] INFO  c.fspann.api.ForwardSecureANNSystem - Loaded 2 vectors for dimension 2
2025-06-18 19:18:38 [main] INFO  com.fspann.common.MetadataManager - Saved metadata to metadata.ser
2025-06-18 19:18:38 [main] INFO  com.fspann.common.MetadataManager - Saved metadata to metadata.ser
2025-06-18 19:18:38 [main] INFO  com.fspann.common.MetadataManager - Saved metadata to metadata.ser
2025-06-18 19:18:38 [main] INFO  com.fspann.common.MetadataManager - Saved metadata to metadata.ser
2025-06-18 19:18:38 [main] INFO  c.fspann.api.ForwardSecureANNSystem - Batch insert complete for 2 vectors in 258.2716 ms
2025-06-18 19:18:38 [main] INFO  c.fspann.api.ForwardSecureANNSystem - Initial data insertion complete
2025-06-18 19:18:38 [main] INFO  c.fspann.api.ForwardSecureANNSystem - Visualizing encryption keys
2025-06-18 19:18:38 [main] INFO  c.fspann.api.ForwardSecureANNSystem - Running end-to-end workflow with dataPath=C:\Users\MEHRAN~1\AppData\Local\Temp\junit-10886917459130520687\data.csv, topK=1, dim=2
2025-06-18 19:18:38 [main] INFO  com.fspann.loader.DefaultDataLoader - Loading data from C:\Users\MEHRAN~1\AppData\Local\Temp\junit-10886917459130520687\data.csv using loader for CSV
2025-06-18 19:18:38 [main] INFO  com.fspann.common.MetadataManager - Saved metadata to metadata.ser
2025-06-18 19:18:38 [main] INFO  com.fspann.common.MetadataManager - Saved metadata to metadata.ser
2025-06-18 19:18:38 [main] INFO  com.fspann.common.MetadataManager - Saved metadata to metadata.ser
2025-06-18 19:18:38 [main] INFO  com.fspann.common.MetadataManager - Saved metadata to metadata.ser
2025-06-18 19:18:38 [main] INFO  c.fspann.api.ForwardSecureANNSystem - Batch insert complete for 2 vectors in 278.5132 ms
2025-06-18 19:18:38 [main] INFO  c.fspann.api.ForwardSecureANNSystem - Loaded and indexed 2 vectors
2025-06-18 19:18:38 [main] INFO  c.fspann.api.ForwardSecureANNSystem - Inserting 100 fake points for dimension 2
2025-06-18 19:18:38 [main] INFO  com.fspann.common.MetadataManager - Saved metadata to metadata.ser
2025-06-18 19:18:38 [main] INFO  com.fspann.common.MetadataManager - Saved metadata to metadata.ser
2025-06-18 19:18:38 [main] INFO  c.fspann.api.ForwardSecureANNSystem - Insert complete for id=b8cdb9a5-7140-4643-994a-5801eb841137 in 124.5564 ms
2025-06-18 19:18:38 [main] INFO  com.fspann.common.MetadataManager - Saved metadata to metadata.ser
2025-06-18 19:18:38 [main] INFO  com.fspann.common.MetadataManager - Saved metadata to metadata.ser
2025-06-18 19:18:38 [main] INFO  c.fspann.api.ForwardSecureANNSystem - Insert complete for id=00b3a74f-ec08-4449-a694-1909cf87b914 in 125.9674 ms
2025-06-18 19:18:38 [main] INFO  com.fspann.common.MetadataManager - Saved metadata to metadata.ser
2025-06-18 19:18:39 [main] INFO  com.fspann.common.MetadataManager - Saved metadata to metadata.ser
2025-06-18 19:18:39 [main] INFO  c.fspann.api.ForwardSecureANNSystem - Insert complete for id=ccc73f16-9b70-4c0a-8840-13cb62aaa732 in 122.3408 ms
2025-06-18 19:18:39 [main] INFO  com.fspann.common.MetadataManager - Saved metadata to metadata.ser
2025-06-18 19:18:39 [main] INFO  com.fspann.common.MetadataManager - Saved metadata to metadata.ser
2025-06-18 19:18:39 [main] INFO  c.fspann.api.ForwardSecureANNSystem - Insert complete for id=7dc79f78-8ede-48ef-876a-177937480452 in 122.6973 ms
2025-06-18 19:18:39 [main] INFO  com.fspann.common.MetadataManager - Saved metadata to metadata.ser
2025-06-18 19:18:39 [main] INFO  com.fspann.common.MetadataManager - Saved metadata to metadata.ser
2025-06-18 19:18:39 [main] INFO  c.fspann.api.ForwardSecureANNSystem - Insert complete for id=75820212-82dc-46ff-9020-926b9da12341 in 120.0475 ms
2025-06-18 19:18:39 [main] INFO  com.fspann.common.MetadataManager - Saved metadata to metadata.ser
2025-06-18 19:18:39 [main] INFO  com.fspann.common.MetadataManager - Saved metadata to metadata.ser
2025-06-18 19:18:39 [main] INFO  c.fspann.api.ForwardSecureANNSystem - Insert complete for id=085d5cca-4c6f-4b85-879b-b7ead096a676 in 122.522 ms
2025-06-18 19:18:39 [main] INFO  com.fspann.common.MetadataManager - Saved metadata to metadata.ser
2025-06-18 19:18:39 [main] INFO  com.fspann.common.MetadataManager - Saved metadata to metadata.ser
2025-06-18 19:18:39 [main] INFO  c.fspann.api.ForwardSecureANNSystem - Insert complete for id=897a6101-60c7-4ca3-9e82-b3f2f7c11375 in 126.6046 ms
2025-06-18 19:18:39 [main] INFO  com.fspann.common.MetadataManager - Saved metadata to metadata.ser
2025-06-18 19:18:39 [main] INFO  com.fspann.common.MetadataManager - Saved metadata to metadata.ser
2025-06-18 19:18:39 [main] INFO  c.fspann.api.ForwardSecureANNSystem - Insert complete for id=3a42ec47-71c5-4689-bccd-9a5473a44f2d in 129.7096 ms
2025-06-18 19:18:39 [main] INFO  com.fspann.common.MetadataManager - Saved metadata to metadata.ser
2025-06-18 19:18:39 [main] INFO  com.fspann.common.MetadataManager - Saved metadata to metadata.ser
2025-06-18 19:18:39 [main] INFO  c.fspann.api.ForwardSecureANNSystem - Insert complete for id=cec6df94-a305-4752-97b1-dba8e1da0ffb in 121.1845 ms
2025-06-18 19:18:39 [main] INFO  com.fspann.common.MetadataManager - Saved metadata to metadata.ser
2025-06-18 19:18:39 [main] INFO  com.fspann.common.MetadataManager - Saved metadata to metadata.ser
2025-06-18 19:18:39 [main] INFO  c.fspann.api.ForwardSecureANNSystem - Insert complete for id=291457fe-311b-435f-9a70-56a49ab98dff in 125.853 ms
2025-06-18 19:18:39 [main] INFO  com.fspann.common.MetadataManager - Saved metadata to metadata.ser
2025-06-18 19:18:40 [main] INFO  com.fspann.common.MetadataManager - Saved metadata to metadata.ser
2025-06-18 19:18:40 [main] INFO  c.fspann.api.ForwardSecureANNSystem - Insert complete for id=49c5da58-7134-402a-99a9-cd3bca5e00e3 in 122.3527 ms
2025-06-18 19:18:40 [main] INFO  com.fspann.common.MetadataManager - Saved metadata to metadata.ser
2025-06-18 19:18:40 [main] INFO  com.fspann.common.MetadataManager - Saved metadata to metadata.ser
2025-06-18 19:18:40 [main] INFO  c.fspann.api.ForwardSecureANNSystem - Insert complete for id=504dd5c9-c54a-46a5-9c77-32f8f8c8e34e in 122.5118 ms
2025-06-18 19:18:40 [main] INFO  com.fspann.common.MetadataManager - Saved metadata to metadata.ser
2025-06-18 19:18:40 [main] INFO  com.fspann.common.MetadataManager - Saved metadata to metadata.ser
2025-06-18 19:18:40 [main] INFO  c.fspann.api.ForwardSecureANNSystem - Insert complete for id=3a6214b6-e388-4a45-a399-c5e7eb8ac44a in 127.098 ms
2025-06-18 19:18:40 [main] INFO  com.fspann.common.MetadataManager - Saved metadata to metadata.ser
2025-06-18 19:18:40 [main] INFO  com.fspann.common.MetadataManager - Saved metadata to metadata.ser
2025-06-18 19:18:40 [main] INFO  c.fspann.api.ForwardSecureANNSystem - Insert complete for id=65f96160-9d0b-4989-909e-b00ffbd85e99 in 122.2222 ms
2025-06-18 19:18:40 [main] INFO  com.fspann.common.MetadataManager - Saved metadata to metadata.ser
2025-06-18 19:18:40 [main] INFO  com.fspann.common.MetadataManager - Saved metadata to metadata.ser
2025-06-18 19:18:40 [main] INFO  c.fspann.api.ForwardSecureANNSystem - Insert complete for id=3e977c64-56f9-4f51-859b-0157c0982490 in 120.7143 ms
2025-06-18 19:18:40 [main] INFO  com.fspann.common.MetadataManager - Saved metadata to metadata.ser
2025-06-18 19:18:40 [main] INFO  com.fspann.common.MetadataManager - Saved metadata to metadata.ser
2025-06-18 19:18:40 [main] INFO  c.fspann.api.ForwardSecureANNSystem - Insert complete for id=2546ffb7-50df-4492-9fc8-9a3e7140611d in 124.0331 ms
2025-06-18 19:18:40 [main] INFO  com.fspann.common.MetadataManager - Saved metadata to metadata.ser
2025-06-18 19:18:40 [main] INFO  com.fspann.common.MetadataManager - Saved metadata to metadata.ser
2025-06-18 19:18:40 [main] INFO  c.fspann.api.ForwardSecureANNSystem - Insert complete for id=a5b22643-3614-4fc5-8e52-1d1f40f9f906 in 127.3264 ms
2025-06-18 19:18:40 [main] INFO  com.fspann.common.MetadataManager - Saved metadata to metadata.ser
2025-06-18 19:18:40 [main] INFO  com.fspann.common.MetadataManager - Saved metadata to metadata.ser
2025-06-18 19:18:40 [main] INFO  c.fspann.api.ForwardSecureANNSystem - Insert complete for id=caa44f4a-abf2-42c2-bec2-57ae6e552212 in 121.2388 ms
2025-06-18 19:18:40 [main] INFO  com.fspann.common.MetadataManager - Saved metadata to metadata.ser
2025-06-18 19:18:41 [main] INFO  com.fspann.common.MetadataManager - Saved metadata to metadata.ser
2025-06-18 19:18:41 [main] INFO  c.fspann.api.ForwardSecureANNSystem - Insert complete for id=2e5af75e-7e4c-4614-a992-4aea834574b3 in 128.9494 ms
2025-06-18 19:18:41 [main] INFO  com.fspann.common.MetadataManager - Saved metadata to metadata.ser
2025-06-18 19:18:41 [main] INFO  com.fspann.common.MetadataManager - Saved metadata to metadata.ser
2025-06-18 19:18:41 [main] INFO  c.fspann.api.ForwardSecureANNSystem - Insert complete for id=072cf411-4fd5-4eac-b4e6-6b370ad0742c in 122.955 ms
2025-06-18 19:18:41 [main] INFO  com.fspann.common.MetadataManager - Saved metadata to metadata.ser
2025-06-18 19:18:41 [main] INFO  com.fspann.common.MetadataManager - Saved metadata to metadata.ser
2025-06-18 19:18:41 [main] INFO  c.fspann.api.ForwardSecureANNSystem - Insert complete for id=d4c77ea0-5afe-4ff0-b20e-f24f254370f2 in 121.0455 ms
2025-06-18 19:18:41 [main] INFO  com.fspann.common.MetadataManager - Saved metadata to metadata.ser
2025-06-18 19:18:41 [main] INFO  com.fspann.common.MetadataManager - Saved metadata to metadata.ser
2025-06-18 19:18:41 [main] INFO  c.fspann.api.ForwardSecureANNSystem - Insert complete for id=8179769d-4f1a-49c8-9fb6-867b41910fd9 in 119.2693 ms
2025-06-18 19:18:41 [main] INFO  com.fspann.common.MetadataManager - Saved metadata to metadata.ser
2025-06-18 19:18:41 [main] INFO  com.fspann.common.MetadataManager - Saved metadata to metadata.ser
2025-06-18 19:18:41 [main] INFO  c.fspann.api.ForwardSecureANNSystem - Insert complete for id=a4c5c521-8694-4026-bbda-3131231f1566 in 122.1025 ms
2025-06-18 19:18:41 [main] INFO  com.fspann.common.MetadataManager - Saved metadata to metadata.ser
2025-06-18 19:18:41 [main] INFO  com.fspann.common.MetadataManager - Saved metadata to metadata.ser
2025-06-18 19:18:41 [main] INFO  c.fspann.api.ForwardSecureANNSystem - Insert complete for id=9f245d5e-96ae-4a74-b8f4-219a44b9be02 in 119.7975 ms
2025-06-18 19:18:41 [main] INFO  com.fspann.common.MetadataManager - Saved metadata to metadata.ser
2025-06-18 19:18:41 [main] INFO  com.fspann.common.MetadataManager - Saved metadata to metadata.ser
2025-06-18 19:18:41 [main] INFO  c.fspann.api.ForwardSecureANNSystem - Insert complete for id=6257e693-c58e-4d25-be78-93f7de2e1fae in 129.669 ms
2025-06-18 19:18:41 [main] INFO  com.fspann.common.MetadataManager - Saved metadata to metadata.ser
2025-06-18 19:18:41 [main] INFO  com.fspann.common.MetadataManager - Saved metadata to metadata.ser
2025-06-18 19:18:41 [main] INFO  c.fspann.api.ForwardSecureANNSystem - Insert complete for id=2f5ac57e-00f4-4959-a4f2-56713d09ef80 in 126.2651 ms
2025-06-18 19:18:41 [main] INFO  com.fspann.common.MetadataManager - Saved metadata to metadata.ser
2025-06-18 19:18:42 [main] INFO  com.fspann.common.MetadataManager - Saved metadata to metadata.ser
2025-06-18 19:18:42 [main] INFO  c.fspann.api.ForwardSecureANNSystem - Insert complete for id=fbd101aa-f7de-4daa-bd14-52b8e8aa9047 in 121.5304 ms
2025-06-18 19:18:42 [main] INFO  com.fspann.common.MetadataManager - Saved metadata to metadata.ser
2025-06-18 19:18:42 [main] INFO  com.fspann.common.MetadataManager - Saved metadata to metadata.ser
2025-06-18 19:18:42 [main] INFO  c.fspann.api.ForwardSecureANNSystem - Insert complete for id=aede60de-d2fb-4f6a-adea-05f3e53bb797 in 125.608 ms
2025-06-18 19:18:42 [main] INFO  com.fspann.common.MetadataManager - Saved metadata to metadata.ser
2025-06-18 19:18:42 [main] INFO  com.fspann.common.MetadataManager - Saved metadata to metadata.ser
2025-06-18 19:18:42 [main] INFO  c.fspann.api.ForwardSecureANNSystem - Insert complete for id=e51b4294-354d-49b7-91f5-e0739f3d1482 in 120.0543 ms
2025-06-18 19:18:42 [main] INFO  com.fspann.common.MetadataManager - Saved metadata to metadata.ser
2025-06-18 19:18:42 [main] INFO  com.fspann.common.MetadataManager - Saved metadata to metadata.ser
2025-06-18 19:18:42 [main] INFO  c.fspann.api.ForwardSecureANNSystem - Insert complete for id=e56a9664-0f80-46d5-93eb-cadf39f2627d in 130.8307 ms
2025-06-18 19:18:42 [main] INFO  com.fspann.common.MetadataManager - Saved metadata to metadata.ser
2025-06-18 19:18:42 [main] INFO  com.fspann.common.MetadataManager - Saved metadata to metadata.ser
2025-06-18 19:18:42 [main] INFO  c.fspann.api.ForwardSecureANNSystem - Insert complete for id=299d840a-adb5-4714-bb66-a0b5bcf00da9 in 124.8098 ms
2025-06-18 19:18:42 [main] INFO  com.fspann.common.MetadataManager - Saved metadata to metadata.ser
2025-06-18 19:18:42 [main] INFO  com.fspann.common.MetadataManager - Saved metadata to metadata.ser
2025-06-18 19:18:42 [main] INFO  c.fspann.api.ForwardSecureANNSystem - Insert complete for id=c422642d-7222-4be3-bcf7-1de460d8004e in 124.9485 ms
2025-06-18 19:18:42 [main] INFO  com.fspann.common.MetadataManager - Saved metadata to metadata.ser
2025-06-18 19:18:42 [main] INFO  com.fspann.common.MetadataManager - Saved metadata to metadata.ser
2025-06-18 19:18:42 [main] INFO  c.fspann.api.ForwardSecureANNSystem - Insert complete for id=b5b33b63-196c-4a14-9158-afa415edc9e4 in 121.5802 ms
2025-06-18 19:18:42 [main] INFO  com.fspann.common.MetadataManager - Saved metadata to metadata.ser
2025-06-18 19:18:42 [main] INFO  com.fspann.common.MetadataManager - Saved metadata to metadata.ser
2025-06-18 19:18:42 [main] INFO  c.fspann.api.ForwardSecureANNSystem - Insert complete for id=66691ca4-c052-4b7c-81f2-87828f2bda7b in 123.7654 ms
2025-06-18 19:18:42 [main] INFO  com.fspann.common.MetadataManager - Saved metadata to metadata.ser
2025-06-18 19:18:43 [main] INFO  com.fspann.common.MetadataManager - Saved metadata to metadata.ser
2025-06-18 19:18:43 [main] INFO  c.fspann.api.ForwardSecureANNSystem - Insert complete for id=a6b55b5a-ced5-4a4a-9249-b48c3741f8e2 in 123.45 ms
2025-06-18 19:18:43 [main] INFO  com.fspann.common.MetadataManager - Saved metadata to metadata.ser
2025-06-18 19:18:43 [main] INFO  com.fspann.common.MetadataManager - Saved metadata to metadata.ser
2025-06-18 19:18:43 [main] INFO  c.fspann.api.ForwardSecureANNSystem - Insert complete for id=29f1aafa-6746-4b86-be40-0f17b8741da6 in 123.3041 ms
2025-06-18 19:18:43 [main] INFO  com.fspann.common.MetadataManager - Saved metadata to metadata.ser
2025-06-18 19:18:43 [main] INFO  com.fspann.common.MetadataManager - Saved metadata to metadata.ser
2025-06-18 19:18:43 [main] INFO  c.fspann.api.ForwardSecureANNSystem - Insert complete for id=6cb7b3e2-4955-4b49-8870-93e74b4b6bb3 in 125.8401 ms
2025-06-18 19:18:43 [main] INFO  com.fspann.common.MetadataManager - Saved metadata to metadata.ser
2025-06-18 19:18:43 [main] INFO  com.fspann.common.MetadataManager - Saved metadata to metadata.ser
2025-06-18 19:18:43 [main] INFO  c.fspann.api.ForwardSecureANNSystem - Insert complete for id=85f62adf-8147-419e-b3be-4756dc94730c in 122.9742 ms
2025-06-18 19:18:43 [main] INFO  com.fspann.common.MetadataManager - Saved metadata to metadata.ser
2025-06-18 19:18:43 [main] INFO  com.fspann.common.MetadataManager - Saved metadata to metadata.ser
2025-06-18 19:18:43 [main] INFO  c.fspann.api.ForwardSecureANNSystem - Insert complete for id=42301b2b-14d1-4a7e-834e-ade970fa7bb6 in 123.8717 ms
2025-06-18 19:18:43 [main] INFO  com.fspann.common.MetadataManager - Saved metadata to metadata.ser
2025-06-18 19:18:43 [main] INFO  com.fspann.common.MetadataManager - Saved metadata to metadata.ser
2025-06-18 19:18:43 [main] INFO  c.fspann.api.ForwardSecureANNSystem - Insert complete for id=bb702677-3849-4a4d-aecf-d589ac37c5fb in 145.0967 ms
2025-06-18 19:18:43 [main] INFO  com.fspann.common.MetadataManager - Saved metadata to metadata.ser
2025-06-18 19:18:43 [main] INFO  com.fspann.common.MetadataManager - Saved metadata to metadata.ser
2025-06-18 19:18:43 [main] INFO  c.fspann.api.ForwardSecureANNSystem - Insert complete for id=9ea88453-45b0-4627-91a2-2868a96982ed in 135.4049 ms
2025-06-18 19:18:43 [main] INFO  com.fspann.common.MetadataManager - Saved metadata to metadata.ser
2025-06-18 19:18:43 [main] INFO  com.fspann.common.MetadataManager - Saved metadata to metadata.ser
2025-06-18 19:18:43 [main] INFO  c.fspann.api.ForwardSecureANNSystem - Insert complete for id=df3ce822-a6b7-4e7e-8054-2d1fcf51bfcb in 127.5969 ms
2025-06-18 19:18:43 [main] INFO  com.fspann.common.MetadataManager - Saved metadata to metadata.ser
2025-06-18 19:18:44 [main] INFO  com.fspann.common.MetadataManager - Saved metadata to metadata.ser
2025-06-18 19:18:44 [main] INFO  c.fspann.api.ForwardSecureANNSystem - Insert complete for id=7805b05f-0f67-48ca-8012-ec5e6134e932 in 122.833 ms
2025-06-18 19:18:44 [main] INFO  com.fspann.common.MetadataManager - Saved metadata to metadata.ser
2025-06-18 19:18:44 [main] INFO  com.fspann.common.MetadataManager - Saved metadata to metadata.ser
2025-06-18 19:18:44 [main] INFO  c.fspann.api.ForwardSecureANNSystem - Insert complete for id=ebba7489-14fd-4743-b59b-b6b816d2c07a in 127.4434 ms
2025-06-18 19:18:44 [main] INFO  com.fspann.common.MetadataManager - Saved metadata to metadata.ser
2025-06-18 19:18:44 [main] INFO  com.fspann.common.MetadataManager - Saved metadata to metadata.ser
2025-06-18 19:18:44 [main] INFO  c.fspann.api.ForwardSecureANNSystem - Insert complete for id=d5191a1f-f344-42d9-a8b3-cd970591b6b4 in 121.5915 ms
2025-06-18 19:18:44 [main] INFO  com.fspann.common.MetadataManager - Saved metadata to metadata.ser
2025-06-18 19:18:44 [main] INFO  com.fspann.common.MetadataManager - Saved metadata to metadata.ser
2025-06-18 19:18:44 [main] INFO  c.fspann.api.ForwardSecureANNSystem - Insert complete for id=e7de1b6a-d74f-40b2-b9a6-3af7d284ad32 in 122.9126 ms
2025-06-18 19:18:44 [main] INFO  com.fspann.common.MetadataManager - Saved metadata to metadata.ser
2025-06-18 19:18:44 [main] INFO  com.fspann.common.MetadataManager - Saved metadata to metadata.ser
2025-06-18 19:18:44 [main] INFO  c.fspann.api.ForwardSecureANNSystem - Insert complete for id=e96c638c-9d30-4616-9636-00ed7155f7d2 in 122.7797 ms
2025-06-18 19:18:44 [main] INFO  com.fspann.common.MetadataManager - Saved metadata to metadata.ser
2025-06-18 19:18:44 [main] INFO  com.fspann.common.MetadataManager - Saved metadata to metadata.ser
2025-06-18 19:18:44 [main] INFO  c.fspann.api.ForwardSecureANNSystem - Insert complete for id=6cfd7c4d-68c8-4a2b-b491-6de6b20cf222 in 127.8327 ms
2025-06-18 19:18:44 [main] INFO  com.fspann.common.MetadataManager - Saved metadata to metadata.ser
2025-06-18 19:18:44 [main] INFO  com.fspann.common.MetadataManager - Saved metadata to metadata.ser
2025-06-18 19:18:44 [main] INFO  c.fspann.api.ForwardSecureANNSystem - Insert complete for id=c5f518ec-d794-401c-87ce-2fe76b9bc2ce in 123.3774 ms
2025-06-18 19:18:44 [main] INFO  com.fspann.common.MetadataManager - Saved metadata to metadata.ser
2025-06-18 19:18:44 [main] INFO  com.fspann.common.MetadataManager - Saved metadata to metadata.ser
2025-06-18 19:18:44 [main] INFO  c.fspann.api.ForwardSecureANNSystem - Insert complete for id=0e1de882-b031-43fe-b329-8350c5b85eaf in 123.0405 ms
2025-06-18 19:18:44 [main] INFO  com.fspann.common.MetadataManager - Saved metadata to metadata.ser
2025-06-18 19:18:45 [main] INFO  com.fspann.common.MetadataManager - Saved metadata to metadata.ser
2025-06-18 19:18:45 [main] INFO  c.fspann.api.ForwardSecureANNSystem - Insert complete for id=fc9b7ecf-e712-4240-8d6c-a0a398b9e06e in 137.4078 ms
2025-06-18 19:18:45 [main] INFO  com.fspann.common.MetadataManager - Saved metadata to metadata.ser
2025-06-18 19:18:45 [main] INFO  com.fspann.common.MetadataManager - Saved metadata to metadata.ser
2025-06-18 19:18:45 [main] INFO  c.fspann.api.ForwardSecureANNSystem - Insert complete for id=2837fbef-b6da-47c2-82be-08367828f272 in 125.5582 ms
2025-06-18 19:18:45 [main] INFO  com.fspann.common.MetadataManager - Saved metadata to metadata.ser
2025-06-18 19:18:45 [main] INFO  com.fspann.common.MetadataManager - Saved metadata to metadata.ser
2025-06-18 19:18:45 [main] INFO  c.fspann.api.ForwardSecureANNSystem - Insert complete for id=59f8a381-7a4c-4ee4-bffc-41329b7cdae6 in 126.074 ms
2025-06-18 19:18:45 [main] INFO  com.fspann.common.MetadataManager - Saved metadata to metadata.ser
2025-06-18 19:18:45 [main] INFO  com.fspann.common.MetadataManager - Saved metadata to metadata.ser
2025-06-18 19:18:45 [main] INFO  c.fspann.api.ForwardSecureANNSystem - Insert complete for id=cbdfe120-455c-4642-b393-d2c269399628 in 122.1824 ms
2025-06-18 19:18:45 [main] INFO  com.fspann.common.MetadataManager - Saved metadata to metadata.ser
2025-06-18 19:18:45 [main] INFO  com.fspann.common.MetadataManager - Saved metadata to metadata.ser
2025-06-18 19:18:45 [main] INFO  c.fspann.api.ForwardSecureANNSystem - Insert complete for id=0e149a48-0dbb-4413-85eb-c74759f69834 in 121.5422 ms
2025-06-18 19:18:45 [main] INFO  com.fspann.common.MetadataManager - Saved metadata to metadata.ser
2025-06-18 19:18:45 [main] INFO  com.fspann.common.MetadataManager - Saved metadata to metadata.ser
2025-06-18 19:18:45 [main] INFO  c.fspann.api.ForwardSecureANNSystem - Insert complete for id=77ef775f-c37b-4946-bcf1-b52af1f4204a in 125.0411 ms
2025-06-18 19:18:45 [main] INFO  com.fspann.common.MetadataManager - Saved metadata to metadata.ser
2025-06-18 19:18:45 [main] INFO  com.fspann.common.MetadataManager - Saved metadata to metadata.ser
2025-06-18 19:18:45 [main] INFO  c.fspann.api.ForwardSecureANNSystem - Insert complete for id=070d3a7b-88cb-4d44-a87c-14fe1be53b22 in 125.9788 ms
2025-06-18 19:18:45 [main] INFO  com.fspann.common.MetadataManager - Saved metadata to metadata.ser
2025-06-18 19:18:45 [main] INFO  com.fspann.common.MetadataManager - Saved metadata to metadata.ser
2025-06-18 19:18:45 [main] INFO  c.fspann.api.ForwardSecureANNSystem - Insert complete for id=32835851-541f-4dac-a0de-23115b5c1032 in 122.8375 ms
2025-06-18 19:18:45 [main] INFO  com.fspann.common.MetadataManager - Saved metadata to metadata.ser
2025-06-18 19:18:46 [main] INFO  com.fspann.common.MetadataManager - Saved metadata to metadata.ser
2025-06-18 19:18:46 [main] INFO  c.fspann.api.ForwardSecureANNSystem - Insert complete for id=81d4f0b6-3880-41eb-986a-39021d223313 in 124.2269 ms
2025-06-18 19:18:46 [main] INFO  com.fspann.common.MetadataManager - Saved metadata to metadata.ser
2025-06-18 19:18:46 [main] INFO  com.fspann.common.MetadataManager - Saved metadata to metadata.ser
2025-06-18 19:18:46 [main] INFO  c.fspann.api.ForwardSecureANNSystem - Insert complete for id=6249ec74-bb6c-4512-9435-f9caea23fd52 in 124.4222 ms
2025-06-18 19:18:46 [main] INFO  com.fspann.common.MetadataManager - Saved metadata to metadata.ser
2025-06-18 19:18:46 [main] INFO  com.fspann.common.MetadataManager - Saved metadata to metadata.ser
2025-06-18 19:18:46 [main] INFO  c.fspann.api.ForwardSecureANNSystem - Insert complete for id=f54095a8-ab9b-4cd8-9577-24219bc928fa in 123.7506 ms
2025-06-18 19:18:46 [main] INFO  com.fspann.common.MetadataManager - Saved metadata to metadata.ser
2025-06-18 19:18:46 [main] INFO  com.fspann.common.MetadataManager - Saved metadata to metadata.ser
2025-06-18 19:18:46 [main] INFO  c.fspann.api.ForwardSecureANNSystem - Insert complete for id=0617e4be-1988-407f-a38f-3d4ee6dd1308 in 128.0185 ms
2025-06-18 19:18:46 [main] INFO  com.fspann.common.MetadataManager - Saved metadata to metadata.ser
2025-06-18 19:18:46 [main] INFO  com.fspann.common.MetadataManager - Saved metadata to metadata.ser
2025-06-18 19:18:46 [main] INFO  c.fspann.api.ForwardSecureANNSystem - Insert complete for id=a8d0ce50-e877-4868-adda-27042bcbf013 in 122.5061 ms
2025-06-18 19:18:46 [main] INFO  com.fspann.common.MetadataManager - Saved metadata to metadata.ser
2025-06-18 19:18:46 [main] INFO  com.fspann.common.MetadataManager - Saved metadata to metadata.ser
2025-06-18 19:18:46 [main] INFO  c.fspann.api.ForwardSecureANNSystem - Insert complete for id=0186f664-d5aa-4e29-b834-4d055cc7ef3e in 126.3693 ms
2025-06-18 19:18:46 [main] INFO  com.fspann.common.MetadataManager - Saved metadata to metadata.ser
2025-06-18 19:18:46 [main] INFO  com.fspann.common.MetadataManager - Saved metadata to metadata.ser
2025-06-18 19:18:46 [main] INFO  c.fspann.api.ForwardSecureANNSystem - Insert complete for id=bea13493-76db-48bb-b764-76477b0c2021 in 123.9024 ms
2025-06-18 19:18:46 [main] INFO  com.fspann.common.MetadataManager - Saved metadata to metadata.ser
2025-06-18 19:18:46 [main] INFO  com.fspann.common.MetadataManager - Saved metadata to metadata.ser
2025-06-18 19:18:46 [main] INFO  c.fspann.api.ForwardSecureANNSystem - Insert complete for id=66852274-dde4-4e92-8a76-6c10e82c1def in 121.8039 ms
2025-06-18 19:18:46 [main] INFO  com.fspann.common.MetadataManager - Saved metadata to metadata.ser
2025-06-18 19:18:47 [main] INFO  com.fspann.common.MetadataManager - Saved metadata to metadata.ser
2025-06-18 19:18:47 [main] INFO  c.fspann.api.ForwardSecureANNSystem - Insert complete for id=f5597fd8-9062-4e08-966d-d40af46eba1e in 126.7246 ms
2025-06-18 19:18:47 [main] INFO  com.fspann.common.MetadataManager - Saved metadata to metadata.ser
2025-06-18 19:18:47 [main] INFO  com.fspann.common.MetadataManager - Saved metadata to metadata.ser
2025-06-18 19:18:47 [main] INFO  c.fspann.api.ForwardSecureANNSystem - Insert complete for id=77716f19-a8e1-4c46-9ea6-a4f3f55df84d in 125.4793 ms
2025-06-18 19:18:47 [main] INFO  com.fspann.common.MetadataManager - Saved metadata to metadata.ser
2025-06-18 19:18:47 [main] INFO  com.fspann.common.MetadataManager - Saved metadata to metadata.ser
2025-06-18 19:18:47 [main] INFO  c.fspann.api.ForwardSecureANNSystem - Insert complete for id=b5fc675c-f69d-4f4a-966a-f7b8f4238c10 in 124.471 ms
2025-06-18 19:18:47 [main] INFO  com.fspann.common.MetadataManager - Saved metadata to metadata.ser
2025-06-18 19:18:47 [main] INFO  com.fspann.common.MetadataManager - Saved metadata to metadata.ser
2025-06-18 19:18:47 [main] INFO  c.fspann.api.ForwardSecureANNSystem - Insert complete for id=347f24f8-ea3c-40be-9e17-88145dbfead1 in 122.7153 ms
2025-06-18 19:18:47 [main] INFO  com.fspann.common.MetadataManager - Saved metadata to metadata.ser
2025-06-18 19:18:47 [main] INFO  com.fspann.common.MetadataManager - Saved metadata to metadata.ser
2025-06-18 19:18:47 [main] INFO  c.fspann.api.ForwardSecureANNSystem - Insert complete for id=d469cdfa-c995-452f-8eba-27d467f6b318 in 126.1699 ms
2025-06-18 19:18:47 [main] INFO  com.fspann.common.MetadataManager - Saved metadata to metadata.ser
2025-06-18 19:18:47 [main] INFO  com.fspann.common.MetadataManager - Saved metadata to metadata.ser
2025-06-18 19:18:47 [main] INFO  c.fspann.api.ForwardSecureANNSystem - Insert complete for id=70c6f6a3-35bf-4533-ad2f-db498e89478d in 123.2033 ms
2025-06-18 19:18:47 [main] INFO  com.fspann.common.MetadataManager - Saved metadata to metadata.ser
2025-06-18 19:18:47 [main] INFO  com.fspann.common.MetadataManager - Saved metadata to metadata.ser
2025-06-18 19:18:47 [main] INFO  c.fspann.api.ForwardSecureANNSystem - Insert complete for id=cd1ca015-ccef-4e24-9d85-8929af2cab40 in 128.2269 ms
2025-06-18 19:18:47 [main] INFO  com.fspann.common.MetadataManager - Saved metadata to metadata.ser
2025-06-18 19:18:47 [main] INFO  com.fspann.common.MetadataManager - Saved metadata to metadata.ser
2025-06-18 19:18:47 [main] INFO  c.fspann.api.ForwardSecureANNSystem - Insert complete for id=86d53ef2-8d33-4e14-9806-cb48f25083f6 in 122.4871 ms
2025-06-18 19:18:47 [main] INFO  com.fspann.common.MetadataManager - Saved metadata to metadata.ser
2025-06-18 19:18:48 [main] INFO  com.fspann.common.MetadataManager - Saved metadata to metadata.ser
2025-06-18 19:18:48 [main] INFO  c.fspann.api.ForwardSecureANNSystem - Insert complete for id=3b5fcb8c-9d6a-4080-a5d4-0ceb2ae34641 in 121.5781 ms
2025-06-18 19:18:48 [main] INFO  com.fspann.common.MetadataManager - Saved metadata to metadata.ser
2025-06-18 19:18:48 [main] INFO  com.fspann.common.MetadataManager - Saved metadata to metadata.ser
2025-06-18 19:18:48 [main] INFO  c.fspann.api.ForwardSecureANNSystem - Insert complete for id=5d3bd60c-e31d-45e7-a659-55f1c6d767ff in 125.2958 ms
2025-06-18 19:18:48 [main] INFO  com.fspann.common.MetadataManager - Saved metadata to metadata.ser
2025-06-18 19:18:48 [main] INFO  com.fspann.common.MetadataManager - Saved metadata to metadata.ser
2025-06-18 19:18:48 [main] INFO  c.fspann.api.ForwardSecureANNSystem - Insert complete for id=be0747ff-8cd5-420c-892b-3c3e9a749468 in 125.3352 ms
2025-06-18 19:18:48 [main] INFO  com.fspann.common.MetadataManager - Saved metadata to metadata.ser
2025-06-18 19:18:48 [main] INFO  com.fspann.common.MetadataManager - Saved metadata to metadata.ser
2025-06-18 19:18:48 [main] INFO  c.fspann.api.ForwardSecureANNSystem - Insert complete for id=9f267d0b-b646-49cc-baaf-a430ad845944 in 123.571 ms
2025-06-18 19:18:48 [main] INFO  com.fspann.common.MetadataManager - Saved metadata to metadata.ser
2025-06-18 19:18:48 [main] INFO  com.fspann.common.MetadataManager - Saved metadata to metadata.ser
2025-06-18 19:18:48 [main] INFO  c.fspann.api.ForwardSecureANNSystem - Insert complete for id=a32aa9e9-6cc9-4f1b-aa7b-d0b401b5680e in 121.4179 ms
2025-06-18 19:18:48 [main] INFO  com.fspann.common.MetadataManager - Saved metadata to metadata.ser
2025-06-18 19:18:48 [main] INFO  com.fspann.common.MetadataManager - Saved metadata to metadata.ser
2025-06-18 19:18:48 [main] INFO  c.fspann.api.ForwardSecureANNSystem - Insert complete for id=a43a3fee-7665-4885-a5a2-6304155fbbcd in 119.6389 ms
2025-06-18 19:18:48 [main] INFO  com.fspann.common.MetadataManager - Saved metadata to metadata.ser
2025-06-18 19:18:48 [main] INFO  com.fspann.common.MetadataManager - Saved metadata to metadata.ser
2025-06-18 19:18:48 [main] INFO  c.fspann.api.ForwardSecureANNSystem - Insert complete for id=4eb217d0-d741-4259-bba7-d6716139fb39 in 125.4027 ms
2025-06-18 19:18:48 [main] INFO  com.fspann.common.MetadataManager - Saved metadata to metadata.ser
2025-06-18 19:18:48 [main] INFO  com.fspann.common.MetadataManager - Saved metadata to metadata.ser
2025-06-18 19:18:48 [main] INFO  c.fspann.api.ForwardSecureANNSystem - Insert complete for id=1941b7ce-1cf4-4069-9c2e-12a663e618f4 in 125.3327 ms
2025-06-18 19:18:48 [main] INFO  com.fspann.common.MetadataManager - Saved metadata to metadata.ser
2025-06-18 19:18:49 [main] INFO  com.fspann.common.MetadataManager - Saved metadata to metadata.ser
2025-06-18 19:18:49 [main] INFO  c.fspann.api.ForwardSecureANNSystem - Insert complete for id=fab80908-2381-496d-9aef-7bd5c2bf3c87 in 124.5527 ms
2025-06-18 19:18:49 [main] INFO  com.fspann.common.MetadataManager - Saved metadata to metadata.ser
2025-06-18 19:18:49 [main] INFO  com.fspann.common.MetadataManager - Saved metadata to metadata.ser
2025-06-18 19:18:49 [main] INFO  c.fspann.api.ForwardSecureANNSystem - Insert complete for id=00b70b8e-f479-43c0-9c15-b12956dd297e in 124.5295 ms
2025-06-18 19:18:49 [main] INFO  com.fspann.common.MetadataManager - Saved metadata to metadata.ser
2025-06-18 19:18:49 [main] INFO  com.fspann.common.MetadataManager - Saved metadata to metadata.ser
2025-06-18 19:18:49 [main] INFO  c.fspann.api.ForwardSecureANNSystem - Insert complete for id=884e8c1b-e88c-4f40-a4be-ee7e80d0b641 in 125.8591 ms
2025-06-18 19:18:49 [main] INFO  com.fspann.common.MetadataManager - Saved metadata to metadata.ser
2025-06-18 19:18:49 [main] INFO  com.fspann.common.MetadataManager - Saved metadata to metadata.ser
2025-06-18 19:18:49 [main] INFO  c.fspann.api.ForwardSecureANNSystem - Insert complete for id=b0c7f69d-abc1-44b8-b25f-2fd1911d7b81 in 122.6925 ms
2025-06-18 19:18:49 [main] INFO  com.fspann.common.MetadataManager - Saved metadata to metadata.ser
2025-06-18 19:18:49 [main] INFO  com.fspann.common.MetadataManager - Saved metadata to metadata.ser
2025-06-18 19:18:49 [main] INFO  c.fspann.api.ForwardSecureANNSystem - Insert complete for id=2acef062-0422-401a-9f3a-5d55ac253ecd in 121.2758 ms
2025-06-18 19:18:49 [main] INFO  com.fspann.common.MetadataManager - Saved metadata to metadata.ser
2025-06-18 19:18:49 [main] INFO  com.fspann.common.MetadataManager - Saved metadata to metadata.ser
2025-06-18 19:18:49 [main] INFO  c.fspann.api.ForwardSecureANNSystem - Insert complete for id=c45c0689-5b33-477b-95e6-37f824d3c8a0 in 125.2089 ms
2025-06-18 19:18:49 [main] INFO  com.fspann.common.MetadataManager - Saved metadata to metadata.ser
2025-06-18 19:18:49 [main] INFO  com.fspann.common.MetadataManager - Saved metadata to metadata.ser
2025-06-18 19:18:49 [main] INFO  c.fspann.api.ForwardSecureANNSystem - Insert complete for id=d6607d1b-15d3-4cc7-b81a-64b6dabab2c4 in 126.1207 ms
2025-06-18 19:18:49 [main] INFO  com.fspann.common.MetadataManager - Saved metadata to metadata.ser
2025-06-18 19:18:49 [main] INFO  com.fspann.common.MetadataManager - Saved metadata to metadata.ser
2025-06-18 19:18:49 [main] INFO  c.fspann.api.ForwardSecureANNSystem - Insert complete for id=9e709999-da42-4183-9d14-c70a61a50d4a in 124.7926 ms
2025-06-18 19:18:49 [main] INFO  com.fspann.common.MetadataManager - Saved metadata to metadata.ser
2025-06-18 19:18:50 [main] INFO  com.fspann.common.MetadataManager - Saved metadata to metadata.ser
2025-06-18 19:18:50 [main] INFO  c.fspann.api.ForwardSecureANNSystem - Insert complete for id=50a08e22-ce91-4a04-a135-70d43341c2a2 in 122.0336 ms
2025-06-18 19:18:50 [main] INFO  com.fspann.common.MetadataManager - Saved metadata to metadata.ser
2025-06-18 19:18:50 [main] INFO  com.fspann.common.MetadataManager - Saved metadata to metadata.ser
2025-06-18 19:18:50 [main] INFO  c.fspann.api.ForwardSecureANNSystem - Insert complete for id=349a093c-62b8-4749-8555-06f494606a0a in 124.9659 ms
2025-06-18 19:18:50 [main] INFO  com.fspann.common.MetadataManager - Saved metadata to metadata.ser
2025-06-18 19:18:50 [main] INFO  com.fspann.common.MetadataManager - Saved metadata to metadata.ser
2025-06-18 19:18:50 [main] INFO  c.fspann.api.ForwardSecureANNSystem - Insert complete for id=8c023019-f1d8-48c3-9ef6-3bbf56d1627d in 128.3195 ms
2025-06-18 19:18:50 [main] INFO  com.fspann.common.MetadataManager - Saved metadata to metadata.ser
2025-06-18 19:18:50 [main] INFO  com.fspann.common.MetadataManager - Saved metadata to metadata.ser
2025-06-18 19:18:50 [main] INFO  c.fspann.api.ForwardSecureANNSystem - Insert complete for id=881a5765-a142-4d40-8aa1-70eeab7e3f02 in 132.6398 ms
2025-06-18 19:18:50 [main] INFO  com.fspann.common.MetadataManager - Saved metadata to metadata.ser
2025-06-18 19:18:50 [main] INFO  com.fspann.common.MetadataManager - Saved metadata to metadata.ser
2025-06-18 19:18:50 [main] INFO  c.fspann.api.ForwardSecureANNSystem - Insert complete for id=cbf6192d-8d45-47a1-9793-54cb9cebc321 in 134.2191 ms
2025-06-18 19:18:50 [main] INFO  com.fspann.common.MetadataManager - Saved metadata to metadata.ser
2025-06-18 19:18:50 [main] INFO  com.fspann.common.MetadataManager - Saved metadata to metadata.ser
2025-06-18 19:18:50 [main] INFO  c.fspann.api.ForwardSecureANNSystem - Insert complete for id=bc86bdda-c1b3-4e7a-bb22-c78439333804 in 127.5578 ms
2025-06-18 19:18:50 [main] INFO  com.fspann.common.MetadataManager - Saved metadata to metadata.ser
2025-06-18 19:18:50 [main] INFO  com.fspann.common.MetadataManager - Saved metadata to metadata.ser
2025-06-18 19:18:50 [main] INFO  c.fspann.api.ForwardSecureANNSystem - Insert complete for id=a13b1c99-3bea-44c3-aae4-c135b7e3ddaf in 161.1254 ms
2025-06-18 19:18:50 [main] INFO  com.fspann.common.MetadataManager - Saved metadata to metadata.ser
2025-06-18 19:18:50 [main] INFO  com.fspann.common.MetadataManager - Saved metadata to metadata.ser
2025-06-18 19:18:50 [main] INFO  c.fspann.api.ForwardSecureANNSystem - Insert complete for id=83e4836e-9137-4ef6-ab10-4f06b11a0ed1 in 134.3577 ms
2025-06-18 19:18:51 [main] INFO  com.fspann.common.MetadataManager - Saved metadata to metadata.ser
2025-06-18 19:18:51 [main] INFO  com.fspann.common.MetadataManager - Saved metadata to metadata.ser
2025-06-18 19:18:51 [main] INFO  c.fspann.api.ForwardSecureANNSystem - Insert complete for id=e3261264-7602-4648-abc2-7b8c4146d9f6 in 185.0955 ms
2025-06-18 19:18:51 [main] INFO  com.fspann.common.MetadataManager - Saved metadata to metadata.ser
2025-06-18 19:18:51 [main] INFO  com.fspann.common.MetadataManager - Saved metadata to metadata.ser
2025-06-18 19:18:51 [main] INFO  c.fspann.api.ForwardSecureANNSystem - Insert complete for id=9f64c6c1-cffb-4f3e-baf7-4a774eaf85c2 in 145.503 ms
2025-06-18 19:18:51 [main] ERROR c.fspann.crypto.AesGcmCryptoService - Query decryption failed
javax.crypto.AEADBadTagException: Tag mismatch
	at java.base/com.sun.crypto.provider.GaloisCounterMode$GCMDecrypt.doFinal(GaloisCounterMode.java:1518)
	at java.base/com.sun.crypto.provider.GaloisCounterMode.engineDoFinal(GaloisCounterMode.java:415)
	at java.base/javax.crypto.Cipher.doFinal(Cipher.java:2252)
	at com.fspann.crypto.EncryptionUtils.decryptVector(EncryptionUtils.java:66)
	at com.fspann.crypto.AesGcmCryptoService.lambda$decryptQuery$2(AesGcmCryptoService.java:79)
	at io.micrometer.core.instrument.AbstractTimer.record(AbstractTimer.java:168)
	at com.fspann.crypto.AesGcmCryptoService.decryptQuery(AesGcmCryptoService.java:77)
	at com.fspann.query.service.QueryServiceImpl.search(QueryServiceImpl.java:48)
	at com.fspann.api.ForwardSecureANNSystem.queryWithCloak(ForwardSecureANNSystem.java:292)
	at com.fspann.api.ForwardSecureANNSystem.runEndToEnd(ForwardSecureANNSystem.java:359)
	at com.fspann.api.ForwardSecureANNSystemIntegrationTest.testVisualization(ForwardSecureANNSystemIntegrationTest.java:129)
	at java.base/jdk.internal.reflect.DirectMethodHandleAccessor.invoke(DirectMethodHandleAccessor.java:103)
	at java.base/java.lang.reflect.Method.invoke(Method.java:580)
	at org.junit.platform.commons.util.ReflectionUtils.invokeMethod(ReflectionUtils.java:766)
	at org.junit.jupiter.engine.execution.MethodInvocation.proceed(MethodInvocation.java:60)
	at org.junit.jupiter.engine.execution.InvocationInterceptorChain$ValidatingInvocation.proceed(InvocationInterceptorChain.java:131)
	at org.junit.jupiter.engine.extension.TimeoutExtension.intercept(TimeoutExtension.java:156)
	at org.junit.jupiter.engine.extension.TimeoutExtension.interceptTestableMethod(TimeoutExtension.java:147)
	at org.junit.jupiter.engine.extension.TimeoutExtension.interceptTestMethod(TimeoutExtension.java:86)
	at org.junit.jupiter.engine.execution.InterceptingExecutableInvoker$ReflectiveInterceptorCall.lambda$ofVoidMethod$0(InterceptingExecutableInvoker.java:103)
	at org.junit.jupiter.engine.execution.InterceptingExecutableInvoker.lambda$invoke$0(InterceptingExecutableInvoker.java:93)
	at org.junit.jupiter.engine.execution.InvocationInterceptorChain$InterceptedInvocation.proceed(InvocationInterceptorChain.java:106)
	at org.junit.jupiter.engine.execution.InvocationInterceptorChain.proceed(InvocationInterceptorChain.java:64)
	at org.junit.jupiter.engine.execution.InvocationInterceptorChain.chainAndInvoke(InvocationInterceptorChain.java:45)
	at org.junit.jupiter.engine.execution.InvocationInterceptorChain.invoke(InvocationInterceptorChain.java:37)
	at org.junit.jupiter.engine.execution.InterceptingExecutableInvoker.invoke(InterceptingExecutableInvoker.java:92)
	at org.junit.jupiter.engine.execution.InterceptingExecutableInvoker.invoke(InterceptingExecutableInvoker.java:86)
	at org.junit.jupiter.engine.descriptor.TestMethodTestDescriptor.lambda$invokeTestMethod$8(TestMethodTestDescriptor.java:217)
	at org.junit.platform.engine.support.hierarchical.ThrowableCollector.execute(ThrowableCollector.java:73)
	at org.junit.jupiter.engine.descriptor.TestMethodTestDescriptor.invokeTestMethod(TestMethodTestDescriptor.java:213)
	at org.junit.jupiter.engine.descriptor.TestMethodTestDescriptor.execute(TestMethodTestDescriptor.java:138)
	at org.junit.jupiter.engine.descriptor.TestMethodTestDescriptor.execute(TestMethodTestDescriptor.java:68)
	at org.junit.platform.engine.support.hierarchical.NodeTestTask.lambda$executeRecursively$6(NodeTestTask.java:151)
	at org.junit.platform.engine.support.hierarchical.ThrowableCollector.execute(ThrowableCollector.java:73)
	at org.junit.platform.engine.support.hierarchical.NodeTestTask.lambda$executeRecursively$8(NodeTestTask.java:141)
	at org.junit.platform.engine.support.hierarchical.Node.around(Node.java:137)
	at org.junit.platform.engine.support.hierarchical.NodeTestTask.lambda$executeRecursively$9(NodeTestTask.java:139)
	at org.junit.platform.engine.support.hierarchical.ThrowableCollector.execute(ThrowableCollector.java:73)
	at org.junit.platform.engine.support.hierarchical.NodeTestTask.executeRecursively(NodeTestTask.java:138)
	at org.junit.platform.engine.support.hierarchical.NodeTestTask.execute(NodeTestTask.java:95)
	at java.base/java.util.ArrayList.forEach(ArrayList.java:1597)
	at org.junit.platform.engine.support.hierarchical.SameThreadHierarchicalTestExecutorService.invokeAll(SameThreadHierarchicalTestExecutorService.java:41)
	at org.junit.platform.engine.support.hierarchical.NodeTestTask.lambda$executeRecursively$6(NodeTestTask.java:155)
	at org.junit.platform.engine.support.hierarchical.ThrowableCollector.execute(ThrowableCollector.java:73)
	at org.junit.platform.engine.support.hierarchical.NodeTestTask.lambda$executeRecursively$8(NodeTestTask.java:141)
	at org.junit.platform.engine.support.hierarchical.Node.around(Node.java:137)
	at org.junit.platform.engine.support.hierarchical.NodeTestTask.lambda$executeRecursively$9(NodeTestTask.java:139)
	at org.junit.platform.engine.support.hierarchical.ThrowableCollector.execute(ThrowableCollector.java:73)
	at org.junit.platform.engine.support.hierarchical.NodeTestTask.executeRecursively(NodeTestTask.java:138)
	at org.junit.platform.engine.support.hierarchical.NodeTestTask.execute(NodeTestTask.java:95)
	at java.base/java.util.ArrayList.forEach(ArrayList.java:1597)
	at org.junit.platform.engine.support.hierarchical.SameThreadHierarchicalTestExecutorService.invokeAll(SameThreadHierarchicalTestExecutorService.java:41)
	at org.junit.platform.engine.support.hierarchical.NodeTestTask.lambda$executeRecursively$6(NodeTestTask.java:155)
	at org.junit.platform.engine.support.hierarchical.ThrowableCollector.execute(ThrowableCollector.java:73)
	at org.junit.platform.engine.support.hierarchical.NodeTestTask.lambda$executeRecursively$8(NodeTestTask.java:141)
	at org.junit.platform.engine.support.hierarchical.Node.around(Node.java:137)
	at org.junit.platform.engine.support.hierarchical.NodeTestTask.lambda$executeRecursively$9(NodeTestTask.java:139)
	at org.junit.platform.engine.support.hierarchical.ThrowableCollector.execute(ThrowableCollector.java:73)
	at org.junit.platform.engine.support.hierarchical.NodeTestTask.executeRecursively(NodeTestTask.java:138)
	at org.junit.platform.engine.support.hierarchical.NodeTestTask.execute(NodeTestTask.java:95)
	at org.junit.platform.engine.support.hierarchical.SameThreadHierarchicalTestExecutorService.submit(SameThreadHierarchicalTestExecutorService.java:35)
	at org.junit.platform.engine.support.hierarchical.HierarchicalTestExecutor.execute(HierarchicalTestExecutor.java:57)
	at org.junit.platform.engine.support.hierarchical.HierarchicalTestEngine.execute(HierarchicalTestEngine.java:54)
	at org.junit.platform.launcher.core.EngineExecutionOrchestrator.execute(EngineExecutionOrchestrator.java:198)
	at org.junit.platform.launcher.core.EngineExecutionOrchestrator.execute(EngineExecutionOrchestrator.java:169)
	at org.junit.platform.launcher.core.EngineExecutionOrchestrator.execute(EngineExecutionOrchestrator.java:93)
	at org.junit.platform.launcher.core.EngineExecutionOrchestrator.lambda$execute$0(EngineExecutionOrchestrator.java:58)
	at org.junit.platform.launcher.core.EngineExecutionOrchestrator.withInterceptedStreams(EngineExecutionOrchestrator.java:141)
	at org.junit.platform.launcher.core.EngineExecutionOrchestrator.execute(EngineExecutionOrchestrator.java:57)
	at org.junit.platform.launcher.core.DefaultLauncher.execute(DefaultLauncher.java:103)
	at org.junit.platform.launcher.core.DefaultLauncher.execute(DefaultLauncher.java:85)
	at org.junit.platform.launcher.core.DelegatingLauncher.execute(DelegatingLauncher.java:47)
	at org.junit.platform.launcher.core.SessionPerRequestLauncher.execute(SessionPerRequestLauncher.java:63)
	at org.apache.maven.surefire.junitplatform.JUnitPlatformProvider.execute(JUnitPlatformProvider.java:188)
	at org.apache.maven.surefire.junitplatform.JUnitPlatformProvider.invokeAllTests(JUnitPlatformProvider.java:154)
	at org.apache.maven.surefire.junitplatform.JUnitPlatformProvider.invoke(JUnitPlatformProvider.java:128)
	at org.apache.maven.surefire.booter.ForkedBooter.runSuitesInProcess(ForkedBooter.java:428)
	at org.apache.maven.surefire.booter.ForkedBooter.execute(ForkedBooter.java:162)
	at org.apache.maven.surefire.booter.ForkedBooter.run(ForkedBooter.java:562)
	at org.apache.maven.surefire.booter.ForkedBooter.main(ForkedBooter.java:548)
2025-06-18 19:18:51 [main] ERROR c.f.query.service.QueryServiceImpl - ❌ Failed to decrypt query vector
com.fspann.crypto.AesGcmCryptoService$CryptoException: Query decryption failed
	at com.fspann.crypto.AesGcmCryptoService.lambda$decryptQuery$2(AesGcmCryptoService.java:82)
	at io.micrometer.core.instrument.AbstractTimer.record(AbstractTimer.java:168)
	at com.fspann.crypto.AesGcmCryptoService.decryptQuery(AesGcmCryptoService.java:77)
	at com.fspann.query.service.QueryServiceImpl.search(QueryServiceImpl.java:48)
	at com.fspann.api.ForwardSecureANNSystem.queryWithCloak(ForwardSecureANNSystem.java:292)
	at com.fspann.api.ForwardSecureANNSystem.runEndToEnd(ForwardSecureANNSystem.java:359)
	at com.fspann.api.ForwardSecureANNSystemIntegrationTest.testVisualization(ForwardSecureANNSystemIntegrationTest.java:129)
	at java.base/jdk.internal.reflect.DirectMethodHandleAccessor.invoke(DirectMethodHandleAccessor.java:103)
	at java.base/java.lang.reflect.Method.invoke(Method.java:580)
	at org.junit.platform.commons.util.ReflectionUtils.invokeMethod(ReflectionUtils.java:766)
	at org.junit.jupiter.engine.execution.MethodInvocation.proceed(MethodInvocation.java:60)
	at org.junit.jupiter.engine.execution.InvocationInterceptorChain$ValidatingInvocation.proceed(InvocationInterceptorChain.java:131)
	at org.junit.jupiter.engine.extension.TimeoutExtension.intercept(TimeoutExtension.java:156)
	at org.junit.jupiter.engine.extension.TimeoutExtension.interceptTestableMethod(TimeoutExtension.java:147)
	at org.junit.jupiter.engine.extension.TimeoutExtension.interceptTestMethod(TimeoutExtension.java:86)
	at org.junit.jupiter.engine.execution.InterceptingExecutableInvoker$ReflectiveInterceptorCall.lambda$ofVoidMethod$0(InterceptingExecutableInvoker.java:103)
	at org.junit.jupiter.engine.execution.InterceptingExecutableInvoker.lambda$invoke$0(InterceptingExecutableInvoker.java:93)
	at org.junit.jupiter.engine.execution.InvocationInterceptorChain$InterceptedInvocation.proceed(InvocationInterceptorChain.java:106)
	at org.junit.jupiter.engine.execution.InvocationInterceptorChain.proceed(InvocationInterceptorChain.java:64)
	at org.junit.jupiter.engine.execution.InvocationInterceptorChain.chainAndInvoke(InvocationInterceptorChain.java:45)
	at org.junit.jupiter.engine.execution.InvocationInterceptorChain.invoke(InvocationInterceptorChain.java:37)
	at org.junit.jupiter.engine.execution.InterceptingExecutableInvoker.invoke(InterceptingExecutableInvoker.java:92)
	at org.junit.jupiter.engine.execution.InterceptingExecutableInvoker.invoke(InterceptingExecutableInvoker.java:86)
	at org.junit.jupiter.engine.descriptor.TestMethodTestDescriptor.lambda$invokeTestMethod$8(TestMethodTestDescriptor.java:217)
	at org.junit.platform.engine.support.hierarchical.ThrowableCollector.execute(ThrowableCollector.java:73)
	at org.junit.jupiter.engine.descriptor.TestMethodTestDescriptor.invokeTestMethod(TestMethodTestDescriptor.java:213)
	at org.junit.jupiter.engine.descriptor.TestMethodTestDescriptor.execute(TestMethodTestDescriptor.java:138)
	at org.junit.jupiter.engine.descriptor.TestMethodTestDescriptor.execute(TestMethodTestDescriptor.java:68)
	at org.junit.platform.engine.support.hierarchical.NodeTestTask.lambda$executeRecursively$6(NodeTestTask.java:151)
	at org.junit.platform.engine.support.hierarchical.ThrowableCollector.execute(ThrowableCollector.java:73)
	at org.junit.platform.engine.support.hierarchical.NodeTestTask.lambda$executeRecursively$8(NodeTestTask.java:141)
	at org.junit.platform.engine.support.hierarchical.Node.around(Node.java:137)
	at org.junit.platform.engine.support.hierarchical.NodeTestTask.lambda$executeRecursively$9(NodeTestTask.java:139)
	at org.junit.platform.engine.support.hierarchical.ThrowableCollector.execute(ThrowableCollector.java:73)
	at org.junit.platform.engine.support.hierarchical.NodeTestTask.executeRecursively(NodeTestTask.java:138)
	at org.junit.platform.engine.support.hierarchical.NodeTestTask.execute(NodeTestTask.java:95)
	at java.base/java.util.ArrayList.forEach(ArrayList.java:1597)
	at org.junit.platform.engine.support.hierarchical.SameThreadHierarchicalTestExecutorService.invokeAll(SameThreadHierarchicalTestExecutorService.java:41)
	at org.junit.platform.engine.support.hierarchical.NodeTestTask.lambda$executeRecursively$6(NodeTestTask.java:155)
	at org.junit.platform.engine.support.hierarchical.ThrowableCollector.execute(ThrowableCollector.java:73)
	at org.junit.platform.engine.support.hierarchical.NodeTestTask.lambda$executeRecursively$8(NodeTestTask.java:141)
	at org.junit.platform.engine.support.hierarchical.Node.around(Node.java:137)
	at org.junit.platform.engine.support.hierarchical.NodeTestTask.lambda$executeRecursively$9(NodeTestTask.java:139)
	at org.junit.platform.engine.support.hierarchical.ThrowableCollector.execute(ThrowableCollector.java:73)
	at org.junit.platform.engine.support.hierarchical.NodeTestTask.executeRecursively(NodeTestTask.java:138)
	at org.junit.platform.engine.support.hierarchical.NodeTestTask.execute(NodeTestTask.java:95)
	at java.base/java.util.ArrayList.forEach(ArrayList.java:1597)
	at org.junit.platform.engine.support.hierarchical.SameThreadHierarchicalTestExecutorService.invokeAll(SameThreadHierarchicalTestExecutorService.java:41)
	at org.junit.platform.engine.support.hierarchical.NodeTestTask.lambda$executeRecursively$6(NodeTestTask.java:155)
	at org.junit.platform.engine.support.hierarchical.ThrowableCollector.execute(ThrowableCollector.java:73)
	at org.junit.platform.engine.support.hierarchical.NodeTestTask.lambda$executeRecursively$8(NodeTestTask.java:141)
	at org.junit.platform.engine.support.hierarchical.Node.around(Node.java:137)
	at org.junit.platform.engine.support.hierarchical.NodeTestTask.lambda$executeRecursively$9(NodeTestTask.java:139)
	at org.junit.platform.engine.support.hierarchical.ThrowableCollector.execute(ThrowableCollector.java:73)
	at org.junit.platform.engine.support.hierarchical.NodeTestTask.executeRecursively(NodeTestTask.java:138)
	at org.junit.platform.engine.support.hierarchical.NodeTestTask.execute(NodeTestTask.java:95)
	at org.junit.platform.engine.support.hierarchical.SameThreadHierarchicalTestExecutorService.submit(SameThreadHierarchicalTestExecutorService.java:35)
	at org.junit.platform.engine.support.hierarchical.HierarchicalTestExecutor.execute(HierarchicalTestExecutor.java:57)
	at org.junit.platform.engine.support.hierarchical.HierarchicalTestEngine.execute(HierarchicalTestEngine.java:54)
	at org.junit.platform.launcher.core.EngineExecutionOrchestrator.execute(EngineExecutionOrchestrator.java:198)
	at org.junit.platform.launcher.core.EngineExecutionOrchestrator.execute(EngineExecutionOrchestrator.java:169)
	at org.junit.platform.launcher.core.EngineExecutionOrchestrator.execute(EngineExecutionOrchestrator.java:93)
	at org.junit.platform.launcher.core.EngineExecutionOrchestrator.lambda$execute$0(EngineExecutionOrchestrator.java:58)
	at org.junit.platform.launcher.core.EngineExecutionOrchestrator.withInterceptedStreams(EngineExecutionOrchestrator.java:141)
	at org.junit.platform.launcher.core.EngineExecutionOrchestrator.execute(EngineExecutionOrchestrator.java:57)
	at org.junit.platform.launcher.core.DefaultLauncher.execute(DefaultLauncher.java:103)
	at org.junit.platform.launcher.core.DefaultLauncher.execute(DefaultLauncher.java:85)
	at org.junit.platform.launcher.core.DelegatingLauncher.execute(DelegatingLauncher.java:47)
	at org.junit.platform.launcher.core.SessionPerRequestLauncher.execute(SessionPerRequestLauncher.java:63)
	at org.apache.maven.surefire.junitplatform.JUnitPlatformProvider.execute(JUnitPlatformProvider.java:188)
	at org.apache.maven.surefire.junitplatform.JUnitPlatformProvider.invokeAllTests(JUnitPlatformProvider.java:154)
	at org.apache.maven.surefire.junitplatform.JUnitPlatformProvider.invoke(JUnitPlatformProvider.java:128)
	at org.apache.maven.surefire.booter.ForkedBooter.runSuitesInProcess(ForkedBooter.java:428)
	at org.apache.maven.surefire.booter.ForkedBooter.execute(ForkedBooter.java:162)
	at org.apache.maven.surefire.booter.ForkedBooter.run(ForkedBooter.java:562)
	at org.apache.maven.surefire.booter.ForkedBooter.main(ForkedBooter.java:548)
Caused by: javax.crypto.AEADBadTagException: Tag mismatch
	at java.base/com.sun.crypto.provider.GaloisCounterMode$GCMDecrypt.doFinal(GaloisCounterMode.java:1518)
	at java.base/com.sun.crypto.provider.GaloisCounterMode.engineDoFinal(GaloisCounterMode.java:415)
	at java.base/javax.crypto.Cipher.doFinal(Cipher.java:2252)
	at com.fspann.crypto.EncryptionUtils.decryptVector(EncryptionUtils.java:66)
	at com.fspann.crypto.AesGcmCryptoService.lambda$decryptQuery$2(AesGcmCryptoService.java:79)
	... 75 common frames omitted
]]></system-out>
  </testcase>
</testsuite>