<?xml version="1.0" encoding="UTF-8"?>
<testsuite xmlns:xsi="http://www.w3.org/2001/XMLSchema-instance" xsi:noNamespaceSchemaLocation="https://maven.apache.org/surefire/maven-surefire-plugin/xsd/surefire-test-report-3.0.xsd" version="3.0" name="com.fspann.api.ForwardSecureANNSystemIntegrationTest" time="68.522" tests="2" errors="0" skipped="0" failures="0">
  <properties>
[...]
</properties>
  <testcase name="simpleEndToEndNearestNeighbor(Path)" classname="com.fspann.api.ForwardSecureANNSystemIntegrationTest" time="1.879">
    <system-out><![CDATA[2025-06-24 16:40:32 [main] INFO  c.fspann.api.ForwardSecureANNSystem - Initializing ForwardSecureANNSystem with config=C:\Users\MEHRAN~1\AppData\Local\Temp\junit-12927691032407145481\config.json, data=C:\Users\MEHRAN~1\AppData\Local\Temp\junit-12927691032407145481\data2d.csv, keys=C:\Users\MEHRAN~1\AppData\Local\Temp\junit-12927691032407145481\keys.ser, dims=[2], metadata=C:\Users\MEHRAN~1\AppData\Local\Temp\junit-12927691032407145481
2025-06-24 16:40:32 [main] INFO  com.fspann.config.SystemConfig - Successfully loaded config from C:\Users\MEHRAN~1\AppData\Local\Temp\junit-12927691032407145481\config.json
2025-06-24 16:40:32 [main] INFO  c.fspann.api.ForwardSecureANNSystem - Loaded system configuration
2025-06-24 16:40:32 [main] INFO  com.fspann.key.KeyManager - Initialized new key store (version 1)
2025-06-24 16:40:32 [main] INFO  c.fspann.api.ForwardSecureANNSystem - KeyManager initialized
2025-06-24 16:40:32 [main] INFO  c.fspann.api.ForwardSecureANNSystem - KeyRotationServiceImpl initialized successfully
2025-06-24 16:40:32 [main] INFO  c.fspann.api.ForwardSecureANNSystem - KeyManager initialized with forward-secure key derivation, using keys file at C:\Users\MEHRAN~1\AppData\Local\Temp\junit-12927691032407145481\keys.ser
2025-06-24 16:40:32 [main] INFO  c.fspann.crypto.AesGcmCryptoService - AesGcmCryptoService initialized successfully
2025-06-24 16:40:32 [main] INFO  c.fspann.api.ForwardSecureANNSystem - CryptoService (AES-GCM with forward security) ready
2025-06-24 16:40:32 [main] INFO  com.fspann.common.MetadataManager - Loaded metadata from metadata.ser
2025-06-24 16:40:32 [main] INFO  c.fspann.api.ForwardSecureANNSystem - SecureLSHIndexService initialized with 4 shards
2025-06-24 16:40:32 [main] INFO  c.fspann.api.ForwardSecureANNSystem - Cache and Profiler initialized
2025-06-24 16:40:32 [main] INFO  c.fspann.api.ForwardSecureANNSystem - QueryService initialized and ready
2025-06-24 16:40:32 [main] INFO  c.fspann.api.ForwardSecureANNSystem - Loading base data from C:\Users\MEHRAN~1\AppData\Local\Temp\junit-12927691032407145481\data2d.csv
2025-06-24 16:40:32 [main] INFO  com.fspann.loader.DefaultDataLoader - Loading data from C:\Users\MEHRAN~1\AppData\Local\Temp\junit-12927691032407145481\data2d.csv using loader for CSV
2025-06-24 16:40:32 [main] INFO  c.fspann.api.ForwardSecureANNSystem - Loaded 2 vectors for dimension 2
2025-06-24 16:40:33 [main] INFO  c.fspann.api.ForwardSecureANNSystem - Batch insert complete for 2 vectors in 1143.8975 ms
2025-06-24 16:40:33 [main] INFO  c.fspann.api.ForwardSecureANNSystem - Initial data insertion complete
2025-06-24 16:40:33 [main] INFO  c.fspann.api.ForwardSecureANNSystem - Number of indexed vectors for dimension 2: 2
2025-06-24 16:40:33 [main] INFO  c.f.a.ForwardSecureANNSystemIntegrationTest - Indexed vectors for dim=2: 2
2025-06-24 16:40:33 [main] INFO  c.f.a.ForwardSecureANNSystemIntegrationTest - Executing query for vector: [0.05, 0.05]
2025-06-24 16:40:33 [main] INFO  c.fspann.api.ForwardSecureANNSystem - Executing query for topK=1 and dimension 2
2025-06-24 16:40:33 [main] INFO  c.fspann.api.ForwardSecureANNSystem - Query completed in 2.2443 ms
2025-06-24 16:40:33 [main] INFO  c.fspann.api.ForwardSecureANNSystem - Query returned 1 results
2025-06-24 16:40:34 [main] INFO  c.fspann.api.ForwardSecureANNSystem - Shutting down ForwardSecureANNSystem
2025-06-24 16:40:34 [main] INFO  c.fspann.api.ForwardSecureANNSystem - Total indexing time: 1143 ms for 2 inserts
2025-06-24 16:40:34 [main] INFO  c.fspann.api.ForwardSecureANNSystem - Total query time: 2 ms
📤 Profiler data written to profiler_metrics.csv
]]></system-out>
  </testcase>
  <testcase name="testVisualization(Path)" classname="com.fspann.api.ForwardSecureANNSystemIntegrationTest" time="66.641">
    <system-out><![CDATA[2025-06-24 16:40:34 [main] INFO  c.fspann.api.ForwardSecureANNSystem - Initializing ForwardSecureANNSystem with config=C:\Users\MEHRAN~1\AppData\Local\Temp\junit-17491976959824310236\config.json, data=C:\Users\MEHRAN~1\AppData\Local\Temp\junit-17491976959824310236\data2d.csv, keys=C:\Users\MEHRAN~1\AppData\Local\Temp\junit-17491976959824310236\keys.ser, dims=[2], metadata=C:\Users\MEHRAN~1\AppData\Local\Temp\junit-17491976959824310236
2025-06-24 16:40:34 [main] INFO  com.fspann.config.SystemConfig - Successfully loaded config from C:\Users\MEHRAN~1\AppData\Local\Temp\junit-17491976959824310236\config.json
2025-06-24 16:40:34 [main] INFO  c.fspann.api.ForwardSecureANNSystem - Loaded system configuration
2025-06-24 16:40:34 [main] INFO  com.fspann.key.KeyManager - Initialized new key store (version 1)
2025-06-24 16:40:34 [main] INFO  c.fspann.api.ForwardSecureANNSystem - KeyManager initialized
2025-06-24 16:40:34 [main] INFO  c.fspann.api.ForwardSecureANNSystem - KeyRotationServiceImpl initialized successfully
2025-06-24 16:40:34 [main] INFO  c.fspann.api.ForwardSecureANNSystem - KeyManager initialized with forward-secure key derivation, using keys file at C:\Users\MEHRAN~1\AppData\Local\Temp\junit-17491976959824310236\keys.ser
2025-06-24 16:40:34 [main] INFO  c.fspann.crypto.AesGcmCryptoService - AesGcmCryptoService initialized successfully
2025-06-24 16:40:34 [main] INFO  c.fspann.api.ForwardSecureANNSystem - CryptoService (AES-GCM with forward security) ready
2025-06-24 16:40:34 [main] INFO  com.fspann.common.MetadataManager - Loaded metadata from metadata.ser
2025-06-24 16:40:34 [main] INFO  c.fspann.api.ForwardSecureANNSystem - SecureLSHIndexService initialized with 4 shards
2025-06-24 16:40:34 [main] INFO  c.fspann.api.ForwardSecureANNSystem - Cache and Profiler initialized
2025-06-24 16:40:34 [main] INFO  c.fspann.api.ForwardSecureANNSystem - QueryService initialized and ready
2025-06-24 16:40:34 [main] INFO  c.fspann.api.ForwardSecureANNSystem - Loading base data from C:\Users\MEHRAN~1\AppData\Local\Temp\junit-17491976959824310236\data2d.csv
2025-06-24 16:40:34 [main] INFO  com.fspann.loader.DefaultDataLoader - Loading data from C:\Users\MEHRAN~1\AppData\Local\Temp\junit-17491976959824310236\data2d.csv using loader for CSV
2025-06-24 16:40:34 [main] INFO  c.fspann.api.ForwardSecureANNSystem - Loaded 2 vectors for dimension 2
2025-06-24 16:40:35 [main] INFO  c.fspann.api.ForwardSecureANNSystem - Batch insert complete for 2 vectors in 1107.2532 ms
2025-06-24 16:40:35 [main] INFO  c.fspann.api.ForwardSecureANNSystem - Initial data insertion complete
2025-06-24 16:40:35 [main] INFO  c.fspann.api.ForwardSecureANNSystem - Number of indexed vectors for dimension 2: 2
2025-06-24 16:40:35 [main] INFO  c.f.a.ForwardSecureANNSystemIntegrationTest - Indexed vectors for dim=2: 2
2025-06-24 16:40:35 [main] INFO  c.fspann.api.ForwardSecureANNSystem - Running end-to-end workflow with dataPath=C:\Users\MEHRAN~1\AppData\Local\Temp\junit-17491976959824310236\data2d.csv, topK=1, dim=2
2025-06-24 16:40:35 [main] INFO  com.fspann.loader.DefaultDataLoader - Loading data from C:\Users\MEHRAN~1\AppData\Local\Temp\junit-17491976959824310236\data2d.csv using loader for CSV
2025-06-24 16:40:36 [main] INFO  c.fspann.api.ForwardSecureANNSystem - Batch insert complete for 2 vectors in 1138.6591 ms
2025-06-24 16:40:36 [main] INFO  c.fspann.api.ForwardSecureANNSystem - Loaded and indexed 2 vectors
2025-06-24 16:40:36 [main] INFO  c.fspann.api.ForwardSecureANNSystem - Inserting 100 fake points for dimension 2
2025-06-24 16:40:37 [main] INFO  c.fspann.api.ForwardSecureANNSystem - Insert complete for id=8a0cc1dd-403b-49eb-ae9d-8e8758038e95 in 626.4723 ms
2025-06-24 16:40:37 [main] INFO  c.fspann.api.ForwardSecureANNSystem - Insert complete for id=59d5730c-9c63-4ce8-a573-f0a8905e344b in 558.1429 ms
2025-06-24 16:40:38 [main] INFO  c.fspann.api.ForwardSecureANNSystem - Insert complete for id=ceea92bd-90a1-4392-a82d-743224df27b5 in 550.6387 ms
2025-06-24 16:40:39 [main] INFO  c.fspann.api.ForwardSecureANNSystem - Insert complete for id=3fac16d6-ccfd-47af-911b-a7d56f414f83 in 555.1871 ms
2025-06-24 16:40:39 [main] INFO  c.fspann.api.ForwardSecureANNSystem - Insert complete for id=64fdc14d-9343-4ddb-b32e-abd5e270acd7 in 558.5181 ms
2025-06-24 16:40:40 [main] INFO  c.fspann.api.ForwardSecureANNSystem - Insert complete for id=21277a9d-d3d8-4eba-86ce-6c45ae9b56ef in 547.9654 ms
2025-06-24 16:40:40 [main] INFO  c.fspann.api.ForwardSecureANNSystem - Insert complete for id=2c2de000-8cb0-41d0-ac43-56448bca7067 in 543.35 ms
2025-06-24 16:40:41 [main] INFO  c.fspann.api.ForwardSecureANNSystem - Insert complete for id=717172a9-5fd2-4ee9-a3aa-43cbcf63fcdc in 552.1692 ms
2025-06-24 16:40:41 [main] INFO  c.fspann.api.ForwardSecureANNSystem - Insert complete for id=80a38cb6-a966-45b0-945d-3199841d258b in 550.2764 ms
2025-06-24 16:40:42 [main] INFO  c.fspann.api.ForwardSecureANNSystem - Insert complete for id=19b5d650-5da6-4963-bc69-b7a19beaafe5 in 554.651 ms
2025-06-24 16:40:42 [main] INFO  c.fspann.api.ForwardSecureANNSystem - Insert complete for id=22ee8805-b88d-444d-b957-017e725f8c76 in 559.0737 ms
2025-06-24 16:40:43 [main] INFO  c.fspann.api.ForwardSecureANNSystem - Insert complete for id=34d7220f-6e27-4968-b417-631efb8b6028 in 562.8652 ms
2025-06-24 16:40:44 [main] INFO  c.fspann.api.ForwardSecureANNSystem - Insert complete for id=e8d0f1ad-9ae5-4cef-ab2c-0f3ff40d62bc in 557.8528 ms
2025-06-24 16:40:44 [main] INFO  c.fspann.api.ForwardSecureANNSystem - Insert complete for id=81c9edc3-6c74-42d2-b840-e1656f28fa1d in 548.427 ms
2025-06-24 16:40:45 [main] INFO  c.fspann.api.ForwardSecureANNSystem - Insert complete for id=00f39342-be76-46fd-a2db-99465261fcd3 in 546.8679 ms
2025-06-24 16:40:45 [main] INFO  c.fspann.api.ForwardSecureANNSystem - Insert complete for id=315fd72d-2816-4287-9f96-dfb96e0e2bea in 549.8006 ms
2025-06-24 16:40:46 [main] INFO  c.fspann.api.ForwardSecureANNSystem - Insert complete for id=6a0f9261-3da2-4a9c-aff9-f72f7c972b95 in 553.3542 ms
2025-06-24 16:40:46 [main] INFO  c.fspann.api.ForwardSecureANNSystem - Insert complete for id=a33b676d-c980-44ce-baa8-bd192db97fe4 in 563.2857 ms
2025-06-24 16:40:47 [main] INFO  c.fspann.api.ForwardSecureANNSystem - Insert complete for id=88e68c28-b245-4c54-af52-518f996da739 in 545.1039 ms
2025-06-24 16:40:47 [main] INFO  c.fspann.api.ForwardSecureANNSystem - Insert complete for id=f5ec9bef-53d4-4d53-808a-4de104fb7932 in 548.3273 ms
2025-06-24 16:40:48 [main] INFO  c.fspann.api.ForwardSecureANNSystem - Insert complete for id=167bf537-9c70-4edc-b155-e529d7ebd380 in 544.7552 ms
2025-06-24 16:40:49 [main] INFO  c.fspann.api.ForwardSecureANNSystem - Insert complete for id=3e6dbcaa-cf39-4ed9-958a-64b3fff84141 in 565.8239 ms
2025-06-24 16:40:49 [main] INFO  c.fspann.api.ForwardSecureANNSystem - Insert complete for id=8532dece-9353-4265-a8b7-cc83c1abe800 in 542.3241 ms
2025-06-24 16:40:50 [main] INFO  c.fspann.api.ForwardSecureANNSystem - Insert complete for id=d4275f57-5f22-49fe-bb77-67528f2d543b in 547.0043 ms
2025-06-24 16:40:50 [main] INFO  c.fspann.api.ForwardSecureANNSystem - Insert complete for id=99382080-7f87-4729-97d9-57fc4c9f0686 in 554.2503 ms
2025-06-24 16:40:51 [main] INFO  c.fspann.api.ForwardSecureANNSystem - Insert complete for id=6b461aea-c1ca-47a1-bbba-37e155f26607 in 552.5427 ms
2025-06-24 16:40:51 [main] INFO  c.fspann.api.ForwardSecureANNSystem - Insert complete for id=fb2601d7-b850-4914-87a2-d72202d6f0f5 in 550.8507 ms
2025-06-24 16:40:52 [main] INFO  c.fspann.api.ForwardSecureANNSystem - Insert complete for id=78056909-de46-4e02-a10a-1b7b84c7aee5 in 550.66 ms
2025-06-24 16:40:52 [main] INFO  c.fspann.api.ForwardSecureANNSystem - Insert complete for id=3474c9f2-1e84-41e3-ba98-283a0e49caf2 in 555.3986 ms
2025-06-24 16:40:53 [main] INFO  c.fspann.api.ForwardSecureANNSystem - Insert complete for id=e9ecc8b8-c470-41db-bc61-cbb87f250d69 in 547.0553 ms
2025-06-24 16:40:53 [main] INFO  c.fspann.api.ForwardSecureANNSystem - Insert complete for id=a47c6bbc-209c-40f0-89f2-1db39c5efd83 in 546.0111 ms
2025-06-24 16:40:54 [main] INFO  c.fspann.api.ForwardSecureANNSystem - Insert complete for id=9ed8b491-2e2c-44db-a5f7-ae89fe1c98a3 in 556.1207 ms
2025-06-24 16:40:55 [main] INFO  c.fspann.api.ForwardSecureANNSystem - Insert complete for id=9128a62e-41db-4ec8-8152-2d359b8e7ba5 in 548.7717 ms
2025-06-24 16:40:55 [main] INFO  c.fspann.api.ForwardSecureANNSystem - Insert complete for id=5f1e3bbb-d7f1-4adc-9d0b-a674318aee7a in 544.8817 ms
2025-06-24 16:40:56 [main] INFO  c.fspann.api.ForwardSecureANNSystem - Insert complete for id=19baf6cc-ae24-454e-8650-fc8c30ac4ba9 in 554.7341 ms
2025-06-24 16:40:56 [main] INFO  c.fspann.api.ForwardSecureANNSystem - Insert complete for id=b15dda6d-7a66-4bd2-ab6c-747b3616d2d5 in 537.4874 ms
2025-06-24 16:40:57 [main] INFO  c.fspann.api.ForwardSecureANNSystem - Insert complete for id=e24ec8f8-7aa0-4fe6-aeb6-4d17108af9be in 565.0792 ms
2025-06-24 16:40:57 [main] INFO  c.fspann.api.ForwardSecureANNSystem - Insert complete for id=479fd25f-3e5d-4a34-a2a3-08cfcbda221f in 546.3229 ms
2025-06-24 16:40:58 [main] INFO  c.fspann.api.ForwardSecureANNSystem - Insert complete for id=ebb314e8-cbc1-469b-b127-e991175bf923 in 548.7278 ms
2025-06-24 16:40:58 [main] INFO  c.fspann.api.ForwardSecureANNSystem - Insert complete for id=cced1213-0fee-4e74-b639-6df72dd9e887 in 550.5102 ms
2025-06-24 16:40:59 [main] INFO  c.fspann.api.ForwardSecureANNSystem - Insert complete for id=566179c9-84e8-4075-82a0-ded7eb14176a in 560.9033 ms
2025-06-24 16:41:00 [main] INFO  c.fspann.api.ForwardSecureANNSystem - Insert complete for id=22943fde-09ce-4dee-a2a6-29084db3439a in 550.9306 ms
2025-06-24 16:41:00 [main] INFO  c.fspann.api.ForwardSecureANNSystem - Insert complete for id=f2359550-eb58-453d-b808-e478f1b7c73e in 549.8244 ms
2025-06-24 16:41:01 [main] INFO  c.fspann.api.ForwardSecureANNSystem - Insert complete for id=e428ebb4-2223-4730-94f0-a22b13a9af99 in 555.1551 ms
2025-06-24 16:41:01 [main] INFO  c.fspann.api.ForwardSecureANNSystem - Insert complete for id=8a1ce46d-08c9-4093-9491-0e5b0d3ee079 in 552.5466 ms
2025-06-24 16:41:02 [main] INFO  c.fspann.api.ForwardSecureANNSystem - Insert complete for id=54f8d326-3a39-4435-a794-d7ed033bc833 in 547.9552 ms
2025-06-24 16:41:02 [main] INFO  c.fspann.api.ForwardSecureANNSystem - Insert complete for id=b2ff3743-a5d5-475f-8026-1515d9698324 in 545.9275 ms
2025-06-24 16:41:03 [main] INFO  c.fspann.api.ForwardSecureANNSystem - Insert complete for id=c9df3d7d-50c8-4666-81da-ef176f44db77 in 550.2924 ms
2025-06-24 16:41:03 [main] INFO  c.fspann.api.ForwardSecureANNSystem - Insert complete for id=12c59b59-f7e8-4f90-b289-329feb5bb237 in 551.9353 ms
2025-06-24 16:41:04 [main] INFO  c.fspann.api.ForwardSecureANNSystem - Insert complete for id=af0945d5-2818-4281-8543-d76c3d84ed6c in 558.6865 ms
2025-06-24 16:41:05 [main] INFO  c.fspann.api.ForwardSecureANNSystem - Insert complete for id=4879b377-f1d7-40e3-a0c4-92d99a30cbef in 554.2443 ms
2025-06-24 16:41:05 [main] INFO  c.fspann.api.ForwardSecureANNSystem - Insert complete for id=9b583e3c-eee7-45f3-a9be-d482b8baddf0 in 561.1578 ms
2025-06-24 16:41:06 [main] INFO  c.fspann.api.ForwardSecureANNSystem - Insert complete for id=a71d8363-7262-4b20-a198-3718d09fa2c1 in 553.6416 ms
2025-06-24 16:41:06 [main] INFO  c.fspann.api.ForwardSecureANNSystem - Insert complete for id=5a1a11c9-9451-43bc-b9f6-08ef168d11ae in 556.2243 ms
2025-06-24 16:41:07 [main] INFO  c.fspann.api.ForwardSecureANNSystem - Insert complete for id=ea6c91c8-e488-4b15-ad7a-37d8ab5fe720 in 622.8727 ms
2025-06-24 16:41:07 [main] INFO  c.fspann.api.ForwardSecureANNSystem - Insert complete for id=41572f36-1be0-420b-acf8-18491c94a958 in 566.131 ms
2025-06-24 16:41:08 [main] INFO  c.fspann.api.ForwardSecureANNSystem - Insert complete for id=0c7c2879-8019-4ca1-a0bd-7ffca2a8374a in 564.8989 ms
2025-06-24 16:41:09 [main] INFO  c.fspann.api.ForwardSecureANNSystem - Insert complete for id=898deca1-6693-49e6-9ac5-bcc66e2502ab in 557.5391 ms
2025-06-24 16:41:09 [main] INFO  c.fspann.api.ForwardSecureANNSystem - Insert complete for id=d4d4ac0b-f530-4212-b943-79e3fe542499 in 554.6648 ms
2025-06-24 16:41:10 [main] INFO  c.fspann.api.ForwardSecureANNSystem - Insert complete for id=5e728486-4386-4791-93b5-d91e5831400e in 564.0154 ms
2025-06-24 16:41:10 [main] INFO  c.fspann.api.ForwardSecureANNSystem - Insert complete for id=5f846406-0371-4467-a009-d1acf5d2da09 in 554.15 ms
2025-06-24 16:41:11 [main] INFO  c.fspann.api.ForwardSecureANNSystem - Insert complete for id=0a8e5b3f-8857-4dc4-ad23-b7f713c9bb63 in 555.3285 ms
2025-06-24 16:41:11 [main] INFO  c.fspann.api.ForwardSecureANNSystem - Insert complete for id=109c1413-650a-480f-aa26-2b6587f1b988 in 592.3046 ms
2025-06-24 16:41:12 [main] INFO  c.fspann.api.ForwardSecureANNSystem - Insert complete for id=1d9fefe5-301b-4ddd-909d-acc2898c5b0e in 647.1967 ms
2025-06-24 16:41:13 [main] INFO  c.fspann.api.ForwardSecureANNSystem - Insert complete for id=bec3ccc4-6ff4-48b0-a623-a3b40c27ae4c in 755.8398 ms
2025-06-24 16:41:13 [main] INFO  c.fspann.api.ForwardSecureANNSystem - Insert complete for id=fd4438dd-94c2-4b87-ae5d-19deaca33a8c in 756.2409 ms
2025-06-24 16:41:14 [main] INFO  c.fspann.api.ForwardSecureANNSystem - Insert complete for id=dc4dc225-27fa-452a-a4b7-0a7122cd17dc in 762.9354 ms
2025-06-24 16:41:15 [main] INFO  c.fspann.api.ForwardSecureANNSystem - Insert complete for id=e9cb3448-b2e8-4db6-a060-7e08ec4975c4 in 758.3217 ms
2025-06-24 16:41:16 [main] INFO  c.fspann.api.ForwardSecureANNSystem - Insert complete for id=e68b9364-5a10-413e-8bd9-6ac0ce2b2c9e in 737.7853 ms
2025-06-24 16:41:17 [main] INFO  c.fspann.api.ForwardSecureANNSystem - Insert complete for id=c68c9869-8efb-4631-a136-ec4d2f6ea357 in 808.5481 ms
2025-06-24 16:41:17 [main] INFO  c.fspann.api.ForwardSecureANNSystem - Insert complete for id=93c0587c-8de6-4e5c-908c-4eb246d8927d in 716.5764 ms
2025-06-24 16:41:18 [main] INFO  c.fspann.api.ForwardSecureANNSystem - Insert complete for id=a0bbf553-6d85-4cdf-9fbe-51c7fda1ac6f in 742.6442 ms
2025-06-24 16:41:19 [main] INFO  c.fspann.api.ForwardSecureANNSystem - Insert complete for id=4ae62db3-2ce0-43e9-84fe-bbdf04c3a5c5 in 703.5125 ms
2025-06-24 16:41:20 [main] INFO  c.fspann.api.ForwardSecureANNSystem - Insert complete for id=64e02f98-741a-4e95-83ed-29a8ef4cdba4 in 792.288 ms
2025-06-24 16:41:20 [main] INFO  c.fspann.api.ForwardSecureANNSystem - Insert complete for id=f988c85a-5a6c-47e6-9453-5362efd2ab46 in 704.3213 ms
2025-06-24 16:41:21 [main] INFO  c.fspann.api.ForwardSecureANNSystem - Insert complete for id=5ed7be52-be78-4449-9d29-d746a47faf8b in 706.3318 ms
2025-06-24 16:41:22 [main] INFO  c.fspann.api.ForwardSecureANNSystem - Insert complete for id=47f83bec-e401-4f13-93b5-34e2de099907 in 722.9815 ms
2025-06-24 16:41:22 [main] INFO  c.fspann.api.ForwardSecureANNSystem - Insert complete for id=315a4a04-781c-4a3d-935e-8d7107b4c1b4 in 695.1314 ms
2025-06-24 16:41:23 [main] INFO  c.fspann.api.ForwardSecureANNSystem - Insert complete for id=a7786065-3a1d-485c-b41e-d0ef9d248f97 in 809.8338 ms
2025-06-24 16:41:24 [main] INFO  c.fspann.api.ForwardSecureANNSystem - Insert complete for id=49bb3391-38f0-4773-8108-99e9a64d836c in 878.3522 ms
2025-06-24 16:41:25 [main] INFO  c.fspann.api.ForwardSecureANNSystem - Insert complete for id=cdb967a5-15ec-437a-9f5c-f965d243e5a0 in 707.1516 ms
2025-06-24 16:41:25 [main] INFO  c.fspann.api.ForwardSecureANNSystem - Insert complete for id=339f0734-71d6-4cee-a273-988627aebbc1 in 759.2176 ms
2025-06-24 16:41:26 [main] INFO  c.fspann.api.ForwardSecureANNSystem - Insert complete for id=d895efe1-c37f-49d9-bf23-42d9e6378739 in 633.6382 ms
2025-06-24 16:41:27 [main] INFO  c.fspann.api.ForwardSecureANNSystem - Insert complete for id=4d4d2b43-7384-40fa-92d7-8f325785aa3e in 780.1733 ms
2025-06-24 16:41:28 [main] INFO  c.fspann.api.ForwardSecureANNSystem - Insert complete for id=d0808dd2-b59e-4331-84fd-33969cf79107 in 800.77 ms
2025-06-24 16:41:29 [main] INFO  c.fspann.api.ForwardSecureANNSystem - Insert complete for id=27c5cde7-3283-4c72-875c-1e8186bbfa9d in 874.1831 ms
2025-06-24 16:41:29 [main] INFO  c.fspann.api.ForwardSecureANNSystem - Insert complete for id=d26beca4-ee15-459b-b0e6-5f88b60471fa in 893.502 ms
2025-06-24 16:41:30 [main] INFO  c.fspann.api.ForwardSecureANNSystem - Insert complete for id=df90790b-12e3-4f70-b7e0-6176a3689f1c in 758.4528 ms
2025-06-24 16:41:31 [main] INFO  c.fspann.api.ForwardSecureANNSystem - Insert complete for id=bbc7968d-c870-4b9a-a6ba-70b1cca9af7e in 734.6402 ms
2025-06-24 16:41:32 [main] INFO  c.fspann.api.ForwardSecureANNSystem - Insert complete for id=bc94fb22-05dc-4d72-b4d2-ff00586eed07 in 798.7716 ms
2025-06-24 16:41:33 [main] INFO  c.fspann.api.ForwardSecureANNSystem - Insert complete for id=fea1d0e3-5bb9-4cc1-96da-194d6e625ada in 778.9686 ms
2025-06-24 16:41:33 [main] INFO  c.fspann.api.ForwardSecureANNSystem - Insert complete for id=b73c66b4-eca1-45e7-8707-9be37c487d74 in 883.8632 ms
2025-06-24 16:41:34 [main] INFO  c.fspann.api.ForwardSecureANNSystem - Insert complete for id=e43a809c-d938-4748-8f0b-9cca94be2c2a in 887.0741 ms
2025-06-24 16:41:35 [main] INFO  c.fspann.api.ForwardSecureANNSystem - Insert complete for id=21a696b9-b8a4-4424-a0c7-f1fe10f3904f in 851.5086 ms
2025-06-24 16:41:36 [main] INFO  c.fspann.api.ForwardSecureANNSystem - Insert complete for id=c1fc9322-85c8-498e-b669-c75bdb6bb125 in 845.7288 ms
2025-06-24 16:41:37 [main] INFO  c.fspann.api.ForwardSecureANNSystem - Insert complete for id=0922dc45-34ba-46fa-a22b-e8e6f87e0a80 in 862.4403 ms
2025-06-24 16:41:38 [main] INFO  c.fspann.api.ForwardSecureANNSystem - Insert complete for id=664f86e2-5d78-4488-a032-c00f55fd1f4a in 789.1032 ms
2025-06-24 16:41:38 [main] INFO  c.fspann.api.ForwardSecureANNSystem - Insert complete for id=f7485c8e-9b9e-4984-a1be-5fdd2b2ba730 in 797.362 ms
2025-06-24 16:41:39 [main] INFO  c.fspann.api.ForwardSecureANNSystem - Insert complete for id=f6a04d37-77dc-47d1-81c1-fcc9044b0d2c in 815.8509 ms
2025-06-24 16:41:40 [main] INFO  c.fspann.api.ForwardSecureANNSystem - Insert complete for id=7c03c7b8-8862-40b9-a950-9d76f8eba551 in 729.3199 ms
2025-06-24 16:41:40 [main] INFO  c.fspann.api.ForwardSecureANNSystem - Cloaked query returned 5 results
2025-06-24 16:41:40 [main] WARN  c.fspann.api.PerformanceVisualizer - No timing data to visualize
2025-06-24 16:41:40 [main] INFO  c.fspann.api.ForwardSecureANNSystem - Shutting down ForwardSecureANNSystem
2025-06-24 16:41:40 [main] INFO  c.fspann.api.ForwardSecureANNSystem - Total indexing time: 65949 ms for 104 inserts
2025-06-24 16:41:40 [main] INFO  c.fspann.api.ForwardSecureANNSystem - Total query time: 0 ms
📤 Profiler data written to profiler_metrics.csv
]]></system-out>
  </testcase>
</testsuite>