<?xml version="1.0" encoding="UTF-8"?>
<testsuite xmlns:xsi="http://www.w3.org/2001/XMLSchema-instance" xsi:noNamespaceSchemaLocation="https://maven.apache.org/surefire/maven-surefire-plugin/xsd/surefire-test-report-3.0.xsd" version="3.0" name="com.loader.DefaultDataLoaderTest" time="0.269" tests="2" errors="0" skipped="0" failures="0">
  <properties>
[...]
</properties>
  <testcase name="testConcurrentLoading" classname="com.loader.DefaultDataLoaderTest" time="0.251">
    <system-out><![CDATA[04:25:33,311 |-INFO in ch.qos.logback.classic.LoggerContext[default] - This is logback-classic version 1.4.11
04:25:33,312 |-INFO in ch.qos.logback.classic.util.ContextInitializer@2f01783a - No custom configurators were discovered as a service.
04:25:33,312 |-INFO in ch.qos.logback.classic.util.ContextInitializer@2f01783a - Trying to configure with ch.qos.logback.classic.joran.SerializedModelConfigurator
04:25:33,313 |-INFO in ch.qos.logback.classic.util.ContextInitializer@2f01783a - Constructed configurator of type class ch.qos.logback.classic.joran.SerializedModelConfigurator
04:25:33,327 |-INFO in ch.qos.logback.classic.LoggerContext[default] - Could NOT find resource [logback-test.scmo]
04:25:33,328 |-INFO in ch.qos.logback.classic.LoggerContext[default] - Could NOT find resource [logback.scmo]
04:25:33,332 |-INFO in ch.qos.logback.classic.util.ContextInitializer@2f01783a - ch.qos.logback.classic.joran.SerializedModelConfigurator.configure() call lasted 15 milliseconds. ExecutionStatus=INVOKE_NEXT_IF_ANY
04:25:33,332 |-INFO in ch.qos.logback.classic.util.ContextInitializer@2f01783a - Trying to configure with ch.qos.logback.classic.util.DefaultJoranConfigurator
04:25:33,333 |-INFO in ch.qos.logback.classic.util.ContextInitializer@2f01783a - Constructed configurator of type class ch.qos.logback.classic.util.DefaultJoranConfigurator
04:25:33,333 |-INFO in ch.qos.logback.classic.LoggerContext[default] - Could NOT find resource [logback-test.xml]
04:25:33,336 |-INFO in ch.qos.logback.classic.LoggerContext[default] - Found resource [logback.xml] at [file:/C:/Users/Mehran%20Memon/eclipse-workspace/fspann-query-system/fsp-anns-parent/loader/target/classes/logback.xml]
04:25:33,336 |-WARN in ch.qos.logback.classic.util.DefaultJoranConfigurator@68878f6d - Resource [logback.xml] occurs multiple times on the classpath.
04:25:33,340 |-WARN in ch.qos.logback.classic.util.DefaultJoranConfigurator@68878f6d - Resource [logback.xml] occurs at [file:/C:/Users/Mehran%20Memon/eclipse-workspace/fspann-query-system/fsp-anns-parent/loader/target/classes/logback.xml]
04:25:33,340 |-WARN in ch.qos.logback.classic.util.DefaultJoranConfigurator@68878f6d - Resource [logback.xml] occurs at [file:/C:/Users/Mehran%20Memon/eclipse-workspace/fspann-query-system/fsp-anns-parent/common/target/classes/logback.xml]
04:25:33,405 |-INFO in ch.qos.logback.core.model.processor.AppenderModelHandler - Processing appender named [CONSOLE]
04:25:33,405 |-INFO in ch.qos.logback.core.model.processor.AppenderModelHandler - About to instantiate appender of type [ch.qos.logback.core.ConsoleAppender]
04:25:33,409 |-INFO in ch.qos.logback.core.model.processor.ImplicitModelHandler - Assuming default type [ch.qos.logback.classic.encoder.PatternLayoutEncoder] for [encoder] property
04:25:33,432 |-INFO in ch.qos.logback.classic.model.processor.RootLoggerModelHandler - Setting level of ROOT logger to INFO
04:25:33,432 |-INFO in ch.qos.logback.core.model.processor.AppenderRefModelHandler - Attaching appender named [CONSOLE] to Logger[ROOT]
04:25:33,433 |-INFO in ch.qos.logback.core.model.processor.DefaultProcessor@41488b16 - End of configuration.
04:25:33,433 |-INFO in ch.qos.logback.classic.joran.JoranConfigurator@a8ef162 - Registering current configuration as safe fallback point
04:25:33,433 |-INFO in ch.qos.logback.classic.util.ContextInitializer@2f01783a - ch.qos.logback.classic.util.DefaultJoranConfigurator.configure() call lasted 100 milliseconds. ExecutionStatus=DO_NOT_INVOKE_NEXT_IF_ANY

2025-06-18 04:25:33 [pool-2-thread-3] INFO  com.fspann.loader.DefaultDataLoader - Loading data from C:\Users\Mehran Memon\eclipse-workspace\fspann-query-system\data\sift_dataset\sift\sift_base.fvecs using loader for FVECS
2025-06-18 04:25:33 [pool-2-thread-1] INFO  com.fspann.loader.DefaultDataLoader - Loading data from C:\Users\Mehran Memon\eclipse-workspace\fspann-query-system\data\sift_dataset\sift\sift_base.fvecs using loader for FVECS
2025-06-18 04:25:33 [pool-2-thread-4] INFO  com.fspann.loader.DefaultDataLoader - Loading data from C:\Users\Mehran Memon\eclipse-workspace\fspann-query-system\data\sift_dataset\sift\sift_base.fvecs using loader for FVECS
2025-06-18 04:25:33 [pool-2-thread-2] INFO  com.fspann.loader.DefaultDataLoader - Loading data from C:\Users\Mehran Memon\eclipse-workspace\fspann-query-system\data\sift_dataset\sift\sift_base.fvecs using loader for FVECS
2025-06-18 04:25:33 [pool-2-thread-2] INFO  com.fspann.loader.FvecsLoader - Loaded 100 vectors from C:\Users\Mehran Memon\eclipse-workspace\fspann-query-system\data\sift_dataset\sift\sift_base.fvecs
2025-06-18 04:25:33 [pool-2-thread-1] INFO  com.fspann.loader.FvecsLoader - Loaded 100 vectors from C:\Users\Mehran Memon\eclipse-workspace\fspann-query-system\data\sift_dataset\sift\sift_base.fvecs
2025-06-18 04:25:33 [pool-2-thread-3] INFO  com.fspann.loader.FvecsLoader - Loaded 100 vectors from C:\Users\Mehran Memon\eclipse-workspace\fspann-query-system\data\sift_dataset\sift\sift_base.fvecs
2025-06-18 04:25:33 [pool-2-thread-4] INFO  com.fspann.loader.FvecsLoader - Loaded 100 vectors from C:\Users\Mehran Memon\eclipse-workspace\fspann-query-system\data\sift_dataset\sift\sift_base.fvecs
]]></system-out>
  </testcase>
  <testcase name="testInvalidFormatExtension" classname="com.loader.DefaultDataLoaderTest" time="0.004">
    <system-out><![CDATA[2025-06-18 04:25:33 [main] ERROR com.fspann.loader.DefaultDataLoader - Unsupported file extension 'UNKNOWN'
]]></system-out>
  </testcase>
</testsuite>