<?xml version="1.0" encoding="UTF-8"?>
<testsuite xmlns:xsi="http://www.w3.org/2001/XMLSchema-instance" xsi:noNamespaceSchemaLocation="https://maven.apache.org/surefire/maven-surefire-plugin/xsd/surefire-test-report-3.0.xsd" version="3.0" name="com.loader.DefaultDataLoaderTest" time="0.276" tests="2" errors="0" skipped="0" failures="0">
  <properties>
[...]
</properties>
  <testcase name="testConcurrentLoading" classname="com.loader.DefaultDataLoaderTest" time="0.26">
    <system-out><![CDATA[05:13:09,442 |-INFO in ch.qos.logback.classic.LoggerContext[default] - This is logback-classic version 1.4.11
05:13:09,444 |-INFO in ch.qos.logback.classic.util.ContextInitializer@2f01783a - No custom configurators were discovered as a service.
05:13:09,444 |-INFO in ch.qos.logback.classic.util.ContextInitializer@2f01783a - Trying to configure with ch.qos.logback.classic.joran.SerializedModelConfigurator
05:13:09,444 |-INFO in ch.qos.logback.classic.util.ContextInitializer@2f01783a - Constructed configurator of type class ch.qos.logback.classic.joran.SerializedModelConfigurator
05:13:09,459 |-INFO in ch.qos.logback.classic.LoggerContext[default] - Could NOT find resource [logback-test.scmo]
05:13:09,459 |-INFO in ch.qos.logback.classic.LoggerContext[default] - Could NOT find resource [logback.scmo]
05:13:09,464 |-INFO in ch.qos.logback.classic.util.ContextInitializer@2f01783a - ch.qos.logback.classic.joran.SerializedModelConfigurator.configure() call lasted 16 milliseconds. ExecutionStatus=INVOKE_NEXT_IF_ANY
05:13:09,464 |-INFO in ch.qos.logback.classic.util.ContextInitializer@2f01783a - Trying to configure with ch.qos.logback.classic.util.DefaultJoranConfigurator
05:13:09,465 |-INFO in ch.qos.logback.classic.util.ContextInitializer@2f01783a - Constructed configurator of type class ch.qos.logback.classic.util.DefaultJoranConfigurator
05:13:09,465 |-INFO in ch.qos.logback.classic.LoggerContext[default] - Could NOT find resource [logback-test.xml]
05:13:09,472 |-INFO in ch.qos.logback.classic.LoggerContext[default] - Found resource [logback.xml] at [file:/C:/Users/Mehran%20Memon/eclipse-workspace/fspann-query-system/fsp-anns-parent/loader/target/classes/logback.xml]
05:13:09,473 |-WARN in ch.qos.logback.classic.util.DefaultJoranConfigurator@68878f6d - Resource [logback.xml] occurs multiple times on the classpath.
05:13:09,474 |-WARN in ch.qos.logback.classic.util.DefaultJoranConfigurator@68878f6d - Resource [logback.xml] occurs at [file:/C:/Users/Mehran%20Memon/eclipse-workspace/fspann-query-system/fsp-anns-parent/loader/target/classes/logback.xml]
05:13:09,474 |-WARN in ch.qos.logback.classic.util.DefaultJoranConfigurator@68878f6d - Resource [logback.xml] occurs at [file:/C:/Users/Mehran%20Memon/eclipse-workspace/fspann-query-system/fsp-anns-parent/common/target/classes/logback.xml]
05:13:09,541 |-INFO in ch.qos.logback.core.model.processor.AppenderModelHandler - Processing appender named [CONSOLE]
05:13:09,541 |-INFO in ch.qos.logback.core.model.processor.AppenderModelHandler - About to instantiate appender of type [ch.qos.logback.core.ConsoleAppender]
05:13:09,546 |-INFO in ch.qos.logback.core.model.processor.ImplicitModelHandler - Assuming default type [ch.qos.logback.classic.encoder.PatternLayoutEncoder] for [encoder] property
05:13:09,569 |-INFO in ch.qos.logback.classic.model.processor.RootLoggerModelHandler - Setting level of ROOT logger to INFO
05:13:09,569 |-INFO in ch.qos.logback.core.model.processor.AppenderRefModelHandler - Attaching appender named [CONSOLE] to Logger[ROOT]
05:13:09,569 |-INFO in ch.qos.logback.core.model.processor.DefaultProcessor@41488b16 - End of configuration.
05:13:09,570 |-INFO in ch.qos.logback.classic.joran.JoranConfigurator@a8ef162 - Registering current configuration as safe fallback point
05:13:09,570 |-INFO in ch.qos.logback.classic.util.ContextInitializer@2f01783a - ch.qos.logback.classic.util.DefaultJoranConfigurator.configure() call lasted 105 milliseconds. ExecutionStatus=DO_NOT_INVOKE_NEXT_IF_ANY

2025-06-18 05:13:09 [pool-2-thread-2] INFO  com.fspann.loader.DefaultDataLoader - Loading data from C:\Users\Mehran Memon\eclipse-workspace\fspann-query-system\data\sift_dataset\sift\sift_base.fvecs using loader for FVECS
2025-06-18 05:13:09 [pool-2-thread-1] INFO  com.fspann.loader.DefaultDataLoader - Loading data from C:\Users\Mehran Memon\eclipse-workspace\fspann-query-system\data\sift_dataset\sift\sift_base.fvecs using loader for FVECS
2025-06-18 05:13:09 [pool-2-thread-3] INFO  com.fspann.loader.DefaultDataLoader - Loading data from C:\Users\Mehran Memon\eclipse-workspace\fspann-query-system\data\sift_dataset\sift\sift_base.fvecs using loader for FVECS
2025-06-18 05:13:09 [pool-2-thread-4] INFO  com.fspann.loader.DefaultDataLoader - Loading data from C:\Users\Mehran Memon\eclipse-workspace\fspann-query-system\data\sift_dataset\sift\sift_base.fvecs using loader for FVECS
2025-06-18 05:13:09 [pool-2-thread-1] INFO  com.fspann.loader.FvecsLoader - Loaded 100 vectors from C:\Users\Mehran Memon\eclipse-workspace\fspann-query-system\data\sift_dataset\sift\sift_base.fvecs
2025-06-18 05:13:09 [pool-2-thread-3] INFO  com.fspann.loader.FvecsLoader - Loaded 100 vectors from C:\Users\Mehran Memon\eclipse-workspace\fspann-query-system\data\sift_dataset\sift\sift_base.fvecs
2025-06-18 05:13:09 [pool-2-thread-4] INFO  com.fspann.loader.FvecsLoader - Loaded 100 vectors from C:\Users\Mehran Memon\eclipse-workspace\fspann-query-system\data\sift_dataset\sift\sift_base.fvecs
2025-06-18 05:13:09 [pool-2-thread-2] INFO  com.fspann.loader.FvecsLoader - Loaded 100 vectors from C:\Users\Mehran Memon\eclipse-workspace\fspann-query-system\data\sift_dataset\sift\sift_base.fvecs
]]></system-out>
  </testcase>
  <testcase name="testInvalidFormatExtension" classname="com.loader.DefaultDataLoaderTest" time="0.003">
    <system-out><![CDATA[2025-06-18 05:13:09 [main] ERROR com.fspann.loader.DefaultDataLoader - Unsupported file extension 'UNKNOWN'
]]></system-out>
  </testcase>
</testsuite>