-------------------------------------------------------------------------------
Test set: com.index.DimensionContextTest
-------------------------------------------------------------------------------
Tests run: 4, Failures: 0, Errors: 4, Skipped: 0, Time elapsed: 0.676 s <<< FAILURE! - in com.index.DimensionContextTest
com.index.DimensionContextTest.testReEncryptAll  Time elapsed: 0.643 s  <<< ERROR!
org.mockito.exceptions.base.MockitoException: 

Mockito cannot mock this class: interface com.fspann.crypto.CryptoService.

If you're not sure why you're getting this error, please open an issue on GitHub.


Java               : 23
JVM vendor name    : Oracle Corporation
JVM vendor version : 23.0.2+7-58
JVM name           : Java HotSpot(TM) 64-Bit Server VM
JVM version        : 23.0.2+7-58
JVM info           : mixed mode, sharing
OS name            : Windows 11
OS version         : 10.0


You are seeing this disclaimer because Mockito is configured to create inlined mocks.
You can learn about inline mocks and their limitations under item #39 of the Mockito class javadoc.

Underlying exception : org.mockito.exceptions.base.MockitoException: Could not modify all classes [interface com.fspann.crypto.CryptoService]
	at com.index.DimensionContextTest.setUp(DimensionContextTest.java:43)
Caused by: org.mockito.exceptions.base.MockitoException: Could not modify all classes [interface com.fspann.crypto.CryptoService]
	at com.index.DimensionContextTest.setUp(DimensionContextTest.java:43)
Caused by: java.lang.IllegalStateException: 

Byte Buddy could not instrument all classes within the mock's type hierarchy

This problem should never occur for javac-compiled classes. This problem has been observed for classes that are:
 - Compiled by older versions of scalac
 - Classes that are part of the Android distribution
	at com.index.DimensionContextTest.setUp(DimensionContextTest.java:43)
Caused by: java.lang.IllegalArgumentException: Java 23 (67) is not supported by the current version of Byte Buddy which officially supports Java 22 (66) - update Byte Buddy or set net.bytebuddy.experimental as a VM property
	at com.index.DimensionContextTest.setUp(DimensionContextTest.java:43)

com.index.DimensionContextTest.testReEncryptAll_MultiplePoints  Time elapsed: 0.011 s  <<< ERROR!
org.mockito.exceptions.base.MockitoException: 

Mockito cannot mock this class: interface com.fspann.crypto.CryptoService.

If you're not sure why you're getting this error, please open an issue on GitHub.


Java               : 23
JVM vendor name    : Oracle Corporation
JVM vendor version : 23.0.2+7-58
JVM name           : Java HotSpot(TM) 64-Bit Server VM
JVM version        : 23.0.2+7-58
JVM info           : mixed mode, sharing
OS name            : Windows 11
OS version         : 10.0


You are seeing this disclaimer because Mockito is configured to create inlined mocks.
You can learn about inline mocks and their limitations under item #39 of the Mockito class javadoc.

Underlying exception : org.mockito.exceptions.base.MockitoException: Could not modify all classes [interface com.fspann.crypto.CryptoService]
	at com.index.DimensionContextTest.setUp(DimensionContextTest.java:43)
Caused by: org.mockito.exceptions.base.MockitoException: Could not modify all classes [interface com.fspann.crypto.CryptoService]
	at com.index.DimensionContextTest.setUp(DimensionContextTest.java:43)
Caused by: java.lang.IllegalStateException: 

Byte Buddy could not instrument all classes within the mock's type hierarchy

This problem should never occur for javac-compiled classes. This problem has been observed for classes that are:
 - Compiled by older versions of scalac
 - Classes that are part of the Android distribution
	at com.index.DimensionContextTest.setUp(DimensionContextTest.java:43)
Caused by: java.lang.IllegalArgumentException: Java 23 (67) is not supported by the current version of Byte Buddy which officially supports Java 22 (66) - update Byte Buddy or set net.bytebuddy.experimental as a VM property
	at com.index.DimensionContextTest.setUp(DimensionContextTest.java:43)

com.index.DimensionContextTest.testReEncryptAll_EmptyResult  Time elapsed: 0.008 s  <<< ERROR!
org.mockito.exceptions.base.MockitoException: 

Mockito cannot mock this class: interface com.fspann.crypto.CryptoService.

If you're not sure why you're getting this error, please open an issue on GitHub.


Java               : 23
JVM vendor name    : Oracle Corporation
JVM vendor version : 23.0.2+7-58
JVM name           : Java HotSpot(TM) 64-Bit Server VM
JVM version        : 23.0.2+7-58
JVM info           : mixed mode, sharing
OS name            : Windows 11
OS version         : 10.0


You are seeing this disclaimer because Mockito is configured to create inlined mocks.
You can learn about inline mocks and their limitations under item #39 of the Mockito class javadoc.

Underlying exception : org.mockito.exceptions.base.MockitoException: Could not modify all classes [interface com.fspann.crypto.CryptoService]
	at com.index.DimensionContextTest.setUp(DimensionContextTest.java:43)
Caused by: org.mockito.exceptions.base.MockitoException: Could not modify all classes [interface com.fspann.crypto.CryptoService]
	at com.index.DimensionContextTest.setUp(DimensionContextTest.java:43)
Caused by: java.lang.IllegalStateException: 

Byte Buddy could not instrument all classes within the mock's type hierarchy

This problem should never occur for javac-compiled classes. This problem has been observed for classes that are:
 - Compiled by older versions of scalac
 - Classes that are part of the Android distribution
	at com.index.DimensionContextTest.setUp(DimensionContextTest.java:43)
Caused by: java.lang.IllegalArgumentException: Java 23 (67) is not supported by the current version of Byte Buddy which officially supports Java 22 (66) - update Byte Buddy or set net.bytebuddy.experimental as a VM property
	at com.index.DimensionContextTest.setUp(DimensionContextTest.java:43)

com.index.DimensionContextTest.testReEncryptAll_NoDirtyShards  Time elapsed: 0.007 s  <<< ERROR!
org.mockito.exceptions.base.MockitoException: 

Mockito cannot mock this class: interface com.fspann.crypto.CryptoService.

If you're not sure why you're getting this error, please open an issue on GitHub.


Java               : 23
JVM vendor name    : Oracle Corporation
JVM vendor version : 23.0.2+7-58
JVM name           : Java HotSpot(TM) 64-Bit Server VM
JVM version        : 23.0.2+7-58
JVM info           : mixed mode, sharing
OS name            : Windows 11
OS version         : 10.0


You are seeing this disclaimer because Mockito is configured to create inlined mocks.
You can learn about inline mocks and their limitations under item #39 of the Mockito class javadoc.

Underlying exception : org.mockito.exceptions.base.MockitoException: Could not modify all classes [interface com.fspann.crypto.CryptoService]
	at com.index.DimensionContextTest.setUp(DimensionContextTest.java:43)
Caused by: org.mockito.exceptions.base.MockitoException: Could not modify all classes [interface com.fspann.crypto.CryptoService]
	at com.index.DimensionContextTest.setUp(DimensionContextTest.java:43)
Caused by: java.lang.IllegalStateException: 

Byte Buddy could not instrument all classes within the mock's type hierarchy

This problem should never occur for javac-compiled classes. This problem has been observed for classes that are:
 - Compiled by older versions of scalac
 - Classes that are part of the Android distribution
	at com.index.DimensionContextTest.setUp(DimensionContextTest.java:43)
Caused by: java.lang.IllegalArgumentException: Java 23 (67) is not supported by the current version of Byte Buddy which officially supports Java 22 (66) - update Byte Buddy or set net.bytebuddy.experimental as a VM property
	at com.index.DimensionContextTest.setUp(DimensionContextTest.java:43)

