<?xml version="1.0" encoding="UTF-8"?>
<testsuite xmlns:xsi="http://www.w3.org/2001/XMLSchema-instance" xsi:noNamespaceSchemaLocation="https://maven.apache.org/surefire/maven-surefire-plugin/xsd/surefire-test-report-3.0.xsd" version="3.0" name="com.index.SecureLSHIndexServiceTest" time="0.061" tests="3" errors="0" skipped="0" failures="0">
  <properties>
[...]
</properties>
  <testcase name="testInsert_UpdatesMetadataAndMarksShardDirty" classname="com.index.SecureLSHIndexServiceTest" time="0.05">
    <system-out><![CDATA[Calling insert with id: vec123
Insert completed
]]></system-out>
  </testcase>
  <testcase name="testInsert_VectorEncryptedCorrectly" classname="com.index.SecureLSHIndexServiceTest" time="0.004"/>
  <testcase name="testInsertHandlesDifferentDimensions" classname="com.index.SecureLSHIndexServiceTest" time="0.006">
    <system-out><![CDATA[Calling insert with id: f12c63af-2809-4754-927e-e2017f5dd605
Insert completed
]]></system-out>
  </testcase>
</testsuite>