<?xml version="1.0" encoding="UTF-8"?>
<testsuite xmlns:xsi="http://www.w3.org/2001/XMLSchema-instance" xsi:noNamespaceSchemaLocation="https://maven.apache.org/surefire/maven-surefire-plugin/xsd/surefire-test-report-3.0.xsd" version="3.0" name="com.key.KeyManagerTest" time="1.885" tests="8" errors="0" skipped="0" failures="0">
  <properties>
[...]
</properties>
  <testcase name="testKeyRotation" classname="com.key.KeyManagerTest" time="0.286">
    <system-err><![CDATA[[main] INFO com.fspann.key.KeyManager - Initialized new key store (version 1)
]]></system-err>
  </testcase>
  <testcase name="testLoadInvalidKeyStore" classname="com.key.KeyManagerTest" time="0.351">
    <system-err><![CDATA[[main] INFO com.fspann.key.KeyManager - Initialized new key store (version 1)
[main] ERROR com.fspann.common.PersistenceUtils - ❌ Failed to load object from C:\Users\MEHRAN~1\AppData\Local\Temp\bad_keys3126578911064465111.ser: java.io.StreamCorruptedException: invalid stream header: 636F7272
]]></system-err>
  </testcase>
  <testcase name="testFileMissingOnDeserialization" classname="com.key.KeyManagerTest" time="0.188">
    <system-err><![CDATA[[main] INFO com.fspann.key.KeyManager - Initialized new key store (version 1)
[main] INFO com.fspann.key.KeyManager - Initialized new key store (version 1)
]]></system-err>
  </testcase>
  <testcase name="testKeySerializationAndRestoration" classname="com.key.KeyManagerTest" time="0.184">
    <system-err><![CDATA[[main] INFO com.fspann.key.KeyManager - Initialized new key store (version 1)
[main] INFO com.fspann.key.KeyManager - Loaded key store up to version 2
]]></system-err>
  </testcase>
  <testcase name="testUniqueKeyMaterialPerRotation" classname="com.key.KeyManagerTest" time="0.172">
    <system-err><![CDATA[[main] INFO com.fspann.key.KeyManager - Initialized new key store (version 1)
]]></system-err>
  </testcase>
  <testcase name="testKeyTamperingDetection" classname="com.key.KeyManagerTest" time="0.342">
    <system-err><![CDATA[[main] INFO com.fspann.key.KeyManager - Initialized new key store (version 1)
[main] ERROR com.fspann.common.PersistenceUtils - ❌ Failed to load object from C:\Users\MEHRAN~1\AppData\Local\Temp\junit-5043302712431567605\keys.ser: java.io.StreamCorruptedException: invalid stream header: 74616D70
]]></system-err>
  </testcase>
  <testcase name="testNullKeyFilePathThrowsException" classname="com.key.KeyManagerTest" time="0.172">
    <system-err><![CDATA[[main] INFO com.fspann.key.KeyManager - Initialized new key store (version 1)
]]></system-err>
  </testcase>
  <testcase name="testMultipleRotationsProduceDifferentKeys" classname="com.key.KeyManagerTest" time="0.171">
    <system-err><![CDATA[[main] INFO com.fspann.key.KeyManager - Initialized new key store (version 1)
]]></system-err>
  </testcase>
</testsuite>