-------------------------------------------------------------------------------
Test set: com.crypto.AesGcmCryptoServiceTest
-------------------------------------------------------------------------------
Tests run: 3, Failures: 0, Errors: 2, Skipped: 0, Time elapsed: 0.914 s <<< FAILURE! - in com.crypto.AesGcmCryptoServiceTest
com.crypto.AesGcmCryptoServiceTest.testReEncrypt  Time elapsed: 0.013 s  <<< ERROR!
com.fspann.crypto.AesGcmCryptoService$CryptoException: Encryption failed for point test
	at com.crypto.AesGcmCryptoServiceTest.testReEncrypt(AesGcmCryptoServiceTest.java:52)
Caused by: java.lang.NullPointerException: Cannot invoke "com.fspann.common.KeyVersion.getVersion()" because the return value of "com.fspann.common.KeyLifeCycleService.getCurrentVersion()" is null
	at com.crypto.AesGcmCryptoServiceTest.testReEncrypt(AesGcmCryptoServiceTest.java:52)

com.crypto.AesGcmCryptoServiceTest.testReEncryptWithInvalidKey  Time elapsed: 0.013 s  <<< ERROR!
com.fspann.crypto.AesGcmCryptoService$CryptoException: Encryption failed for point test
	at com.crypto.AesGcmCryptoServiceTest.testReEncryptWithInvalidKey(AesGcmCryptoServiceTest.java:67)
Caused by: java.lang.NullPointerException: Cannot invoke "com.fspann.common.KeyVersion.getVersion()" because the return value of "com.fspann.common.KeyLifeCycleService.getCurrentVersion()" is null
	at com.crypto.AesGcmCryptoServiceTest.testReEncryptWithInvalidKey(AesGcmCryptoServiceTest.java:67)

